#
# A fatal error has been detected by the Java Runtime Environment:
#
#  EXCEPTION_ACCESS_VIOLATION (0xc0000005) at pc=0x00ae320b, pid=3164, tid=0x00002a50
#
# JRE version: Java(TM) SE Runtime Environment (8.0_181-b13) (build 1.8.0_181-b13)
# Java VM: Java HotSpot(TM) Client VM (25.181-b13 mixed mode windows-x86 )
# Problematic frame:
# C  [rxtxSerial.dll+0x320b]
#
# Failed to write core dump. Minidumps are not enabled by default on client versions of Windows
#
# If you would like to submit a bug report, please visit:
#   http://bugreport.java.com/bugreport/crash.jsp
# The crash happened outside the Java Virtual Machine in native code.
# See problematic frame for where to report the bug.
#

---------------  T H R E A D  ---------------

Current thread (0x1549dc00):  JavaThread "Thread-6" [_thread_in_native, id=10832, stack(0x15ce0000,0x15d30000)]

siginfo: ExceptionCode=0xc0000005, reading address 0x00000060

Registers:
EAX=0x00000000, EBX=0x6cdbb910, ECX=0x15d2f318, EDX=0x15d2f2a8
ESP=0x15d2f680, EBP=0x15d2f718, ESI=0x16b6ba00, EDI=0x1549dc00
EIP=0x00ae320b, EFLAGS=0x00010202

Top of Stack: (sp=0x15d2f680)
0x15d2f680:   1549dc00 0000000b 0000001d 00000002
0x15d2f690:   15d2f6c4 6cce7273 1549dc00 acf5b737
0x15d2f6a0:   00000000 1549dc00 00000000 15d2f69c
0x15d2f6b0:   00000000 00000000 00000000 00000000
0x15d2f6c0:   fffffffe 00000022 ffffffff 15382cf0
0x15d2f6d0:   00000000 00fffff8 6cdbba0e 1549dc00
0x15d2f6e0:   15d2f718 6c24e5f4 15d2f6f8 00ae673e
0x15d2f6f0:   15d2f72c 16b6ba00 15d2f77b 7fffffdc 

Instructions: (pc=0x00ae320b)
0x00ae31eb:   04 85 c0 74 0c 8b 45 fc c7 40 78 04 00 00 00 eb
0x00ae31fb:   0a 8b 45 fc c7 40 78 00 00 00 00 a1 00 d0 ae 00
0x00ae320b:   83 78 60 00 75 2d 83 c4 fc 8b 45 fc 50 68 40 30
0x00ae321b:   ae 00 8d 85 70 ff ff ff 50 e8 3f 97 00 00 83 c4 


Register to memory mapping:

EAX=0x00000000 is an unknown value
EBX=0x6cdbb910 is an unknown value
ECX=0x15d2f318 is pointing into the stack for thread: 0x1549dc00
EDX=0x15d2f2a8 is pointing into the stack for thread: 0x1549dc00
ESP=0x15d2f680 is pointing into the stack for thread: 0x1549dc00
EBP=0x15d2f718 is pointing into the stack for thread: 0x1549dc00
ESI=0x16b6ba00 is pointing into metadata
EDI=0x1549dc00 is a thread


Stack: [0x15ce0000,0x15d30000],  sp=0x15d2f680,  free space=317k
Native frames: (J=compiled Java code, j=interpreted, Vv=VM code, C=native code)
C  [rxtxSerial.dll+0x320b]
C  [rxtxSerial.dll+0x6988]
j  gnu.io.RXTXPort.open(Ljava/lang/String;)I+0
j  gnu.io.RXTXPort.<init>(Ljava/lang/String;)V+114
j  gnu.io.RXTXCommDriver.getCommPort(Ljava/lang/String;I)Lgnu/io/CommPort;+78
j  gnu.io.CommPortIdentifier.open(Ljava/lang/String;I)Lgnu/io/CommPort;+80
j  com.js.jhjs.wmFrame$SerialTools.openSerialPort(Lgnu/io/CommPortIdentifier;I)Z+5
j  com.js.jhjs.wmFrame.lambda$1(Lcom/js/jhjs/wmFrame$SerialTools;Lgnu/io/CommPortIdentifier;)V+4
j  com.js.jhjs.wmFrame$$Lambda$18.run()V+8
j  java.lang.Thread.run()V+11
v  ~StubRoutines::call_stub
V  [jvm.dll+0x15c065]
V  [jvm.dll+0x223ade]
V  [jvm.dll+0x15c0fe]
V  [jvm.dll+0x15c286]
V  [jvm.dll+0x15c2f7]
V  [jvm.dll+0x10016f]
V  [jvm.dll+0x17f280]
V  [jvm.dll+0x17fafa]
V  [jvm.dll+0x1c5416]
C  [msvcr100.dll+0x5c556]
C  [msvcr100.dll+0x5c600]
C  [kernel32.dll+0x1343d]
C  [ntdll.dll+0x39832]
C  [ntdll.dll+0x39805]
C  0x00000000

Java frames: (J=compiled Java code, j=interpreted, Vv=VM code)
j  gnu.io.RXTXPort.open(Ljava/lang/String;)I+0
j  gnu.io.RXTXPort.<init>(Ljava/lang/String;)V+114
j  gnu.io.RXTXCommDriver.getCommPort(Ljava/lang/String;I)Lgnu/io/CommPort;+78
j  gnu.io.CommPortIdentifier.open(Ljava/lang/String;I)Lgnu/io/CommPort;+80
j  com.js.jhjs.wmFrame$SerialTools.openSerialPort(Lgnu/io/CommPortIdentifier;I)Z+5
j  com.js.jhjs.wmFrame.lambda$1(Lcom/js/jhjs/wmFrame$SerialTools;Lgnu/io/CommPortIdentifier;)V+4
j  com.js.jhjs.wmFrame$$Lambda$18.run()V+8
j  java.lang.Thread.run()V+11
v  ~StubRoutines::call_stub

---------------  P R O C E S S  ---------------

Java Threads: ( => current thread )
  0x1549e000 JavaThread "Thread-4" [_thread_in_native, id=13700, stack(0x15f70000,0x15fc0000)]
  0x1543a400 JavaThread "Thread-3" [_thread_in_native, id=14204, stack(0x15e70000,0x15ec0000)]
=>0x1549dc00 JavaThread "Thread-6" [_thread_in_native, id=10832, stack(0x15ce0000,0x15d30000)]
  0x15324400 JavaThread "Thread-1" [_thread_in_native, id=12076, stack(0x16ab0000,0x16b00000)]
  0x15312800 JavaThread "Image Fetcher 0" daemon [_thread_blocked, id=3456, stack(0x16720000,0x16770000)]
  0x1528dc00 JavaThread "Abandoned connection cleanup thread" daemon [_thread_blocked, id=13188, stack(0x16360000,0x163b0000)]
  0x00bbdc00 JavaThread "DestroyJavaVM" [_thread_blocked, id=13116, stack(0x00bf0000,0x00c40000)]
  0x14e50400 JavaThread "AWT-EventQueue-0" [_thread_in_native, id=11128, stack(0x15ad0000,0x15b20000)]
  0x14e4e400 JavaThread "AWT-Windows" daemon [_thread_in_native, id=13792, stack(0x157f0000,0x15840000)]
  0x14e4d800 JavaThread "AWT-Shutdown" [_thread_blocked, id=14188, stack(0x15720000,0x15770000)]
  0x14e4ac00 JavaThread "Java2D Disposer" daemon [_thread_blocked, id=672, stack(0x15600000,0x15650000)]
  0x14d0d800 JavaThread "Service Thread" daemon [_thread_blocked, id=14020, stack(0x00f40000,0x00f90000)]
  0x14ce6c00 JavaThread "C1 CompilerThread0" daemon [_thread_blocked, id=13744, stack(0x01160000,0x011b0000)]
  0x14ce5800 JavaThread "Attach Listener" daemon [_thread_blocked, id=12124, stack(0x14f40000,0x14f90000)]
  0x00d7c000 JavaThread "Signal Dispatcher" daemon [_thread_blocked, id=5992, stack(0x011b0000,0x01200000)]
  0x00d72c00 JavaThread "Finalizer" daemon [_thread_blocked, id=11820, stack(0x01030000,0x01080000)]
  0x00d6cc00 JavaThread "Reference Handler" daemon [_thread_blocked, id=13572, stack(0x01240000,0x01290000)]

Other Threads:
  0x00d65800 VMThread [stack: 0x01100000,0x01150000] [id=14256]
  0x14d18400 WatcherThread [stack: 0x15060000,0x150b0000] [id=13204]

VM state:not at safepoint (normal execution)

VM Mutex/Monitor currently owned by a thread: None

Heap:
 def new generation   total 7040K, used 5469K [0x04800000, 0x04fa0000, 0x09d50000)
  eden space 6272K,  87% used [0x04800000, 0x04d57740, 0x04e20000)
  from space 768K,   0% used [0x04e20000, 0x04e20000, 0x04ee0000)
  to   space 768K,   0% used [0x04ee0000, 0x04ee0000, 0x04fa0000)
 tenured generation   total 15456K, used 9273K [0x09d50000, 0x0ac68000, 0x14800000)
   the space 15456K,  59% used [0x09d50000, 0x0a65e478, 0x0a65e600, 0x0ac68000)
 Metaspace       used 8106K, capacity 8333K, committed 8448K, reserved 8576K

Card table byte_map: [0x00e80000,0x00f10000] byte_map_base: 0x00e5c000

Polling page: 0x00170000

CodeCache: size=32768Kb used=1008Kb max_used=1008Kb free=31759Kb
 bounds [0x02700000, 0x02800000, 0x04700000]
 total_blobs=469 nmethods=235 adapters=165
 compilation: enabled

Compilation events (10 events):
Event: 0.560 Thread 0x14ce6c00  229             java.lang.StringBuffer::<init> (7 bytes)
Event: 0.560 Thread 0x14ce6c00 nmethod 229 0x027f98c8 code [0x027f99c0, 0x027f9ad0]
Event: 0.560 Thread 0x14ce6c00  230             gnu.io.RXTXCommDriver::registerValidPorts (242 bytes)
Event: 0.561 Thread 0x14ce6c00 nmethod 230 0x027f9b48 code [0x027f9d60, 0x027fa68c]
Event: 0.563 Thread 0x14ce6c00  232             java.lang.String::lastIndexOf (13 bytes)
Event: 0.563 Thread 0x14ce6c00 nmethod 232 0x027fb248 code [0x027fb350, 0x027fb3ec]
Event: 0.566 Thread 0x14ce6c00  233             java.net.URL::getHost (5 bytes)
Event: 0.566 Thread 0x14ce6c00 nmethod 233 0x027fb708 code [0x027fb800, 0x027fb880]
Event: 0.567 Thread 0x14ce6c00  234             java.lang.Character::toUpperCase (6 bytes)
Event: 0.567 Thread 0x14ce6c00 nmethod 234 0x027fb8c8 code [0x027fb9d0, 0x027fba78]

GC Heap History (6 events):
Event: 0.215 GC heap before
{Heap before GC invocations=0 (full 0):
 def new generation   total 4928K, used 4416K [0x04800000, 0x04d50000, 0x09d50000)
  eden space 4416K, 100% used [0x04800000, 0x04c50000, 0x04c50000)
  from space 512K,   0% used [0x04c50000, 0x04c50000, 0x04cd0000)
  to   space 512K,   0% used [0x04cd0000, 0x04cd0000, 0x04d50000)
 tenured generation   total 10944K, used 0K [0x09d50000, 0x0a800000, 0x14800000)
   the space 10944K,   0% used [0x09d50000, 0x09d50000, 0x09d50200, 0x0a800000)
 Metaspace       used 4341K, capacity 4519K, committed 4608K, reserved 5504K
Event: 0.219 GC heap after
Heap after GC invocations=1 (full 0):
 def new generation   total 4928K, used 512K [0x04800000, 0x04d50000, 0x09d50000)
  eden space 4416K,   0% used [0x04800000, 0x04800000, 0x04c50000)
  from space 512K, 100% used [0x04cd0000, 0x04d50000, 0x04d50000)
  to   space 512K,   0% used [0x04c50000, 0x04c50000, 0x04cd0000)
 tenured generation   total 10944K, used 958K [0x09d50000, 0x0a800000, 0x14800000)
   the space 10944K,   8% used [0x09d50000, 0x09e3f930, 0x09e3fa00, 0x0a800000)
 Metaspace       used 4341K, capacity 4519K, committed 4608K, reserved 5504K
}
Event: 0.315 GC heap before
{Heap before GC invocations=1 (full 0):
 def new generation   total 4928K, used 4928K [0x04800000, 0x04d50000, 0x09d50000)
  eden space 4416K, 100% used [0x04800000, 0x04c50000, 0x04c50000)
  from space 512K, 100% used [0x04cd0000, 0x04d50000, 0x04d50000)
  to   space 512K,   0% used [0x04c50000, 0x04c50000, 0x04cd0000)
 tenured generation   total 10944K, used 958K [0x09d50000, 0x0a800000, 0x14800000)
   the space 10944K,   8% used [0x09d50000, 0x09e3f930, 0x09e3fa00, 0x0a800000)
 Metaspace       used 5844K, capacity 6025K, committed 6144K, reserved 6528K
Event: 0.319 GC heap after
Heap after GC invocations=2 (full 0):
 def new generation   total 4928K, used 512K [0x04800000, 0x04d50000, 0x09d50000)
  eden space 4416K,   0% used [0x04800000, 0x04800000, 0x04c50000)
  from space 512K, 100% used [0x04c50000, 0x04cd0000, 0x04cd0000)
  to   space 512K,   0% used [0x04cd0000, 0x04cd0000, 0x04d50000)
 tenured generation   total 10944K, used 2571K [0x09d50000, 0x0a800000, 0x14800000)
   the space 10944K,  23% used [0x09d50000, 0x09fd2d18, 0x09fd2e00, 0x0a800000)
 Metaspace       used 5844K, capacity 6025K, committed 6144K, reserved 6528K
}
Event: 0.450 GC heap before
{Heap before GC invocations=2 (full 0):
 def new generation   total 4928K, used 4925K [0x04800000, 0x04d50000, 0x09d50000)
  eden space 4416K,  99% used [0x04800000, 0x04c4f688, 0x04c50000)
  from space 512K, 100% used [0x04c50000, 0x04cd0000, 0x04cd0000)
  to   space 512K,   0% used [0x04cd0000, 0x04cd0000, 0x04d50000)
 tenured generation   total 10944K, used 7691K [0x09d50000, 0x0a800000, 0x14800000)
   the space 10944K,  70% used [0x09d50000, 0x0a4d2d28, 0x0a4d2e00, 0x0a800000)
 Metaspace       used 6890K, capacity 7091K, committed 7168K, reserved 7552K
Event: 0.453 GC heap after
Heap after GC invocations=3 (full 0):
 def new generation   total 4928K, used 512K [0x04800000, 0x04d50000, 0x09d50000)
  eden space 4416K,   0% used [0x04800000, 0x04800000, 0x04c50000)
  from space 512K, 100% used [0x04cd0000, 0x04d50000, 0x04d50000)
  to   space 512K,   0% used [0x04c50000, 0x04c50000, 0x04cd0000)
 tenured generation   total 10944K, used 8370K [0x09d50000, 0x0a800000, 0x14800000)
   the space 10944K,  76% used [0x09d50000, 0x0a57cb90, 0x0a57cc00, 0x0a800000)
 Metaspace       used 6890K, capacity 7091K, committed 7168K, reserved 7552K
}

Deoptimization events (0 events):
No events

Classes redefined (0 events):
No events

Internal exceptions (10 events):
Event: 0.106 Thread 0x00bbdc00 Exception <a 'java/io/FileNotFoundException'> (0x0492bcd0) thrown at [C:\workspace\8-2-build-windows-i586-cygwin\jdk8u181\11358\hotspot\src\share\vm\prims\jni.cpp, line 709]
Event: 0.130 Thread 0x00bbdc00 Exception <a 'java/lang/NoSuchFieldError': method resolution failed> (0x049e9a68) thrown at [C:\workspace\8-2-build-windows-i586-cygwin\jdk8u181\11358\hotspot\src\share\vm\prims\methodHandles.cpp, line 1167]
Event: 0.131 Thread 0x00bbdc00 Exception <a 'java/lang/NoSuchFieldError': method resolution failed> (0x049f5c08) thrown at [C:\workspace\8-2-build-windows-i586-cygwin\jdk8u181\11358\hotspot\src\share\vm\prims\methodHandles.cpp, line 1167]
Event: 0.184 Thread 0x14e50400 Exception <a 'java/io/FileNotFoundException'> (0x04b0fe10) thrown at [C:\workspace\8-2-build-windows-i586-cygwin\jdk8u181\11358\hotspot\src\share\vm\prims\jni.cpp, line 709]
Event: 0.507 Thread 0x14e50400 Exception <a 'java/io/FileNotFoundException'> (0x04aca200) thrown at [C:\workspace\8-2-build-windows-i586-cygwin\jdk8u181\11358\hotspot\src\share\vm\prims\jni.cpp, line 709]
Event: 0.507 Thread 0x14e50400 Exception <a 'java/lang/NullPointerException'> (0x04aca7f0) thrown at [C:\workspace\8-2-build-windows-i586-cygwin\jdk8u181\11358\hotspot\src\share\vm\interpreter\linkResolver.cpp, line 1185]
Event: 0.536 Thread 0x14e50400 Exception <a 'java/io/FileNotFoundException'> (0x04b302b0) thrown at [C:\workspace\8-2-build-windows-i586-cygwin\jdk8u181\11358\hotspot\src\share\vm\prims\jni.cpp, line 709]
Event: 0.548 Thread 0x14e50400 Exception <a 'java/io/FileNotFoundException'> (0x04b448e8) thrown at [C:\workspace\8-2-build-windows-i586-cygwin\jdk8u181\11358\hotspot\src\share\vm\prims\jni.cpp, line 709]
Event: 0.548 Thread 0x14e50400 Exception <a 'java/io/FileNotFoundException'> (0x04b52c40) thrown at [C:\workspace\8-2-build-windows-i586-cygwin\jdk8u181\11358\hotspot\src\share\vm\prims\jni.cpp, line 709]
Event: 0.560 Thread 0x14e50400 Exception <a 'java/io/FileNotFoundException'> (0x04b66c10) thrown at [C:\workspace\8-2-build-windows-i586-cygwin\jdk8u181\11358\hotspot\src\share\vm\prims\jni.cpp, line 709]

Events (10 events):
Event: 0.568 loading class sun/awt/image/BufferedImageGraphicsConfig
Event: 0.568 loading class java/net/CookieHandler
Event: 0.568 loading class sun/awt/image/BufferedImageGraphicsConfig done
Event: 0.568 loading class sun/print/PrinterGraphicsConfig
Event: 0.568 loading class java/net/CookieHandler done
Event: 0.568 loading class sun/print/PrinterGraphicsConfig done
Event: 0.568 loading class sun/net/www/protocol/http/HttpURLConnection$3
Event: 0.568 loading class sun/java2d/opengl/WGLGraphicsConfig
Event: 0.568 loading class sun/net/www/protocol/http/HttpURLConnection$3 done
Event: 0.568 loading class java/net/ResponseCache


Dynamic libraries:
0x012c0000 - 0x012f3000 	D:\Program Files (x86)\Java\jre\bin\javaw.exe
0x77b00000 - 0x77c80000 	C:\windows\SysWOW64\ntdll.dll
0x76fb0000 - 0x770c0000 	C:\windows\syswow64\kernel32.dll
0x76ac0000 - 0x76b07000 	C:\windows\syswow64\KERNELBASE.dll
0x76620000 - 0x766c1000 	C:\windows\syswow64\ADVAPI32.dll
0x77670000 - 0x7771c000 	C:\windows\syswow64\msvcrt.dll
0x76f90000 - 0x76fa9000 	C:\windows\SysWOW64\sechost.dll
0x772a0000 - 0x77390000 	C:\windows\syswow64\RPCRT4.dll
0x75270000 - 0x752d0000 	C:\windows\syswow64\SspiCli.dll
0x75260000 - 0x7526c000 	C:\windows\syswow64\CRYPTBASE.dll
0x774f0000 - 0x775f0000 	C:\windows\syswow64\USER32.dll
0x76c20000 - 0x76cb0000 	C:\windows\syswow64\GDI32.dll
0x760b0000 - 0x760ba000 	C:\windows\syswow64\LPK.dll
0x770e0000 - 0x7717d000 	C:\windows\syswow64\USP10.dll
0x70f90000 - 0x7112e000 	C:\windows\WinSxS\x86_microsoft.windows.common-controls_6595b64144ccf1df_6.0.7601.18837_none_41e855142bd5705d\COMCTL32.dll
0x76050000 - 0x760a7000 	C:\windows\syswow64\SHLWAPI.dll
0x760c0000 - 0x76120000 	C:\windows\system32\IMM32.DLL
0x76120000 - 0x761ed000 	C:\windows\syswow64\MSCTF.dll
0x75020000 - 0x7504b000 	C:\windows\SysWOW64\nvinit.dll
0x75190000 - 0x75199000 	C:\windows\system32\VERSION.dll
0x71d50000 - 0x71d56000 	C:\Program Files (x86)\NVIDIA Corporation\CoProcManager\detoured.dll
0x70de0000 - 0x70e0a000 	C:\Program Files (x86)\NVIDIA Corporation\CoProcManager\nvd3d9wrap.dll
0x766d0000 - 0x7686d000 	C:\windows\syswow64\SETUPAPI.dll
0x77640000 - 0x77667000 	C:\windows\syswow64\CFGMGR32.dll
0x76d80000 - 0x76e11000 	C:\windows\syswow64\OLEAUT32.dll
0x77390000 - 0x774ed000 	C:\windows\syswow64\ole32.dll
0x76cb0000 - 0x76cc2000 	C:\windows\syswow64\DEVOBJ.dll
0x68680000 - 0x6869e000 	C:\Program Files (x86)\NVIDIA Corporation\CoProcManager\nvdxgiwrap.dll
0x78970000 - 0x78a2f000 	D:\Program Files (x86)\Java\jre\bin\msvcr100.dll
0x6cce0000 - 0x6d0b3000 	D:\Program Files (x86)\Java\jre\bin\client\jvm.dll
0x6a5d0000 - 0x6a5d7000 	C:\windows\system32\WSOCK32.dll
0x76b10000 - 0x76b45000 	C:\windows\syswow64\WS2_32.dll
0x76610000 - 0x76616000 	C:\windows\syswow64\NSI.dll
0x70d90000 - 0x70dc2000 	C:\windows\system32\WINMM.dll
0x76d60000 - 0x76d65000 	C:\windows\syswow64\PSAPI.DLL
0x708b0000 - 0x708bc000 	D:\Program Files (x86)\Java\jre\bin\verify.dll
0x6d3b0000 - 0x6d3d2000 	D:\Program Files (x86)\Java\jre\bin\java.dll
0x70640000 - 0x70654000 	D:\Program Files (x86)\Java\jre\bin\zip.dll
0x752d0000 - 0x75f1c000 	C:\windows\syswow64\SHELL32.dll
0x77630000 - 0x7763b000 	C:\windows\syswow64\profapi.dll
0x6ca20000 - 0x6cb67000 	D:\Program Files (x86)\Java\jre\bin\awt.dll
0x68490000 - 0x68510000 	C:\windows\system32\uxtheme.dll
0x68470000 - 0x68483000 	C:\windows\system32\dwmapi.dll
0x70380000 - 0x70395000 	D:\Program Files (x86)\Java\jre\bin\net.dll
0x74a60000 - 0x74a9c000 	C:\windows\system32\mswsock.dll
0x6c010000 - 0x6c016000 	C:\windows\System32\wship6.dll
0x74b00000 - 0x74b05000 	C:\windows\System32\wshtcpip.dll
0x723d0000 - 0x72414000 	C:\windows\system32\DNSAPI.dll
0x72390000 - 0x723b1000 	C:\Program Files (x86)\Bonjour\mdnsNSP.dll
0x74e50000 - 0x74e6c000 	C:\windows\system32\Iphlpapi.DLL
0x74e40000 - 0x74e47000 	C:\windows\system32\WINNSI.DLL
0x72460000 - 0x72466000 	C:\windows\system32\rasadhlp.dll
0x6bfd0000 - 0x6c008000 	C:\windows\System32\fwpuclnt.dll
0x548e0000 - 0x549a8000 	C:\windows\system32\opengl32.dll
0x5a920000 - 0x5a942000 	C:\windows\system32\GLU32.dll
0x55560000 - 0x55647000 	C:\windows\system32\DDRAW.dll
0x66be0000 - 0x66be6000 	C:\windows\system32\DCIMAN32.dll
0x70010000 - 0x70036000 	D:\Program Files (x86)\Java\jre\bin\jpeg.dll
0x01200000 - 0x01239000 	D:\Program Files (x86)\Java\jre\bin\fontmanager.dll
0x6c050000 - 0x6c09c000 	C:\windows\system32\apphelp.dll
0x00ae0000 - 0x00af2000 	D:\Program Files (x86)\Java\jre\bin\rxtxSerial.dll
0x6c240000 - 0x6c267000 	C:\windows\system32\crtdll.dll
0x744f0000 - 0x745db000 	C:\windows\system32\dbghelp.dll
0x00ba0000 - 0x00baf000 	D:\Program Files (x86)\Java\jre\bin\nio.dll
0x74b30000 - 0x74b47000 	C:\windows\system32\CRYPTSP.dll

VM Arguments:
jvm_args: -Dfile.encoding=GBK 
java_command: com.js.jhjs.MainClass
java_class_path (initial): F:\java2017proj\mainCanteen\bin;E:\opensource\gson-2.8.5.jar;E:\opensource\mysql-connector-java-5.1.39\mysql-connector-java-5.1.39\mysql-connector-java-5.1.39-bin.jar;E:\opensource\jna-3.2.5.jar\jna-3.2.5.jar;E:\opensource\rxtx-2.1-7-bins-r2\RXTXcomm.jar;E:\opensource\httpcomponents-client-4.5.6-bin\httpcomponents-client-4.5.6\lib\commons-codec-1.10.jar;E:\opensource\httpcomponents-client-4.5.6-bin\httpcomponents-client-4.5.6\lib\commons-logging-1.2.jar;E:\opensource\httpcomponents-client-4.5.6-bin\httpcomponents-client-4.5.6\lib\fluent-hc-4.5.6.jar;E:\opensource\httpcomponents-client-4.5.6-bin\httpcomponents-client-4.5.6\lib\httpclient-4.5.6.jar;E:\opensource\httpcomponents-client-4.5.6-bin\httpcomponents-client-4.5.6\lib\httpclient-cache-4.5.6.jar;E:\opensource\httpcomponents-client-4.5.6-bin\httpcomponents-client-4.5.6\lib\httpclient-win-4.5.6.jar;E:\opensource\httpcomponents-client-4.5.6-bin\httpcomponents-client-4.5.6\lib\httpcore-4.4.10.jar;E:\opensource\httpcomponents-client-4.5.6-bin\httpcomponents-client-4.5.6\lib\httpmime-4.5.6.jar;E:\opensource\httpcomponents-client-4.5.6-bin\httpcomponents-client-4.5.6\lib\jna-4.4.0.jar;E:\opensource\httpcomponents-client-4.5.6-bin\httpcomponents-client-4.5.6\lib\jna-platform-4.4.0.jar;E:\opensource\mybatis-3.4.6\mybatis-3.4.6.jar
Launcher Type: SUN_STANDARD

Environment Variables:
JAVA_HOME=D:\Program Files\Java\jdk1.8
CLASSPATH=.;D:\Program Files\Java\jdk1.8\lib\dt.jar;D:\Program Files\Java\jdk1.8\lib\tools.jar;
PATH=C:\Program Files (x86)\Common Files\Oracle\Java\javapath;G:\sdk\tools\lib\monitor-x86_64\jre\bin\javaw.exe;C:\Windows\System32;F:\soui\bin;D:\CTEX\CTeX\ty\bin;D:\CTEX\Ghostscript\gs9.05\bin;D:\CTEX\GSview\gsview;D:\CTEX\WinEdt;D:\Python35;D:\Python35\Scripts;D:\Program Files\Git\cmd;C:\Program Files (x86)\Common Files\Thunder Network\KanKan\Codecs;C:\Users\bonjava\AppData\Local\GitHubDesktop\bin
USERNAME=Administrator
OS=Windows_NT
PROCESSOR_IDENTIFIER=Intel64 Family 6 Model 60 Stepping 3, GenuineIntel



---------------  S Y S T E M  ---------------

OS: Windows 7 , 64 bit Build 7601 (6.1.7601.24214)

CPU:total 8 (initial active 8) (4 cores per cpu, 2 threads per core) family 6 model 60 stepping 3, cmov, cx8, fxsr, mmx, sse, sse2, sse3, ssse3, sse4.1, sse4.2, popcnt, avx, avx2, aes, clmul, erms, lzcnt, ht, tsc, tscinvbit, bmi1, bmi2

Memory: 4k page, physical 16663584k(9222044k free), swap 17710260k(9504312k free)

vm_info: Java HotSpot(TM) Client VM (25.181-b13) for windows-x86 JRE (1.8.0_181-b13), built on Jul  7 2018 03:18:20 by "java_re" with MS VC++ 10.0 (VS2010)

time: Tue Aug 28 15:28:56 2018
elapsed time: 0 seconds (0d 0h 0m 0s)

