#
# A fatal error has been detected by the Java Runtime Environment:
#
#  EXCEPTION_ACCESS_VIOLATION (0xc0000005) at pc=0x00c9320b, pid=11164, tid=0x00003308
#
# JRE version: Java(TM) SE Runtime Environment (8.0_181-b13) (build 1.8.0_181-b13)
# Java VM: Java HotSpot(TM) Client VM (25.181-b13 mixed mode windows-x86 )
# Problematic frame:
# C  [rxtxSerial.dll+0x320b]
#
# Failed to write core dump. Minidumps are not enabled by default on client versions of Windows
#
# If you would like to submit a bug report, please visit:
#   http://bugreport.java.com/bugreport/crash.jsp
# The crash happened outside the Java Virtual Machine in native code.
# See problematic frame for where to report the bug.
#

---------------  T H R E A D  ---------------

Current thread (0x154a9400):  JavaThread "Thread-5" [_thread_in_native, id=13064, stack(0x16dd0000,0x16e20000)]

siginfo: ExceptionCode=0xc0000005, reading address 0x00000060

Registers:
EAX=0x00000000, EBX=0x54fab910, ECX=0x16e1eee8, EDX=0x16e1ee78
ESP=0x16e1f250, EBP=0x16e1f2e8, ESI=0x16b4d448, EDI=0x154a9400
EIP=0x00c9320b, EFLAGS=0x00010202

Top of Stack: (sp=0x16e1f250)
0x16e1f250:   154a9400 0000000b 0000001d 00000002
0x16e1f260:   16e1f294 54ed7273 154a9400 4bb348bf
0x16e1f270:   00000000 154a9400 00000000 16e1f26c
0x16e1f280:   00000000 00000000 00000000 00000000
0x16e1f290:   fffffffe 00000022 ffffffff 154a4500
0x16e1f2a0:   00000000 00fffff8 54faba0e 154a9400
0x16e1f2b0:   16e1f2e8 6c24e5f4 16e1f2c8 00c9673e
0x16e1f2c0:   16e1f2fc 16b4d448 16e1f34b 7fffffdc 

Instructions: (pc=0x00c9320b)
0x00c931eb:   04 85 c0 74 0c 8b 45 fc c7 40 78 04 00 00 00 eb
0x00c931fb:   0a 8b 45 fc c7 40 78 00 00 00 00 a1 00 d0 c9 00
0x00c9320b:   83 78 60 00 75 2d 83 c4 fc 8b 45 fc 50 68 40 30
0x00c9321b:   c9 00 8d 85 70 ff ff ff 50 e8 3f 97 00 00 83 c4 


Register to memory mapping:

EAX=0x00000000 is an unknown value
EBX=0x54fab910 is an unknown value
ECX=0x16e1eee8 is pointing into the stack for thread: 0x154a9400
EDX=0x16e1ee78 is pointing into the stack for thread: 0x154a9400
ESP=0x16e1f250 is pointing into the stack for thread: 0x154a9400
EBP=0x16e1f2e8 is pointing into the stack for thread: 0x154a9400
ESI=0x16b4d448 is pointing into metadata
EDI=0x154a9400 is a thread


Stack: [0x16dd0000,0x16e20000],  sp=0x16e1f250,  free space=316k
Native frames: (J=compiled Java code, j=interpreted, Vv=VM code, C=native code)
C  [rxtxSerial.dll+0x320b]
C  [rxtxSerial.dll+0x6988]
j  gnu.io.RXTXPort.open(Ljava/lang/String;)I+0
j  gnu.io.RXTXPort.<init>(Ljava/lang/String;)V+114
j  gnu.io.RXTXCommDriver.getCommPort(Ljava/lang/String;I)Lgnu/io/CommPort;+78
j  gnu.io.CommPortIdentifier.open(Ljava/lang/String;I)Lgnu/io/CommPort;+80
j  com.js.jhjs.wmFrame$SerialTools.openSerialPort(Lgnu/io/CommPortIdentifier;I)Z+5
j  com.js.jhjs.wmFrame.lambda$1(Lcom/js/jhjs/wmFrame$SerialTools;Lgnu/io/CommPortIdentifier;)V+4
j  com.js.jhjs.wmFrame$$Lambda$29.run()V+8
j  java.lang.Thread.run()V+11
v  ~StubRoutines::call_stub
V  [jvm.dll+0x15c065]
V  [jvm.dll+0x223ade]
V  [jvm.dll+0x15c0fe]
V  [jvm.dll+0x15c286]
V  [jvm.dll+0x15c2f7]
V  [jvm.dll+0x10016f]
V  [jvm.dll+0x17f280]
V  [jvm.dll+0x17fafa]
V  [jvm.dll+0x1c5416]
C  [msvcr100.dll+0x5c556]
C  [msvcr100.dll+0x5c600]
C  [kernel32.dll+0x1343d]
C  [ntdll.dll+0x39832]
C  [ntdll.dll+0x39805]
C  0x00000000

Java frames: (J=compiled Java code, j=interpreted, Vv=VM code)
j  gnu.io.RXTXPort.open(Ljava/lang/String;)I+0
j  gnu.io.RXTXPort.<init>(Ljava/lang/String;)V+114
j  gnu.io.RXTXCommDriver.getCommPort(Ljava/lang/String;I)Lgnu/io/CommPort;+78
j  gnu.io.CommPortIdentifier.open(Ljava/lang/String;I)Lgnu/io/CommPort;+80
j  com.js.jhjs.wmFrame$SerialTools.openSerialPort(Lgnu/io/CommPortIdentifier;I)Z+5
j  com.js.jhjs.wmFrame.lambda$1(Lcom/js/jhjs/wmFrame$SerialTools;Lgnu/io/CommPortIdentifier;)V+4
j  com.js.jhjs.wmFrame$$Lambda$29.run()V+8
j  java.lang.Thread.run()V+11
v  ~StubRoutines::call_stub

---------------  P R O C E S S  ---------------

Java Threads: ( => current thread )
  0x1552e000 JavaThread "Thread-4" [_thread_in_native, id=7656, stack(0x16ff0000,0x17040000)]
  0x1544d800 JavaThread "Thread-3" [_thread_in_native, id=9956, stack(0x16c50000,0x16ca0000)]
=>0x154a9400 JavaThread "Thread-5" [_thread_in_native, id=13064, stack(0x16dd0000,0x16e20000)]
  0x15476c00 JavaThread "Thread-1" [_thread_in_native, id=7512, stack(0x168b0000,0x16900000)]
  0x15421800 JavaThread "Image Fetcher 0" daemon [_thread_blocked, id=13328, stack(0x165e0000,0x16630000)]
  0x1523c000 JavaThread "Abandoned connection cleanup thread" daemon [_thread_blocked, id=13036, stack(0x16400000,0x16450000)]
  0x00c8dc00 JavaThread "DestroyJavaVM" [_thread_blocked, id=10644, stack(0x001d0000,0x00220000)]
  0x012a0c00 JavaThread "AWT-EventQueue-0" [_thread_in_vm, id=6812, stack(0x15ac0000,0x15b10000)]
  0x0129f400 JavaThread "AWT-Windows" daemon [_thread_in_native, id=7840, stack(0x15770000,0x157c0000)]
  0x0129e800 JavaThread "AWT-Shutdown" [_thread_blocked, id=11516, stack(0x14fa0000,0x14ff0000)]
  0x0129bc00 JavaThread "Java2D Disposer" daemon [_thread_blocked, id=10568, stack(0x15040000,0x15090000)]
  0x0115c800 JavaThread "Service Thread" daemon [_thread_blocked, id=13876, stack(0x15120000,0x15170000)]
  0x01135c00 JavaThread "C1 CompilerThread0" daemon [_thread_blocked, id=11696, stack(0x14d40000,0x14d90000)]
  0x01132400 JavaThread "Attach Listener" daemon [_thread_blocked, id=13296, stack(0x14e00000,0x14e50000)]
  0x01131400 JavaThread "Signal Dispatcher" daemon [_thread_blocked, id=2596, stack(0x14e70000,0x14ec0000)]
  0x00ec3c00 JavaThread "Finalizer" daemon [_thread_blocked, id=13368, stack(0x01040000,0x01090000)]
  0x00ebcc00 JavaThread "Reference Handler" daemon [_thread_blocked, id=2820, stack(0x00ee0000,0x00f30000)]

Other Threads:
  0x00eb5800 VMThread [stack: 0x04780000,0x047d0000] [id=12100]
  0x01167400 WatcherThread [stack: 0x15190000,0x151e0000] [id=14172]

VM state:not at safepoint (normal execution)

VM Mutex/Monitor currently owned by a thread: None

Heap:
 def new generation   total 7040K, used 5644K [0x04800000, 0x04fa0000, 0x09d50000)
  eden space 6272K,  89% used [0x04800000, 0x04d83210, 0x04e20000)
  from space 768K,   0% used [0x04e20000, 0x04e20000, 0x04ee0000)
  to   space 768K,   0% used [0x04ee0000, 0x04ee0000, 0x04fa0000)
 tenured generation   total 15500K, used 9299K [0x09d50000, 0x0ac73000, 0x14800000)
   the space 15500K,  59% used [0x09d50000, 0x0a664ee0, 0x0a665000, 0x0ac73000)
 Metaspace       used 8704K, capacity 8942K, committed 9088K, reserved 9600K

Card table byte_map: [0x00b90000,0x00c20000] byte_map_base: 0x00b6c000

Polling page: 0x00170000

CodeCache: size=32768Kb used=1019Kb max_used=1019Kb free=31748Kb
 bounds [0x02740000, 0x02840000, 0x04740000]
 total_blobs=481 nmethods=246 adapters=166
 compilation: enabled

Compilation events (10 events):
Event: 0.559 Thread 0x01135c00  238             java.lang.String::<init> (21 bytes)
Event: 0.559 Thread 0x01135c00 nmethod 238 0x0283bf08 code [0x0283c000, 0x0283c0a0]
Event: 0.559 Thread 0x01135c00  239             java.lang.StringBuffer::<init> (7 bytes)
Event: 0.559 Thread 0x01135c00 nmethod 239 0x0283c108 code [0x0283c200, 0x0283c310]
Event: 0.559 Thread 0x01135c00  240             gnu.io.RXTXCommDriver::registerValidPorts (242 bytes)
Event: 0.560 Thread 0x01135c00 nmethod 240 0x0283c388 code [0x0283c5a0, 0x0283cecc]
Event: 0.562 Thread 0x01135c00  241             java.lang.String::lastIndexOf (13 bytes)
Event: 0.562 Thread 0x01135c00 nmethod 241 0x0283da88 code [0x0283db90, 0x0283dc2c]
Event: 0.563 Thread 0x01135c00  242             java.net.URL::getHost (5 bytes)
Event: 0.563 Thread 0x01135c00 nmethod 242 0x0283dcc8 code [0x0283ddc0, 0x0283de40]

GC Heap History (6 events):
Event: 0.214 GC heap before
{Heap before GC invocations=0 (full 0):
 def new generation   total 4928K, used 4416K [0x04800000, 0x04d50000, 0x09d50000)
  eden space 4416K, 100% used [0x04800000, 0x04c50000, 0x04c50000)
  from space 512K,   0% used [0x04c50000, 0x04c50000, 0x04cd0000)
  to   space 512K,   0% used [0x04cd0000, 0x04cd0000, 0x04d50000)
 tenured generation   total 10944K, used 0K [0x09d50000, 0x0a800000, 0x14800000)
   the space 10944K,   0% used [0x09d50000, 0x09d50000, 0x09d50200, 0x0a800000)
 Metaspace       used 4365K, capacity 4519K, committed 4608K, reserved 5504K
Event: 0.218 GC heap after
Heap after GC invocations=1 (full 0):
 def new generation   total 4928K, used 512K [0x04800000, 0x04d50000, 0x09d50000)
  eden space 4416K,   0% used [0x04800000, 0x04800000, 0x04c50000)
  from space 512K, 100% used [0x04cd0000, 0x04d50000, 0x04d50000)
  to   space 512K,   0% used [0x04c50000, 0x04c50000, 0x04cd0000)
 tenured generation   total 10944K, used 960K [0x09d50000, 0x0a800000, 0x14800000)
   the space 10944K,   8% used [0x09d50000, 0x09e40020, 0x09e40200, 0x0a800000)
 Metaspace       used 4365K, capacity 4519K, committed 4608K, reserved 5504K
}
Event: 0.313 GC heap before
{Heap before GC invocations=1 (full 0):
 def new generation   total 4928K, used 4851K [0x04800000, 0x04d50000, 0x09d50000)
  eden space 4416K,  98% used [0x04800000, 0x04c3ce40, 0x04c50000)
  from space 512K, 100% used [0x04cd0000, 0x04d50000, 0x04d50000)
  to   space 512K,   0% used [0x04c50000, 0x04c50000, 0x04cd0000)
 tenured generation   total 10944K, used 960K [0x09d50000, 0x0a800000, 0x14800000)
   the space 10944K,   8% used [0x09d50000, 0x09e40020, 0x09e40200, 0x0a800000)
 Metaspace       used 5762K, capacity 5961K, committed 6016K, reserved 6528K
Event: 0.316 GC heap after
Heap after GC invocations=2 (full 0):
 def new generation   total 4928K, used 512K [0x04800000, 0x04d50000, 0x09d50000)
  eden space 4416K,   0% used [0x04800000, 0x04800000, 0x04c50000)
  from space 512K, 100% used [0x04c50000, 0x04cd0000, 0x04cd0000)
  to   space 512K,   0% used [0x04cd0000, 0x04cd0000, 0x04d50000)
 tenured generation   total 10944K, used 2631K [0x09d50000, 0x0a800000, 0x14800000)
   the space 10944K,  24% used [0x09d50000, 0x09fe1df0, 0x09fe1e00, 0x0a800000)
 Metaspace       used 5762K, capacity 5961K, committed 6016K, reserved 6528K
}
Event: 0.467 GC heap before
{Heap before GC invocations=2 (full 0):
 def new generation   total 4928K, used 4928K [0x04800000, 0x04d50000, 0x09d50000)
  eden space 4416K, 100% used [0x04800000, 0x04c50000, 0x04c50000)
  from space 512K, 100% used [0x04c50000, 0x04cd0000, 0x04cd0000)
  to   space 512K,   0% used [0x04cd0000, 0x04cd0000, 0x04d50000)
 tenured generation   total 10944K, used 7751K [0x09d50000, 0x0a800000, 0x14800000)
   the space 10944K,  70% used [0x09d50000, 0x0a4e1e00, 0x0a4e1e00, 0x0a800000)
 Metaspace       used 7446K, capacity 7636K, committed 7680K, reserved 8576K
Event: 0.469 GC heap after
Heap after GC invocations=3 (full 0):
 def new generation   total 4928K, used 512K [0x04800000, 0x04d50000, 0x09d50000)
  eden space 4416K,   0% used [0x04800000, 0x04800000, 0x04c50000)
  from space 512K, 100% used [0x04cd0000, 0x04d50000, 0x04d50000)
  to   space 512K,   0% used [0x04c50000, 0x04c50000, 0x04cd0000)
 tenured generation   total 10944K, used 8445K [0x09d50000, 0x0a800000, 0x14800000)
   the space 10944K,  77% used [0x09d50000, 0x0a58f510, 0x0a58f600, 0x0a800000)
 Metaspace       used 7446K, capacity 7636K, committed 7680K, reserved 8576K
}

Deoptimization events (0 events):
No events

Classes redefined (0 events):
No events

Internal exceptions (10 events):
Event: 0.127 Thread 0x00c8dc00 Exception <a 'java/lang/NoSuchFieldError': method resolution failed> (0x049e9a68) thrown at [C:\workspace\8-2-build-windows-i586-cygwin\jdk8u181\11358\hotspot\src\share\vm\prims\methodHandles.cpp, line 1167]
Event: 0.128 Thread 0x00c8dc00 Exception <a 'java/lang/NoSuchFieldError': method resolution failed> (0x049f5c08) thrown at [C:\workspace\8-2-build-windows-i586-cygwin\jdk8u181\11358\hotspot\src\share\vm\prims\methodHandles.cpp, line 1167]
Event: 0.182 Thread 0x012a0c00 Exception <a 'java/io/FileNotFoundException'> (0x04b12060) thrown at [C:\workspace\8-2-build-windows-i586-cygwin\jdk8u181\11358\hotspot\src\share\vm\prims\jni.cpp, line 709]
Event: 0.495 Thread 0x012a0c00 Exception <a 'java/io/FileNotFoundException'> (0x04b11578) thrown at [C:\workspace\8-2-build-windows-i586-cygwin\jdk8u181\11358\hotspot\src\share\vm\prims\jni.cpp, line 709]
Event: 0.495 Thread 0x012a0c00 Exception <a 'java/lang/NullPointerException'> (0x04b11b68) thrown at [C:\workspace\8-2-build-windows-i586-cygwin\jdk8u181\11358\hotspot\src\share\vm\interpreter\linkResolver.cpp, line 1185]
Event: 0.534 Thread 0x012a0c00 Exception <a 'java/io/FileNotFoundException'> (0x04b79b20) thrown at [C:\workspace\8-2-build-windows-i586-cygwin\jdk8u181\11358\hotspot\src\share\vm\prims\jni.cpp, line 709]
Event: 0.546 Thread 0x012a0c00 Exception <a 'java/io/FileNotFoundException'> (0x04b8e170) thrown at [C:\workspace\8-2-build-windows-i586-cygwin\jdk8u181\11358\hotspot\src\share\vm\prims\jni.cpp, line 709]
Event: 0.547 Thread 0x012a0c00 Exception <a 'java/io/FileNotFoundException'> (0x04b9c4d0) thrown at [C:\workspace\8-2-build-windows-i586-cygwin\jdk8u181\11358\hotspot\src\share\vm\prims\jni.cpp, line 709]
Event: 0.559 Thread 0x012a0c00 Exception <a 'java/io/FileNotFoundException'> (0x04bb0498) thrown at [C:\workspace\8-2-build-windows-i586-cygwin\jdk8u181\11358\hotspot\src\share\vm\prims\jni.cpp, line 709]
Event: 0.564 Thread 0x15419c00 Exception <a 'gnu/io/PortInUseException': No error in open> (0x04bd8790) thrown at [C:\workspace\8-2-build-windows-i586-cygwin\jdk8u181\11358\hotspot\src\share\vm\prims\jni.cpp, line 735]

Events (10 events):
Event: 0.564 loading class javax/swing/RepaintManager$2$1 done
Event: 0.564 loading class javax/swing/RepaintManager$4
Event: 0.564 loading class javax/swing/RepaintManager$4 done
Event: 0.564 loading class sun/java2d/d3d/D3DSurfaceData$D3DWindowSurfaceData
Event: 0.564 loading class sun/java2d/d3d/D3DSurfaceData
Event: 0.564 Thread 0x15419c00 Thread exited: 0x15419c00
Event: 0.564 loading class sun/java2d/pipe/hw/AccelSurface
Event: 0.564 loading class sun/java2d/pipe/hw/AccelSurface done
Event: 0.564 loading class sun/java2d/d3d/D3DSurfaceData done
Event: 0.564 loading class sun/java2d/d3d/D3DSurfaceData$D3DWindowSurfaceData done


Dynamic libraries:
0x01300000 - 0x01333000 	D:\Program Files (x86)\Java\jre\bin\javaw.exe
0x77b00000 - 0x77c80000 	C:\windows\SysWOW64\ntdll.dll
0x76fb0000 - 0x770c0000 	C:\windows\syswow64\kernel32.dll
0x76ac0000 - 0x76b07000 	C:\windows\syswow64\KERNELBASE.dll
0x76620000 - 0x766c1000 	C:\windows\syswow64\ADVAPI32.dll
0x77670000 - 0x7771c000 	C:\windows\syswow64\msvcrt.dll
0x76f90000 - 0x76fa9000 	C:\windows\SysWOW64\sechost.dll
0x772a0000 - 0x77390000 	C:\windows\syswow64\RPCRT4.dll
0x75270000 - 0x752d0000 	C:\windows\syswow64\SspiCli.dll
0x75260000 - 0x7526c000 	C:\windows\syswow64\CRYPTBASE.dll
0x774f0000 - 0x775f0000 	C:\windows\syswow64\USER32.dll
0x76c20000 - 0x76cb0000 	C:\windows\syswow64\GDI32.dll
0x760b0000 - 0x760ba000 	C:\windows\syswow64\LPK.dll
0x770e0000 - 0x7717d000 	C:\windows\syswow64\USP10.dll
0x70f90000 - 0x7112e000 	C:\windows\WinSxS\x86_microsoft.windows.common-controls_6595b64144ccf1df_6.0.7601.18837_none_41e855142bd5705d\COMCTL32.dll
0x76050000 - 0x760a7000 	C:\windows\syswow64\SHLWAPI.dll
0x760c0000 - 0x76120000 	C:\windows\system32\IMM32.DLL
0x76120000 - 0x761ed000 	C:\windows\syswow64\MSCTF.dll
0x75020000 - 0x7504b000 	C:\windows\SysWOW64\nvinit.dll
0x75190000 - 0x75199000 	C:\windows\system32\VERSION.dll
0x71d50000 - 0x71d56000 	C:\Program Files (x86)\NVIDIA Corporation\CoProcManager\detoured.dll
0x70de0000 - 0x70e0a000 	C:\Program Files (x86)\NVIDIA Corporation\CoProcManager\nvd3d9wrap.dll
0x766d0000 - 0x7686d000 	C:\windows\syswow64\SETUPAPI.dll
0x77640000 - 0x77667000 	C:\windows\syswow64\CFGMGR32.dll
0x76d80000 - 0x76e11000 	C:\windows\syswow64\OLEAUT32.dll
0x77390000 - 0x774ed000 	C:\windows\syswow64\ole32.dll
0x76cb0000 - 0x76cc2000 	C:\windows\syswow64\DEVOBJ.dll
0x68680000 - 0x6869e000 	C:\Program Files (x86)\NVIDIA Corporation\CoProcManager\nvdxgiwrap.dll
0x552b0000 - 0x5536f000 	D:\Program Files (x86)\Java\jre\bin\msvcr100.dll
0x54ed0000 - 0x552a3000 	D:\Program Files (x86)\Java\jre\bin\client\jvm.dll
0x6a5d0000 - 0x6a5d7000 	C:\windows\system32\WSOCK32.dll
0x76b10000 - 0x76b45000 	C:\windows\syswow64\WS2_32.dll
0x76610000 - 0x76616000 	C:\windows\syswow64\NSI.dll
0x70d90000 - 0x70dc2000 	C:\windows\system32\WINMM.dll
0x76d60000 - 0x76d65000 	C:\windows\syswow64\PSAPI.DLL
0x63f20000 - 0x63f2c000 	D:\Program Files (x86)\Java\jre\bin\verify.dll
0x5a980000 - 0x5a9a2000 	D:\Program Files (x86)\Java\jre\bin\java.dll
0x5aa10000 - 0x5aa24000 	D:\Program Files (x86)\Java\jre\bin\zip.dll
0x752d0000 - 0x75f1c000 	C:\windows\syswow64\SHELL32.dll
0x77630000 - 0x7763b000 	C:\windows\syswow64\profapi.dll
0x50550000 - 0x50697000 	D:\Program Files (x86)\Java\jre\bin\awt.dll
0x68490000 - 0x68510000 	C:\windows\system32\uxtheme.dll
0x68470000 - 0x68483000 	C:\windows\system32\dwmapi.dll
0x5a9f0000 - 0x5aa05000 	D:\Program Files (x86)\Java\jre\bin\net.dll
0x74a60000 - 0x74a9c000 	C:\windows\system32\mswsock.dll
0x6c010000 - 0x6c016000 	C:\windows\System32\wship6.dll
0x74b00000 - 0x74b05000 	C:\windows\System32\wshtcpip.dll
0x723d0000 - 0x72414000 	C:\windows\system32\DNSAPI.dll
0x72390000 - 0x723b1000 	C:\Program Files (x86)\Bonjour\mdnsNSP.dll
0x74e50000 - 0x74e6c000 	C:\windows\system32\Iphlpapi.DLL
0x74e40000 - 0x74e47000 	C:\windows\system32\WINNSI.DLL
0x72460000 - 0x72466000 	C:\windows\system32\rasadhlp.dll
0x6bfd0000 - 0x6c008000 	C:\windows\System32\fwpuclnt.dll
0x548e0000 - 0x549a8000 	C:\windows\system32\opengl32.dll
0x5a920000 - 0x5a942000 	C:\windows\system32\GLU32.dll
0x55560000 - 0x55647000 	C:\windows\system32\DDRAW.dll
0x66be0000 - 0x66be6000 	C:\windows\system32\DCIMAN32.dll
0x5a950000 - 0x5a976000 	D:\Program Files (x86)\Java\jre\bin\jpeg.dll
0x554a0000 - 0x554d9000 	D:\Program Files (x86)\Java\jre\bin\fontmanager.dll
0x00c90000 - 0x00ca2000 	D:\Program Files (x86)\Java\jre\bin\rxtxSerial.dll
0x6c240000 - 0x6c267000 	C:\windows\system32\crtdll.dll
0x6c050000 - 0x6c09c000 	C:\windows\system32\apphelp.dll
0x744f0000 - 0x745db000 	C:\windows\system32\dbghelp.dll
0x65d10000 - 0x65d1f000 	D:\Program Files (x86)\Java\jre\bin\nio.dll

VM Arguments:
jvm_args: -Dfile.encoding=GBK 
java_command: com.js.jhjs.MainClass
java_class_path (initial): F:\java2017proj\mainCanteen\bin;E:\opensource\gson-2.8.5.jar;E:\opensource\mysql-connector-java-5.1.39\mysql-connector-java-5.1.39\mysql-connector-java-5.1.39-bin.jar;E:\opensource\jna-3.2.5.jar\jna-3.2.5.jar;E:\opensource\rxtx-2.1-7-bins-r2\RXTXcomm.jar;E:\opensource\httpcomponents-client-4.5.6-bin\httpcomponents-client-4.5.6\lib\commons-codec-1.10.jar;E:\opensource\httpcomponents-client-4.5.6-bin\httpcomponents-client-4.5.6\lib\commons-logging-1.2.jar;E:\opensource\httpcomponents-client-4.5.6-bin\httpcomponents-client-4.5.6\lib\fluent-hc-4.5.6.jar;E:\opensource\httpcomponents-client-4.5.6-bin\httpcomponents-client-4.5.6\lib\httpclient-4.5.6.jar;E:\opensource\httpcomponents-client-4.5.6-bin\httpcomponents-client-4.5.6\lib\httpclient-cache-4.5.6.jar;E:\opensource\httpcomponents-client-4.5.6-bin\httpcomponents-client-4.5.6\lib\httpclient-win-4.5.6.jar;E:\opensource\httpcomponents-client-4.5.6-bin\httpcomponents-client-4.5.6\lib\httpcore-4.4.10.jar;E:\opensource\httpcomponents-client-4.5.6-bin\httpcomponents-client-4.5.6\lib\httpmime-4.5.6.jar;E:\opensource\httpcomponents-client-4.5.6-bin\httpcomponents-client-4.5.6\lib\jna-4.4.0.jar;E:\opensource\httpcomponents-client-4.5.6-bin\httpcomponents-client-4.5.6\lib\jna-platform-4.4.0.jar;E:\opensource\mybatis-3.4.6\mybatis-3.4.6.jar
Launcher Type: SUN_STANDARD

Environment Variables:
JAVA_HOME=D:\Program Files\Java\jdk1.8
CLASSPATH=.;D:\Program Files\Java\jdk1.8\lib\dt.jar;D:\Program Files\Java\jdk1.8\lib\tools.jar;
PATH=C:\Program Files (x86)\Common Files\Oracle\Java\javapath;G:\sdk\tools\lib\monitor-x86_64\jre\bin\javaw.exe;C:\Windows\System32;F:\soui\bin;D:\CTEX\CTeX\ty\bin;D:\CTEX\Ghostscript\gs9.05\bin;D:\CTEX\GSview\gsview;D:\CTEX\WinEdt;D:\Python35;D:\Python35\Scripts;D:\Program Files\Git\cmd;C:\Program Files (x86)\Common Files\Thunder Network\KanKan\Codecs;C:\Users\bonjava\AppData\Local\GitHubDesktop\bin
USERNAME=Administrator
OS=Windows_NT
PROCESSOR_IDENTIFIER=Intel64 Family 6 Model 60 Stepping 3, GenuineIntel



---------------  S Y S T E M  ---------------

OS: Windows 7 , 64 bit Build 7601 (6.1.7601.24214)

CPU:total 8 (initial active 8) (4 cores per cpu, 2 threads per core) family 6 model 60 stepping 3, cmov, cx8, fxsr, mmx, sse, sse2, sse3, ssse3, sse4.1, sse4.2, popcnt, avx, avx2, aes, clmul, erms, lzcnt, ht, tsc, tscinvbit, bmi1, bmi2

Memory: 4k page, physical 16663584k(9525264k free), swap 17710260k(9997992k free)

vm_info: Java HotSpot(TM) Client VM (25.181-b13) for windows-x86 JRE (1.8.0_181-b13), built on Jul  7 2018 03:18:20 by "java_re" with MS VC++ 10.0 (VS2010)

time: Tue Aug 28 20:39:20 2018
elapsed time: 0 seconds (0d 0h 0m 0s)

