#
# A fatal error has been detected by the Java Runtime Environment:
#
#  EXCEPTION_ACCESS_VIOLATION (0xc0000005) at pc=0x0032320b, pid=12800, tid=0x000009e8
#
# JRE version: Java(TM) SE Runtime Environment (8.0_181-b13) (build 1.8.0_181-b13)
# Java VM: Java HotSpot(TM) Client VM (25.181-b13 mixed mode windows-x86 )
# Problematic frame:
# C  [rxtxSerial.dll+0x320b]
#
# Failed to write core dump. Minidumps are not enabled by default on client versions of Windows
#
# If you would like to submit a bug report, please visit:
#   http://bugreport.java.com/bugreport/crash.jsp
# The crash happened outside the Java Virtual Machine in native code.
# See problematic frame for where to report the bug.
#

---------------  T H R E A D  ---------------

Current thread (0x153d6400):  JavaThread "Thread-6" [_thread_in_native, id=2536, stack(0x15bb0000,0x15c00000)]

siginfo: ExceptionCode=0xc0000005, reading address 0x00000060

Registers:
EAX=0x00000000, EBX=0x6cafb910, ECX=0x15bfee38, EDX=0x15bfedc8
ESP=0x15bff1a0, EBP=0x15bff238, ESI=0x1699aed0, EDI=0x153d6400
EIP=0x0032320b, EFLAGS=0x00010202

Top of Stack: (sp=0x15bff1a0)
0x15bff1a0:   153d6400 0000000b 0000001d 00000002
0x15bff1b0:   15bff1e4 6ca27273 153d6400 9956d709
0x15bff1c0:   00000000 153d6400 00000000 15bff1bc
0x15bff1d0:   00000000 00000000 00000000 00000000
0x15bff1e0:   fffffffe 00000022 ffffffff 15343a78
0x15bff1f0:   00000000 00fffff8 6cafba0e 153d6400
0x15bff200:   15bff238 6c24e5f4 15bff218 0032673e
0x15bff210:   15bff24c 1699aed0 15bff29b 7fffffdc 

Instructions: (pc=0x0032320b)
0x003231eb:   04 85 c0 74 0c 8b 45 fc c7 40 78 04 00 00 00 eb
0x003231fb:   0a 8b 45 fc c7 40 78 00 00 00 00 a1 00 d0 32 00
0x0032320b:   83 78 60 00 75 2d 83 c4 fc 8b 45 fc 50 68 40 30
0x0032321b:   32 00 8d 85 70 ff ff ff 50 e8 3f 97 00 00 83 c4 


Register to memory mapping:

EAX=0x00000000 is an unknown value
EBX=0x6cafb910 is an unknown value
ECX=0x15bfee38 is pointing into the stack for thread: 0x153d6400
EDX=0x15bfedc8 is pointing into the stack for thread: 0x153d6400
ESP=0x15bff1a0 is pointing into the stack for thread: 0x153d6400
EBP=0x15bff238 is pointing into the stack for thread: 0x153d6400
ESI=0x1699aed0 is pointing into metadata
EDI=0x153d6400 is a thread


Stack: [0x15bb0000,0x15c00000],  sp=0x15bff1a0,  free space=316k
Native frames: (J=compiled Java code, j=interpreted, Vv=VM code, C=native code)
C  [rxtxSerial.dll+0x320b]
C  [rxtxSerial.dll+0x6988]
j  gnu.io.RXTXPort.open(Ljava/lang/String;)I+0
j  gnu.io.RXTXPort.<init>(Ljava/lang/String;)V+114
j  gnu.io.RXTXCommDriver.getCommPort(Ljava/lang/String;I)Lgnu/io/CommPort;+78
j  gnu.io.CommPortIdentifier.open(Ljava/lang/String;I)Lgnu/io/CommPort;+80
j  com.js.jhjs.jcFrame$SerialTools.openSerialPort(Lgnu/io/CommPortIdentifier;I)Z+5
j  com.js.jhjs.jcFrame.lambda$1(Lcom/js/jhjs/jcFrame$SerialTools;Lgnu/io/CommPortIdentifier;)V+4
j  com.js.jhjs.jcFrame$$Lambda$18.run()V+8
j  java.lang.Thread.run()V+11
v  ~StubRoutines::call_stub
V  [jvm.dll+0x15c065]
V  [jvm.dll+0x223ade]
V  [jvm.dll+0x15c0fe]
V  [jvm.dll+0x15c286]
V  [jvm.dll+0x15c2f7]
V  [jvm.dll+0x10016f]
V  [jvm.dll+0x17f280]
V  [jvm.dll+0x17fafa]
V  [jvm.dll+0x1c5416]
C  [msvcr100.dll+0x5c556]
C  [msvcr100.dll+0x5c600]
C  [kernel32.dll+0x1343d]
C  [ntdll.dll+0x39832]
C  [ntdll.dll+0x39805]
C  0x00000000

Java frames: (J=compiled Java code, j=interpreted, Vv=VM code)
j  gnu.io.RXTXPort.open(Ljava/lang/String;)I+0
j  gnu.io.RXTXPort.<init>(Ljava/lang/String;)V+114
j  gnu.io.RXTXCommDriver.getCommPort(Ljava/lang/String;I)Lgnu/io/CommPort;+78
j  gnu.io.CommPortIdentifier.open(Ljava/lang/String;I)Lgnu/io/CommPort;+80
j  com.js.jhjs.jcFrame$SerialTools.openSerialPort(Lgnu/io/CommPortIdentifier;I)Z+5
j  com.js.jhjs.jcFrame.lambda$1(Lcom/js/jhjs/jcFrame$SerialTools;Lgnu/io/CommPortIdentifier;)V+4
j  com.js.jhjs.jcFrame$$Lambda$18.run()V+8
j  java.lang.Thread.run()V+11
v  ~StubRoutines::call_stub

---------------  P R O C E S S  ---------------

Java Threads: ( => current thread )
  0x1540e000 JavaThread "Thread-4" [_thread_in_native, id=13360, stack(0x157d0000,0x15820000)]
  0x14d96800 JavaThread "Thread-3" [_thread_in_native, id=13124, stack(0x159f0000,0x15a40000)]
=>0x153d6400 JavaThread "Thread-6" [_thread_in_native, id=2536, stack(0x15bb0000,0x15c00000)]
  0x1539d400 JavaThread "Thread-1" [_thread_in_native, id=9076, stack(0x16540000,0x16590000)]
  0x15272c00 JavaThread "Image Fetcher 0" daemon [_thread_blocked, id=13396, stack(0x168e0000,0x16930000)]
  0x151d3c00 JavaThread "Abandoned connection cleanup thread" daemon [_thread_blocked, id=1328, stack(0x16190000,0x161e0000)]
  0x00d0dc00 JavaThread "DestroyJavaVM" [_thread_blocked, id=14312, stack(0x00c70000,0x00cc0000)]
  0x1511ec00 JavaThread "AWT-EventQueue-0" [_thread_in_Java, id=10256, stack(0x14f10000,0x14f60000)]
  0x1511cc00 JavaThread "AWT-Windows" daemon [_thread_in_vm, id=13440, stack(0x155a0000,0x155f0000)]
  0x1511c400 JavaThread "AWT-Shutdown" [_thread_blocked, id=9784, stack(0x15690000,0x156e0000)]
  0x15119c00 JavaThread "Java2D Disposer" daemon [_thread_blocked, id=11732, stack(0x01270000,0x012c0000)]
  0x14d0cc00 JavaThread "Service Thread" daemon [_thread_blocked, id=11616, stack(0x15060000,0x150b0000)]
  0x14ce5c00 JavaThread "C1 CompilerThread0" daemon [_thread_blocked, id=8972, stack(0x14fd0000,0x15020000)]
  0x14ce4c00 JavaThread "Attach Listener" daemon [_thread_blocked, id=13876, stack(0x14eb0000,0x14f00000)]
  0x00e0c800 JavaThread "Signal Dispatcher" daemon [_thread_blocked, id=10744, stack(0x01170000,0x011c0000)]
  0x00e02c00 JavaThread "Finalizer" daemon [_thread_blocked, id=14088, stack(0x01210000,0x01260000)]
  0x00dfcc00 JavaThread "Reference Handler" daemon [_thread_blocked, id=13380, stack(0x00ff0000,0x01040000)]

Other Threads:
  0x00df5800 VMThread [stack: 0x01120000,0x01170000] [id=13736]
  0x14d16800 WatcherThread [stack: 0x01330000,0x01380000] [id=12276]

VM state:not at safepoint (normal execution)

VM Mutex/Monitor currently owned by a thread: None

Heap:
 def new generation   total 6976K, used 1157K [0x04800000, 0x04f90000, 0x09d50000)
  eden space 6208K,  16% used [0x04800000, 0x049021f8, 0x04e10000)
  from space 768K,  16% used [0x04ed0000, 0x04eef388, 0x04f90000)
  to   space 768K,   0% used [0x04e10000, 0x04e10000, 0x04ed0000)
 tenured generation   total 15380K, used 14346K [0x09d50000, 0x0ac55000, 0x14800000)
   the space 15380K,  93% used [0x09d50000, 0x0ab52b70, 0x0ab52c00, 0x0ac55000)
 Metaspace       used 8173K, capacity 8400K, committed 8448K, reserved 8576K

Card table byte_map: [0x00f30000,0x00fc0000] byte_map_base: 0x00f0c000

Polling page: 0x00100000

CodeCache: size=32768Kb used=1021Kb max_used=1023Kb free=31746Kb
 bounds [0x027c0000, 0x028c0000, 0x047c0000]
 total_blobs=484 nmethods=246 adapters=169
 compilation: enabled

Compilation events (10 events):
Event: 0.546 Thread 0x14ce5c00  232  s          sun.java2d.loops.GraphicsPrimitive::makeUniqueID (26 bytes)
Event: 0.546 Thread 0x14ce5c00 nmethod 232 0x028bb5c8 code [0x028bb6c0, 0x028bb8a0]
Event: 0.546 Thread 0x14ce5c00  233             sun.java2d.loops.CompositeType::getUniqueID (5 bytes)
Event: 0.546 Thread 0x14ce5c00 nmethod 233 0x028bb988 code [0x028bba80, 0x028bbb00]
Event: 0.546 Thread 0x14ce5c00  234             java.lang.String::lastIndexOf (13 bytes)
Event: 0.546 Thread 0x14ce5c00 nmethod 234 0x028bbb48 code [0x028bbc50, 0x028bbcec]
Event: 0.547 Thread 0x14ce5c00  236             java.net.URL::getHost (5 bytes)
Event: 0.548 Thread 0x14ce5c00 nmethod 236 0x028bbd88 code [0x028bbe80, 0x028bbf00]
Event: 0.549 Thread 0x14ce5c00  237             java.lang.Character::toUpperCase (6 bytes)
Event: 0.550 Thread 0x14ce5c00 nmethod 237 0x028bbf48 code [0x028bc050, 0x028bc0f8]

GC Heap History (8 events):
Event: 0.207 GC heap before
{Heap before GC invocations=0 (full 0):
 def new generation   total 4928K, used 4416K [0x04800000, 0x04d50000, 0x09d50000)
  eden space 4416K, 100% used [0x04800000, 0x04c50000, 0x04c50000)
  from space 512K,   0% used [0x04c50000, 0x04c50000, 0x04cd0000)
  to   space 512K,   0% used [0x04cd0000, 0x04cd0000, 0x04d50000)
 tenured generation   total 10944K, used 0K [0x09d50000, 0x0a800000, 0x14800000)
   the space 10944K,   0% used [0x09d50000, 0x09d50000, 0x09d50200, 0x0a800000)
 Metaspace       used 4306K, capacity 4487K, committed 4608K, reserved 5504K
Event: 0.211 GC heap after
Heap after GC invocations=1 (full 0):
 def new generation   total 4928K, used 512K [0x04800000, 0x04d50000, 0x09d50000)
  eden space 4416K,   0% used [0x04800000, 0x04800000, 0x04c50000)
  from space 512K, 100% used [0x04cd0000, 0x04d50000, 0x04d50000)
  to   space 512K,   0% used [0x04c50000, 0x04c50000, 0x04cd0000)
 tenured generation   total 10944K, used 964K [0x09d50000, 0x0a800000, 0x14800000)
   the space 10944K,   8% used [0x09d50000, 0x09e41388, 0x09e41400, 0x0a800000)
 Metaspace       used 4306K, capacity 4487K, committed 4608K, reserved 5504K
}
Event: 0.303 GC heap before
{Heap before GC invocations=1 (full 0):
 def new generation   total 4928K, used 4853K [0x04800000, 0x04d50000, 0x09d50000)
  eden space 4416K,  98% used [0x04800000, 0x04c3d670, 0x04c50000)
  from space 512K, 100% used [0x04cd0000, 0x04d50000, 0x04d50000)
  to   space 512K,   0% used [0x04c50000, 0x04c50000, 0x04cd0000)
 tenured generation   total 10944K, used 964K [0x09d50000, 0x0a800000, 0x14800000)
   the space 10944K,   8% used [0x09d50000, 0x09e41388, 0x09e41400, 0x0a800000)
 Metaspace       used 5707K, capacity 5897K, committed 6016K, reserved 6528K
Event: 0.307 GC heap after
Heap after GC invocations=2 (full 0):
 def new generation   total 4928K, used 512K [0x04800000, 0x04d50000, 0x09d50000)
  eden space 4416K,   0% used [0x04800000, 0x04800000, 0x04c50000)
  from space 512K, 100% used [0x04c50000, 0x04cd0000, 0x04cd0000)
  to   space 512K,   0% used [0x04cd0000, 0x04cd0000, 0x04d50000)
 tenured generation   total 10944K, used 2636K [0x09d50000, 0x0a800000, 0x14800000)
   the space 10944K,  24% used [0x09d50000, 0x09fe3240, 0x09fe3400, 0x0a800000)
 Metaspace       used 5707K, capacity 5897K, committed 6016K, reserved 6528K
}
Event: 0.442 GC heap before
{Heap before GC invocations=2 (full 0):
 def new generation   total 4928K, used 4927K [0x04800000, 0x04d50000, 0x09d50000)
  eden space 4416K,  99% used [0x04800000, 0x04c4fc98, 0x04c50000)
  from space 512K, 100% used [0x04c50000, 0x04cd0000, 0x04cd0000)
  to   space 512K,   0% used [0x04cd0000, 0x04cd0000, 0x04d50000)
 tenured generation   total 10944K, used 7756K [0x09d50000, 0x0a800000, 0x14800000)
   the space 10944K,  70% used [0x09d50000, 0x0a4e3250, 0x0a4e3400, 0x0a800000)
 Metaspace       used 6811K, capacity 6995K, committed 7040K, reserved 7552K
Event: 0.444 GC heap after
Heap after GC invocations=3 (full 0):
 def new generation   total 4928K, used 512K [0x04800000, 0x04d50000, 0x09d50000)
  eden space 4416K,   0% used [0x04800000, 0x04800000, 0x04c50000)
  from space 512K, 100% used [0x04cd0000, 0x04d50000, 0x04d50000)
  to   space 512K,   0% used [0x04c50000, 0x04c50000, 0x04cd0000)
 tenured generation   total 10944K, used 8369K [0x09d50000, 0x0a800000, 0x14800000)
   the space 10944K,  76% used [0x09d50000, 0x0a57c4e0, 0x0a57c600, 0x0a800000)
 Metaspace       used 6811K, capacity 6995K, committed 7040K, reserved 7552K
}
Event: 0.532 GC heap before
{Heap before GC invocations=3 (full 0):
 def new generation   total 4928K, used 4254K [0x04800000, 0x04d50000, 0x09d50000)
  eden space 4416K,  84% used [0x04800000, 0x04ba7a98, 0x04c50000)
  from space 512K, 100% used [0x04cd0000, 0x04d50000, 0x04d50000)
  to   space 512K,   0% used [0x04c50000, 0x04c50000, 0x04cd0000)
 tenured generation   total 10944K, used 8369K [0x09d50000, 0x0a800000, 0x14800000)
   the space 10944K,  76% used [0x09d50000, 0x0a57c4e0, 0x0a57c600, 0x0a800000)
 Metaspace       used 7883K, capacity 8107K, committed 8192K, reserved 8576K
Event: 0.545 GC heap after
Heap after GC invocations=4 (full 1):
 def new generation   total 6976K, used 0K [0x04800000, 0x04f90000, 0x09d50000)
  eden space 6208K,   0% used [0x04800000, 0x04800000, 0x04e10000)
  from space 768K,   0% used [0x04e10000, 0x04e10000, 0x04ed0000)
  to   space 768K,   0% used [0x04ed0000, 0x04ed0000, 0x04f90000)
 tenured generation   total 15380K, used 9226K [0x09d50000, 0x0ac55000, 0x14800000)
   the space 15380K,  59% used [0x09d50000, 0x0a652b60, 0x0a652c00, 0x0ac55000)
 Metaspace       used 7883K, capacity 8107K, committed 8192K, reserved 8576K
}

Deoptimization events (0 events):
No events

Classes redefined (0 events):
No events

Internal exceptions (10 events):
Event: 0.124 Thread 0x00d0dc00 Exception <a 'java/lang/NoSuchFieldError': method resolution failed> (0x049e9a68) thrown at [C:\workspace\8-2-build-windows-i586-cygwin\jdk8u181\11358\hotspot\src\share\vm\prims\methodHandles.cpp, line 1167]
Event: 0.125 Thread 0x00d0dc00 Exception <a 'java/lang/NoSuchFieldError': method resolution failed> (0x049f5c08) thrown at [C:\workspace\8-2-build-windows-i586-cygwin\jdk8u181\11358\hotspot\src\share\vm\prims\methodHandles.cpp, line 1167]
Event: 0.176 Thread 0x1511ec00 Exception <a 'java/io/FileNotFoundException'> (0x04b10638) thrown at [C:\workspace\8-2-build-windows-i586-cygwin\jdk8u181\11358\hotspot\src\share\vm\prims\jni.cpp, line 709]
Event: 0.471 Thread 0x1511ec00 Exception <a 'java/io/FileNotFoundException'> (0x04ae2430) thrown at [C:\workspace\8-2-build-windows-i586-cygwin\jdk8u181\11358\hotspot\src\share\vm\prims\jni.cpp, line 709]
Event: 0.471 Thread 0x1511ec00 Exception <a 'java/lang/NullPointerException'> (0x04ae2a20) thrown at [C:\workspace\8-2-build-windows-i586-cygwin\jdk8u181\11358\hotspot\src\share\vm\interpreter\linkResolver.cpp, line 1185]
Event: 0.502 Thread 0x1511ec00 Exception <a 'java/io/FileNotFoundException'> (0x04b46668) thrown at [C:\workspace\8-2-build-windows-i586-cygwin\jdk8u181\11358\hotspot\src\share\vm\prims\jni.cpp, line 709]
Event: 0.514 Thread 0x1511ec00 Exception <a 'java/io/FileNotFoundException'> (0x04b5aca8) thrown at [C:\workspace\8-2-build-windows-i586-cygwin\jdk8u181\11358\hotspot\src\share\vm\prims\jni.cpp, line 709]
Event: 0.515 Thread 0x1511ec00 Exception <a 'java/io/FileNotFoundException'> (0x04b69008) thrown at [C:\workspace\8-2-build-windows-i586-cygwin\jdk8u181\11358\hotspot\src\share\vm\prims\jni.cpp, line 709]
Event: 0.528 Thread 0x1511ec00 Exception <a 'java/io/FileNotFoundException'> (0x04b7cfc8) thrown at [C:\workspace\8-2-build-windows-i586-cygwin\jdk8u181\11358\hotspot\src\share\vm\prims\jni.cpp, line 709]
Event: 0.552 Thread 0x15321c00 Exception <a 'gnu/io/PortInUseException': No error in open> (0x04d05488) thrown at [C:\workspace\8-2-build-windows-i586-cygwin\jdk8u181\11358\hotspot\src\share\vm\prims\jni.cpp, line 735]

Events (10 events):
Event: 0.552 loading class java/nio/channels/GatheringByteChannel
Event: 0.552 loading class java/nio/channels/GatheringByteChannel done
Event: 0.552 loading class java/nio/channels/ScatteringByteChannel
Event: 0.552 loading class java/nio/channels/ScatteringByteChannel done
Event: 0.552 loading class java/nio/channels/spi/AbstractInterruptibleChannel
Event: 0.552 loading class com/sun/jna/Native$3
Event: 0.552 loading class com/sun/jna/Native$3 done
Event: 0.552 loading class java/nio/channels/InterruptibleChannel
Event: 0.552 loading class java/nio/channels/InterruptibleChannel done
Event: 0.552 loading class java/nio/channels/spi/AbstractInterruptibleChannel done


Dynamic libraries:
0x01380000 - 0x013b3000 	D:\Program Files (x86)\Java\jre\bin\javaw.exe
0x77960000 - 0x77ae0000 	C:\windows\SysWOW64\ntdll.dll
0x77360000 - 0x77470000 	C:\windows\syswow64\kernel32.dll
0x75130000 - 0x75177000 	C:\windows\syswow64\KERNELBASE.dll
0x75fb0000 - 0x76051000 	C:\windows\syswow64\ADVAPI32.dll
0x76060000 - 0x7610c000 	C:\windows\syswow64\msvcrt.dll
0x76f20000 - 0x76f39000 	C:\windows\SysWOW64\sechost.dll
0x76650000 - 0x76740000 	C:\windows\syswow64\RPCRT4.dll
0x750d0000 - 0x75130000 	C:\windows\syswow64\SspiCli.dll
0x750c0000 - 0x750cc000 	C:\windows\syswow64\CRYPTBASE.dll
0x76dd0000 - 0x76ed0000 	C:\windows\syswow64\USER32.dll
0x77480000 - 0x77510000 	C:\windows\syswow64\GDI32.dll
0x76c30000 - 0x76c3a000 	C:\windows\syswow64\LPK.dll
0x764c0000 - 0x7655d000 	C:\windows\syswow64\USP10.dll
0x70e30000 - 0x70fce000 	C:\windows\WinSxS\x86_microsoft.windows.common-controls_6595b64144ccf1df_6.0.7601.18837_none_41e855142bd5705d\COMCTL32.dll
0x76b30000 - 0x76b87000 	C:\windows\syswow64\SHLWAPI.dll
0x77510000 - 0x77570000 	C:\windows\system32\IMM32.DLL
0x76c40000 - 0x76d0d000 	C:\windows\syswow64\MSCTF.dll
0x74e80000 - 0x74eab000 	C:\windows\SysWOW64\nvinit.dll
0x74ff0000 - 0x74ff9000 	C:\windows\system32\VERSION.dll
0x6bf60000 - 0x6bf66000 	C:\Program Files (x86)\NVIDIA Corporation\CoProcManager\detoured.dll
0x6a7f0000 - 0x6a81a000 	C:\Program Files (x86)\NVIDIA Corporation\CoProcManager\nvd3d9wrap.dll
0x75180000 - 0x7531d000 	C:\windows\syswow64\SETUPAPI.dll
0x76c00000 - 0x76c27000 	C:\windows\syswow64\CFGMGR32.dll
0x771d0000 - 0x77261000 	C:\windows\syswow64\OLEAUT32.dll
0x76f40000 - 0x7709d000 	C:\windows\syswow64\ole32.dll
0x76ed0000 - 0x76ee2000 	C:\windows\syswow64\DEVOBJ.dll
0x6a7a0000 - 0x6a7be000 	C:\Program Files (x86)\NVIDIA Corporation\CoProcManager\nvdxgiwrap.dll
0x785c0000 - 0x7867f000 	D:\Program Files (x86)\Java\jre\bin\msvcr100.dll
0x6ca20000 - 0x6cdf3000 	D:\Program Files (x86)\Java\jre\bin\client\jvm.dll
0x69940000 - 0x69947000 	C:\windows\system32\WSOCK32.dll
0x76600000 - 0x76635000 	C:\windows\syswow64\WS2_32.dll
0x76640000 - 0x76646000 	C:\windows\syswow64\NSI.dll
0x70ce0000 - 0x70d12000 	C:\windows\system32\WINMM.dll
0x77470000 - 0x77475000 	C:\windows\syswow64\PSAPI.DLL
0x73530000 - 0x7353c000 	D:\Program Files (x86)\Java\jre\bin\verify.dll
0x6d3a0000 - 0x6d3c2000 	D:\Program Files (x86)\Java\jre\bin\java.dll
0x50000000 - 0x50014000 	D:\Program Files (x86)\Java\jre\bin\zip.dll
0x75360000 - 0x75fac000 	C:\windows\syswow64\SHELL32.dll
0x76be0000 - 0x76beb000 	C:\windows\syswow64\profapi.dll
0x6c080000 - 0x6c1c7000 	D:\Program Files (x86)\Java\jre\bin\awt.dll
0x693d0000 - 0x69450000 	C:\windows\system32\uxtheme.dll
0x71470000 - 0x71483000 	C:\windows\system32\dwmapi.dll
0x6fb60000 - 0x6fb75000 	D:\Program Files (x86)\Java\jre\bin\net.dll
0x74340000 - 0x7437c000 	C:\windows\system32\mswsock.dll
0x6c200000 - 0x6c206000 	C:\windows\System32\wship6.dll
0x74330000 - 0x74335000 	C:\windows\System32\wshtcpip.dll
0x72260000 - 0x722a4000 	C:\windows\system32\DNSAPI.dll
0x72220000 - 0x72241000 	C:\Program Files (x86)\Bonjour\mdnsNSP.dll
0x74cb0000 - 0x74ccc000 	C:\windows\system32\Iphlpapi.DLL
0x74ca0000 - 0x74ca7000 	C:\windows\system32\WINNSI.DLL
0x721d0000 - 0x721d6000 	C:\windows\system32\rasadhlp.dll
0x00cc0000 - 0x00cf8000 	C:\windows\System32\fwpuclnt.dll
0x19530000 - 0x195f8000 	C:\windows\system32\opengl32.dll
0x00fc0000 - 0x00fe2000 	C:\windows\system32\GLU32.dll
0x70790000 - 0x70877000 	C:\windows\system32\DDRAW.dll
0x73420000 - 0x73426000 	C:\windows\system32\DCIMAN32.dll
0x6faa0000 - 0x6fac6000 	D:\Program Files (x86)\Java\jre\bin\jpeg.dll
0x6ce90000 - 0x6cec9000 	D:\Program Files (x86)\Java\jre\bin\fontmanager.dll
0x00320000 - 0x00332000 	D:\Program Files (x86)\Java\jre\bin\rxtxSerial.dll
0x6c240000 - 0x6c267000 	C:\windows\system32\crtdll.dll
0x6c2c0000 - 0x6c30c000 	C:\windows\system32\apphelp.dll
0x68b30000 - 0x68b3f000 	D:\Program Files (x86)\Java\jre\bin\nio.dll
0x743a0000 - 0x7448b000 	C:\windows\system32\dbghelp.dll
0x6fb80000 - 0x6fbb2000 	D:\Program Files (x86)\Java\jre\bin\t2k.dll
0x74960000 - 0x74977000 	C:\windows\system32\CRYPTSP.dll
0x74920000 - 0x7495b000 	C:\windows\system32\rsaenh.dll
0x76db0000 - 0x76dc7000 	C:\windows\syswow64\USERENV.dll
0x74900000 - 0x74912000 	C:\windows\system32\dhcpcsvc.DLL
0x72200000 - 0x7220d000 	C:\windows\system32\dhcpcsvc6.DLL

VM Arguments:
jvm_args: -Dfile.encoding=GBK 
java_command: com.js.jhjs.MainClass
java_class_path (initial): F:\java2017proj\mainCanteen\bin;E:\opensource\gson-2.8.5.jar;E:\opensource\mysql-connector-java-5.1.39\mysql-connector-java-5.1.39\mysql-connector-java-5.1.39-bin.jar;E:\opensource\jna-3.2.5.jar\jna-3.2.5.jar;E:\opensource\rxtx-2.1-7-bins-r2\RXTXcomm.jar;E:\opensource\httpcomponents-client-4.5.6-bin\httpcomponents-client-4.5.6\lib\commons-codec-1.10.jar;E:\opensource\httpcomponents-client-4.5.6-bin\httpcomponents-client-4.5.6\lib\commons-logging-1.2.jar;E:\opensource\httpcomponents-client-4.5.6-bin\httpcomponents-client-4.5.6\lib\fluent-hc-4.5.6.jar;E:\opensource\httpcomponents-client-4.5.6-bin\httpcomponents-client-4.5.6\lib\httpclient-4.5.6.jar;E:\opensource\httpcomponents-client-4.5.6-bin\httpcomponents-client-4.5.6\lib\httpclient-cache-4.5.6.jar;E:\opensource\httpcomponents-client-4.5.6-bin\httpcomponents-client-4.5.6\lib\httpclient-win-4.5.6.jar;E:\opensource\httpcomponents-client-4.5.6-bin\httpcomponents-client-4.5.6\lib\httpcore-4.4.10.jar;E:\opensource\httpcomponents-client-4.5.6-bin\httpcomponents-client-4.5.6\lib\httpmime-4.5.6.jar;E:\opensource\httpcomponents-client-4.5.6-bin\httpcomponents-client-4.5.6\lib\jna-4.4.0.jar;E:\opensource\httpcomponents-client-4.5.6-bin\httpcomponents-client-4.5.6\lib\jna-platform-4.4.0.jar;E:\opensource\mybatis-3.4.6\mybatis-3.4.6.jar
Launcher Type: SUN_STANDARD

Environment Variables:
JAVA_HOME=D:\Program Files\Java\jdk1.8
CLASSPATH=.;D:\Program Files\Java\jdk1.8\lib\dt.jar;D:\Program Files\Java\jdk1.8\lib\tools.jar;
PATH=C:\Program Files (x86)\Common Files\Oracle\Java\javapath;G:\sdk\tools\lib\monitor-x86_64\jre\bin\javaw.exe;C:\Windows\System32;F:\soui\bin;D:\CTEX\CTeX\ty\bin;D:\CTEX\Ghostscript\gs9.05\bin;D:\CTEX\GSview\gsview;D:\CTEX\WinEdt;D:\Python35;D:\Python35\Scripts;D:\Program Files\Git\cmd;C:\Program Files (x86)\Common Files\Thunder Network\KanKan\Codecs;C:\Users\bonjava\AppData\Local\GitHubDesktop\bin
USERNAME=Administrator
OS=Windows_NT
PROCESSOR_IDENTIFIER=Intel64 Family 6 Model 60 Stepping 3, GenuineIntel



---------------  S Y S T E M  ---------------

OS: Windows 7 , 64 bit Build 7601 (6.1.7601.24214)

CPU:total 8 (initial active 8) (4 cores per cpu, 2 threads per core) family 6 model 60 stepping 3, cmov, cx8, fxsr, mmx, sse, sse2, sse3, ssse3, sse4.1, sse4.2, popcnt, avx, avx2, aes, clmul, erms, lzcnt, ht, tsc, tscinvbit, bmi1, bmi2

Memory: 4k page, physical 16663584k(9872656k free), swap 17710260k(10589936k free)

vm_info: Java HotSpot(TM) Client VM (25.181-b13) for windows-x86 JRE (1.8.0_181-b13), built on Jul  7 2018 03:18:20 by "java_re" with MS VC++ 10.0 (VS2010)

time: Mon Aug 27 15:05:09 2018
elapsed time: 0 seconds (0d 0h 0m 0s)

