#
# A fatal error has been detected by the Java Runtime Environment:
#
#  EXCEPTION_ACCESS_VIOLATION (0xc0000005) at pc=0x00dc2c2f, pid=9988, tid=0x00002fb8
#
# JRE version: Java(TM) SE Runtime Environment (8.0_181-b13) (build 1.8.0_181-b13)
# Java VM: Java HotSpot(TM) Client VM (25.181-b13 mixed mode windows-x86 )
# Problematic frame:
# C  [rxtxSerial.dll+0x2c2f]
#
# Failed to write core dump. Minidumps are not enabled by default on client versions of Windows
#
# If you would like to submit a bug report, please visit:
#   http://bugreport.java.com/bugreport/crash.jsp
# The crash happened outside the Java Virtual Machine in native code.
# See problematic frame for where to report the bug.
#

---------------  T H R E A D  ---------------

Current thread (0x1539d400):  JavaThread "Thread-6" [_thread_in_native, id=12216, stack(0x15dd0000,0x15e20000)]

siginfo: ExceptionCode=0xc0000005, reading address 0x000000bc

Registers:
EAX=0x00000000, EBX=0x614bb910, ECX=0x00000000, EDX=0x004a9ec0
ESP=0x15e1f170, EBP=0x15e1f188, ESI=0x15cbc738, EDI=0x1539d400
EIP=0x00dc2c2f, EFLAGS=0x00010206

Top of Stack: (sp=0x15e1f170)
0x15e1f170:   15cbb900 1539d400 15e1f210 15e1f1cc
0x15e1f180:   004a9ec0 00000000 15e1f238 00dc30c0
0x15e1f190:   15241308 00c57b90 15cbc1c8 15cbb900
0x15e1f1a0:   1539d400 0000000b 0000001d 00000002
0x15e1f1b0:   15e1f1e4 613e7273 1539d400 e6d89b1e
0x15e1f1c0:   00000000 1539d400 00000000 15e1f1bc
0x15e1f1d0:   00000000 00000000 00000000 00000000
0x15e1f1e0:   fffffffe 00000022 ffffffff 15241308 

Instructions: (pc=0x00dc2c2f)
0x00dc2c0f:   d0 dc 00 00 75 17 8b 45 f8 c7 80 c0 00 00 00 00
0x00dc2c1f:   00 00 00 8b 45 f8 a3 00 d0 dc 00 eb 78 8b 45 fc
0x00dc2c2f:   83 b8 bc 00 00 00 00 75 04 eb 12 89 f6 8b 45 fc
0x00dc2c3f:   8b 90 bc 00 00 00 89 55 fc eb e2 89 f6 8b 45 f8 


Register to memory mapping:

EAX=0x00000000 is an unknown value
EBX=0x614bb910 is an unknown value
ECX=0x00000000 is an unknown value
EDX=0x004a9ec0 is an unknown value
ESP=0x15e1f170 is pointing into the stack for thread: 0x1539d400
EBP=0x15e1f188 is pointing into the stack for thread: 0x1539d400
ESI=0x15cbc738 is pointing into metadata
EDI=0x1539d400 is a thread


Stack: [0x15dd0000,0x15e20000],  sp=0x15e1f170,  free space=316k
Native frames: (J=compiled Java code, j=interpreted, Vv=VM code, C=native code)
C  [rxtxSerial.dll+0x2c2f]
C  [rxtxSerial.dll+0x30c0]
C  [rxtxSerial.dll+0x6988]
j  gnu.io.RXTXPort.open(Ljava/lang/String;)I+0
j  gnu.io.RXTXPort.<init>(Ljava/lang/String;)V+114
j  gnu.io.RXTXCommDriver.getCommPort(Ljava/lang/String;I)Lgnu/io/CommPort;+78
j  gnu.io.CommPortIdentifier.open(Ljava/lang/String;I)Lgnu/io/CommPort;+80
j  com.js.jhjs.wmFrame$SerialTools.openSerialPort(Lgnu/io/CommPortIdentifier;I)Z+5
j  com.js.jhjs.wmFrame.lambda$1(Lcom/js/jhjs/wmFrame$SerialTools;Lgnu/io/CommPortIdentifier;)V+4
j  com.js.jhjs.wmFrame$$Lambda$29.run()V+8
j  java.lang.Thread.run()V+11
v  ~StubRoutines::call_stub
V  [jvm.dll+0x15c065]
V  [jvm.dll+0x223ade]
V  [jvm.dll+0x15c0fe]
V  [jvm.dll+0x15c286]
V  [jvm.dll+0x15c2f7]
V  [jvm.dll+0x10016f]
V  [jvm.dll+0x17f280]
V  [jvm.dll+0x17fafa]
V  [jvm.dll+0x1c5416]
C  [msvcr100.dll+0x5c556]
C  [msvcr100.dll+0x5c600]
C  [kernel32.dll+0x1343d]
C  [ntdll.dll+0x39832]
C  [ntdll.dll+0x39805]
C  0x00000000

Java frames: (J=compiled Java code, j=interpreted, Vv=VM code)
j  gnu.io.RXTXPort.open(Ljava/lang/String;)I+0
j  gnu.io.RXTXPort.<init>(Ljava/lang/String;)V+114
j  gnu.io.RXTXCommDriver.getCommPort(Ljava/lang/String;I)Lgnu/io/CommPort;+78
j  gnu.io.CommPortIdentifier.open(Ljava/lang/String;I)Lgnu/io/CommPort;+80
j  com.js.jhjs.wmFrame$SerialTools.openSerialPort(Lgnu/io/CommPortIdentifier;I)Z+5
j  com.js.jhjs.wmFrame.lambda$1(Lcom/js/jhjs/wmFrame$SerialTools;Lgnu/io/CommPortIdentifier;)V+4
j  com.js.jhjs.wmFrame$$Lambda$29.run()V+8
j  java.lang.Thread.run()V+11
v  ~StubRoutines::call_stub

---------------  P R O C E S S  ---------------

Java Threads: ( => current thread )
  0x15403800 JavaThread "Unknown thread" [_thread_in_native, id=11048, stack(0x16730000,0x16780000)]
  0x15403000 JavaThread "Unknown thread" [_thread_blocked, id=4524, stack(0x165f0000,0x16640000)]
  0x1539d800 JavaThread "Unknown thread" [_thread_blocked, id=9804, stack(0x15ea0000,0x15ef0000)]
=>0x1539d400 JavaThread "Unknown thread" [_thread_in_native, id=12216, stack(0x15dd0000,0x15e20000)]
  0x152c4000 JavaThread "Unknown thread" [_thread_in_native, id=8840, stack(0x15c60000,0x15cb0000)]
  0x152c5400 JavaThread "Image Fetcher 0" daemon [_thread_blocked, id=12008, stack(0x15a20000,0x15a70000)]
  0x1519e800 JavaThread "Abandoned connection cleanup thread" daemon [_thread_blocked, id=10900, stack(0x162e0000,0x16330000)]
  0x00d5dc00 JavaThread "DestroyJavaVM" [_thread_blocked, id=8336, stack(0x00de0000,0x00e30000)]
  0x14e30400 JavaThread "AWT-EventQueue-0" [_thread_blocked, id=10572, stack(0x15670000,0x156c0000)]
  0x14e2e400 JavaThread "AWT-Windows" daemon [_thread_in_native, id=11772, stack(0x15550000,0x155a0000)]
  0x14e2d800 JavaThread "AWT-Shutdown" [_thread_blocked, id=13400, stack(0x14f20000,0x14f70000)]
  0x14e2ac00 JavaThread "Java2D Disposer" daemon [_thread_blocked, id=12984, stack(0x15610000,0x15660000)]
  0x14cecc00 JavaThread "Service Thread" daemon [_thread_blocked, id=13440, stack(0x14fc0000,0x15010000)]
  0x14cc5c00 JavaThread "C1 CompilerThread0" daemon [_thread_blocked, id=6220, stack(0x14be0000,0x14c30000)]
  0x14cc4c00 JavaThread "Attach Listener" daemon [_thread_blocked, id=11044, stack(0x14b90000,0x14be0000)]
  0x00cfc800 JavaThread "Signal Dispatcher" daemon [_thread_blocked, id=13524, stack(0x01080000,0x010d0000)]
  0x00cf2c00 JavaThread "Finalizer" daemon [_thread_blocked, id=13800, stack(0x00f60000,0x00fb0000)]
  0x00cecc00 JavaThread "Reference Handler" daemon [_thread_blocked, id=11128, stack(0x00fe0000,0x01030000)]

Other Threads:
  0x00ce5800 VMThread [stack: 0x01030000,0x01080000] [id=10604]
  0x14cf6800 WatcherThread [stack: 0x14b30000,0x14b80000] [id=14120]

VM state:at safepoint (normal execution)

VM Mutex/Monitor currently owned by a thread:  ([mutex/lock_event])
[0x00d5b8a0] Threads_lock - owner thread: 0x00ce5800
[0x00d5bcb0] Heap_lock - owner thread: 0x14e30400

Heap:
 def new generation   total 4928K, used 445K [0x04600000, 0x04b50000, 0x09b50000)
  eden space 4416K,   0% used [0x04600000, 0x04600000, 0x04a50000)
  from space 512K,  86% used [0x04a50000, 0x04abf4c8, 0x04ad0000)
  to   space 512K,   0% used [0x04ad0000, 0x04ad0000, 0x04b50000)
 tenured generation   total 10944K, used 9387K [0x09b50000, 0x0a600000, 0x14600000)
   the space 10944K,  85% used [0x09b50000, 0x0a47add8, 0x0a47ae00, 0x0a600000)
 Metaspace       used 8643K, capacity 8878K, committed 8960K, reserved 9600K

Card table byte_map: [0x00350000,0x003e0000] byte_map_base: 0x0032d000

Polling page: 0x000f0000

CodeCache: size=32768Kb used=1018Kb max_used=1018Kb free=31749Kb
 bounds [0x02520000, 0x02620000, 0x04520000]
 total_blobs=478 nmethods=245 adapters=164
 compilation: enabled

Compilation events (10 events):
Event: 0.565 Thread 0x14cc5c00 nmethod 240 0x0261c388 code [0x0261c5a0, 0x0261cecc]
Event: 0.566 Thread 0x14cc5c00  242             java.lang.String::lastIndexOf (13 bytes)
Event: 0.566 Thread 0x14cc5c00 nmethod 242 0x0261da88 code [0x0261db90, 0x0261dc2c]
Event: 0.568 Thread 0x14cc5c00  243             java.net.URL::getHost (5 bytes)
Event: 0.568 Thread 0x14cc5c00 nmethod 243 0x0261df48 code [0x0261e040, 0x0261e0c0]
Event: 0.569 Thread 0x14cc5c00  244             java.lang.Character::toUpperCase (6 bytes)
Event: 0.569 Thread 0x14cc5c00 nmethod 244 0x0261e108 code [0x0261e210, 0x0261e2b8]
Event: 0.569 Thread 0x14cc5c00  245             java.lang.Class::getClassLoader0 (5 bytes)
Event: 0.569 Thread 0x14cc5c00 nmethod 245 0x0261e348 code [0x0261e440, 0x0261e4c0]
Event: 0.569 Thread 0x14cc5c00  246             jdk.internal.org.objectweb.asm.ByteVector::put12 (64 bytes)

GC Heap History (6 events):
Event: 0.217 GC heap before
{Heap before GC invocations=0 (full 0):
 def new generation   total 4928K, used 4416K [0x04600000, 0x04b50000, 0x09b50000)
  eden space 4416K, 100% used [0x04600000, 0x04a50000, 0x04a50000)
  from space 512K,   0% used [0x04a50000, 0x04a50000, 0x04ad0000)
  to   space 512K,   0% used [0x04ad0000, 0x04ad0000, 0x04b50000)
 tenured generation   total 10944K, used 0K [0x09b50000, 0x0a600000, 0x14600000)
   the space 10944K,   0% used [0x09b50000, 0x09b50000, 0x09b50200, 0x0a600000)
 Metaspace       used 4353K, capacity 4519K, committed 4608K, reserved 5504K
Event: 0.222 GC heap after
Heap after GC invocations=1 (full 0):
 def new generation   total 4928K, used 512K [0x04600000, 0x04b50000, 0x09b50000)
  eden space 4416K,   0% used [0x04600000, 0x04600000, 0x04a50000)
  from space 512K, 100% used [0x04ad0000, 0x04b50000, 0x04b50000)
  to   space 512K,   0% used [0x04a50000, 0x04a50000, 0x04ad0000)
 tenured generation   total 10944K, used 959K [0x09b50000, 0x0a600000, 0x14600000)
   the space 10944K,   8% used [0x09b50000, 0x09c3fec8, 0x09c40000, 0x0a600000)
 Metaspace       used 4353K, capacity 4519K, committed 4608K, reserved 5504K
}
Event: 0.318 GC heap before
{Heap before GC invocations=1 (full 0):
 def new generation   total 4928K, used 4846K [0x04600000, 0x04b50000, 0x09b50000)
  eden space 4416K,  98% used [0x04600000, 0x04a3b810, 0x04a50000)
  from space 512K, 100% used [0x04ad0000, 0x04b50000, 0x04b50000)
  to   space 512K,   0% used [0x04a50000, 0x04a50000, 0x04ad0000)
 tenured generation   total 10944K, used 959K [0x09b50000, 0x0a600000, 0x14600000)
   the space 10944K,   8% used [0x09b50000, 0x09c3fec8, 0x09c40000, 0x0a600000)
 Metaspace       used 5751K, capacity 5929K, committed 6016K, reserved 6528K
Event: 0.322 GC heap after
Heap after GC invocations=2 (full 0):
 def new generation   total 4928K, used 512K [0x04600000, 0x04b50000, 0x09b50000)
  eden space 4416K,   0% used [0x04600000, 0x04600000, 0x04a50000)
  from space 512K, 100% used [0x04a50000, 0x04ad0000, 0x04ad0000)
  to   space 512K,   0% used [0x04ad0000, 0x04ad0000, 0x04b50000)
 tenured generation   total 10944K, used 2631K [0x09b50000, 0x0a600000, 0x14600000)
   the space 10944K,  24% used [0x09b50000, 0x09de1cf0, 0x09de1e00, 0x0a600000)
 Metaspace       used 5751K, capacity 5929K, committed 6016K, reserved 6528K
}
Event: 0.472 GC heap before
{Heap before GC invocations=2 (full 0):
 def new generation   total 4928K, used 4928K [0x04600000, 0x04b50000, 0x09b50000)
  eden space 4416K, 100% used [0x04600000, 0x04a50000, 0x04a50000)
  from space 512K, 100% used [0x04a50000, 0x04ad0000, 0x04ad0000)
  to   space 512K,   0% used [0x04ad0000, 0x04ad0000, 0x04b50000)
 tenured generation   total 10944K, used 7751K [0x09b50000, 0x0a600000, 0x14600000)
   the space 10944K,  70% used [0x09b50000, 0x0a2e1d00, 0x0a2e1e00, 0x0a600000)
 Metaspace       used 7442K, capacity 7636K, committed 7680K, reserved 8576K
Event: 0.475 GC heap after
Heap after GC invocations=3 (full 0):
 def new generation   total 4928K, used 512K [0x04600000, 0x04b50000, 0x09b50000)
  eden space 4416K,   0% used [0x04600000, 0x04600000, 0x04a50000)
  from space 512K, 100% used [0x04ad0000, 0x04b50000, 0x04b50000)
  to   space 512K,   0% used [0x04a50000, 0x04a50000, 0x04ad0000)
 tenured generation   total 10944K, used 8445K [0x09b50000, 0x0a600000, 0x14600000)
   the space 10944K,  77% used [0x09b50000, 0x0a38f4a8, 0x0a38f600, 0x0a600000)
 Metaspace       used 7442K, capacity 7636K, committed 7680K, reserved 8576K
}

Deoptimization events (0 events):
No events

Classes redefined (0 events):
No events

Internal exceptions (10 events):
Event: 0.105 Thread 0x00d5dc00 Exception <a 'java/io/FileNotFoundException'> (0x0472bcd0) thrown at [C:\workspace\8-2-build-windows-i586-cygwin\jdk8u181\11358\hotspot\src\share\vm\prims\jni.cpp, line 709]
Event: 0.130 Thread 0x00d5dc00 Exception <a 'java/lang/NoSuchFieldError': method resolution failed> (0x047e9a68) thrown at [C:\workspace\8-2-build-windows-i586-cygwin\jdk8u181\11358\hotspot\src\share\vm\prims\methodHandles.cpp, line 1167]
Event: 0.131 Thread 0x00d5dc00 Exception <a 'java/lang/NoSuchFieldError': method resolution failed> (0x047f5c08) thrown at [C:\workspace\8-2-build-windows-i586-cygwin\jdk8u181\11358\hotspot\src\share\vm\prims\methodHandles.cpp, line 1167]
Event: 0.186 Thread 0x14e30400 Exception <a 'java/io/FileNotFoundException'> (0x049106e0) thrown at [C:\workspace\8-2-build-windows-i586-cygwin\jdk8u181\11358\hotspot\src\share\vm\prims\jni.cpp, line 709]
Event: 0.501 Thread 0x14e30400 Exception <a 'java/io/FileNotFoundException'> (0x049114a0) thrown at [C:\workspace\8-2-build-windows-i586-cygwin\jdk8u181\11358\hotspot\src\share\vm\prims\jni.cpp, line 709]
Event: 0.501 Thread 0x14e30400 Exception <a 'java/lang/NullPointerException'> (0x04911a90) thrown at [C:\workspace\8-2-build-windows-i586-cygwin\jdk8u181\11358\hotspot\src\share\vm\interpreter\linkResolver.cpp, line 1185]
Event: 0.539 Thread 0x14e30400 Exception <a 'java/io/FileNotFoundException'> (0x04979c10) thrown at [C:\workspace\8-2-build-windows-i586-cygwin\jdk8u181\11358\hotspot\src\share\vm\prims\jni.cpp, line 709]
Event: 0.551 Thread 0x14e30400 Exception <a 'java/io/FileNotFoundException'> (0x0498e268) thrown at [C:\workspace\8-2-build-windows-i586-cygwin\jdk8u181\11358\hotspot\src\share\vm\prims\jni.cpp, line 709]
Event: 0.552 Thread 0x14e30400 Exception <a 'java/io/FileNotFoundException'> (0x0499c5c0) thrown at [C:\workspace\8-2-build-windows-i586-cygwin\jdk8u181\11358\hotspot\src\share\vm\prims\jni.cpp, line 709]
Event: 0.563 Thread 0x14e30400 Exception <a 'java/io/FileNotFoundException'> (0x049b0580) thrown at [C:\workspace\8-2-build-windows-i586-cygwin\jdk8u181\11358\hotspot\src\share\vm\prims\jni.cpp, line 709]

Events (10 events):
Event: 0.568 loading class com/sun/jna/Library done
Event: 0.568 loading class sun/net/www/protocol/http/HttpURLConnection done
Event: 0.568 loading class gnu/io/Zystem
Event: 0.568 loading class gnu/io/Zystem done
Event: 0.568 loading class com/sun/jna/Native
Event: 0.568 loading class com/sun/jna/Native done
Event: 0.568 loading class gnu/io/UnSupportedLoggerException
Event: 0.568 loading class gnu/io/UnSupportedLoggerException done
Event: 0.569 loading class sun/security/action/GetIntegerAction
Event: 0.569 loading class sun/security/action/GetIntegerAction done


Dynamic libraries:
0x010e0000 - 0x01113000 	D:\Program Files (x86)\Java\jre\bin\javaw.exe
0x77b00000 - 0x77c80000 	C:\windows\SysWOW64\ntdll.dll
0x76fb0000 - 0x770c0000 	C:\windows\syswow64\kernel32.dll
0x76ac0000 - 0x76b07000 	C:\windows\syswow64\KERNELBASE.dll
0x76620000 - 0x766c1000 	C:\windows\syswow64\ADVAPI32.dll
0x77670000 - 0x7771c000 	C:\windows\syswow64\msvcrt.dll
0x76f90000 - 0x76fa9000 	C:\windows\SysWOW64\sechost.dll
0x772a0000 - 0x77390000 	C:\windows\syswow64\RPCRT4.dll
0x75270000 - 0x752d0000 	C:\windows\syswow64\SspiCli.dll
0x75260000 - 0x7526c000 	C:\windows\syswow64\CRYPTBASE.dll
0x774f0000 - 0x775f0000 	C:\windows\syswow64\USER32.dll
0x76c20000 - 0x76cb0000 	C:\windows\syswow64\GDI32.dll
0x760b0000 - 0x760ba000 	C:\windows\syswow64\LPK.dll
0x770e0000 - 0x7717d000 	C:\windows\syswow64\USP10.dll
0x70f90000 - 0x7112e000 	C:\windows\WinSxS\x86_microsoft.windows.common-controls_6595b64144ccf1df_6.0.7601.18837_none_41e855142bd5705d\COMCTL32.dll
0x76050000 - 0x760a7000 	C:\windows\syswow64\SHLWAPI.dll
0x760c0000 - 0x76120000 	C:\windows\system32\IMM32.DLL
0x76120000 - 0x761ed000 	C:\windows\syswow64\MSCTF.dll
0x75020000 - 0x7504b000 	C:\windows\SysWOW64\nvinit.dll
0x75190000 - 0x75199000 	C:\windows\system32\VERSION.dll
0x71d50000 - 0x71d56000 	C:\Program Files (x86)\NVIDIA Corporation\CoProcManager\detoured.dll
0x70de0000 - 0x70e0a000 	C:\Program Files (x86)\NVIDIA Corporation\CoProcManager\nvd3d9wrap.dll
0x766d0000 - 0x7686d000 	C:\windows\syswow64\SETUPAPI.dll
0x77640000 - 0x77667000 	C:\windows\syswow64\CFGMGR32.dll
0x76d80000 - 0x76e11000 	C:\windows\syswow64\OLEAUT32.dll
0x77390000 - 0x774ed000 	C:\windows\syswow64\ole32.dll
0x76cb0000 - 0x76cc2000 	C:\windows\syswow64\DEVOBJ.dll
0x68680000 - 0x6869e000 	C:\Program Files (x86)\NVIDIA Corporation\CoProcManager\nvdxgiwrap.dll
0x617c0000 - 0x6187f000 	D:\Program Files (x86)\Java\jre\bin\msvcr100.dll
0x613e0000 - 0x617b3000 	D:\Program Files (x86)\Java\jre\bin\client\jvm.dll
0x6a5d0000 - 0x6a5d7000 	C:\windows\system32\WSOCK32.dll
0x76b10000 - 0x76b45000 	C:\windows\syswow64\WS2_32.dll
0x76610000 - 0x76616000 	C:\windows\syswow64\NSI.dll
0x70d90000 - 0x70dc2000 	C:\windows\system32\WINMM.dll
0x76d60000 - 0x76d65000 	C:\windows\syswow64\PSAPI.DLL
0x63f20000 - 0x63f2c000 	D:\Program Files (x86)\Java\jre\bin\verify.dll
0x61910000 - 0x61932000 	D:\Program Files (x86)\Java\jre\bin\java.dll
0x618f0000 - 0x61904000 	D:\Program Files (x86)\Java\jre\bin\zip.dll
0x752d0000 - 0x75f1c000 	C:\windows\syswow64\SHELL32.dll
0x77630000 - 0x7763b000 	C:\windows\syswow64\profapi.dll
0x61290000 - 0x613d7000 	D:\Program Files (x86)\Java\jre\bin\awt.dll
0x68490000 - 0x68510000 	C:\windows\system32\uxtheme.dll
0x68470000 - 0x68483000 	C:\windows\system32\dwmapi.dll
0x618d0000 - 0x618e5000 	D:\Program Files (x86)\Java\jre\bin\net.dll
0x74a60000 - 0x74a9c000 	C:\windows\system32\mswsock.dll
0x6c010000 - 0x6c016000 	C:\windows\System32\wship6.dll
0x74b00000 - 0x74b05000 	C:\windows\System32\wshtcpip.dll
0x723d0000 - 0x72414000 	C:\windows\system32\DNSAPI.dll
0x72390000 - 0x723b1000 	C:\Program Files (x86)\Bonjour\mdnsNSP.dll
0x74e50000 - 0x74e6c000 	C:\windows\system32\Iphlpapi.DLL
0x74e40000 - 0x74e47000 	C:\windows\system32\WINNSI.DLL
0x72460000 - 0x72466000 	C:\windows\system32\rasadhlp.dll
0x6bfd0000 - 0x6c008000 	C:\windows\System32\fwpuclnt.dll
0x548e0000 - 0x549a8000 	C:\windows\system32\opengl32.dll
0x5a920000 - 0x5a942000 	C:\windows\system32\GLU32.dll
0x55560000 - 0x55647000 	C:\windows\system32\DDRAW.dll
0x66be0000 - 0x66be6000 	C:\windows\system32\DCIMAN32.dll
0x618a0000 - 0x618c6000 	D:\Program Files (x86)\Java\jre\bin\jpeg.dll
0x61250000 - 0x61289000 	D:\Program Files (x86)\Java\jre\bin\fontmanager.dll
0x00dc0000 - 0x00dd2000 	D:\Program Files (x86)\Java\jre\bin\rxtxSerial.dll
0x6c240000 - 0x6c267000 	C:\windows\system32\crtdll.dll
0x6c050000 - 0x6c09c000 	C:\windows\system32\apphelp.dll
0x744f0000 - 0x745db000 	C:\windows\system32\dbghelp.dll
0x74b30000 - 0x74b47000 	C:\windows\system32\CRYPTSP.dll
0x74aa0000 - 0x74adb000 	C:\windows\system32\rsaenh.dll
0x770c0000 - 0x770d7000 	C:\windows\syswow64\USERENV.dll

VM Arguments:
jvm_args: -Dfile.encoding=GBK 
java_command: com.js.jhjs.MainClass
java_class_path (initial): F:\java2017proj\mainCanteen\bin;E:\opensource\gson-2.8.5.jar;E:\opensource\mysql-connector-java-5.1.39\mysql-connector-java-5.1.39\mysql-connector-java-5.1.39-bin.jar;E:\opensource\jna-3.2.5.jar\jna-3.2.5.jar;E:\opensource\rxtx-2.1-7-bins-r2\RXTXcomm.jar;E:\opensource\httpcomponents-client-4.5.6-bin\httpcomponents-client-4.5.6\lib\commons-codec-1.10.jar;E:\opensource\httpcomponents-client-4.5.6-bin\httpcomponents-client-4.5.6\lib\commons-logging-1.2.jar;E:\opensource\httpcomponents-client-4.5.6-bin\httpcomponents-client-4.5.6\lib\fluent-hc-4.5.6.jar;E:\opensource\httpcomponents-client-4.5.6-bin\httpcomponents-client-4.5.6\lib\httpclient-4.5.6.jar;E:\opensource\httpcomponents-client-4.5.6-bin\httpcomponents-client-4.5.6\lib\httpclient-cache-4.5.6.jar;E:\opensource\httpcomponents-client-4.5.6-bin\httpcomponents-client-4.5.6\lib\httpclient-win-4.5.6.jar;E:\opensource\httpcomponents-client-4.5.6-bin\httpcomponents-client-4.5.6\lib\httpcore-4.4.10.jar;E:\opensource\httpcomponents-client-4.5.6-bin\httpcomponents-client-4.5.6\lib\httpmime-4.5.6.jar;E:\opensource\httpcomponents-client-4.5.6-bin\httpcomponents-client-4.5.6\lib\jna-4.4.0.jar;E:\opensource\httpcomponents-client-4.5.6-bin\httpcomponents-client-4.5.6\lib\jna-platform-4.4.0.jar;E:\opensource\mybatis-3.4.6\mybatis-3.4.6.jar
Launcher Type: SUN_STANDARD

Environment Variables:
JAVA_HOME=D:\Program Files\Java\jdk1.8
CLASSPATH=.;D:\Program Files\Java\jdk1.8\lib\dt.jar;D:\Program Files\Java\jdk1.8\lib\tools.jar;
PATH=C:\Program Files (x86)\Common Files\Oracle\Java\javapath;G:\sdk\tools\lib\monitor-x86_64\jre\bin\javaw.exe;C:\Windows\System32;F:\soui\bin;D:\CTEX\CTeX\ty\bin;D:\CTEX\Ghostscript\gs9.05\bin;D:\CTEX\GSview\gsview;D:\CTEX\WinEdt;D:\Python35;D:\Python35\Scripts;D:\Program Files\Git\cmd;C:\Program Files (x86)\Common Files\Thunder Network\KanKan\Codecs;C:\Users\bonjava\AppData\Local\GitHubDesktop\bin
USERNAME=Administrator
OS=Windows_NT
PROCESSOR_IDENTIFIER=Intel64 Family 6 Model 60 Stepping 3, GenuineIntel



---------------  S Y S T E M  ---------------

OS: Windows 7 , 64 bit Build 7601 (6.1.7601.24214)

CPU:total 8 (initial active 8) (4 cores per cpu, 2 threads per core) family 6 model 60 stepping 3, cmov, cx8, fxsr, mmx, sse, sse2, sse3, ssse3, sse4.1, sse4.2, popcnt, avx, avx2, aes, clmul, erms, lzcnt, ht, tsc, tscinvbit, bmi1, bmi2

Memory: 4k page, physical 16663584k(9439232k free), swap 17710260k(9844236k free)

vm_info: Java HotSpot(TM) Client VM (25.181-b13) for windows-x86 JRE (1.8.0_181-b13), built on Jul  7 2018 03:18:20 by "java_re" with MS VC++ 10.0 (VS2010)

time: Tue Aug 28 21:15:32 2018
elapsed time: 0 seconds (0d 0h 0m 0s)

