#
# A fatal error has been detected by the Java Runtime Environment:
#
#  EXCEPTION_ACCESS_VIOLATION (0xc0000005) at pc=0x00672c2f, pid=9668, tid=0x0000289c
#
# JRE version: Java(TM) SE Runtime Environment (8.0_181-b13) (build 1.8.0_181-b13)
# Java VM: Java HotSpot(TM) Client VM (25.181-b13 mixed mode windows-x86 )
# Problematic frame:
# C  [rxtxSerial.dll+0x2c2f]
#
# Failed to write core dump. Minidumps are not enabled by default on client versions of Windows
#
# If you would like to submit a bug report, please visit:
#   http://bugreport.java.com/bugreport/crash.jsp
# The crash happened outside the Java Virtual Machine in native code.
# See problematic frame for where to report the bug.
#

---------------  T H R E A D  ---------------

Current thread (0x154f2400):  JavaThread "pool-1-thread-4" [_thread_in_native, id=10396, stack(0x15d20000,0x15d70000)]

siginfo: ExceptionCode=0xc0000005, reading address 0x000000bc

Registers:
EAX=0x00000000, EBX=0x5e8bb910, ECX=0x00000000, EDX=0x0071e0e0
ESP=0x15d6f070, EBP=0x15d6f088, ESI=0x168bdf38, EDI=0x154f2400
EIP=0x00672c2f, EFLAGS=0x00010206

Top of Stack: (sp=0x15d6f070)
0x15d6f070:   168bd100 154f2400 15d6f110 15d6f0cc
0x15d6f080:   0071e0e0 00000000 15d6f138 006730c0
0x15d6f090:   154f0e78 00c773e8 168bd9c8 168bd100
0x15d6f0a0:   154f2400 0000000b 0000001d 00000002
0x15d6f0b0:   15d6f0e4 5e7e7273 154f2400 097458fb
0x15d6f0c0:   00000000 154f2400 00000000 15d6f0bc
0x15d6f0d0:   00000000 00000000 00000000 00000000
0x15d6f0e0:   fffffffe 00000022 ffffffff 154f0e78 

Instructions: (pc=0x00672c2f)
0x00672c0f:   d0 67 00 00 75 17 8b 45 f8 c7 80 c0 00 00 00 00
0x00672c1f:   00 00 00 8b 45 f8 a3 00 d0 67 00 eb 78 8b 45 fc
0x00672c2f:   83 b8 bc 00 00 00 00 75 04 eb 12 89 f6 8b 45 fc
0x00672c3f:   8b 90 bc 00 00 00 89 55 fc eb e2 89 f6 8b 45 f8 


Register to memory mapping:

EAX=0x00000000 is an unknown value
EBX=0x5e8bb910 is an unknown value
ECX=0x00000000 is an unknown value
EDX=0x0071e0e0 is an unknown value
ESP=0x15d6f070 is pointing into the stack for thread: 0x154f2400
EBP=0x15d6f088 is pointing into the stack for thread: 0x154f2400
ESI=0x168bdf38 is pointing into metadata
EDI=0x154f2400 is a thread


Stack: [0x15d20000,0x15d70000],  sp=0x15d6f070,  free space=316k
Native frames: (J=compiled Java code, j=interpreted, Vv=VM code, C=native code)
C  [rxtxSerial.dll+0x2c2f]
C  [rxtxSerial.dll+0x30c0]
C  [rxtxSerial.dll+0x6988]
j  gnu.io.RXTXPort.open(Ljava/lang/String;)I+0
j  gnu.io.RXTXPort.<init>(Ljava/lang/String;)V+114
j  gnu.io.RXTXCommDriver.getCommPort(Ljava/lang/String;I)Lgnu/io/CommPort;+78
j  gnu.io.CommPortIdentifier.open(Ljava/lang/String;I)Lgnu/io/CommPort;+80
j  com.js.jhjs.wmFrame$SerialTools.openSerialPort(Lgnu/io/CommPortIdentifier;I)Z+5
j  com.js.jhjs.wmFrame.lambda$1(Lgnu/io/CommPortIdentifier;)V+19
j  com.js.jhjs.wmFrame$$Lambda$30.run()V+8
j  java.util.concurrent.ThreadPoolExecutor.runWorker(Ljava/util/concurrent/ThreadPoolExecutor$Worker;)V+95
j  java.util.concurrent.ThreadPoolExecutor$Worker.run()V+5
j  java.lang.Thread.run()V+11
v  ~StubRoutines::call_stub
V  [jvm.dll+0x15c065]
V  [jvm.dll+0x223ade]
V  [jvm.dll+0x15c0fe]
V  [jvm.dll+0x15c286]
V  [jvm.dll+0x15c2f7]
V  [jvm.dll+0x10016f]
V  [jvm.dll+0x17f280]
V  [jvm.dll+0x17fafa]
V  [jvm.dll+0x1c5416]
C  [msvcr100.dll+0x5c556]
C  [msvcr100.dll+0x5c600]
C  [kernel32.dll+0x1343d]
C  [ntdll.dll+0x39832]
C  [ntdll.dll+0x39805]
C  0x00000000

Java frames: (J=compiled Java code, j=interpreted, Vv=VM code)
j  gnu.io.RXTXPort.open(Ljava/lang/String;)I+0
j  gnu.io.RXTXPort.<init>(Ljava/lang/String;)V+114
j  gnu.io.RXTXCommDriver.getCommPort(Ljava/lang/String;I)Lgnu/io/CommPort;+78
j  gnu.io.CommPortIdentifier.open(Ljava/lang/String;I)Lgnu/io/CommPort;+80
j  com.js.jhjs.wmFrame$SerialTools.openSerialPort(Lgnu/io/CommPortIdentifier;I)Z+5
j  com.js.jhjs.wmFrame.lambda$1(Lgnu/io/CommPortIdentifier;)V+19
j  com.js.jhjs.wmFrame$$Lambda$30.run()V+8
j  java.util.concurrent.ThreadPoolExecutor.runWorker(Ljava/util/concurrent/ThreadPoolExecutor$Worker;)V+95
j  java.util.concurrent.ThreadPoolExecutor$Worker.run()V+5
j  java.lang.Thread.run()V+11
v  ~StubRoutines::call_stub

---------------  P R O C E S S  ---------------

Java Threads: ( => current thread )
  0x154f3c00 JavaThread "Unknown thread" [_thread_in_native, id=3232, stack(0x16d90000,0x16de0000)]
  0x154f3800 JavaThread "Unknown thread" [_thread_in_native, id=7568, stack(0x16030000,0x16080000)]
  0x154f3000 JavaThread "Thread-4" [_thread_blocked, id=10900, stack(0x15f10000,0x15f60000)]
  0x154f2c00 JavaThread "Thread-3" [_thread_in_native, id=3048, stack(0x15be0000,0x15c30000)]
=>0x154f2400 JavaThread "Unknown thread" [_thread_in_native, id=10396, stack(0x15d20000,0x15d70000)]
  0x1536ec00 JavaThread "Unknown thread" [_thread_blocked, id=3912, stack(0x15e00000,0x15e50000)]
  0x1536e400 JavaThread "Unknown thread" [_thread_blocked, id=9976, stack(0x15d80000,0x15dd0000)]
  0x1542e000 JavaThread "Unknown thread" [_thread_blocked, id=10608, stack(0x15a90000,0x15ae0000)]
  0x153b5400 JavaThread "Thread-1" [_thread_blocked, id=6456, stack(0x169c0000,0x16a10000)]
  0x1534b800 JavaThread "Image Fetcher 0" daemon [_thread_blocked, id=10412, stack(0x16860000,0x168b0000)]
  0x15192800 JavaThread "Abandoned connection cleanup thread" daemon [_thread_blocked, id=7460, stack(0x15520000,0x15570000)]
  0x00d5dc00 JavaThread "DestroyJavaVM" [_thread_blocked, id=10548, stack(0x00e10000,0x00e60000)]
  0x1513b400 JavaThread "AWT-EventQueue-0" [_thread_blocked, id=9412, stack(0x159e0000,0x15a30000)]
  0x15139400 JavaThread "AWT-Windows" daemon [_thread_blocked, id=10064, stack(0x157d0000,0x15820000)]
  0x15138800 JavaThread "AWT-Shutdown" [_thread_blocked, id=9960, stack(0x15620000,0x15670000)]
  0x15135c00 JavaThread "Java2D Disposer" daemon [_thread_blocked, id=180, stack(0x155a0000,0x155f0000)]
  0x14a8cc00 JavaThread "Service Thread" daemon [_thread_blocked, id=9916, stack(0x14d60000,0x14db0000)]
  0x14a65c00 JavaThread "C1 CompilerThread0" daemon [_thread_blocked, id=10852, stack(0x14e10000,0x14e60000)]
  0x14a64c00 JavaThread "Attach Listener" daemon [_thread_blocked, id=10220, stack(0x14f90000,0x14fe0000)]
  0x00d1cc00 JavaThread "Signal Dispatcher" daemon [_thread_blocked, id=1424, stack(0x14eb0000,0x14f00000)]
  0x00d12c00 JavaThread "Finalizer" daemon [_thread_blocked, id=8732, stack(0x14db0000,0x14e00000)]
  0x00d0cc00 JavaThread "Reference Handler" daemon [_thread_blocked, id=10904, stack(0x14be0000,0x14c30000)]

Other Threads:
  0x00d05800 VMThread [stack: 0x14c50000,0x14ca0000] [id=10260]
  0x14a96800 WatcherThread [stack: 0x14ff0000,0x15040000] [id=3096]

VM state:at safepoint (normal execution)

VM Mutex/Monitor currently owned by a thread:  ([mutex/lock_event])
[0x00d5b918] Threads_lock - owner thread: 0x00d05800
[0x00d5bd28] Heap_lock - owner thread: 0x1513b400

Heap:
 def new generation   total 4928K, used 64K [0x04800000, 0x04d50000, 0x09d50000)
  eden space 4416K,   0% used [0x04800000, 0x04800000, 0x04c50000)
  from space 512K,  12% used [0x04c50000, 0x04c60230, 0x04cd0000)
  to   space 512K,   0% used [0x04cd0000, 0x04cd0000, 0x04d50000)
 tenured generation   total 10944K, used 9216K [0x09d50000, 0x0a800000, 0x14800000)
   the space 10944K,  84% used [0x09d50000, 0x0a6502f0, 0x0a660600, 0x0a800000)
 Metaspace       used 8724K, capacity 8949K, committed 9088K, reserved 9600K

Card table byte_map: [0x00d60000,0x00df0000] byte_map_base: 0x00d3c000

Polling page: 0x00160000

CodeCache: size=32768Kb used=1288Kb max_used=1288Kb free=31479Kb
 bounds [0x027f0000, 0x02938000, 0x047f0000]
 total_blobs=617 nmethods=383 adapters=165
 compilation: enabled

Compilation events (10 events):
Event: 0.575 Thread 0x14a65c00 nmethod 348 0x02921508 code [0x02921600, 0x02921690]
Event: 0.575 Thread 0x14a65c00  349             java.util.TimeZone::getDefault (10 bytes)
Event: 0.575 Thread 0x14a65c00 nmethod 349 0x029216c8 code [0x029217e0, 0x029218b8]
Event: 0.575 Thread 0x14a65c00  350   !         sun.util.locale.provider.JRELocaleProviderAdapter::getCalendarProvider (56 bytes)
Event: 0.575 Thread 0x14a65c00 nmethod 350 0x02921948 code [0x02921a50, 0x02921cec]
Event: 0.575 Thread 0x14a65c00  351             java.util.Locale::getUnicodeLocaleType (54 bytes)
Event: 0.575 Thread 0x14a65c00 nmethod 351 0x02921dc8 code [0x02921f20, 0x02922238]
Event: 0.575 Thread 0x14a65c00  352             java.util.Locale::isUnicodeExtensionKey (21 bytes)
Event: 0.575 Thread 0x14a65c00 nmethod 352 0x029224c8 code [0x029225e0, 0x029227c8]
Event: 0.575 Thread 0x14a65c00  353             com.js.jhjs.gainTime::gainDateAndTime (22 bytes)

GC Heap History (8 events):
Event: 0.201 GC heap before
{Heap before GC invocations=0 (full 0):
 def new generation   total 4928K, used 4416K [0x04800000, 0x04d50000, 0x09d50000)
  eden space 4416K, 100% used [0x04800000, 0x04c50000, 0x04c50000)
  from space 512K,   0% used [0x04c50000, 0x04c50000, 0x04cd0000)
  to   space 512K,   0% used [0x04cd0000, 0x04cd0000, 0x04d50000)
 tenured generation   total 10944K, used 0K [0x09d50000, 0x0a800000, 0x14800000)
   the space 10944K,   0% used [0x09d50000, 0x09d50000, 0x09d50200, 0x0a800000)
 Metaspace       used 4366K, capacity 4551K, committed 4608K, reserved 5504K
Event: 0.204 GC heap after
Heap after GC invocations=1 (full 0):
 def new generation   total 4928K, used 512K [0x04800000, 0x04d50000, 0x09d50000)
  eden space 4416K,   0% used [0x04800000, 0x04800000, 0x04c50000)
  from space 512K, 100% used [0x04cd0000, 0x04d50000, 0x04d50000)
  to   space 512K,   0% used [0x04c50000, 0x04c50000, 0x04cd0000)
 tenured generation   total 10944K, used 960K [0x09d50000, 0x0a800000, 0x14800000)
   the space 10944K,   8% used [0x09d50000, 0x09e40368, 0x09e40400, 0x0a800000)
 Metaspace       used 4366K, capacity 4551K, committed 4608K, reserved 5504K
}
Event: 0.298 GC heap before
{Heap before GC invocations=1 (full 0):
 def new generation   total 4928K, used 4928K [0x04800000, 0x04d50000, 0x09d50000)
  eden space 4416K, 100% used [0x04800000, 0x04c50000, 0x04c50000)
  from space 512K, 100% used [0x04cd0000, 0x04d50000, 0x04d50000)
  to   space 512K,   0% used [0x04c50000, 0x04c50000, 0x04cd0000)
 tenured generation   total 10944K, used 960K [0x09d50000, 0x0a800000, 0x14800000)
   the space 10944K,   8% used [0x09d50000, 0x09e40368, 0x09e40400, 0x0a800000)
 Metaspace       used 5864K, capacity 6025K, committed 6144K, reserved 6528K
Event: 0.301 GC heap after
Heap after GC invocations=2 (full 0):
 def new generation   total 4928K, used 512K [0x04800000, 0x04d50000, 0x09d50000)
  eden space 4416K,   0% used [0x04800000, 0x04800000, 0x04c50000)
  from space 512K, 100% used [0x04c50000, 0x04cd0000, 0x04cd0000)
  to   space 512K,   0% used [0x04cd0000, 0x04cd0000, 0x04d50000)
 tenured generation   total 10944K, used 2566K [0x09d50000, 0x0a800000, 0x14800000)
   the space 10944K,  23% used [0x09d50000, 0x09fd1be0, 0x09fd1c00, 0x0a800000)
 Metaspace       used 5864K, capacity 6025K, committed 6144K, reserved 6528K
}
Event: 0.447 GC heap before
{Heap before GC invocations=2 (full 0):
 def new generation   total 4928K, used 4927K [0x04800000, 0x04d50000, 0x09d50000)
  eden space 4416K,  99% used [0x04800000, 0x04c4fea8, 0x04c50000)
  from space 512K, 100% used [0x04c50000, 0x04cd0000, 0x04cd0000)
  to   space 512K,   0% used [0x04cd0000, 0x04cd0000, 0x04d50000)
 tenured generation   total 10944K, used 7686K [0x09d50000, 0x0a800000, 0x14800000)
   the space 10944K,  70% used [0x09d50000, 0x0a4d1bf0, 0x0a4d1c00, 0x0a800000)
 Metaspace       used 7447K, capacity 7636K, committed 7680K, reserved 8576K
Event: 0.450 GC heap after
Heap after GC invocations=3 (full 0):
 def new generation   total 4928K, used 512K [0x04800000, 0x04d50000, 0x09d50000)
  eden space 4416K,   0% used [0x04800000, 0x04800000, 0x04c50000)
  from space 512K, 100% used [0x04cd0000, 0x04d50000, 0x04d50000)
  to   space 512K,   0% used [0x04c50000, 0x04c50000, 0x04cd0000)
 tenured generation   total 10944K, used 8446K [0x09d50000, 0x0a800000, 0x14800000)
   the space 10944K,  77% used [0x09d50000, 0x0a58f988, 0x0a58fa00, 0x0a800000)
 Metaspace       used 7447K, capacity 7636K, committed 7680K, reserved 8576K
}
Event: 0.537 GC heap before
{Heap before GC invocations=3 (full 0):
 def new generation   total 4928K, used 4928K [0x04800000, 0x04d50000, 0x09d50000)
  eden space 4416K, 100% used [0x04800000, 0x04c50000, 0x04c50000)
  from space 512K, 100% used [0x04cd0000, 0x04d50000, 0x04d50000)
  to   space 512K,   0% used [0x04c50000, 0x04c50000, 0x04cd0000)
 tenured generation   total 10944K, used 8446K [0x09d50000, 0x0a800000, 0x14800000)
   the space 10944K,  77% used [0x09d50000, 0x0a58f988, 0x0a58fa00, 0x0a800000)
 Metaspace       used 8427K, capacity 8649K, committed 8704K, reserved 9600K
Event: 0.540 GC heap after
Heap after GC invocations=4 (full 0):
 def new generation   total 4928K, used 369K [0x04800000, 0x04d50000, 0x09d50000)
  eden space 4416K,   0% used [0x04800000, 0x04800000, 0x04c50000)
  from space 512K,  72% used [0x04c50000, 0x04cac720, 0x04cd0000)
  to   space 512K,   0% used [0x04cd0000, 0x04cd0000, 0x04d50000)
 tenured generation   total 10944K, used 8943K [0x09d50000, 0x0a800000, 0x14800000)
   the space 10944K,  81% used [0x09d50000, 0x0a60bc28, 0x0a60be00, 0x0a800000)
 Metaspace       used 8427K, capacity 8649K, committed 8704K, reserved 9600K
}

Deoptimization events (0 events):
No events

Classes redefined (0 events):
No events

Internal exceptions (10 events):
Event: 0.093 Thread 0x00d5dc00 Exception <a 'java/io/FileNotFoundException'> (0x0492bd18) thrown at [C:\workspace\8-2-build-windows-i586-cygwin\jdk8u181\11358\hotspot\src\share\vm\prims\jni.cpp, line 709]
Event: 0.116 Thread 0x00d5dc00 Exception <a 'java/lang/NoSuchFieldError': method resolution failed> (0x049e9558) thrown at [C:\workspace\8-2-build-windows-i586-cygwin\jdk8u181\11358\hotspot\src\share\vm\prims\methodHandles.cpp, line 1167]
Event: 0.117 Thread 0x00d5dc00 Exception <a 'java/lang/NoSuchFieldError': method resolution failed> (0x049f56f8) thrown at [C:\workspace\8-2-build-windows-i586-cygwin\jdk8u181\11358\hotspot\src\share\vm\prims\methodHandles.cpp, line 1167]
Event: 0.171 Thread 0x1513b400 Exception <a 'java/io/FileNotFoundException'> (0x04b19870) thrown at [C:\workspace\8-2-build-windows-i586-cygwin\jdk8u181\11358\hotspot\src\share\vm\prims\jni.cpp, line 709]
Event: 0.477 Thread 0x1513b400 Exception <a 'java/io/FileNotFoundException'> (0x04b03bf8) thrown at [C:\workspace\8-2-build-windows-i586-cygwin\jdk8u181\11358\hotspot\src\share\vm\prims\jni.cpp, line 709]
Event: 0.478 Thread 0x1513b400 Exception <a 'java/lang/NullPointerException'> (0x04b041e8) thrown at [C:\workspace\8-2-build-windows-i586-cygwin\jdk8u181\11358\hotspot\src\share\vm\interpreter\linkResolver.cpp, line 1185]
Event: 0.518 Thread 0x1513b400 Exception <a 'java/io/FileNotFoundException'> (0x04bab078) thrown at [C:\workspace\8-2-build-windows-i586-cygwin\jdk8u181\11358\hotspot\src\share\vm\prims\jni.cpp, line 709]
Event: 0.541 Thread 0x1513b400 Exception <a 'java/io/FileNotFoundException'> (0x0482dff8) thrown at [C:\workspace\8-2-build-windows-i586-cygwin\jdk8u181\11358\hotspot\src\share\vm\prims\jni.cpp, line 709]
Event: 0.542 Thread 0x1513b400 Exception <a 'java/io/FileNotFoundException'> (0x048429a0) thrown at [C:\workspace\8-2-build-windows-i586-cygwin\jdk8u181\11358\hotspot\src\share\vm\prims\jni.cpp, line 709]
Event: 0.566 Thread 0x1513b400 Exception <a 'java/io/FileNotFoundException'> (0x049fb028) thrown at [C:\workspace\8-2-build-windows-i586-cygwin\jdk8u181\11358\hotspot\src\share\vm\prims\jni.cpp, line 709]

Events (10 events):
Event: 0.574 loading class gnu/io/Zystem done
Event: 0.574 loading class com/sun/jna/Library
Event: 0.574 loading class com/sun/jna/Library done
Event: 0.574 loading class gnu/io/UnSupportedLoggerException
Event: 0.574 loading class gnu/io/UnSupportedLoggerException done
Event: 0.574 loading class sun/net/www/protocol/http/HttpURLConnection done
Event: 0.575 loading class sun/security/action/GetIntegerAction
Event: 0.575 loading class com/sun/jna/Native
Event: 0.575 loading class com/sun/jna/Native done
Event: 0.575 loading class sun/security/action/GetIntegerAction done


Dynamic libraries:
0x013b0000 - 0x013e3000 	D:\Program Files (x86)\Java\jre\bin\javaw.exe
0x77330000 - 0x774b0000 	C:\windows\SysWOW64\ntdll.dll
0x75c90000 - 0x75da0000 	C:\windows\syswow64\kernel32.dll
0x75980000 - 0x759c7000 	C:\windows\syswow64\KERNELBASE.dll
0x75690000 - 0x75731000 	C:\windows\syswow64\ADVAPI32.dll
0x758a0000 - 0x7594c000 	C:\windows\syswow64\msvcrt.dll
0x76d50000 - 0x76d69000 	C:\windows\SysWOW64\sechost.dll
0x759d0000 - 0x75ac0000 	C:\windows\syswow64\RPCRT4.dll
0x74aa0000 - 0x74b00000 	C:\windows\syswow64\SspiCli.dll
0x74a90000 - 0x74a9c000 	C:\windows\syswow64\CRYPTBASE.dll
0x75dd0000 - 0x75ed0000 	C:\windows\syswow64\USER32.dll
0x76dd0000 - 0x76e60000 	C:\windows\syswow64\GDI32.dll
0x74b20000 - 0x74b2a000 	C:\windows\syswow64\LPK.dll
0x74c40000 - 0x74cdd000 	C:\windows\syswow64\USP10.dll
0x6a0a0000 - 0x6a23e000 	C:\windows\WinSxS\x86_microsoft.windows.common-controls_6595b64144ccf1df_6.0.7601.18837_none_41e855142bd5705d\COMCTL32.dll
0x753b0000 - 0x75407000 	C:\windows\syswow64\SHLWAPI.dll
0x76d70000 - 0x76dd0000 	C:\windows\system32\IMM32.DLL
0x75160000 - 0x7522d000 	C:\windows\syswow64\MSCTF.dll
0x74850000 - 0x7487b000 	C:\windows\SysWOW64\nvinit.dll
0x749c0000 - 0x749c9000 	C:\windows\system32\VERSION.dll
0x69fc0000 - 0x69fc6000 	C:\Program Files (x86)\NVIDIA Corporation\CoProcManager\detoured.dll
0x69f90000 - 0x69fba000 	C:\Program Files (x86)\NVIDIA Corporation\CoProcManager\nvd3d9wrap.dll
0x76b30000 - 0x76ccd000 	C:\windows\syswow64\SETUPAPI.dll
0x75da0000 - 0x75dc7000 	C:\windows\syswow64\CFGMGR32.dll
0x76e70000 - 0x76f01000 	C:\windows\syswow64\OLEAUT32.dll
0x75740000 - 0x7589d000 	C:\windows\syswow64\ole32.dll
0x75950000 - 0x75962000 	C:\windows\syswow64\DEVOBJ.dll
0x69f70000 - 0x69f8e000 	C:\Program Files (x86)\NVIDIA Corporation\CoProcManager\nvdxgiwrap.dll
0x62c80000 - 0x62d3f000 	D:\Program Files (x86)\Java\jre\bin\msvcr100.dll
0x5e7e0000 - 0x5ebb3000 	D:\Program Files (x86)\Java\jre\bin\client\jvm.dll
0x69810000 - 0x69817000 	C:\windows\system32\WSOCK32.dll
0x76f10000 - 0x76f45000 	C:\windows\syswow64\WS2_32.dll
0x74b10000 - 0x74b16000 	C:\windows\syswow64\NSI.dll
0x70a00000 - 0x70a32000 	C:\windows\system32\WINMM.dll
0x75bf0000 - 0x75bf5000 	C:\windows\syswow64\PSAPI.DLL
0x71a10000 - 0x71a1c000 	D:\Program Files (x86)\Java\jre\bin\verify.dll
0x656a0000 - 0x656c2000 	D:\Program Files (x86)\Java\jre\bin\java.dll
0x6a240000 - 0x6a254000 	D:\Program Files (x86)\Java\jre\bin\zip.dll
0x75ee0000 - 0x76b2c000 	C:\windows\syswow64\SHELL32.dll
0x750e0000 - 0x750eb000 	C:\windows\syswow64\profapi.dll
0x5e690000 - 0x5e7d7000 	D:\Program Files (x86)\Java\jre\bin\awt.dll
0x67670000 - 0x676f0000 	C:\windows\system32\uxtheme.dll
0x67650000 - 0x67663000 	C:\windows\system32\dwmapi.dll
0x659e0000 - 0x659f5000 	D:\Program Files (x86)\Java\jre\bin\net.dll
0x73d10000 - 0x73d4c000 	C:\windows\system32\mswsock.dll
0x6be40000 - 0x6be46000 	C:\windows\System32\wship6.dll
0x73d00000 - 0x73d05000 	C:\windows\System32\wshtcpip.dll
0x73bf0000 - 0x73c34000 	C:\windows\system32\DNSAPI.dll
0x73bb0000 - 0x73bd1000 	C:\Program Files (x86)\Bonjour\mdnsNSP.dll
0x74680000 - 0x7469c000 	C:\windows\system32\Iphlpapi.DLL
0x74670000 - 0x74677000 	C:\windows\system32\WINNSI.DLL
0x73a20000 - 0x73a26000 	C:\windows\system32\rasadhlp.dll
0x6be00000 - 0x6be38000 	C:\windows\System32\fwpuclnt.dll
0x5e5c0000 - 0x5e688000 	C:\windows\system32\opengl32.dll
0x65760000 - 0x65782000 	C:\windows\system32\GLU32.dll
0x5e4d0000 - 0x5e5b7000 	C:\windows\system32\DDRAW.dll
0x6a270000 - 0x6a276000 	C:\windows\system32\DCIMAN32.dll
0x650c0000 - 0x650e6000 	D:\Program Files (x86)\Java\jre\bin\jpeg.dll
0x65080000 - 0x650b9000 	D:\Program Files (x86)\Java\jre\bin\fontmanager.dll
0x6c060000 - 0x6c0ac000 	C:\windows\system32\apphelp.dll
0x00670000 - 0x00682000 	D:\Program Files (x86)\Java\jre\bin\rxtxSerial.dll
0x6c240000 - 0x6c267000 	C:\windows\system32\crtdll.dll
0x73d90000 - 0x73e7b000 	C:\windows\system32\dbghelp.dll
0x74340000 - 0x74357000 	C:\windows\system32\CRYPTSP.dll
0x74300000 - 0x7433b000 	C:\windows\system32\rsaenh.dll
0x74b30000 - 0x74b47000 	C:\windows\syswow64\USERENV.dll

VM Arguments:
jvm_args: -Dfile.encoding=GBK 
java_command: com.js.jhjs.MainClass
java_class_path (initial): F:\java2017proj\mainCanteen\bin;E:\opensource\gson-2.8.5.jar;E:\opensource\mysql-connector-java-5.1.39\mysql-connector-java-5.1.39\mysql-connector-java-5.1.39-bin.jar;E:\opensource\jna-3.2.5.jar\jna-3.2.5.jar;E:\opensource\rxtx-2.1-7-bins-r2\RXTXcomm.jar;E:\opensource\httpcomponents-client-4.5.6-bin\httpcomponents-client-4.5.6\lib\commons-codec-1.10.jar;E:\opensource\httpcomponents-client-4.5.6-bin\httpcomponents-client-4.5.6\lib\commons-logging-1.2.jar;E:\opensource\httpcomponents-client-4.5.6-bin\httpcomponents-client-4.5.6\lib\fluent-hc-4.5.6.jar;E:\opensource\httpcomponents-client-4.5.6-bin\httpcomponents-client-4.5.6\lib\httpclient-4.5.6.jar;E:\opensource\httpcomponents-client-4.5.6-bin\httpcomponents-client-4.5.6\lib\httpclient-cache-4.5.6.jar;E:\opensource\httpcomponents-client-4.5.6-bin\httpcomponents-client-4.5.6\lib\httpclient-win-4.5.6.jar;E:\opensource\httpcomponents-client-4.5.6-bin\httpcomponents-client-4.5.6\lib\httpcore-4.4.10.jar;E:\opensource\httpcomponents-client-4.5.6-bin\httpcomponents-client-4.5.6\lib\httpmime-4.5.6.jar;E:\opensource\httpcomponents-client-4.5.6-bin\httpcomponents-client-4.5.6\lib\jna-4.4.0.jar;E:\opensource\httpcomponents-client-4.5.6-bin\httpcomponents-client-4.5.6\lib\jna-platform-4.4.0.jar;E:\opensource\mybatis-3.4.6\mybatis-3.4.6.jar
Launcher Type: SUN_STANDARD

Environment Variables:
JAVA_HOME=D:\Program Files\Java\jdk1.8
CLASSPATH=.;D:\Program Files\Java\jdk1.8\lib\dt.jar;D:\Program Files\Java\jdk1.8\lib\tools.jar;
PATH=C:\Program Files (x86)\Common Files\Oracle\Java\javapath;G:\sdk\tools\lib\monitor-x86_64\jre\bin\javaw.exe;C:\Windows\System32;F:\soui\bin;D:\CTEX\CTeX\ty\bin;D:\CTEX\Ghostscript\gs9.05\bin;D:\CTEX\GSview\gsview;D:\CTEX\WinEdt;D:\Python35;D:\Python35\Scripts;D:\Program Files\Git\cmd;C:\Program Files (x86)\Common Files\Thunder Network\KanKan\Codecs;C:\Program Files\Microsoft VS Code\bin;C:\Users\bonjava\AppData\Local\GitHubDesktop\bin
USERNAME=Administrator
OS=Windows_NT
PROCESSOR_IDENTIFIER=Intel64 Family 6 Model 60 Stepping 3, GenuineIntel



---------------  S Y S T E M  ---------------

OS: Windows 7 , 64 bit Build 7601 (6.1.7601.24214)

CPU:total 8 (initial active 8) (4 cores per cpu, 2 threads per core) family 6 model 60 stepping 3, cmov, cx8, fxsr, mmx, sse, sse2, sse3, ssse3, sse4.1, sse4.2, popcnt, avx, avx2, aes, clmul, erms, lzcnt, ht, tsc, tscinvbit, bmi1, bmi2

Memory: 4k page, physical 16663584k(9659760k free), swap 17710260k(10102856k free)

vm_info: Java HotSpot(TM) Client VM (25.181-b13) for windows-x86 JRE (1.8.0_181-b13), built on Jul  7 2018 03:18:20 by "java_re" with MS VC++ 10.0 (VS2010)

time: Tue Sep 04 21:09:14 2018
elapsed time: 0 seconds (0d 0h 0m 0s)

