#
# A fatal error has been detected by the Java Runtime Environment:
#
#  EXCEPTION_ACCESS_VIOLATION (0xc0000005) at pc=0x00c0320b, pid=8548, tid=0x000034b4
#
# JRE version: Java(TM) SE Runtime Environment (8.0_181-b13) (build 1.8.0_181-b13)
# Java VM: Java HotSpot(TM) Client VM (25.181-b13 mixed mode windows-x86 )
# Problematic frame:
# C  [rxtxSerial.dll+0x320b]
#
# Failed to write core dump. Minidumps are not enabled by default on client versions of Windows
#
# If you would like to submit a bug report, please visit:
#   http://bugreport.java.com/bugreport/crash.jsp
# The crash happened outside the Java Virtual Machine in native code.
# See problematic frame for where to report the bug.
#

---------------  T H R E A D  ---------------

Current thread (0x153f7c00):  JavaThread "pool-1-thread-3" [_thread_in_native, id=13492, stack(0x159e0000,0x15a30000)]

siginfo: ExceptionCode=0xc0000005, reading address 0x00000060

Registers:
EAX=0x00000000, EBX=0x7327b910, ECX=0x15a2f1f8, EDX=0x15a2f188
ESP=0x15a2f560, EBP=0x15a2f5f8, ESI=0x16adc5e0, EDI=0x153f7c00
EIP=0x00c0320b, EFLAGS=0x00010202

Top of Stack: (sp=0x15a2f560)
0x15a2f560:   153f7c00 0000000b 0000001d 00000002
0x15a2f570:   15a2f5a4 731a7273 153f7c00 5687589c
0x15a2f580:   00000000 153f7c00 00000000 15a2f57c
0x15a2f590:   00000000 00000000 00000000 00000000
0x15a2f5a0:   fffffffe 00000022 ffffffff 153f81e8
0x15a2f5b0:   00000000 00fffff8 7327ba0e 153f7c00
0x15a2f5c0:   15a2f5f8 6c24e5f4 15a2f5d8 00c0673e
0x15a2f5d0:   15a2f60c 16adc5e0 15a2f65b 7fffffdc 

Instructions: (pc=0x00c0320b)
0x00c031eb:   04 85 c0 74 0c 8b 45 fc c7 40 78 04 00 00 00 eb
0x00c031fb:   0a 8b 45 fc c7 40 78 00 00 00 00 a1 00 d0 c0 00
0x00c0320b:   83 78 60 00 75 2d 83 c4 fc 8b 45 fc 50 68 40 30
0x00c0321b:   c0 00 8d 85 70 ff ff ff 50 e8 3f 97 00 00 83 c4 


Register to memory mapping:

EAX=0x00000000 is an unknown value
EBX=0x7327b910 is an unknown value
ECX=0x15a2f1f8 is pointing into the stack for thread: 0x153f7c00
EDX=0x15a2f188 is pointing into the stack for thread: 0x153f7c00
ESP=0x15a2f560 is pointing into the stack for thread: 0x153f7c00
EBP=0x15a2f5f8 is pointing into the stack for thread: 0x153f7c00
ESI=0x16adc5e0 is pointing into metadata
EDI=0x153f7c00 is a thread


Stack: [0x159e0000,0x15a30000],  sp=0x15a2f560,  free space=317k
Native frames: (J=compiled Java code, j=interpreted, Vv=VM code, C=native code)
C  [rxtxSerial.dll+0x320b]
C  [rxtxSerial.dll+0x6988]
j  gnu.io.RXTXPort.open(Ljava/lang/String;)I+0
j  gnu.io.RXTXPort.<init>(Ljava/lang/String;)V+114
j  gnu.io.RXTXCommDriver.getCommPort(Ljava/lang/String;I)Lgnu/io/CommPort;+78
j  gnu.io.CommPortIdentifier.open(Ljava/lang/String;I)Lgnu/io/CommPort;+80
j  com.js.jhjs.wmFrame$SerialTools.openSerialPort(Lgnu/io/CommPortIdentifier;I)Z+5
j  com.js.jhjs.wmFrame.lambda$1(Lgnu/io/CommPortIdentifier;)V+16
j  com.js.jhjs.wmFrame$$Lambda$30.run()V+8
j  java.util.concurrent.ThreadPoolExecutor.runWorker(Ljava/util/concurrent/ThreadPoolExecutor$Worker;)V+95
j  java.util.concurrent.ThreadPoolExecutor$Worker.run()V+5
j  java.lang.Thread.run()V+11
v  ~StubRoutines::call_stub
V  [jvm.dll+0x15c065]
V  [jvm.dll+0x223ade]
V  [jvm.dll+0x15c0fe]
V  [jvm.dll+0x15c286]
V  [jvm.dll+0x15c2f7]
V  [jvm.dll+0x10016f]
V  [jvm.dll+0x17f280]
V  [jvm.dll+0x17fafa]
V  [jvm.dll+0x1c5416]
C  [msvcr100.dll+0x5c556]
C  [msvcr100.dll+0x5c600]
C  [kernel32.dll+0x1343d]
C  [ntdll.dll+0x39832]
C  [ntdll.dll+0x39805]
C  0x00000000

Java frames: (J=compiled Java code, j=interpreted, Vv=VM code)
j  gnu.io.RXTXPort.open(Ljava/lang/String;)I+0
j  gnu.io.RXTXPort.<init>(Ljava/lang/String;)V+114
j  gnu.io.RXTXCommDriver.getCommPort(Ljava/lang/String;I)Lgnu/io/CommPort;+78
j  gnu.io.CommPortIdentifier.open(Ljava/lang/String;I)Lgnu/io/CommPort;+80
j  com.js.jhjs.wmFrame$SerialTools.openSerialPort(Lgnu/io/CommPortIdentifier;I)Z+5
j  com.js.jhjs.wmFrame.lambda$1(Lgnu/io/CommPortIdentifier;)V+16
j  com.js.jhjs.wmFrame$$Lambda$30.run()V+8
j  java.util.concurrent.ThreadPoolExecutor.runWorker(Ljava/util/concurrent/ThreadPoolExecutor$Worker;)V+95
j  java.util.concurrent.ThreadPoolExecutor$Worker.run()V+5
j  java.lang.Thread.run()V+11
v  ~StubRoutines::call_stub

---------------  P R O C E S S  ---------------

Java Threads: ( => current thread )
  0x155fd400 JavaThread "Thread-5" [_thread_in_native, id=11976, stack(0x16030000,0x16080000)]
  0x155fd000 JavaThread "Thread-4" [_thread_blocked, id=9232, stack(0x15f30000,0x15f80000)]
  0x155fc800 JavaThread "Thread-3" [_thread_in_native, id=7636, stack(0x15e50000,0x15ea0000)]
  0x155fc000 JavaThread "pool-1-thread-4" [_thread_blocked, id=11560, stack(0x15a80000,0x15ad0000)]
=>0x153f7c00 JavaThread "Unknown thread" [_thread_in_native, id=13492, stack(0x159e0000,0x15a30000)]
  0x153f7400 JavaThread "Unknown thread" [_thread_blocked, id=13676, stack(0x15cf0000,0x15d40000)]
  0x15463400 JavaThread "Unknown thread" [_thread_blocked, id=7072, stack(0x15c20000,0x15c70000)]
  0x154f6800 JavaThread "Thread-1" [_thread_blocked, id=12840, stack(0x16a80000,0x16ad0000)]
  0x15471000 JavaThread "Image Fetcher 0" daemon [_thread_blocked, id=7804, stack(0x16660000,0x166b0000)]
  0x15270c00 JavaThread "Abandoned connection cleanup thread" daemon [_thread_blocked, id=2360, stack(0x162b0000,0x16300000)]
  0x00bfdc00 JavaThread "DestroyJavaVM" [_thread_blocked, id=2540, stack(0x00c20000,0x00c70000)]
  0x012b2400 JavaThread "AWT-EventQueue-0" [_thread_blocked, id=14104, stack(0x15990000,0x159e0000)]
  0x012b0000 JavaThread "AWT-Windows" daemon [_thread_blocked, id=2276, stack(0x04790000,0x047e0000)]
  0x012af800 JavaThread "AWT-Shutdown" [_thread_blocked, id=8280, stack(0x14f30000,0x14f80000)]
  0x012acc00 JavaThread "Java2D Disposer" daemon [_thread_blocked, id=13316, stack(0x15700000,0x15750000)]
  0x01174c00 JavaThread "Service Thread" daemon [_thread_blocked, id=12292, stack(0x151e0000,0x15230000)]
  0x01145c00 JavaThread "C1 CompilerThread0" daemon [_thread_blocked, id=13968, stack(0x14f80000,0x14fd0000)]
  0x01144c00 JavaThread "Attach Listener" daemon [_thread_blocked, id=11948, stack(0x14fd0000,0x15020000)]
  0x00dec800 JavaThread "Signal Dispatcher" daemon [_thread_blocked, id=13464, stack(0x14ed0000,0x14f20000)]
  0x00de2c00 JavaThread "Finalizer" daemon [_thread_blocked, id=12208, stack(0x14d70000,0x14dc0000)]
  0x00ddcc00 JavaThread "Reference Handler" daemon [_thread_blocked, id=14192, stack(0x01070000,0x010c0000)]

Other Threads:
  0x00dd5800 VMThread [stack: 0x14ca0000,0x14cf0000] [id=14008]
  0x01176800 WatcherThread [stack: 0x14d00000,0x14d50000] [id=13400]

VM state:at safepoint (normal execution)

VM Mutex/Monitor currently owned by a thread:  ([mutex/lock_event])
[0x00bfb8a0] Threads_lock - owner thread: 0x00dd5800
[0x00bfbcb0] Heap_lock - owner thread: 0x012b2400

Heap:
 def new generation   total 4928K, used 106K [0x04800000, 0x04d50000, 0x09d50000)
  eden space 4416K,   0% used [0x04800000, 0x04800000, 0x04c50000)
  from space 512K,  20% used [0x04cd0000, 0x04cea8b0, 0x04d50000)
  to   space 512K,   0% used [0x04c50000, 0x04c50000, 0x04cd0000)
 tenured generation   total 10944K, used 9211K [0x09d50000, 0x0a800000, 0x14800000)
   the space 10944K,  84% used [0x09d50000, 0x0a64efa0, 0x0a669a00, 0x0a800000)
 Metaspace       used 8694K, capacity 8947K, committed 9088K, reserved 9600K

Card table byte_map: [0x00b50000,0x00be0000] byte_map_base: 0x00b2c000

Polling page: 0x00170000

CodeCache: size=32768Kb used=1194Kb max_used=1194Kb free=31573Kb
 bounds [0x02740000, 0x02870000, 0x04740000]
 total_blobs=552 nmethods=318 adapters=165
 compilation: enabled

Compilation events (10 events):
Event: 0.582 Thread 0x01145c00  300             java.util.GregorianCalendar::internalGetEra (18 bytes)
Event: 0.583 Thread 0x01145c00 nmethod 300 0x02865188 code [0x02865290, 0x02865390]
Event: 0.583 Thread 0x01145c00  301             java.lang.Class::getClassLoader0 (5 bytes)
Event: 0.583 Thread 0x01145c00 nmethod 301 0x02865508 code [0x02865600, 0x02865680]
Event: 0.583 Thread 0x01145c00  302             jdk.internal.org.objectweb.asm.ByteVector::put12 (64 bytes)
Event: 0.583 Thread 0x01145c00 nmethod 302 0x028656c8 code [0x028657d0, 0x028658fc]
Event: 0.583 Thread 0x01145c00  304             java.lang.String::lastIndexOf (13 bytes)
Event: 0.583 Thread 0x01145c00 nmethod 304 0x02865a48 code [0x02865b50, 0x02865bec]
Event: 0.585 Thread 0x01145c00  305             java.lang.invoke.MemberName::getDeclaringClass (5 bytes)
Event: 0.585 Thread 0x01145c00 nmethod 305 0x02865f08 code [0x02866000, 0x02866080]

GC Heap History (8 events):
Event: 0.206 GC heap before
{Heap before GC invocations=0 (full 0):
 def new generation   total 4928K, used 4416K [0x04800000, 0x04d50000, 0x09d50000)
  eden space 4416K, 100% used [0x04800000, 0x04c50000, 0x04c50000)
  from space 512K,   0% used [0x04c50000, 0x04c50000, 0x04cd0000)
  to   space 512K,   0% used [0x04cd0000, 0x04cd0000, 0x04d50000)
 tenured generation   total 10944K, used 0K [0x09d50000, 0x0a800000, 0x14800000)
   the space 10944K,   0% used [0x09d50000, 0x09d50000, 0x09d50200, 0x0a800000)
 Metaspace       used 4362K, capacity 4519K, committed 4608K, reserved 5504K
Event: 0.209 GC heap after
Heap after GC invocations=1 (full 0):
 def new generation   total 4928K, used 512K [0x04800000, 0x04d50000, 0x09d50000)
  eden space 4416K,   0% used [0x04800000, 0x04800000, 0x04c50000)
  from space 512K, 100% used [0x04cd0000, 0x04d50000, 0x04d50000)
  to   space 512K,   0% used [0x04c50000, 0x04c50000, 0x04cd0000)
 tenured generation   total 10944K, used 960K [0x09d50000, 0x0a800000, 0x14800000)
   the space 10944K,   8% used [0x09d50000, 0x09e40208, 0x09e40400, 0x0a800000)
 Metaspace       used 4362K, capacity 4519K, committed 4608K, reserved 5504K
}
Event: 0.308 GC heap before
{Heap before GC invocations=1 (full 0):
 def new generation   total 4928K, used 4928K [0x04800000, 0x04d50000, 0x09d50000)
  eden space 4416K, 100% used [0x04800000, 0x04c50000, 0x04c50000)
  from space 512K, 100% used [0x04cd0000, 0x04d50000, 0x04d50000)
  to   space 512K,   0% used [0x04c50000, 0x04c50000, 0x04cd0000)
 tenured generation   total 10944K, used 960K [0x09d50000, 0x0a800000, 0x14800000)
   the space 10944K,   8% used [0x09d50000, 0x09e40208, 0x09e40400, 0x0a800000)
 Metaspace       used 5848K, capacity 6025K, committed 6144K, reserved 6528K
Event: 0.311 GC heap after
Heap after GC invocations=2 (full 0):
 def new generation   total 4928K, used 512K [0x04800000, 0x04d50000, 0x09d50000)
  eden space 4416K,   0% used [0x04800000, 0x04800000, 0x04c50000)
  from space 512K, 100% used [0x04c50000, 0x04cd0000, 0x04cd0000)
  to   space 512K,   0% used [0x04cd0000, 0x04cd0000, 0x04d50000)
 tenured generation   total 10944K, used 2570K [0x09d50000, 0x0a800000, 0x14800000)
   the space 10944K,  23% used [0x09d50000, 0x09fd2bb8, 0x09fd2c00, 0x0a800000)
 Metaspace       used 5848K, capacity 6025K, committed 6144K, reserved 6528K
}
Event: 0.462 GC heap before
{Heap before GC invocations=2 (full 0):
 def new generation   total 4928K, used 4926K [0x04800000, 0x04d50000, 0x09d50000)
  eden space 4416K,  99% used [0x04800000, 0x04c4fb90, 0x04c50000)
  from space 512K, 100% used [0x04c50000, 0x04cd0000, 0x04cd0000)
  to   space 512K,   0% used [0x04cd0000, 0x04cd0000, 0x04d50000)
 tenured generation   total 10944K, used 7690K [0x09d50000, 0x0a800000, 0x14800000)
   the space 10944K,  70% used [0x09d50000, 0x0a4d2bc8, 0x0a4d2c00, 0x0a800000)
 Metaspace       used 7442K, capacity 7636K, committed 7680K, reserved 8576K
Event: 0.465 GC heap after
Heap after GC invocations=3 (full 0):
 def new generation   total 4928K, used 512K [0x04800000, 0x04d50000, 0x09d50000)
  eden space 4416K,   0% used [0x04800000, 0x04800000, 0x04c50000)
  from space 512K, 100% used [0x04cd0000, 0x04d50000, 0x04d50000)
  to   space 512K,   0% used [0x04c50000, 0x04c50000, 0x04cd0000)
 tenured generation   total 10944K, used 8445K [0x09d50000, 0x0a800000, 0x14800000)
   the space 10944K,  77% used [0x09d50000, 0x0a58f4a0, 0x0a58f600, 0x0a800000)
 Metaspace       used 7442K, capacity 7636K, committed 7680K, reserved 8576K
}
Event: 0.562 GC heap before
{Heap before GC invocations=3 (full 0):
 def new generation   total 4928K, used 4928K [0x04800000, 0x04d50000, 0x09d50000)
  eden space 4416K, 100% used [0x04800000, 0x04c50000, 0x04c50000)
  from space 512K, 100% used [0x04cd0000, 0x04d50000, 0x04d50000)
  to   space 512K,   0% used [0x04c50000, 0x04c50000, 0x04cd0000)
 tenured generation   total 10944K, used 8445K [0x09d50000, 0x0a800000, 0x14800000)
   the space 10944K,  77% used [0x09d50000, 0x0a58f4a0, 0x0a58f600, 0x0a800000)
 Metaspace       used 8420K, capacity 8646K, committed 8704K, reserved 9600K
Event: 0.566 GC heap after
Heap after GC invocations=4 (full 0):
 def new generation   total 4928K, used 367K [0x04800000, 0x04d50000, 0x09d50000)
  eden space 4416K,   0% used [0x04800000, 0x04800000, 0x04c50000)
  from space 512K,  71% used [0x04c50000, 0x04cabc80, 0x04cd0000)
  to   space 512K,   0% used [0x04cd0000, 0x04cd0000, 0x04d50000)
 tenured generation   total 10944K, used 8941K [0x09d50000, 0x0a800000, 0x14800000)
   the space 10944K,  81% used [0x09d50000, 0x0a60b758, 0x0a60b800, 0x0a800000)
 Metaspace       used 8420K, capacity 8646K, committed 8704K, reserved 9600K
}

Deoptimization events (0 events):
No events

Classes redefined (0 events):
No events

Internal exceptions (10 events):
Event: 0.100 Thread 0x00bfdc00 Exception <a 'java/io/FileNotFoundException'> (0x0492bcd0) thrown at [C:\workspace\8-2-build-windows-i586-cygwin\jdk8u181\11358\hotspot\src\share\vm\prims\jni.cpp, line 709]
Event: 0.124 Thread 0x00bfdc00 Exception <a 'java/lang/NoSuchFieldError': method resolution failed> (0x049e9a68) thrown at [C:\workspace\8-2-build-windows-i586-cygwin\jdk8u181\11358\hotspot\src\share\vm\prims\methodHandles.cpp, line 1167]
Event: 0.125 Thread 0x00bfdc00 Exception <a 'java/lang/NoSuchFieldError': method resolution failed> (0x049f5c08) thrown at [C:\workspace\8-2-build-windows-i586-cygwin\jdk8u181\11358\hotspot\src\share\vm\prims\methodHandles.cpp, line 1167]
Event: 0.177 Thread 0x012b2400 Exception <a 'java/io/FileNotFoundException'> (0x04b14c98) thrown at [C:\workspace\8-2-build-windows-i586-cygwin\jdk8u181\11358\hotspot\src\share\vm\prims\jni.cpp, line 709]
Event: 0.490 Thread 0x012b2400 Exception <a 'java/io/FileNotFoundException'> (0x04b005b8) thrown at [C:\workspace\8-2-build-windows-i586-cygwin\jdk8u181\11358\hotspot\src\share\vm\prims\jni.cpp, line 709]
Event: 0.490 Thread 0x012b2400 Exception <a 'java/lang/NullPointerException'> (0x04b00ba8) thrown at [C:\workspace\8-2-build-windows-i586-cygwin\jdk8u181\11358\hotspot\src\share\vm\interpreter\linkResolver.cpp, line 1185]
Event: 0.527 Thread 0x012b2400 Exception <a 'java/io/FileNotFoundException'> (0x04b68ea8) thrown at [C:\workspace\8-2-build-windows-i586-cygwin\jdk8u181\11358\hotspot\src\share\vm\prims\jni.cpp, line 709]
Event: 0.550 Thread 0x012b2400 Exception <a 'java/io/FileNotFoundException'> (0x04bd9c30) thrown at [C:\workspace\8-2-build-windows-i586-cygwin\jdk8u181\11358\hotspot\src\share\vm\prims\jni.cpp, line 709]
Event: 0.551 Thread 0x012b2400 Exception <a 'java/io/FileNotFoundException'> (0x04be7f88) thrown at [C:\workspace\8-2-build-windows-i586-cygwin\jdk8u181\11358\hotspot\src\share\vm\prims\jni.cpp, line 709]
Event: 0.574 Thread 0x012b2400 Exception <a 'java/io/FileNotFoundException'> (0x0485b728) thrown at [C:\workspace\8-2-build-windows-i586-cygwin\jdk8u181\11358\hotspot\src\share\vm\prims\jni.cpp, line 709]

Events (10 events):
Event: 0.584 loading class sun/net/www/protocol/http/HttpURLConnection
Event: 0.584 loading class gnu/io/Zystem
Event: 0.584 loading class gnu/io/Zystem done
Event: 0.584 loading class gnu/io/UnSupportedLoggerException
Event: 0.584 loading class gnu/io/UnSupportedLoggerException done
Event: 0.584 loading class sun/net/www/protocol/http/HttpURLConnection done
Event: 0.585 loading class sun/security/action/GetIntegerAction
Event: 0.585 loading class sun/security/action/GetIntegerAction done
Event: 0.585 loading class java/util/regex/Pattern$Ctype
Event: 0.585 loading class java/util/regex/Pattern$Ctype done


Dynamic libraries:
0x01300000 - 0x01333000 	D:\Program Files (x86)\Java\jre\bin\javaw.exe
0x77cd0000 - 0x77e50000 	C:\windows\SysWOW64\ntdll.dll
0x75690000 - 0x757a0000 	C:\windows\syswow64\kernel32.dll
0x76810000 - 0x76857000 	C:\windows\syswow64\KERNELBASE.dll
0x76d60000 - 0x76e01000 	C:\windows\syswow64\ADVAPI32.dll
0x76ca0000 - 0x76d4c000 	C:\windows\syswow64\msvcrt.dll
0x76a20000 - 0x76a39000 	C:\windows\SysWOW64\sechost.dll
0x757a0000 - 0x75890000 	C:\windows\syswow64\RPCRT4.dll
0x75440000 - 0x754a0000 	C:\windows\syswow64\SspiCli.dll
0x75430000 - 0x7543c000 	C:\windows\syswow64\CRYPTBASE.dll
0x76a90000 - 0x76b90000 	C:\windows\syswow64\USER32.dll
0x77600000 - 0x77690000 	C:\windows\syswow64\GDI32.dll
0x775f0000 - 0x775fa000 	C:\windows\syswow64\LPK.dll
0x777c0000 - 0x7785d000 	C:\windows\syswow64\USP10.dll
0x6a8c0000 - 0x6aa5e000 	C:\windows\WinSxS\x86_microsoft.windows.common-controls_6595b64144ccf1df_6.0.7601.18837_none_41e855142bd5705d\COMCTL32.dll
0x76740000 - 0x76797000 	C:\windows\syswow64\SHLWAPI.dll
0x767a0000 - 0x76800000 	C:\windows\system32\IMM32.DLL
0x76ee0000 - 0x76fad000 	C:\windows\syswow64\MSCTF.dll
0x751f0000 - 0x7521b000 	C:\windows\SysWOW64\nvinit.dll
0x75360000 - 0x75369000 	C:\windows\system32\VERSION.dll
0x71df0000 - 0x71df6000 	C:\Program Files (x86)\NVIDIA Corporation\CoProcManager\detoured.dll
0x68050000 - 0x6807a000 	C:\Program Files (x86)\NVIDIA Corporation\CoProcManager\nvd3d9wrap.dll
0x76870000 - 0x76a0d000 	C:\windows\syswow64\SETUPAPI.dll
0x76c70000 - 0x76c97000 	C:\windows\syswow64\CFGMGR32.dll
0x76b90000 - 0x76c21000 	C:\windows\syswow64\OLEAUT32.dll
0x758d0000 - 0x75a2d000 	C:\windows\syswow64\ole32.dll
0x75ad0000 - 0x75ae2000 	C:\windows\syswow64\DEVOBJ.dll
0x68030000 - 0x6804e000 	C:\Program Files (x86)\NVIDIA Corporation\CoProcManager\nvdxgiwrap.dll
0x737c0000 - 0x7387f000 	D:\Program Files (x86)\Java\jre\bin\msvcr100.dll
0x731a0000 - 0x73573000 	D:\Program Files (x86)\Java\jre\bin\client\jvm.dll
0x6ae60000 - 0x6ae67000 	C:\windows\system32\WSOCK32.dll
0x75890000 - 0x758c5000 	C:\windows\syswow64\WS2_32.dll
0x76a10000 - 0x76a16000 	C:\windows\syswow64\NSI.dll
0x711f0000 - 0x71222000 	C:\windows\system32\WINMM.dll
0x76c60000 - 0x76c65000 	C:\windows\syswow64\PSAPI.DLL
0x737b0000 - 0x737bc000 	D:\Program Files (x86)\Java\jre\bin\verify.dll
0x73780000 - 0x737a2000 	D:\Program Files (x86)\Java\jre\bin\java.dll
0x73760000 - 0x73774000 	D:\Program Files (x86)\Java\jre\bin\zip.dll
0x75af0000 - 0x7673c000 	C:\windows\syswow64\SHELL32.dll
0x77880000 - 0x7788b000 	C:\windows\syswow64\profapi.dll
0x73050000 - 0x73197000 	D:\Program Files (x86)\Java\jre\bin\awt.dll
0x680c0000 - 0x68140000 	C:\windows\system32\uxtheme.dll
0x680a0000 - 0x680b3000 	C:\windows\system32\dwmapi.dll
0x73740000 - 0x73755000 	D:\Program Files (x86)\Java\jre\bin\net.dll
0x746b0000 - 0x746ec000 	C:\windows\system32\mswsock.dll
0x6c640000 - 0x6c646000 	C:\windows\System32\wship6.dll
0x746a0000 - 0x746a5000 	C:\windows\System32\wshtcpip.dll
0x74590000 - 0x745d4000 	C:\windows\system32\DNSAPI.dll
0x74550000 - 0x74571000 	C:\Program Files (x86)\Bonjour\mdnsNSP.dll
0x75020000 - 0x7503c000 	C:\windows\system32\Iphlpapi.DLL
0x75010000 - 0x75017000 	C:\windows\system32\WINNSI.DLL
0x74500000 - 0x74506000 	C:\windows\system32\rasadhlp.dll
0x6c600000 - 0x6c638000 	C:\windows\System32\fwpuclnt.dll
0x73670000 - 0x73738000 	C:\windows\system32\opengl32.dll
0x73640000 - 0x73662000 	C:\windows\system32\GLU32.dll
0x72f60000 - 0x73047000 	C:\windows\system32\DDRAW.dll
0x73630000 - 0x73636000 	C:\windows\system32\DCIMAN32.dll
0x72f30000 - 0x72f56000 	D:\Program Files (x86)\Java\jre\bin\jpeg.dll
0x72ef0000 - 0x72f29000 	D:\Program Files (x86)\Java\jre\bin\fontmanager.dll
0x6c850000 - 0x6c89c000 	C:\windows\system32\apphelp.dll
0x00c00000 - 0x00c12000 	D:\Program Files (x86)\Java\jre\bin\rxtxSerial.dll
0x6c240000 - 0x6c267000 	C:\windows\system32\crtdll.dll
0x74730000 - 0x7481b000 	C:\windows\system32\dbghelp.dll

VM Arguments:
jvm_args: -Dfile.encoding=GBK 
java_command: com.js.jhjs.MainClass
java_class_path (initial): F:\java2017proj\mainCanteen\bin;E:\opensource\gson-2.8.5.jar;E:\opensource\mysql-connector-java-5.1.39\mysql-connector-java-5.1.39\mysql-connector-java-5.1.39-bin.jar;E:\opensource\jna-3.2.5.jar\jna-3.2.5.jar;E:\opensource\rxtx-2.1-7-bins-r2\RXTXcomm.jar;E:\opensource\httpcomponents-client-4.5.6-bin\httpcomponents-client-4.5.6\lib\commons-codec-1.10.jar;E:\opensource\httpcomponents-client-4.5.6-bin\httpcomponents-client-4.5.6\lib\commons-logging-1.2.jar;E:\opensource\httpcomponents-client-4.5.6-bin\httpcomponents-client-4.5.6\lib\fluent-hc-4.5.6.jar;E:\opensource\httpcomponents-client-4.5.6-bin\httpcomponents-client-4.5.6\lib\httpclient-4.5.6.jar;E:\opensource\httpcomponents-client-4.5.6-bin\httpcomponents-client-4.5.6\lib\httpclient-cache-4.5.6.jar;E:\opensource\httpcomponents-client-4.5.6-bin\httpcomponents-client-4.5.6\lib\httpclient-win-4.5.6.jar;E:\opensource\httpcomponents-client-4.5.6-bin\httpcomponents-client-4.5.6\lib\httpcore-4.4.10.jar;E:\opensource\httpcomponents-client-4.5.6-bin\httpcomponents-client-4.5.6\lib\httpmime-4.5.6.jar;E:\opensource\httpcomponents-client-4.5.6-bin\httpcomponents-client-4.5.6\lib\jna-4.4.0.jar;E:\opensource\httpcomponents-client-4.5.6-bin\httpcomponents-client-4.5.6\lib\jna-platform-4.4.0.jar;E:\opensource\mybatis-3.4.6\mybatis-3.4.6.jar
Launcher Type: SUN_STANDARD

Environment Variables:
JAVA_HOME=D:\Program Files\Java\jdk1.8
CLASSPATH=.;D:\Program Files\Java\jdk1.8\lib\dt.jar;D:\Program Files\Java\jdk1.8\lib\tools.jar;
PATH=C:\Program Files (x86)\Common Files\Oracle\Java\javapath;G:\sdk\tools\lib\monitor-x86_64\jre\bin\javaw.exe;C:\Windows\System32;F:\soui\bin;D:\CTEX\CTeX\ty\bin;D:\CTEX\Ghostscript\gs9.05\bin;D:\CTEX\GSview\gsview;D:\CTEX\WinEdt;D:\Python35;D:\Python35\Scripts;D:\Program Files\Git\cmd;C:\Program Files (x86)\Common Files\Thunder Network\KanKan\Codecs;C:\Users\bonjava\AppData\Local\GitHubDesktop\bin
USERNAME=Administrator
OS=Windows_NT
PROCESSOR_IDENTIFIER=Intel64 Family 6 Model 60 Stepping 3, GenuineIntel



---------------  S Y S T E M  ---------------

OS: Windows 7 , 64 bit Build 7601 (6.1.7601.24214)

CPU:total 8 (initial active 8) (4 cores per cpu, 2 threads per core) family 6 model 60 stepping 3, cmov, cx8, fxsr, mmx, sse, sse2, sse3, ssse3, sse4.1, sse4.2, popcnt, avx, avx2, aes, clmul, erms, lzcnt, ht, tsc, tscinvbit, bmi1, bmi2

Memory: 4k page, physical 16663584k(10574892k free), swap 17710260k(11341128k free)

vm_info: Java HotSpot(TM) Client VM (25.181-b13) for windows-x86 JRE (1.8.0_181-b13), built on Jul  7 2018 03:18:20 by "java_re" with MS VC++ 10.0 (VS2010)

time: Thu Aug 30 21:47:45 2018
elapsed time: 0 seconds (0d 0h 0m 0s)

