#
# A fatal error has been detected by the Java Runtime Environment:
#
#  EXCEPTION_ACCESS_VIOLATION (0xc0000005) at pc=0x14e4320b, pid=11448, tid=0x00002830
#
# JRE version: Java(TM) SE Runtime Environment (8.0_181-b13) (build 1.8.0_181-b13)
# Java VM: Java HotSpot(TM) Client VM (25.181-b13 mixed mode windows-x86 )
# Problematic frame:
# C  [rxtxSerial.dll+0x320b]
#
# Failed to write core dump. Minidumps are not enabled by default on client versions of Windows
#
# If you would like to submit a bug report, please visit:
#   http://bugreport.java.com/bugreport/crash.jsp
# The crash happened outside the Java Virtual Machine in native code.
# See problematic frame for where to report the bug.
#

---------------  T H R E A D  ---------------

Current thread (0x154b7400):  JavaThread "pool-1-thread-1" [_thread_in_native, id=10288, stack(0x18020000,0x18070000)]

siginfo: ExceptionCode=0xc0000005, reading address 0x00000060

Registers:
EAX=0x00000000, EBX=0x61bab910, ECX=0x1806edd8, EDX=0x1806ed68
ESP=0x1806f140, EBP=0x1806f1d8, ESI=0x15f526b8, EDI=0x154b7400
EIP=0x14e4320b, EFLAGS=0x00010202

Top of Stack: (sp=0x1806f140)
0x1806f140:   154b7400 0000000b 0000001d 00000002
0x1806f150:   1806f184 61ad7273 154b7400 f2120316
0x1806f160:   00000000 154b7400 00000000 1806f15c
0x1806f170:   00000000 00000000 00000000 00000000
0x1806f180:   fffffffe 00000022 ffffffff 15369b50
0x1806f190:   00000000 00fffff8 61baba0e 154b7400
0x1806f1a0:   1806f1d8 6c24e5f4 1806f1b8 14e4673e
0x1806f1b0:   1806f1ec 15f526b8 1806f23b 7fffffdc 

Instructions: (pc=0x14e4320b)
0x14e431eb:   04 85 c0 74 0c 8b 45 fc c7 40 78 04 00 00 00 eb
0x14e431fb:   0a 8b 45 fc c7 40 78 00 00 00 00 a1 00 d0 e4 14
0x14e4320b:   83 78 60 00 75 2d 83 c4 fc 8b 45 fc 50 68 40 30
0x14e4321b:   e4 14 8d 85 70 ff ff ff 50 e8 3f 97 00 00 83 c4 


Register to memory mapping:

EAX=0x00000000 is an unknown value
EBX=0x61bab910 is an unknown value
ECX=0x1806edd8 is pointing into the stack for thread: 0x154b7400
EDX=0x1806ed68 is pointing into the stack for thread: 0x154b7400
ESP=0x1806f140 is pointing into the stack for thread: 0x154b7400
EBP=0x1806f1d8 is pointing into the stack for thread: 0x154b7400
ESI=0x15f526b8 is pointing into metadata
EDI=0x154b7400 is a thread


Stack: [0x18020000,0x18070000],  sp=0x1806f140,  free space=316k
Native frames: (J=compiled Java code, j=interpreted, Vv=VM code, C=native code)
C  [rxtxSerial.dll+0x320b]
C  [rxtxSerial.dll+0x6988]
j  gnu.io.RXTXPort.open(Ljava/lang/String;)I+0
j  gnu.io.RXTXPort.<init>(Ljava/lang/String;)V+114
j  gnu.io.RXTXCommDriver.getCommPort(Ljava/lang/String;I)Lgnu/io/CommPort;+78
j  gnu.io.CommPortIdentifier.open(Ljava/lang/String;I)Lgnu/io/CommPort;+80
j  com.js.jhjs.MainClass$SerialTools.openSerialPort(Lgnu/io/CommPortIdentifier;I)Z+5
j  com.js.jhjs.MainClass.lambda$0(Lgnu/io/CommPortIdentifier;)V+18
j  com.js.jhjs.MainClass$$Lambda$32.run()V+8
j  java.util.concurrent.ThreadPoolExecutor.runWorker(Ljava/util/concurrent/ThreadPoolExecutor$Worker;)V+95
j  java.util.concurrent.ThreadPoolExecutor$Worker.run()V+5
j  java.lang.Thread.run()V+11
v  ~StubRoutines::call_stub
V  [jvm.dll+0x15c065]
V  [jvm.dll+0x223ade]
V  [jvm.dll+0x15c0fe]
V  [jvm.dll+0x15c286]
V  [jvm.dll+0x15c2f7]
V  [jvm.dll+0x10016f]
V  [jvm.dll+0x17f280]
V  [jvm.dll+0x17fafa]
V  [jvm.dll+0x1c5416]
C  [msvcr100.dll+0x5c556]
C  [msvcr100.dll+0x5c600]
C  [kernel32.dll+0x1343d]
C  [ntdll.dll+0x39832]
C  [ntdll.dll+0x39805]
C  0x00000000

Java frames: (J=compiled Java code, j=interpreted, Vv=VM code)
j  gnu.io.RXTXPort.open(Ljava/lang/String;)I+0
j  gnu.io.RXTXPort.<init>(Ljava/lang/String;)V+114
j  gnu.io.RXTXCommDriver.getCommPort(Ljava/lang/String;I)Lgnu/io/CommPort;+78
j  gnu.io.CommPortIdentifier.open(Ljava/lang/String;I)Lgnu/io/CommPort;+80
j  com.js.jhjs.MainClass$SerialTools.openSerialPort(Lgnu/io/CommPortIdentifier;I)Z+5
j  com.js.jhjs.MainClass.lambda$0(Lgnu/io/CommPortIdentifier;)V+18
j  com.js.jhjs.MainClass$$Lambda$32.run()V+8
j  java.util.concurrent.ThreadPoolExecutor.runWorker(Ljava/util/concurrent/ThreadPoolExecutor$Worker;)V+95
j  java.util.concurrent.ThreadPoolExecutor$Worker.run()V+5
j  java.lang.Thread.run()V+11
v  ~StubRoutines::call_stub

---------------  P R O C E S S  ---------------

Java Threads: ( => current thread )
  0x154b8c00 JavaThread "DestroyJavaVM" [_thread_blocked, id=9312, stack(0x00f50000,0x00fa0000)]
  0x154b8800 JavaThread "pool-1-thread-4" [_thread_blocked, id=11132, stack(0x15d70000,0x15dc0000)]
  0x154b8000 JavaThread "pool-1-thread-3" [_thread_in_native, id=12196, stack(0x18130000,0x18180000)]
  0x154b7c00 JavaThread "pool-1-thread-2" [_thread_blocked, id=10228, stack(0x17f20000,0x17f70000)]
=>0x154b7400 JavaThread "pool-1-thread-1" [_thread_in_native, id=10288, stack(0x18020000,0x18070000)]
  0x154b7000 JavaThread "Keep-Alive-Timer" daemon [_thread_blocked, id=11492, stack(0x15dd0000,0x15e20000)]
  0x154b6800 JavaThread "Thread-6" [_thread_blocked, id=9768, stack(0x15e20000,0x15e70000)]
  0x154b6000 JavaThread "Thread-5" [_thread_blocked, id=12012, stack(0x15d00000,0x15d50000)]
  0x15312400 JavaThread "Thread-4" [_thread_in_Java, id=9316, stack(0x15c00000,0x15c50000)]
  0x15312000 JavaThread "AWT-EventQueue-0" [_thread_in_native, id=12016, stack(0x16c30000,0x16c80000)]
  0x152a6400 JavaThread "Thread-3" [_thread_in_native, id=10896, stack(0x16a50000,0x16aa0000)]
  0x15297c00 JavaThread "Thread-2" [_thread_blocked, id=8712, stack(0x16ab0000,0x16b00000)]
  0x152e8000 JavaThread "Thread-1" [_thread_in_Java, id=5628, stack(0x166c0000,0x16710000)]
  0x152f5c00 JavaThread "Image Fetcher 0" daemon [_thread_blocked, id=3936, stack(0x01050000,0x010a0000)]
  0x151eac00 JavaThread "Abandoned connection cleanup thread" daemon [_thread_blocked, id=6248, stack(0x15680000,0x156d0000)]
  0x1513a000 JavaThread "AWT-Windows" daemon [_thread_in_native, id=10088, stack(0x155c0000,0x15610000)]
  0x15138c00 JavaThread "AWT-Shutdown" [_thread_blocked, id=6908, stack(0x15790000,0x157e0000)]
  0x15136000 JavaThread "Java2D Disposer" daemon [_thread_blocked, id=11720, stack(0x15630000,0x15680000)]
  0x14cecc00 JavaThread "Service Thread" daemon [_thread_blocked, id=12260, stack(0x14fb0000,0x15000000)]
  0x14cc5c00 JavaThread "C1 CompilerThread0" daemon [_thread_blocked, id=11148, stack(0x14e60000,0x14eb0000)]
  0x14cc4c00 JavaThread "Attach Listener" daemon [_thread_blocked, id=7116, stack(0x00fa0000,0x00ff0000)]
  0x00dccc00 JavaThread "Signal Dispatcher" daemon [_thread_blocked, id=9456, stack(0x14f30000,0x14f80000)]
  0x00dc2c00 JavaThread "Finalizer" daemon [_thread_blocked, id=12088, stack(0x14be0000,0x14c30000)]
  0x00dbcc00 JavaThread "Reference Handler" daemon [_thread_blocked, id=11900, stack(0x04590000,0x045e0000)]

Other Threads:
  0x00db5800 VMThread [stack: 0x14aa0000,0x14af0000] [id=8472]
  0x14cf7400 WatcherThread [stack: 0x150b0000,0x15100000] [id=1276]

VM state:not at safepoint (normal execution)

VM Mutex/Monitor currently owned by a thread: None

Heap:
 def new generation   total 19008K, used 12131K [0x04600000, 0x05a90000, 0x09b50000)
  eden space 16960K,  68% used [0x04600000, 0x0514ee10, 0x05690000)
  from space 2048K,  26% used [0x05690000, 0x05719e18, 0x05890000)
  to   space 2048K,   0% used [0x05890000, 0x05890000, 0x05a90000)
 tenured generation   total 41932K, used 25159K [0x09b50000, 0x0c443000, 0x14600000)
   the space 41932K,  59% used [0x09b50000, 0x0b3e1cb8, 0x0b3e1e00, 0x0c443000)
 Metaspace       used 9656K, capacity 9880K, committed 9984K, reserved 10624K

Card table byte_map: [0x00e80000,0x00f10000] byte_map_base: 0x00e5d000

Polling page: 0x00120000

CodeCache: size=32768Kb used=1453Kb max_used=1453Kb free=31314Kb
 bounds [0x02580000, 0x026f0000, 0x04580000]
 total_blobs=767 nmethods=522 adapters=176
 compilation: enabled

Compilation events (10 events):
Event: 1.043 Thread 0x14cc5c00  483             java.lang.String::<init> (21 bytes)
Event: 1.043 Thread 0x14cc5c00 nmethod 483 0x026e0ec8 code [0x026e0fc0, 0x026e1060]
Event: 1.043 Thread 0x14cc5c00  484             gnu.io.RXTXCommDriver::registerValidPorts (242 bytes)
Event: 1.044 Thread 0x14cc5c00 nmethod 484 0x026e10c8 code [0x026e12e0, 0x026e1c0c]
Event: 1.046 Thread 0x14cc5c00  485             java.lang.invoke.MemberName::getDeclaringClass (5 bytes)
Event: 1.047 Thread 0x14cc5c00 nmethod 485 0x026e2908 code [0x026e2a00, 0x026e2a80]
Event: 1.049 Thread 0x14cc5c00  487             java.net.URL::getPath (5 bytes)
Event: 1.049 Thread 0x14cc5c00 nmethod 487 0x026e2ac8 code [0x026e2bc0, 0x026e2c40]
Event: 1.049 Thread 0x14cc5c00  488             java.net.URL::getAuthority (5 bytes)
Event: 1.049 Thread 0x14cc5c00 nmethod 488 0x026e2c88 code [0x026e2d80, 0x026e2e00]

GC Heap History (10 events):
Event: 0.968 GC heap before
{Heap before GC invocations=34 (full 1):
 def new generation   total 7040K, used 6335K [0x04600000, 0x04da0000, 0x09b50000)
  eden space 6272K, 100% used [0x04600000, 0x04c20000, 0x04c20000)
  from space 768K,   8% used [0x04c20000, 0x04c2fd68, 0x04ce0000)
  to   space 768K,   0% used [0x04ce0000, 0x04ce0000, 0x04da0000)
 tenured generation   total 20620K, used 19933K [0x09b50000, 0x0af73000, 0x14600000)
   the space 20620K,  96% used [0x09b50000, 0x0aec77a8, 0x0aec7800, 0x0af73000)
 Metaspace       used 9120K, capacity 9360K, committed 9472K, reserved 9600K
Event: 0.969 GC heap after
Heap after GC invocations=35 (full 1):
 def new generation   total 7040K, used 8K [0x04600000, 0x04da0000, 0x09b50000)
  eden space 6272K,   0% used [0x04600000, 0x04600000, 0x04c20000)
  from space 768K,   1% used [0x04ce0000, 0x04ce20d0, 0x04da0000)
  to   space 768K,   0% used [0x04c20000, 0x04c20000, 0x04ce0000)
 tenured generation   total 20620K, used 19988K [0x09b50000, 0x0af73000, 0x14600000)
   the space 20620K,  96% used [0x09b50000, 0x0aed5240, 0x0aed5400, 0x0af73000)
 Metaspace       used 9120K, capacity 9360K, committed 9472K, reserved 9600K
}
Event: 0.981 GC heap before
{Heap before GC invocations=35 (full 1):
 def new generation   total 7040K, used 6280K [0x04600000, 0x04da0000, 0x09b50000)
  eden space 6272K, 100% used [0x04600000, 0x04c20000, 0x04c20000)
  from space 768K,   1% used [0x04ce0000, 0x04ce20d0, 0x04da0000)
  to   space 768K,   0% used [0x04c20000, 0x04c20000, 0x04ce0000)
 tenured generation   total 20620K, used 19988K [0x09b50000, 0x0af73000, 0x14600000)
   the space 20620K,  96% used [0x09b50000, 0x0aed5240, 0x0aed5400, 0x0af73000)
 Metaspace       used 9207K, capacity 9424K, committed 9472K, reserved 9600K
Event: 0.982 GC heap after
Heap after GC invocations=36 (full 1):
 def new generation   total 7040K, used 23K [0x04600000, 0x04da0000, 0x09b50000)
  eden space 6272K,   0% used [0x04600000, 0x04600000, 0x04c20000)
  from space 768K,   3% used [0x04c20000, 0x04c25f40, 0x04ce0000)
  to   space 768K,   0% used [0x04ce0000, 0x04ce0000, 0x04da0000)
 tenured generation   total 20620K, used 19990K [0x09b50000, 0x0af73000, 0x14600000)
   the space 20620K,  96% used [0x09b50000, 0x0aed5988, 0x0aed5a00, 0x0af73000)
 Metaspace       used 9207K, capacity 9424K, committed 9472K, reserved 9600K
}
Event: 0.991 GC heap before
{Heap before GC invocations=36 (full 1):
 def new generation   total 7040K, used 5061K [0x04600000, 0x04da0000, 0x09b50000)
  eden space 6272K,  80% used [0x04600000, 0x04aeb740, 0x04c20000)
  from space 768K,   3% used [0x04c20000, 0x04c25f40, 0x04ce0000)
  to   space 768K,   0% used [0x04ce0000, 0x04ce0000, 0x04da0000)
 tenured generation   total 20620K, used 19990K [0x09b50000, 0x0af73000, 0x14600000)
   the space 20620K,  96% used [0x09b50000, 0x0aed5988, 0x0aed5a00, 0x0af73000)
 Metaspace       used 9374K, capacity 9616K, committed 9728K, reserved 10624K
Event: 0.992 GC heap after
Heap after GC invocations=37 (full 1):
 def new generation   total 7040K, used 87K [0x04600000, 0x04da0000, 0x09b50000)
  eden space 6272K,   0% used [0x04600000, 0x04600000, 0x04c20000)
  from space 768K,  11% used [0x04ce0000, 0x04cf5c30, 0x04da0000)
  to   space 768K,   0% used [0x04c20000, 0x04c20000, 0x04ce0000)
 tenured generation   total 20620K, used 19995K [0x09b50000, 0x0af73000, 0x14600000)
   the space 20620K,  96% used [0x09b50000, 0x0aed6f28, 0x0aed7000, 0x0af73000)
 Metaspace       used 9374K, capacity 9616K, committed 9728K, reserved 10624K
}
Event: 0.995 GC heap before
{Heap before GC invocations=37 (full 1):
 def new generation   total 7040K, used 6400K [0x04600000, 0x04da0000, 0x09b50000)
  eden space 6272K, 100% used [0x04600000, 0x04c20000, 0x04c20000)
  from space 768K,  16% used [0x04ce0000, 0x04d000e8, 0x04da0000)
  to   space 768K,   0% used [0x04c20000, 0x04c20000, 0x04ce0000)
 tenured generation   total 20620K, used 19995K [0x09b50000, 0x0af73000, 0x14600000)
   the space 20620K,  96% used [0x09b50000, 0x0aed6f28, 0x0aed7000, 0x0af73000)
 Metaspace       used 9384K, capacity 9616K, committed 9728K, reserved 10624K
Event: 1.007 GC heap after
Heap after GC invocations=38 (full 2):
 def new generation   total 19008K, used 0K [0x04600000, 0x05a90000, 0x09b50000)
  eden space 16960K,   0% used [0x04600000, 0x04600000, 0x05690000)
  from space 2048K,   0% used [0x05690000, 0x05690000, 0x05890000)
  to   space 2048K,   0% used [0x05890000, 0x05890000, 0x05a90000)
 tenured generation   total 41932K, used 25159K [0x09b50000, 0x0c443000, 0x14600000)
   the space 41932K,  59% used [0x09b50000, 0x0b3e1cb8, 0x0b3e1e00, 0x0c443000)
 Metaspace       used 9384K, capacity 9616K, committed 9728K, reserved 10624K
}
Event: 1.036 GC heap before
{Heap before GC invocations=38 (full 2):
 def new generation   total 19008K, used 16960K [0x04600000, 0x05a90000, 0x09b50000)
  eden space 16960K, 100% used [0x04600000, 0x05690000, 0x05690000)
  from space 2048K,   0% used [0x05690000, 0x05690000, 0x05890000)
  to   space 2048K,   0% used [0x05890000, 0x05890000, 0x05a90000)
 tenured generation   total 41932K, used 25159K [0x09b50000, 0x0c443000, 0x14600000)
   the space 41932K,  59% used [0x09b50000, 0x0b3e1cb8, 0x0b3e1e00, 0x0c443000)
 Metaspace       used 9570K, capacity 9808K, committed 9856K, reserved 10624K
Event: 1.038 GC heap after
Heap after GC invocations=39 (full 2):
 def new generation   total 19008K, used 219K [0x04600000, 0x05a90000, 0x09b50000)
  eden space 16960K,   0% used [0x04600000, 0x04600000, 0x05690000)
  from space 2048K,  10% used [0x05890000, 0x058c6d20, 0x05a90000)
  to   space 2048K,   0% used [0x05690000, 0x05690000, 0x05890000)
 tenured generation   total 41932K, used 25159K [0x09b50000, 0x0c443000, 0x14600000)
   the space 41932K,  59% used [0x09b50000, 0x0b3e1cb8, 0x0b3e1e00, 0x0c443000)
 Metaspace       used 9570K, capacity 9808K, committed 9856K, reserved 10624K
}

Deoptimization events (0 events):
No events

Classes redefined (0 events):
No events

Internal exceptions (10 events):
Event: 0.105 Thread 0x00dfdc00 Exception <a 'java/io/FileNotFoundException'> (0x0473a4e8) thrown at [C:\workspace\8-2-build-windows-i586-cygwin\jdk8u181\11358\hotspot\src\share\vm\prims\jni.cpp, line 709]
Event: 0.129 Thread 0x00dfdc00 Exception <a 'java/lang/NoSuchFieldError': method resolution failed> (0x047f8298) thrown at [C:\workspace\8-2-build-windows-i586-cygwin\jdk8u181\11358\hotspot\src\share\vm\prims\methodHandles.cpp, line 1167]
Event: 0.130 Thread 0x00dfdc00 Exception <a 'java/lang/NoSuchFieldError': method resolution failed> (0x04804438) thrown at [C:\workspace\8-2-build-windows-i586-cygwin\jdk8u181\11358\hotspot\src\share\vm\prims\methodHandles.cpp, line 1167]
Event: 0.176 Thread 0x00dfdc00 Exception <a 'java/io/FileNotFoundException'> (0x048eaba0) thrown at [C:\workspace\8-2-build-windows-i586-cygwin\jdk8u181\11358\hotspot\src\share\vm\prims\jni.cpp, line 709]
Event: 0.776 Thread 0x00dfdc00 Exception <a 'java/io/FileNotFoundException'> (0x0460f238) thrown at [C:\workspace\8-2-build-windows-i586-cygwin\jdk8u181\11358\hotspot\src\share\vm\prims\jni.cpp, line 709]
Event: 0.776 Thread 0x00dfdc00 Exception <a 'java/lang/NullPointerException'> (0x046d97a8) thrown at [C:\workspace\8-2-build-windows-i586-cygwin\jdk8u181\11358\hotspot\src\share\vm\interpreter\linkResolver.cpp, line 1185]
Event: 0.988 Thread 0x00dfdc00 Exception <a 'java/io/FileNotFoundException'> (0x04997660) thrown at [C:\workspace\8-2-build-windows-i586-cygwin\jdk8u181\11358\hotspot\src\share\vm\prims\jni.cpp, line 709]
Event: 1.019 Thread 0x00dfdc00 Exception <a 'java/io/FileNotFoundException'> (0x04d98080) thrown at [C:\workspace\8-2-build-windows-i586-cygwin\jdk8u181\11358\hotspot\src\share\vm\prims\jni.cpp, line 709]
Event: 1.020 Thread 0x00dfdc00 Exception <a 'java/io/FileNotFoundException'> (0x04dfe5d0) thrown at [C:\workspace\8-2-build-windows-i586-cygwin\jdk8u181\11358\hotspot\src\share\vm\prims\jni.cpp, line 709]
Event: 1.043 Thread 0x00dfdc00 Exception <a 'java/io/FileNotFoundException'> (0x04a37670) thrown at [C:\workspace\8-2-build-windows-i586-cygwin\jdk8u181\11358\hotspot\src\share\vm\prims\jni.cpp, line 709]

Events (10 events):
Event: 1.048 Thread 0x00dfdc00 Thread exited: 0x00dfdc00
Event: 1.048 Thread 0x154b8c00 Thread added: 0x154b8c00
Event: 1.049 loading class gnu/io/RXTXPort$SerialOutputStream
Event: 1.049 loading class gnu/io/RXTXPort$SerialOutputStream done
Event: 1.049 loading class gnu/io/RXTXPort$SerialInputStream
Event: 1.049 loading class gnu/io/RXTXPort$SerialInputStream done
Event: 1.050 loading class gnu/io/Zystem
Event: 1.050 loading class gnu/io/Zystem done
Event: 1.050 loading class gnu/io/UnSupportedLoggerException
Event: 1.050 loading class gnu/io/UnSupportedLoggerException done


Dynamic libraries:
0x01140000 - 0x01173000 	D:\Program Files (x86)\Java\jre\bin\javaw.exe
0x77330000 - 0x774b0000 	C:\windows\SysWOW64\ntdll.dll
0x75c90000 - 0x75da0000 	C:\windows\syswow64\kernel32.dll
0x75980000 - 0x759c7000 	C:\windows\syswow64\KERNELBASE.dll
0x75690000 - 0x75731000 	C:\windows\syswow64\ADVAPI32.dll
0x758a0000 - 0x7594c000 	C:\windows\syswow64\msvcrt.dll
0x76d50000 - 0x76d69000 	C:\windows\SysWOW64\sechost.dll
0x759d0000 - 0x75ac0000 	C:\windows\syswow64\RPCRT4.dll
0x74aa0000 - 0x74b00000 	C:\windows\syswow64\SspiCli.dll
0x74a90000 - 0x74a9c000 	C:\windows\syswow64\CRYPTBASE.dll
0x75dd0000 - 0x75ed0000 	C:\windows\syswow64\USER32.dll
0x76dd0000 - 0x76e60000 	C:\windows\syswow64\GDI32.dll
0x74b20000 - 0x74b2a000 	C:\windows\syswow64\LPK.dll
0x74c40000 - 0x74cdd000 	C:\windows\syswow64\USP10.dll
0x6a0a0000 - 0x6a23e000 	C:\windows\WinSxS\x86_microsoft.windows.common-controls_6595b64144ccf1df_6.0.7601.18837_none_41e855142bd5705d\COMCTL32.dll
0x753b0000 - 0x75407000 	C:\windows\syswow64\SHLWAPI.dll
0x76d70000 - 0x76dd0000 	C:\windows\system32\IMM32.DLL
0x75160000 - 0x7522d000 	C:\windows\syswow64\MSCTF.dll
0x74850000 - 0x7487b000 	C:\windows\SysWOW64\nvinit.dll
0x749c0000 - 0x749c9000 	C:\windows\system32\VERSION.dll
0x69fc0000 - 0x69fc6000 	C:\Program Files (x86)\NVIDIA Corporation\CoProcManager\detoured.dll
0x69f90000 - 0x69fba000 	C:\Program Files (x86)\NVIDIA Corporation\CoProcManager\nvd3d9wrap.dll
0x76b30000 - 0x76ccd000 	C:\windows\syswow64\SETUPAPI.dll
0x75da0000 - 0x75dc7000 	C:\windows\syswow64\CFGMGR32.dll
0x76e70000 - 0x76f01000 	C:\windows\syswow64\OLEAUT32.dll
0x75740000 - 0x7589d000 	C:\windows\syswow64\ole32.dll
0x75950000 - 0x75962000 	C:\windows\syswow64\DEVOBJ.dll
0x69f70000 - 0x69f8e000 	C:\Program Files (x86)\NVIDIA Corporation\CoProcManager\nvdxgiwrap.dll
0x61eb0000 - 0x61f6f000 	D:\Program Files (x86)\Java\jre\bin\msvcr100.dll
0x61ad0000 - 0x61ea3000 	D:\Program Files (x86)\Java\jre\bin\client\jvm.dll
0x69810000 - 0x69817000 	C:\windows\system32\WSOCK32.dll
0x76f10000 - 0x76f45000 	C:\windows\syswow64\WS2_32.dll
0x74b10000 - 0x74b16000 	C:\windows\syswow64\NSI.dll
0x70a00000 - 0x70a32000 	C:\windows\system32\WINMM.dll
0x75bf0000 - 0x75bf5000 	C:\windows\syswow64\PSAPI.DLL
0x6a690000 - 0x6a69c000 	D:\Program Files (x86)\Java\jre\bin\verify.dll
0x6a660000 - 0x6a682000 	D:\Program Files (x86)\Java\jre\bin\java.dll
0x6a640000 - 0x6a654000 	D:\Program Files (x86)\Java\jre\bin\zip.dll
0x75ee0000 - 0x76b2c000 	C:\windows\syswow64\SHELL32.dll
0x750e0000 - 0x750eb000 	C:\windows\syswow64\profapi.dll
0x61980000 - 0x61ac7000 	D:\Program Files (x86)\Java\jre\bin\awt.dll
0x67670000 - 0x676f0000 	C:\windows\system32\uxtheme.dll
0x67650000 - 0x67663000 	C:\windows\system32\dwmapi.dll
0x6a620000 - 0x6a635000 	D:\Program Files (x86)\Java\jre\bin\net.dll
0x73d10000 - 0x73d4c000 	C:\windows\system32\mswsock.dll
0x6be40000 - 0x6be46000 	C:\windows\System32\wship6.dll
0x73d00000 - 0x73d05000 	C:\windows\System32\wshtcpip.dll
0x73bf0000 - 0x73c34000 	C:\windows\system32\DNSAPI.dll
0x73bb0000 - 0x73bd1000 	C:\Program Files (x86)\Bonjour\mdnsNSP.dll
0x74680000 - 0x7469c000 	C:\windows\system32\Iphlpapi.DLL
0x74670000 - 0x74677000 	C:\windows\system32\WINNSI.DLL
0x73a20000 - 0x73a26000 	C:\windows\system32\rasadhlp.dll
0x6be00000 - 0x6be38000 	C:\windows\System32\fwpuclnt.dll
0x62c70000 - 0x62d38000 	C:\windows\system32\opengl32.dll
0x66120000 - 0x66142000 	C:\windows\system32\GLU32.dll
0x61890000 - 0x61977000 	C:\windows\system32\DDRAW.dll
0x6a2a0000 - 0x6a2a6000 	C:\windows\system32\DCIMAN32.dll
0x660f0000 - 0x66116000 	D:\Program Files (x86)\Java\jre\bin\jpeg.dll
0x74340000 - 0x74357000 	C:\windows\system32\CRYPTSP.dll
0x74300000 - 0x7433b000 	C:\windows\system32\rsaenh.dll
0x74b30000 - 0x74b47000 	C:\windows\syswow64\USERENV.dll
0x6c060000 - 0x6c0ac000 	C:\windows\system32\apphelp.dll
0x73d50000 - 0x73d62000 	C:\windows\system32\dhcpcsvc.DLL
0x73a10000 - 0x73a1d000 	C:\windows\system32\dhcpcsvc6.DLL
0x65750000 - 0x65789000 	D:\Program Files (x86)\Java\jre\bin\fontmanager.dll
0x74b50000 - 0x74bd3000 	C:\windows\syswow64\CLBCatQ.DLL
0x67040000 - 0x67171000 	C:\windows\system32\WindowsCodecs.dll
0x659e0000 - 0x659fa000 	C:\Program Files (x86)\Common Files\TortoiseOverlays\TortoiseOverlays.dll
0x716b0000 - 0x716b3000 	C:\windows\system32\api-ms-win-core-synch-l1-2-0.DLL
0x656b0000 - 0x656c7000 	D:\Program Files\TortoiseSVN\bin\TortoiseStub32.dll
0x61510000 - 0x61886000 	D:\Program Files\TortoiseSVN\bin\TortoiseSVN32.dll
0x75ac0000 - 0x75be1000 	C:\windows\syswow64\CRYPT32.dll
0x75410000 - 0x7541c000 	C:\windows\syswow64\MSASN1.dll
0x74ce0000 - 0x750c1000 	C:\windows\syswow64\WININET.dll
0x74c30000 - 0x74c34000 	C:\windows\syswow64\api-ms-win-downlevel-user32-l1-1-0.dll
0x75ed0000 - 0x75ed4000 	C:\windows\syswow64\api-ms-win-downlevel-shlwapi-l1-1-0.dll
0x74b00000 - 0x74b04000 	C:\windows\syswow64\api-ms-win-downlevel-version-l1-1-0.dll
0x76e60000 - 0x76e63000 	C:\windows\syswow64\api-ms-win-downlevel-normaliz-l1-1-0.dll
0x75970000 - 0x75973000 	C:\windows\syswow64\normaliz.DLL
0x75450000 - 0x75686000 	C:\windows\syswow64\iertutil.dll
0x750d0000 - 0x750d5000 	C:\windows\syswow64\api-ms-win-downlevel-advapi32-l1-1-0.dll
0x61370000 - 0x61504000 	C:\Program Files (x86)\Microsoft Office\root\Office16\GROOVEEX.DLL
0x64fb0000 - 0x64fc5000 	C:\windows\system32\VCRUNTIME140.dll
0x652c0000 - 0x652c4000 	C:\windows\system32\api-ms-win-crt-runtime-l1-1-0.dll
0x61250000 - 0x61368000 	D:\Program Files (x86)\Java\jre\bin\ucrtbase.DLL
0x6a270000 - 0x6a273000 	D:\Program Files (x86)\Java\jre\bin\api-ms-win-core-timezone-l1-1-0.dll
0x696c0000 - 0x696c3000 	D:\Program Files (x86)\Java\jre\bin\api-ms-win-core-file-l2-1-0.dll
0x66e50000 - 0x66e53000 	D:\Program Files (x86)\Java\jre\bin\api-ms-win-core-localization-l1-2-0.dll
0x66830000 - 0x66833000 	D:\Program Files (x86)\Java\jre\bin\api-ms-win-core-processthreads-l1-1-1.dll
0x660e0000 - 0x660e3000 	D:\Program Files (x86)\Java\jre\bin\api-ms-win-core-file-l1-2-0.dll
0x64060000 - 0x64064000 	C:\windows\system32\api-ms-win-crt-string-l1-1-0.dll
0x64050000 - 0x64053000 	C:\windows\system32\api-ms-win-crt-heap-l1-1-0.dll
0x64040000 - 0x64044000 	C:\windows\system32\api-ms-win-crt-stdio-l1-1-0.dll
0x64030000 - 0x64034000 	C:\windows\system32\api-ms-win-crt-convert-l1-1-0.dll
0x65080000 - 0x650ed000 	C:\windows\system32\MSVCP140.dll
0x65740000 - 0x65743000 	C:\windows\system32\api-ms-win-crt-locale-l1-1-0.dll
0x656a0000 - 0x656a5000 	C:\windows\system32\api-ms-win-crt-math-l1-1-0.dll
0x65530000 - 0x65535000 	C:\windows\system32\api-ms-win-crt-multibyte-l1-1-0.dll
0x65520000 - 0x65523000 	C:\windows\system32\api-ms-win-crt-time-l1-1-0.dll
0x65380000 - 0x65383000 	C:\windows\system32\api-ms-win-crt-filesystem-l1-1-0.dll
0x65370000 - 0x65373000 	C:\windows\system32\api-ms-win-crt-environment-l1-1-0.dll
0x65360000 - 0x65363000 	C:\windows\system32\api-ms-win-crt-utility-l1-1-0.dll
0x73e80000 - 0x740c6000 	C:\windows\system32\msi.dll
0x60120000 - 0x60980000 	C:\Program Files (x86)\Microsoft Office\root\Office16\2052\GrooveIntlResource.dll
0x640a0000 - 0x640d1000 	C:\windows\system32\EhStorShell.dll
0x695c0000 - 0x696b5000 	C:\windows\system32\PROPSYS.dll
0x62f30000 - 0x62fa0000 	C:\windows\system32\ntshrui.dll
0x746b0000 - 0x746c9000 	C:\windows\system32\srvcli.dll
0x65070000 - 0x6507b000 	C:\windows\system32\cscapi.dll
0x652d0000 - 0x652da000 	C:\windows\system32\slc.dll
0x14e40000 - 0x14e52000 	D:\Program Files (x86)\Java\jre\bin\rxtxSerial.dll
0x6c240000 - 0x6c267000 	C:\windows\system32\crtdll.dll
0x65060000 - 0x6506f000 	D:\Program Files (x86)\Java\jre\bin\nio.dll
0x63ff0000 - 0x64022000 	D:\Program Files (x86)\Java\jre\bin\t2k.dll
0x73d90000 - 0x73e7b000 	C:\windows\system32\dbghelp.dll

VM Arguments:
jvm_args: -Dfile.encoding=GBK 
java_command: com.js.jhjs.MainClass
java_class_path (initial): F:\java2017proj\mainCanteen\bin;E:\opensource\gson-2.8.5.jar;E:\opensource\mysql-connector-java-5.1.39\mysql-connector-java-5.1.39\mysql-connector-java-5.1.39-bin.jar;E:\opensource\jna-3.2.5.jar\jna-3.2.5.jar;E:\opensource\rxtx-2.1-7-bins-r2\RXTXcomm.jar;E:\opensource\httpcomponents-client-4.5.6-bin\httpcomponents-client-4.5.6\lib\commons-codec-1.10.jar;E:\opensource\httpcomponents-client-4.5.6-bin\httpcomponents-client-4.5.6\lib\commons-logging-1.2.jar;E:\opensource\httpcomponents-client-4.5.6-bin\httpcomponents-client-4.5.6\lib\fluent-hc-4.5.6.jar;E:\opensource\httpcomponents-client-4.5.6-bin\httpcomponents-client-4.5.6\lib\httpclient-4.5.6.jar;E:\opensource\httpcomponents-client-4.5.6-bin\httpcomponents-client-4.5.6\lib\httpclient-cache-4.5.6.jar;E:\opensource\httpcomponents-client-4.5.6-bin\httpcomponents-client-4.5.6\lib\httpclient-win-4.5.6.jar;E:\opensource\httpcomponents-client-4.5.6-bin\httpcomponents-client-4.5.6\lib\httpcore-4.4.10.jar;E:\opensource\httpcomponents-client-4.5.6-bin\httpcomponents-client-4.5.6\lib\httpmime-4.5.6.jar;E:\opensource\httpcomponents-client-4.5.6-bin\httpcomponents-client-4.5.6\lib\jna-4.4.0.jar;E:\opensource\httpcomponents-client-4.5.6-bin\httpcomponents-client-4.5.6\lib\jna-platform-4.4.0.jar;E:\opensource\mybatis-3.4.6\mybatis-3.4.6.jar
Launcher Type: SUN_STANDARD

Environment Variables:
JAVA_HOME=D:\Program Files\Java\jdk1.8
CLASSPATH=.;D:\Program Files\Java\jdk1.8\lib\dt.jar;D:\Program Files\Java\jdk1.8\lib\tools.jar;
PATH=C:\Program Files (x86)\Common Files\Oracle\Java\javapath;G:\sdk\tools\lib\monitor-x86_64\jre\bin\javaw.exe;C:\Windows\System32;F:\soui\bin;D:\CTEX\CTeX\ty\bin;D:\CTEX\Ghostscript\gs9.05\bin;D:\CTEX\GSview\gsview;D:\CTEX\WinEdt;D:\Python35;D:\Python35\Scripts;D:\Program Files\Git\cmd;C:\Program Files (x86)\Common Files\Thunder Network\KanKan\Codecs;C:\Program Files\Microsoft VS Code\bin;C:\Users\bonjava\AppData\Local\GitHubDesktop\bin
USERNAME=Administrator
OS=Windows_NT
PROCESSOR_IDENTIFIER=Intel64 Family 6 Model 60 Stepping 3, GenuineIntel



---------------  S Y S T E M  ---------------

OS: Windows 7 , 64 bit Build 7601 (6.1.7601.24214)

CPU:total 8 (initial active 8) (4 cores per cpu, 2 threads per core) family 6 model 60 stepping 3, cmov, cx8, fxsr, mmx, sse, sse2, sse3, ssse3, sse4.1, sse4.2, popcnt, avx, avx2, aes, clmul, erms, lzcnt, ht, tsc, tscinvbit, bmi1, bmi2

Memory: 4k page, physical 16663584k(9654960k free), swap 17710260k(10082220k free)

vm_info: Java HotSpot(TM) Client VM (25.181-b13) for windows-x86 JRE (1.8.0_181-b13), built on Jul  7 2018 03:18:20 by "java_re" with MS VC++ 10.0 (VS2010)

time: Wed Sep 05 15:20:26 2018
elapsed time: 1 seconds (0d 0h 0m 1s)

