#
# A fatal error has been detected by the Java Runtime Environment:
#
#  EXCEPTION_ACCESS_VIOLATION (0xc0000005) at pc=0x047d320b, pid=8008, tid=0x000021b0
#
# JRE version: Java(TM) SE Runtime Environment (8.0_181-b13) (build 1.8.0_181-b13)
# Java VM: Java HotSpot(TM) Client VM (25.181-b13 mixed mode windows-x86 )
# Problematic frame:
# C  [rxtxSerial.dll+0x320b]
#
# Failed to write core dump. Minidumps are not enabled by default on client versions of Windows
#
# If you would like to submit a bug report, please visit:
#   http://bugreport.java.com/bugreport/crash.jsp
# The crash happened outside the Java Virtual Machine in native code.
# See problematic frame for where to report the bug.
#

---------------  T H R E A D  ---------------

Current thread (0x1534b800):  JavaThread "Thread-5" [_thread_in_native, id=8624, stack(0x16a40000,0x16a90000)]

siginfo: ExceptionCode=0xc0000005, reading address 0x00000060

Registers:
EAX=0x00000000, EBX=0x6c67b910, ECX=0x16a8f0b8, EDX=0x16a8f048
ESP=0x16a8f420, EBP=0x16a8f4b8, ESI=0x16858e50, EDI=0x1534b800
EIP=0x047d320b, EFLAGS=0x00010202

Top of Stack: (sp=0x16a8f420)
0x16a8f420:   1534b800 0000000b 0000001d 00000002
0x16a8f430:   16a8f464 6c5a7273 1534b800 cb976f2c
0x16a8f440:   00000000 1534b800 00000000 16a8f43c
0x16a8f450:   00000000 00000000 00000000 00000000
0x16a8f460:   fffffffe 00000022 ffffffff 153dda50
0x16a8f470:   00000000 00fffff8 6c67ba0e 1534b800
0x16a8f480:   16a8f4b8 6c24e5f4 16a8f498 047d673e
0x16a8f490:   16a8f4cc 16858e50 16a8f51b 7fffffdc 

Instructions: (pc=0x047d320b)
0x047d31eb:   04 85 c0 74 0c 8b 45 fc c7 40 78 04 00 00 00 eb
0x047d31fb:   0a 8b 45 fc c7 40 78 00 00 00 00 a1 00 d0 7d 04
0x047d320b:   83 78 60 00 75 2d 83 c4 fc 8b 45 fc 50 68 40 30
0x047d321b:   7d 04 8d 85 70 ff ff ff 50 e8 3f 97 00 00 83 c4 


Register to memory mapping:

EAX=0x00000000 is an unknown value
EBX=0x6c67b910 is an unknown value
ECX=0x16a8f0b8 is pointing into the stack for thread: 0x1534b800
EDX=0x16a8f048 is pointing into the stack for thread: 0x1534b800
ESP=0x16a8f420 is pointing into the stack for thread: 0x1534b800
EBP=0x16a8f4b8 is pointing into the stack for thread: 0x1534b800
ESI=0x16858e50 is pointing into metadata
EDI=0x1534b800 is a thread


Stack: [0x16a40000,0x16a90000],  sp=0x16a8f420,  free space=317k
Native frames: (J=compiled Java code, j=interpreted, Vv=VM code, C=native code)
C  [rxtxSerial.dll+0x320b]
C  [rxtxSerial.dll+0x6988]
j  gnu.io.RXTXPort.open(Ljava/lang/String;)I+0
j  gnu.io.RXTXPort.<init>(Ljava/lang/String;)V+114
j  gnu.io.RXTXCommDriver.getCommPort(Ljava/lang/String;I)Lgnu/io/CommPort;+78
j  gnu.io.CommPortIdentifier.open(Ljava/lang/String;I)Lgnu/io/CommPort;+80
j  com.js.jhjs.jcFrame$SerialTools.openSerialPort(Lgnu/io/CommPortIdentifier;I)Z+5
j  com.js.jhjs.jcFrame.lambda$1(Lcom/js/jhjs/jcFrame$SerialTools;Lgnu/io/CommPortIdentifier;)V+4
j  com.js.jhjs.jcFrame$$Lambda$18.run()V+8
j  java.lang.Thread.run()V+11
v  ~StubRoutines::call_stub
V  [jvm.dll+0x15c065]
V  [jvm.dll+0x223ade]
V  [jvm.dll+0x15c0fe]
V  [jvm.dll+0x15c286]
V  [jvm.dll+0x15c2f7]
V  [jvm.dll+0x10016f]
V  [jvm.dll+0x17f280]
V  [jvm.dll+0x17fafa]
V  [jvm.dll+0x1c5416]
C  [msvcr100.dll+0x5c556]
C  [msvcr100.dll+0x5c600]
C  [kernel32.dll+0x1343d]
C  [ntdll.dll+0x39832]
C  [ntdll.dll+0x39805]
C  0x00000000

Java frames: (J=compiled Java code, j=interpreted, Vv=VM code)
j  gnu.io.RXTXPort.open(Ljava/lang/String;)I+0
j  gnu.io.RXTXPort.<init>(Ljava/lang/String;)V+114
j  gnu.io.RXTXCommDriver.getCommPort(Ljava/lang/String;I)Lgnu/io/CommPort;+78
j  gnu.io.CommPortIdentifier.open(Ljava/lang/String;I)Lgnu/io/CommPort;+80
j  com.js.jhjs.jcFrame$SerialTools.openSerialPort(Lgnu/io/CommPortIdentifier;I)Z+5
j  com.js.jhjs.jcFrame.lambda$1(Lcom/js/jhjs/jcFrame$SerialTools;Lgnu/io/CommPortIdentifier;)V+4
j  com.js.jhjs.jcFrame$$Lambda$18.run()V+8
j  java.lang.Thread.run()V+11
v  ~StubRoutines::call_stub

---------------  P R O C E S S  ---------------

Java Threads: ( => current thread )
  0x15442000 JavaThread "Thread-4" [_thread_in_native, id=11176, stack(0x16d30000,0x16d80000)]
  0x153dd400 JavaThread "Thread-3" [_thread_in_vm, id=11768, stack(0x148f0000,0x14940000)]
=>0x1534b800 JavaThread "Thread-5" [_thread_in_native, id=8624, stack(0x16a40000,0x16a90000)]
  0x152df400 JavaThread "Thread-1" [_thread_in_native, id=10916, stack(0x16500000,0x16550000)]
  0x15343400 JavaThread "Image Fetcher 0" daemon [_thread_blocked, id=8536, stack(0x159b0000,0x15a00000)]
  0x15204000 JavaThread "Abandoned connection cleanup thread" daemon [_thread_blocked, id=11120, stack(0x16260000,0x162b0000)]
  0x0034dc00 JavaThread "DestroyJavaVM" [_thread_blocked, id=12276, stack(0x00db0000,0x00e00000)]
  0x14bdf000 JavaThread "AWT-EventQueue-0" [_thread_in_native, id=5272, stack(0x15a00000,0x15a50000)]
  0x14bdd000 JavaThread "AWT-Windows" daemon [_thread_in_native, id=11920, stack(0x156e0000,0x15730000)]
  0x14bdc800 JavaThread "AWT-Shutdown" [_thread_blocked, id=8292, stack(0x15530000,0x15580000)]
  0x14bda000 JavaThread "Java2D Disposer" daemon [_thread_blocked, id=12036, stack(0x15000000,0x15050000)]
  0x14a90400 JavaThread "Service Thread" daemon [_thread_blocked, id=7684, stack(0x150d0000,0x15120000)]
  0x14a69400 JavaThread "C1 CompilerThread0" daemon [_thread_blocked, id=11072, stack(0x14f00000,0x14f50000)]
  0x14a68800 JavaThread "Attach Listener" daemon [_thread_blocked, id=5412, stack(0x14da0000,0x14df0000)]
  0x00c5c000 JavaThread "Signal Dispatcher" daemon [_thread_blocked, id=11152, stack(0x14e60000,0x14eb0000)]
  0x00c52c00 JavaThread "Finalizer" daemon [_thread_blocked, id=10548, stack(0x148a0000,0x148f0000)]
  0x00c4cc00 JavaThread "Reference Handler" daemon [_thread_blocked, id=11208, stack(0x14940000,0x14990000)]

Other Threads:
  0x00c45800 VMThread [stack: 0x14830000,0x14880000] [id=3632]
  0x14a9ac00 WatcherThread [stack: 0x14fa0000,0x14ff0000] [id=11776]

VM state:not at safepoint (normal execution)

VM Mutex/Monitor currently owned by a thread: None

Heap:
 def new generation   total 7040K, used 5392K [0x04800000, 0x04fa0000, 0x09d50000)
  eden space 6272K,  85% used [0x04800000, 0x04d44120, 0x04e20000)
  from space 768K,   0% used [0x04e20000, 0x04e20000, 0x04ee0000)
  to   space 768K,   0% used [0x04ee0000, 0x04ee0000, 0x04fa0000)
 tenured generation   total 15468K, used 9278K [0x09d50000, 0x0ac6b000, 0x14800000)
   the space 15468K,  59% used [0x09d50000, 0x0a65fa20, 0x0a65fc00, 0x0ac6b000)
 Metaspace       used 7926K, capacity 8139K, committed 8192K, reserved 8576K

Card table byte_map: [0x00d00000,0x00d90000] byte_map_base: 0x00cdc000

Polling page: 0x000c0000

CodeCache: size=32768Kb used=1009Kb max_used=1009Kb free=31758Kb
 bounds [0x027d0000, 0x028d0000, 0x047d0000]
 total_blobs=467 nmethods=236 adapters=162
 compilation: enabled

Compilation events (10 events):
Event: 0.548 Thread 0x14a69400  230             gnu.io.RXTXCommDriver::registerValidPorts (242 bytes)
Event: 0.549 Thread 0x14a69400 nmethod 230 0x028c9d08 code [0x028c9f20, 0x028ca84c]
Event: 0.549 Thread 0x14a69400  231             java.net.URL::getProtocol (5 bytes)
Event: 0.549 Thread 0x14a69400 nmethod 231 0x028cb408 code [0x028cb500, 0x028cb580]
Event: 0.556 Thread 0x14a69400  232             java.lang.String::lastIndexOf (13 bytes)
Event: 0.556 Thread 0x14a69400 nmethod 232 0x028cb5c8 code [0x028cb6d0, 0x028cb76c]
Event: 0.557 Thread 0x14a69400  234             java.net.URL::getHost (5 bytes)
Event: 0.557 Thread 0x14a69400 nmethod 234 0x028cb808 code [0x028cb900, 0x028cb980]
Event: 0.559 Thread 0x14a69400  235             java.lang.Character::toUpperCase (6 bytes)
Event: 0.559 Thread 0x14a69400 nmethod 235 0x028cbc48 code [0x028cbd50, 0x028cbdf8]

GC Heap History (6 events):
Event: 0.215 GC heap before
{Heap before GC invocations=0 (full 0):
 def new generation   total 4928K, used 4416K [0x04800000, 0x04d50000, 0x09d50000)
  eden space 4416K, 100% used [0x04800000, 0x04c50000, 0x04c50000)
  from space 512K,   0% used [0x04c50000, 0x04c50000, 0x04cd0000)
  to   space 512K,   0% used [0x04cd0000, 0x04cd0000, 0x04d50000)
 tenured generation   total 10944K, used 0K [0x09d50000, 0x0a800000, 0x14800000)
   the space 10944K,   0% used [0x09d50000, 0x09d50000, 0x09d50200, 0x0a800000)
 Metaspace       used 4301K, capacity 4487K, committed 4608K, reserved 5504K
Event: 0.219 GC heap after
Heap after GC invocations=1 (full 0):
 def new generation   total 4928K, used 512K [0x04800000, 0x04d50000, 0x09d50000)
  eden space 4416K,   0% used [0x04800000, 0x04800000, 0x04c50000)
  from space 512K, 100% used [0x04cd0000, 0x04d50000, 0x04d50000)
  to   space 512K,   0% used [0x04c50000, 0x04c50000, 0x04cd0000)
 tenured generation   total 10944K, used 965K [0x09d50000, 0x0a800000, 0x14800000)
   the space 10944K,   8% used [0x09d50000, 0x09e41600, 0x09e41600, 0x0a800000)
 Metaspace       used 4301K, capacity 4487K, committed 4608K, reserved 5504K
}
Event: 0.318 GC heap before
{Heap before GC invocations=1 (full 0):
 def new generation   total 4928K, used 4928K [0x04800000, 0x04d50000, 0x09d50000)
  eden space 4416K, 100% used [0x04800000, 0x04c50000, 0x04c50000)
  from space 512K, 100% used [0x04cd0000, 0x04d50000, 0x04d50000)
  to   space 512K,   0% used [0x04c50000, 0x04c50000, 0x04cd0000)
 tenured generation   total 10944K, used 965K [0x09d50000, 0x0a800000, 0x14800000)
   the space 10944K,   8% used [0x09d50000, 0x09e41600, 0x09e41600, 0x0a800000)
 Metaspace       used 5809K, capacity 5993K, committed 6016K, reserved 6528K
Event: 0.322 GC heap after
Heap after GC invocations=2 (full 0):
 def new generation   total 4928K, used 512K [0x04800000, 0x04d50000, 0x09d50000)
  eden space 4416K,   0% used [0x04800000, 0x04800000, 0x04c50000)
  from space 512K, 100% used [0x04c50000, 0x04cd0000, 0x04cd0000)
  to   space 512K,   0% used [0x04cd0000, 0x04cd0000, 0x04d50000)
 tenured generation   total 10944K, used 2578K [0x09d50000, 0x0a800000, 0x14800000)
   the space 10944K,  23% used [0x09d50000, 0x09fd4970, 0x09fd4a00, 0x0a800000)
 Metaspace       used 5809K, capacity 5993K, committed 6016K, reserved 6528K
}
Event: 0.455 GC heap before
{Heap before GC invocations=2 (full 0):
 def new generation   total 4928K, used 4924K [0x04800000, 0x04d50000, 0x09d50000)
  eden space 4416K,  99% used [0x04800000, 0x04c4f080, 0x04c50000)
  from space 512K, 100% used [0x04c50000, 0x04cd0000, 0x04cd0000)
  to   space 512K,   0% used [0x04cd0000, 0x04cd0000, 0x04d50000)
 tenured generation   total 10944K, used 7698K [0x09d50000, 0x0a800000, 0x14800000)
   the space 10944K,  70% used [0x09d50000, 0x0a4d4980, 0x0a4d4a00, 0x0a800000)
 Metaspace       used 6802K, capacity 6963K, committed 7040K, reserved 7552K
Event: 0.458 GC heap after
Heap after GC invocations=3 (full 0):
 def new generation   total 4928K, used 512K [0x04800000, 0x04d50000, 0x09d50000)
  eden space 4416K,   0% used [0x04800000, 0x04800000, 0x04c50000)
  from space 512K, 100% used [0x04cd0000, 0x04d50000, 0x04d50000)
  to   space 512K,   0% used [0x04c50000, 0x04c50000, 0x04cd0000)
 tenured generation   total 10944K, used 8370K [0x09d50000, 0x0a800000, 0x14800000)
   the space 10944K,  76% used [0x09d50000, 0x0a57ca88, 0x0a57cc00, 0x0a800000)
 Metaspace       used 6802K, capacity 6963K, committed 7040K, reserved 7552K
}

Deoptimization events (0 events):
No events

Classes redefined (0 events):
No events

Internal exceptions (10 events):
Event: 0.104 Thread 0x0034dc00 Exception <a 'java/io/FileNotFoundException'> (0x0492bcd0) thrown at [C:\workspace\8-2-build-windows-i586-cygwin\jdk8u181\11358\hotspot\src\share\vm\prims\jni.cpp, line 709]
Event: 0.128 Thread 0x0034dc00 Exception <a 'java/lang/NoSuchFieldError': method resolution failed> (0x049e9a68) thrown at [C:\workspace\8-2-build-windows-i586-cygwin\jdk8u181\11358\hotspot\src\share\vm\prims\methodHandles.cpp, line 1167]
Event: 0.129 Thread 0x0034dc00 Exception <a 'java/lang/NoSuchFieldError': method resolution failed> (0x049f5c08) thrown at [C:\workspace\8-2-build-windows-i586-cygwin\jdk8u181\11358\hotspot\src\share\vm\prims\methodHandles.cpp, line 1167]
Event: 0.183 Thread 0x14bdf000 Exception <a 'java/io/FileNotFoundException'> (0x04b0f188) thrown at [C:\workspace\8-2-build-windows-i586-cygwin\jdk8u181\11358\hotspot\src\share\vm\prims\jni.cpp, line 709]
Event: 0.487 Thread 0x14bdf000 Exception <a 'java/io/FileNotFoundException'> (0x04abe580) thrown at [C:\workspace\8-2-build-windows-i586-cygwin\jdk8u181\11358\hotspot\src\share\vm\prims\jni.cpp, line 709]
Event: 0.487 Thread 0x14bdf000 Exception <a 'java/lang/NullPointerException'> (0x04abeb70) thrown at [C:\workspace\8-2-build-windows-i586-cygwin\jdk8u181\11358\hotspot\src\share\vm\interpreter\linkResolver.cpp, line 1185]
Event: 0.522 Thread 0x14bdf000 Exception <a 'java/io/FileNotFoundException'> (0x04b22aa8) thrown at [C:\workspace\8-2-build-windows-i586-cygwin\jdk8u181\11358\hotspot\src\share\vm\prims\jni.cpp, line 709]
Event: 0.535 Thread 0x14bdf000 Exception <a 'java/io/FileNotFoundException'> (0x04b370d8) thrown at [C:\workspace\8-2-build-windows-i586-cygwin\jdk8u181\11358\hotspot\src\share\vm\prims\jni.cpp, line 709]
Event: 0.536 Thread 0x14bdf000 Exception <a 'java/io/FileNotFoundException'> (0x04b45440) thrown at [C:\workspace\8-2-build-windows-i586-cygwin\jdk8u181\11358\hotspot\src\share\vm\prims\jni.cpp, line 709]
Event: 0.548 Thread 0x14bdf000 Exception <a 'java/io/FileNotFoundException'> (0x04b59420) thrown at [C:\workspace\8-2-build-windows-i586-cygwin\jdk8u181\11358\hotspot\src\share\vm\prims\jni.cpp, line 709]

Events (10 events):
Event: 0.559 loading class java/awt/HeadlessException
Event: 0.559 loading class java/awt/HeadlessException done
Event: 0.560 loading class java/net/URISyntaxException
Event: 0.560 loading class java/net/URISyntaxException done
Event: 0.560 loading class java/lang/UnsatisfiedLinkError
Event: 0.560 loading class java/lang/UnsatisfiedLinkError done
Event: 0.560 loading class com/sun/jna/Native$DeleteNativeLibrary
Event: 0.560 loading class com/sun/jna/Native$DeleteNativeLibrary done
Event: 0.553 loading class sun/net/www/protocol/http/Handler
Event: 0.552 loading class sun/java2d/pipe/hw/AccelSurface


Dynamic libraries:
0x01390000 - 0x013c3000 	D:\Program Files (x86)\Java\jre\bin\javaw.exe
0x77120000 - 0x772a0000 	C:\windows\SysWOW64\ntdll.dll
0x757d0000 - 0x758e0000 	C:\windows\syswow64\kernel32.dll
0x75ef0000 - 0x75f37000 	C:\windows\syswow64\KERNELBASE.dll
0x75f50000 - 0x75ff1000 	C:\windows\syswow64\ADVAPI32.dll
0x75720000 - 0x757cc000 	C:\windows\syswow64\msvcrt.dll
0x756a0000 - 0x756b9000 	C:\windows\SysWOW64\sechost.dll
0x74f90000 - 0x75080000 	C:\windows\syswow64\RPCRT4.dll
0x74890000 - 0x748f0000 	C:\windows\syswow64\SspiCli.dll
0x74880000 - 0x7488c000 	C:\windows\syswow64\CRYPTBASE.dll
0x75bf0000 - 0x75cf0000 	C:\windows\syswow64\USER32.dll
0x74cb0000 - 0x74d40000 	C:\windows\syswow64\GDI32.dll
0x74f80000 - 0x74f8a000 	C:\windows\syswow64\LPK.dll
0x74a70000 - 0x74b0d000 	C:\windows\syswow64\USP10.dll
0x705b0000 - 0x7074e000 	C:\windows\WinSxS\x86_microsoft.windows.common-controls_6595b64144ccf1df_6.0.7601.18837_none_41e855142bd5705d\COMCTL32.dll
0x758f0000 - 0x75947000 	C:\windows\syswow64\SHLWAPI.dll
0x75950000 - 0x759b0000 	C:\windows\system32\IMM32.DLL
0x75e20000 - 0x75eed000 	C:\windows\syswow64\MSCTF.dll
0x74640000 - 0x7466b000 	C:\windows\SysWOW64\nvinit.dll
0x747b0000 - 0x747b9000 	C:\windows\system32\VERSION.dll
0x684f0000 - 0x684f6000 	C:\Program Files (x86)\NVIDIA Corporation\CoProcManager\detoured.dll
0x684c0000 - 0x684ea000 	C:\Program Files (x86)\NVIDIA Corporation\CoProcManager\nvd3d9wrap.dll
0x74b10000 - 0x74cad000 	C:\windows\syswow64\SETUPAPI.dll
0x74a40000 - 0x74a67000 	C:\windows\syswow64\CFGMGR32.dll
0x75600000 - 0x75691000 	C:\windows\syswow64\OLEAUT32.dll
0x75090000 - 0x751ed000 	C:\windows\syswow64\ole32.dll
0x76d20000 - 0x76d32000 	C:\windows\syswow64\DEVOBJ.dll
0x684a0000 - 0x684be000 	C:\Program Files (x86)\NVIDIA Corporation\CoProcManager\nvdxgiwrap.dll
0x77670000 - 0x7772f000 	D:\Program Files (x86)\Java\jre\bin\msvcr100.dll
0x6c5a0000 - 0x6c973000 	D:\Program Files (x86)\Java\jre\bin\client\jvm.dll
0x693e0000 - 0x693e7000 	C:\windows\system32\WSOCK32.dll
0x756d0000 - 0x75705000 	C:\windows\syswow64\WS2_32.dll
0x75f40000 - 0x75f46000 	C:\windows\syswow64\NSI.dll
0x703b0000 - 0x703e2000 	C:\windows\system32\WINMM.dll
0x755e0000 - 0x755e5000 	C:\windows\syswow64\PSAPI.DLL
0x718a0000 - 0x718ac000 	D:\Program Files (x86)\Java\jre\bin\verify.dll
0x69d90000 - 0x69db2000 	D:\Program Files (x86)\Java\jre\bin\java.dll
0x69f00000 - 0x69f14000 	D:\Program Files (x86)\Java\jre\bin\zip.dll
0x76060000 - 0x76cac000 	C:\windows\syswow64\SHELL32.dll
0x756c0000 - 0x756cb000 	C:\windows\syswow64\profapi.dll
0x77360000 - 0x774a7000 	D:\Program Files (x86)\Java\jre\bin\awt.dll
0x68190000 - 0x68210000 	C:\windows\system32\uxtheme.dll
0x68170000 - 0x68183000 	C:\windows\system32\dwmapi.dll
0x69d70000 - 0x69d85000 	D:\Program Files (x86)\Java\jre\bin\net.dll
0x73b00000 - 0x73b3c000 	C:\windows\system32\mswsock.dll
0x6b630000 - 0x6b636000 	C:\windows\System32\wship6.dll
0x73af0000 - 0x73af5000 	C:\windows\System32\wshtcpip.dll
0x719f0000 - 0x71a34000 	C:\windows\system32\DNSAPI.dll
0x719b0000 - 0x719d1000 	C:\Program Files (x86)\Bonjour\mdnsNSP.dll
0x74470000 - 0x7448c000 	C:\windows\system32\Iphlpapi.DLL
0x74460000 - 0x74467000 	C:\windows\system32\WINNSI.DLL
0x71a80000 - 0x71a86000 	C:\windows\system32\rasadhlp.dll
0x6b5f0000 - 0x6b628000 	C:\windows\System32\fwpuclnt.dll
0x5d010000 - 0x5d0d8000 	C:\windows\system32\opengl32.dll
0x5cfe0000 - 0x5d002000 	C:\windows\system32\GLU32.dll
0x60bd0000 - 0x60cb7000 	C:\windows\system32\DDRAW.dll
0x64510000 - 0x64516000 	C:\windows\system32\DCIMAN32.dll
0x69d40000 - 0x69d66000 	D:\Program Files (x86)\Java\jre\bin\jpeg.dll
0x65fe0000 - 0x66019000 	D:\Program Files (x86)\Java\jre\bin\fontmanager.dll
0x047d0000 - 0x047e2000 	D:\Program Files (x86)\Java\jre\bin\rxtxSerial.dll
0x6c240000 - 0x6c267000 	C:\windows\system32\crtdll.dll
0x6b640000 - 0x6b68c000 	C:\windows\system32\apphelp.dll
0x73b60000 - 0x73c4b000 	C:\windows\system32\dbghelp.dll

VM Arguments:
jvm_args: -Dfile.encoding=GBK 
java_command: com.js.jhjs.MainClass
java_class_path (initial): F:\java2017proj\mainCanteen\bin;E:\opensource\gson-2.8.5.jar;E:\opensource\mysql-connector-java-5.1.39\mysql-connector-java-5.1.39\mysql-connector-java-5.1.39-bin.jar;E:\opensource\jna-3.2.5.jar\jna-3.2.5.jar;E:\opensource\rxtx-2.1-7-bins-r2\RXTXcomm.jar;E:\opensource\httpcomponents-client-4.5.6-bin\httpcomponents-client-4.5.6\lib\commons-codec-1.10.jar;E:\opensource\httpcomponents-client-4.5.6-bin\httpcomponents-client-4.5.6\lib\commons-logging-1.2.jar;E:\opensource\httpcomponents-client-4.5.6-bin\httpcomponents-client-4.5.6\lib\fluent-hc-4.5.6.jar;E:\opensource\httpcomponents-client-4.5.6-bin\httpcomponents-client-4.5.6\lib\httpclient-4.5.6.jar;E:\opensource\httpcomponents-client-4.5.6-bin\httpcomponents-client-4.5.6\lib\httpclient-cache-4.5.6.jar;E:\opensource\httpcomponents-client-4.5.6-bin\httpcomponents-client-4.5.6\lib\httpclient-win-4.5.6.jar;E:\opensource\httpcomponents-client-4.5.6-bin\httpcomponents-client-4.5.6\lib\httpcore-4.4.10.jar;E:\opensource\httpcomponents-client-4.5.6-bin\httpcomponents-client-4.5.6\lib\httpmime-4.5.6.jar;E:\opensource\httpcomponents-client-4.5.6-bin\httpcomponents-client-4.5.6\lib\jna-4.4.0.jar;E:\opensource\httpcomponents-client-4.5.6-bin\httpcomponents-client-4.5.6\lib\jna-platform-4.4.0.jar;E:\opensource\mybatis-3.4.6\mybatis-3.4.6.jar
Launcher Type: SUN_STANDARD

Environment Variables:
JAVA_HOME=D:\Program Files\Java\jdk1.8
CLASSPATH=.;D:\Program Files\Java\jdk1.8\lib\dt.jar;D:\Program Files\Java\jdk1.8\lib\tools.jar;
PATH=C:\Program Files (x86)\Common Files\Oracle\Java\javapath;G:\sdk\tools\lib\monitor-x86_64\jre\bin\javaw.exe;C:\Windows\System32;F:\soui\bin;D:\CTEX\CTeX\ty\bin;D:\CTEX\Ghostscript\gs9.05\bin;D:\CTEX\GSview\gsview;D:\CTEX\WinEdt;D:\Python35;D:\Python35\Scripts;D:\Program Files\Git\cmd;C:\Program Files (x86)\Common Files\Thunder Network\KanKan\Codecs;C:\Users\bonjava\AppData\Local\GitHubDesktop\bin
USERNAME=Administrator
OS=Windows_NT
PROCESSOR_IDENTIFIER=Intel64 Family 6 Model 60 Stepping 3, GenuineIntel



---------------  S Y S T E M  ---------------

OS: Windows 7 , 64 bit Build 7601 (6.1.7601.24214)

CPU:total 8 (initial active 8) (4 cores per cpu, 2 threads per core) family 6 model 60 stepping 3, cmov, cx8, fxsr, mmx, sse, sse2, sse3, ssse3, sse4.1, sse4.2, popcnt, avx, avx2, aes, clmul, erms, lzcnt, ht, tsc, tscinvbit, bmi1, bmi2

Memory: 4k page, physical 16663584k(10167496k free), swap 17710260k(10735548k free)

vm_info: Java HotSpot(TM) Client VM (25.181-b13) for windows-x86 JRE (1.8.0_181-b13), built on Jul  7 2018 03:18:20 by "java_re" with MS VC++ 10.0 (VS2010)

time: Sat Aug 25 11:22:50 2018
elapsed time: 0 seconds (0d 0h 0m 0s)

