#
# A fatal error has been detected by the Java Runtime Environment:
#
#  EXCEPTION_ACCESS_VIOLATION (0xc0000005) at pc=0x0210320b, pid=14564, tid=0x000035b4
#
# JRE version: Java(TM) SE Runtime Environment (8.0_181-b13) (build 1.8.0_181-b13)
# Java VM: Java HotSpot(TM) Client VM (25.181-b13 mixed mode, sharing windows-x86 )
# Problematic frame:
# C  [rxtxSerial.dll+0x320b]
#
# Failed to write core dump. Minidumps are not enabled by default on client versions of Windows
#
# If you would like to submit a bug report, please visit:
#   http://bugreport.java.com/bugreport/crash.jsp
# The crash happened outside the Java Virtual Machine in native code.
# See problematic frame for where to report the bug.
#

---------------  T H R E A D  ---------------

Current thread (0x16d5c800):  JavaThread "Thread-5" [_thread_in_native, id=13748, stack(0x16730000,0x16780000)]

siginfo: ExceptionCode=0xc0000005, reading address 0x00000060

Registers:
EAX=0x00000000, EBX=0x614bb910, ECX=0x1677f1c8, EDX=0x1677f158
ESP=0x1677f530, EBP=0x1677f5c8, ESI=0x14d73520, EDI=0x16d5c800
EIP=0x0210320b, EFLAGS=0x00010202

Top of Stack: (sp=0x1677f530)
0x1677f530:   16d5c800 0000000b 0000001d 00000002
0x1677f540:   1677f574 613e7273 16d5c800 a91d5958
0x1677f550:   00000000 16d5c800 00000000 1677f54c
0x1677f560:   00000000 00000000 00000000 00000000
0x1677f570:   fffffffe 00000022 ffffffff 16d5ce08
0x1677f580:   00000000 00fffff8 614bba0e 16d5c800
0x1677f590:   1677f5c8 6c24e5f4 1677f5a8 0210673e
0x1677f5a0:   1677f5dc 14d73520 1677f62b 7fffffdc 

Instructions: (pc=0x0210320b)
0x021031eb:   04 85 c0 74 0c 8b 45 fc c7 40 78 04 00 00 00 eb
0x021031fb:   0a 8b 45 fc c7 40 78 00 00 00 00 a1 00 d0 10 02
0x0210320b:   83 78 60 00 75 2d 83 c4 fc 8b 45 fc 50 68 40 30
0x0210321b:   10 02 8d 85 70 ff ff ff 50 e8 3f 97 00 00 83 c4 


Register to memory mapping:

EAX=0x00000000 is an unknown value
EBX=0x614bb910 is an unknown value
ECX=0x1677f1c8 is pointing into the stack for thread: 0x16d5c800
EDX=0x1677f158 is pointing into the stack for thread: 0x16d5c800
ESP=0x1677f530 is pointing into the stack for thread: 0x16d5c800
EBP=0x1677f5c8 is pointing into the stack for thread: 0x16d5c800
ESI=0x14d73520 is pointing into metadata
EDI=0x16d5c800 is a thread


Stack: [0x16730000,0x16780000],  sp=0x1677f530,  free space=317k
Native frames: (J=compiled Java code, j=interpreted, Vv=VM code, C=native code)
C  [rxtxSerial.dll+0x320b]
C  [rxtxSerial.dll+0x6988]
j  gnu.io.RXTXPort.open(Ljava/lang/String;)I+0
j  gnu.io.RXTXPort.<init>(Ljava/lang/String;)V+114
j  gnu.io.RXTXCommDriver.getCommPort(Ljava/lang/String;I)Lgnu/io/CommPort;+78
j  gnu.io.CommPortIdentifier.open(Ljava/lang/String;I)Lgnu/io/CommPort;+80
j  com.js.jhjs.wmFrame$SerialTools.openSerialPort(Lgnu/io/CommPortIdentifier;I)Z+5
j  com.js.jhjs.wmFrame.lambda$1(Lcom/js/jhjs/wmFrame$SerialTools;Lgnu/io/CommPortIdentifier;)V+4
j  com.js.jhjs.wmFrame$$Lambda$29.run()V+8
j  java.lang.Thread.run()V+11
v  ~StubRoutines::call_stub
V  [jvm.dll+0x15c065]
V  [jvm.dll+0x223ade]
V  [jvm.dll+0x15c0fe]
V  [jvm.dll+0x15c286]
V  [jvm.dll+0x15c2f7]
V  [jvm.dll+0x10016f]
V  [jvm.dll+0x17f280]
V  [jvm.dll+0x17fafa]
V  [jvm.dll+0x1c5416]
C  [msvcr100.dll+0x5c556]
C  [msvcr100.dll+0x5c600]
C  [kernel32.dll+0x1343d]
C  [ntdll.dll+0x39832]
C  [ntdll.dll+0x39805]
C  0x00000000

Java frames: (J=compiled Java code, j=interpreted, Vv=VM code)
j  gnu.io.RXTXPort.open(Ljava/lang/String;)I+0
j  gnu.io.RXTXPort.<init>(Ljava/lang/String;)V+114
j  gnu.io.RXTXCommDriver.getCommPort(Ljava/lang/String;I)Lgnu/io/CommPort;+78
j  gnu.io.CommPortIdentifier.open(Ljava/lang/String;I)Lgnu/io/CommPort;+80
j  com.js.jhjs.wmFrame$SerialTools.openSerialPort(Lgnu/io/CommPortIdentifier;I)Z+5
j  com.js.jhjs.wmFrame.lambda$1(Lcom/js/jhjs/wmFrame$SerialTools;Lgnu/io/CommPortIdentifier;)V+4
j  com.js.jhjs.wmFrame$$Lambda$29.run()V+8
j  java.lang.Thread.run()V+11
v  ~StubRoutines::call_stub

---------------  P R O C E S S  ---------------

Java Threads: ( => current thread )
  0x16db8400 JavaThread "Thread-4" [_thread_in_native, id=4036, stack(0x168d0000,0x16920000)]
  0x15a6f400 JavaThread "Thread-3" [_thread_in_native, id=15136, stack(0x16940000,0x16990000)]
=>0x16d5c800 JavaThread "Thread-5" [_thread_in_native, id=13748, stack(0x16730000,0x16780000)]
  0x16dd6800 JavaThread "Thread-1" [_thread_in_native, id=14460, stack(0x16630000,0x16680000)]
  0x16ccf000 JavaThread "Image Fetcher 0" daemon [_thread_blocked, id=9788, stack(0x16680000,0x166d0000)]
  0x15b94000 JavaThread "Abandoned connection cleanup thread" daemon [_thread_blocked, id=14584, stack(0x16390000,0x163e0000)]
  0x0216dc00 JavaThread "DestroyJavaVM" [_thread_blocked, id=15284, stack(0x02230000,0x02280000)]
  0x15b43400 JavaThread "AWT-EventQueue-0" [_thread_in_native, id=11288, stack(0x16440000,0x16490000)]
  0x15b3c800 JavaThread "AWT-Windows" daemon [_thread_in_native, id=6748, stack(0x15ec0000,0x15f10000)]
  0x15b3bc00 JavaThread "AWT-Shutdown" [_thread_blocked, id=12812, stack(0x16010000,0x16060000)]
  0x15b39000 JavaThread "Java2D Disposer" daemon [_thread_blocked, id=14968, stack(0x15920000,0x15970000)]
  0x004be000 JavaThread "Service Thread" daemon [_thread_blocked, id=12488, stack(0x15820000,0x15870000)]
  0x0049b800 JavaThread "C1 CompilerThread0" daemon [_thread_blocked, id=14512, stack(0x159a0000,0x159f0000)]
  0x0049a400 JavaThread "Attach Listener" daemon [_thread_blocked, id=15260, stack(0x14e30000,0x14e80000)]
  0x00497400 JavaThread "Signal Dispatcher" daemon [_thread_blocked, id=15344, stack(0x14e80000,0x14ed0000)]
  0x0047cc00 JavaThread "Finalizer" daemon [_thread_blocked, id=13928, stack(0x156a0000,0x156f0000)]
  0x0041e400 JavaThread "Reference Handler" daemon [_thread_blocked, id=14628, stack(0x155e0000,0x15630000)]

Other Threads:
  0x0041c000 VMThread [stack: 0x043a0000,0x043f0000] [id=14632]
  0x004bf400 WatcherThread [stack: 0x15d80000,0x15dd0000] [id=14708]

VM state:not at safepoint (normal execution)

VM Mutex/Monitor currently owned by a thread: None

Heap:
 def new generation   total 7040K, used 982K [0x04400000, 0x04ba0000, 0x09950000)
  eden space 6272K,  13% used [0x04400000, 0x044d4fa8, 0x04a20000)
  from space 768K,  17% used [0x04ae0000, 0x04b00bb8, 0x04ba0000)
  to   space 768K,   0% used [0x04a20000, 0x04a20000, 0x04ae0000)
 tenured generation   total 15492K, used 14413K [0x09950000, 0x0a871000, 0x14400000)
   the space 15492K,  93% used [0x09950000, 0x0a763528, 0x0a763600, 0x0a871000)
 Metaspace       used 2257K, capacity 3878K, committed 3904K, reserved 4480K

Card table byte_map: [0x02070000,0x02100000] byte_map_base: 0x0204e000

Polling page: 0x00160000

CodeCache: size=32768Kb used=1031Kb max_used=1033Kb free=31736Kb
 bounds [0x02330000, 0x02438000, 0x04330000]
 total_blobs=496 nmethods=255 adapters=172
 compilation: enabled

Compilation events (10 events):
Event: 0.499 Thread 0x0049b800  244  s          sun.java2d.loops.GraphicsPrimitive::makeUniqueID (26 bytes)
Event: 0.499 Thread 0x0049b800 nmethod 244 0x0242e048 code [0x0242e140, 0x0242e320]
Event: 0.499 Thread 0x0049b800  245             sun.java2d.loops.CompositeType::getUniqueID (5 bytes)
Event: 0.499 Thread 0x0049b800 nmethod 245 0x0242e408 code [0x0242e500, 0x0242e580]
Event: 0.503 Thread 0x0049b800  246             java.lang.String::lastIndexOf (13 bytes)
Event: 0.503 Thread 0x0049b800 nmethod 246 0x0242e848 code [0x0242e950, 0x0242e9ec]
Event: 0.504 Thread 0x0049b800  247             java.net.URL::getHost (5 bytes)
Event: 0.504 Thread 0x0049b800 nmethod 247 0x0242ea88 code [0x0242eb80, 0x0242ec00]
Event: 0.505 Thread 0x0049b800  248             java.lang.Character::toUpperCase (6 bytes)
Event: 0.505 Thread 0x0049b800 nmethod 248 0x0242ec48 code [0x0242ed50, 0x0242edf8]

GC Heap History (8 events):
Event: 0.165 GC heap before
{Heap before GC invocations=0 (full 0):
 def new generation   total 4928K, used 4416K [0x04400000, 0x04950000, 0x09950000)
  eden space 4416K, 100% used [0x04400000, 0x04850000, 0x04850000)
  from space 512K,   0% used [0x04850000, 0x04850000, 0x048d0000)
  to   space 512K,   0% used [0x048d0000, 0x048d0000, 0x04950000)
 tenured generation   total 10944K, used 0K [0x09950000, 0x0a400000, 0x14400000)
   the space 10944K,   0% used [0x09950000, 0x09950000, 0x09950200, 0x0a400000)
 Metaspace       used 438K, capacity 2559K, committed 2624K, reserved 4480K
Event: 0.169 GC heap after
Heap after GC invocations=1 (full 0):
 def new generation   total 4928K, used 512K [0x04400000, 0x04950000, 0x09950000)
  eden space 4416K,   0% used [0x04400000, 0x04400000, 0x04850000)
  from space 512K, 100% used [0x048d0000, 0x04950000, 0x04950000)
  to   space 512K,   0% used [0x04850000, 0x04850000, 0x048d0000)
 tenured generation   total 10944K, used 961K [0x09950000, 0x0a400000, 0x14400000)
   the space 10944K,   8% used [0x09950000, 0x09a407c0, 0x09a40800, 0x0a400000)
 Metaspace       used 438K, capacity 2559K, committed 2624K, reserved 4480K
}
Event: 0.262 GC heap before
{Heap before GC invocations=1 (full 0):
 def new generation   total 4928K, used 4839K [0x04400000, 0x04950000, 0x09950000)
  eden space 4416K,  98% used [0x04400000, 0x04839ff0, 0x04850000)
  from space 512K, 100% used [0x048d0000, 0x04950000, 0x04950000)
  to   space 512K,   0% used [0x04850000, 0x04850000, 0x048d0000)
 tenured generation   total 10944K, used 961K [0x09950000, 0x0a400000, 0x14400000)
   the space 10944K,   8% used [0x09950000, 0x09a407c0, 0x09a40800, 0x0a400000)
 Metaspace       used 1559K, capacity 3393K, committed 3520K, reserved 4480K
Event: 0.266 GC heap after
Heap after GC invocations=2 (full 0):
 def new generation   total 4928K, used 512K [0x04400000, 0x04950000, 0x09950000)
  eden space 4416K,   0% used [0x04400000, 0x04400000, 0x04850000)
  from space 512K, 100% used [0x04850000, 0x048d0000, 0x048d0000)
  to   space 512K,   0% used [0x048d0000, 0x048d0000, 0x04950000)
 tenured generation   total 10944K, used 2632K [0x09950000, 0x0a400000, 0x14400000)
   the space 10944K,  24% used [0x09950000, 0x09be2270, 0x09be2400, 0x0a400000)
 Metaspace       used 1559K, capacity 3393K, committed 3520K, reserved 4480K
}
Event: 0.399 GC heap before
{Heap before GC invocations=2 (full 0):
 def new generation   total 4928K, used 4928K [0x04400000, 0x04950000, 0x09950000)
  eden space 4416K, 100% used [0x04400000, 0x04850000, 0x04850000)
  from space 512K, 100% used [0x04850000, 0x048d0000, 0x048d0000)
  to   space 512K,   0% used [0x048d0000, 0x048d0000, 0x04950000)
 tenured generation   total 10944K, used 7752K [0x09950000, 0x0a400000, 0x14400000)
   the space 10944K,  70% used [0x09950000, 0x0a0e2280, 0x0a0e2400, 0x0a400000)
 Metaspace       used 1950K, capacity 3724K, committed 3776K, reserved 4480K
Event: 0.402 GC heap after
Heap after GC invocations=3 (full 0):
 def new generation   total 4928K, used 512K [0x04400000, 0x04950000, 0x09950000)
  eden space 4416K,   0% used [0x04400000, 0x04400000, 0x04850000)
  from space 512K, 100% used [0x048d0000, 0x04950000, 0x04950000)
  to   space 512K,   0% used [0x04850000, 0x04850000, 0x048d0000)
 tenured generation   total 10944K, used 8447K [0x09950000, 0x0a400000, 0x14400000)
   the space 10944K,  77% used [0x09950000, 0x0a18fdc0, 0x0a18fe00, 0x0a400000)
 Metaspace       used 1950K, capacity 3724K, committed 3776K, reserved 4480K
}
Event: 0.488 GC heap before
{Heap before GC invocations=3 (full 0):
 def new generation   total 4928K, used 4447K [0x04400000, 0x04950000, 0x09950000)
  eden space 4416K,  89% used [0x04400000, 0x047d7ed8, 0x04850000)
  from space 512K, 100% used [0x048d0000, 0x04950000, 0x04950000)
  to   space 512K,   0% used [0x04850000, 0x04850000, 0x048d0000)
 tenured generation   total 10944K, used 8447K [0x09950000, 0x0a400000, 0x14400000)
   the space 10944K,  77% used [0x09950000, 0x0a18fdc0, 0x0a18fe00, 0x0a400000)
 Metaspace       used 2150K, capacity 3841K, committed 3904K, reserved 4480K
Event: 0.498 GC heap after
Heap after GC invocations=4 (full 1):
 def new generation   total 7040K, used 0K [0x04400000, 0x04ba0000, 0x09950000)
  eden space 6272K,   0% used [0x04400000, 0x04400000, 0x04a20000)
  from space 768K,   0% used [0x04a20000, 0x04a20000, 0x04ae0000)
  to   space 768K,   0% used [0x04ae0000, 0x04ae0000, 0x04ba0000)
 tenured generation   total 15492K, used 9293K [0x09950000, 0x0a871000, 0x14400000)
   the space 15492K,  59% used [0x09950000, 0x0a263518, 0x0a263600, 0x0a871000)
 Metaspace       used 2150K, capacity 3841K, committed 3904K, reserved 4480K
}

Deoptimization events (0 events):
No events

Classes redefined (0 events):
No events

Internal exceptions (10 events):
Event: 0.083 Thread 0x0216dc00 Exception <a 'java/io/FileNotFoundException'> (0x0452c038) thrown at [C:\workspace\8-2-build-windows-i586-cygwin\jdk8u181\11358\hotspot\src\share\vm\prims\jni.cpp, line 709]
Event: 0.103 Thread 0x0216dc00 Exception <a 'java/lang/NoSuchFieldError': method resolution failed> (0x045e9658) thrown at [C:\workspace\8-2-build-windows-i586-cygwin\jdk8u181\11358\hotspot\src\share\vm\prims\methodHandles.cpp, line 1167]
Event: 0.104 Thread 0x0216dc00 Exception <a 'java/lang/NoSuchFieldError': method resolution failed> (0x045f57f8) thrown at [C:\workspace\8-2-build-windows-i586-cygwin\jdk8u181\11358\hotspot\src\share\vm\prims\methodHandles.cpp, line 1167]
Event: 0.139 Thread 0x15b43400 Exception <a 'java/io/FileNotFoundException'> (0x047104c8) thrown at [C:\workspace\8-2-build-windows-i586-cygwin\jdk8u181\11358\hotspot\src\share\vm\prims\jni.cpp, line 709]
Event: 0.421 Thread 0x15b43400 Exception <a 'java/io/FileNotFoundException'> (0x04711448) thrown at [C:\workspace\8-2-build-windows-i586-cygwin\jdk8u181\11358\hotspot\src\share\vm\prims\jni.cpp, line 709]
Event: 0.421 Thread 0x15b43400 Exception <a 'java/lang/NullPointerException'> (0x04711a38) thrown at [C:\workspace\8-2-build-windows-i586-cygwin\jdk8u181\11358\hotspot\src\share\vm\interpreter\linkResolver.cpp, line 1185]
Event: 0.453 Thread 0x15b43400 Exception <a 'java/io/FileNotFoundException'> (0x047796e8) thrown at [C:\workspace\8-2-build-windows-i586-cygwin\jdk8u181\11358\hotspot\src\share\vm\prims\jni.cpp, line 709]
Event: 0.466 Thread 0x15b43400 Exception <a 'java/io/FileNotFoundException'> (0x0478dd38) thrown at [C:\workspace\8-2-build-windows-i586-cygwin\jdk8u181\11358\hotspot\src\share\vm\prims\jni.cpp, line 709]
Event: 0.466 Thread 0x15b43400 Exception <a 'java/io/FileNotFoundException'> (0x0479c098) thrown at [C:\workspace\8-2-build-windows-i586-cygwin\jdk8u181\11358\hotspot\src\share\vm\prims\jni.cpp, line 709]
Event: 0.479 Thread 0x15b43400 Exception <a 'java/io/FileNotFoundException'> (0x047b0058) thrown at [C:\workspace\8-2-build-windows-i586-cygwin\jdk8u181\11358\hotspot\src\share\vm\prims\jni.cpp, line 709]

Events (10 events):
Event: 0.504 loading class sun/net/www/http/KeepAliveKey
Event: 0.504 loading class sun/net/www/http/KeepAliveKey done
Event: 0.505 loading class sun/net/www/http/HttpCapture
Event: 0.505 loading class gnu/io/UnSupportedLoggerException
Event: 0.505 loading class gnu/io/UnSupportedLoggerException done
Event: 0.505 loading class sun/net/www/http/HttpCapture done
Event: 0.505 loading class sun/net/www/http/HttpCapture$1
Event: 0.505 loading class sun/net/www/http/HttpCapture$1 done
Event: 0.506 loading class java/net/URISyntaxException
Event: 0.506 loading class java/net/URISyntaxException done


Dynamic libraries:
0x00010000 - 0x00043000 	D:\Program Files (x86)\Java\jre\bin\javaw.exe
0x77b00000 - 0x77c80000 	C:\windows\SysWOW64\ntdll.dll
0x76fb0000 - 0x770c0000 	C:\windows\syswow64\kernel32.dll
0x76ac0000 - 0x76b07000 	C:\windows\syswow64\KERNELBASE.dll
0x76620000 - 0x766c1000 	C:\windows\syswow64\ADVAPI32.dll
0x77670000 - 0x7771c000 	C:\windows\syswow64\msvcrt.dll
0x76f90000 - 0x76fa9000 	C:\windows\SysWOW64\sechost.dll
0x772a0000 - 0x77390000 	C:\windows\syswow64\RPCRT4.dll
0x75270000 - 0x752d0000 	C:\windows\syswow64\SspiCli.dll
0x75260000 - 0x7526c000 	C:\windows\syswow64\CRYPTBASE.dll
0x774f0000 - 0x775f0000 	C:\windows\syswow64\USER32.dll
0x76c20000 - 0x76cb0000 	C:\windows\syswow64\GDI32.dll
0x760b0000 - 0x760ba000 	C:\windows\syswow64\LPK.dll
0x770e0000 - 0x7717d000 	C:\windows\syswow64\USP10.dll
0x70f90000 - 0x7112e000 	C:\windows\WinSxS\x86_microsoft.windows.common-controls_6595b64144ccf1df_6.0.7601.18837_none_41e855142bd5705d\COMCTL32.dll
0x76050000 - 0x760a7000 	C:\windows\syswow64\SHLWAPI.dll
0x760c0000 - 0x76120000 	C:\windows\system32\IMM32.DLL
0x76120000 - 0x761ed000 	C:\windows\syswow64\MSCTF.dll
0x75020000 - 0x7504b000 	C:\windows\SysWOW64\nvinit.dll
0x75190000 - 0x75199000 	C:\windows\system32\VERSION.dll
0x71d50000 - 0x71d56000 	C:\Program Files (x86)\NVIDIA Corporation\CoProcManager\detoured.dll
0x70de0000 - 0x70e0a000 	C:\Program Files (x86)\NVIDIA Corporation\CoProcManager\nvd3d9wrap.dll
0x766d0000 - 0x7686d000 	C:\windows\syswow64\SETUPAPI.dll
0x77640000 - 0x77667000 	C:\windows\syswow64\CFGMGR32.dll
0x76d80000 - 0x76e11000 	C:\windows\syswow64\OLEAUT32.dll
0x77390000 - 0x774ed000 	C:\windows\syswow64\ole32.dll
0x76cb0000 - 0x76cc2000 	C:\windows\syswow64\DEVOBJ.dll
0x68680000 - 0x6869e000 	C:\Program Files (x86)\NVIDIA Corporation\CoProcManager\nvdxgiwrap.dll
0x617c0000 - 0x6187f000 	D:\Program Files (x86)\Java\jre\bin\msvcr100.dll
0x613e0000 - 0x617b3000 	D:\Program Files (x86)\Java\jre\bin\client\jvm.dll
0x6a5d0000 - 0x6a5d7000 	C:\windows\system32\WSOCK32.dll
0x76b10000 - 0x76b45000 	C:\windows\syswow64\WS2_32.dll
0x76610000 - 0x76616000 	C:\windows\syswow64\NSI.dll
0x70d90000 - 0x70dc2000 	C:\windows\system32\WINMM.dll
0x76d60000 - 0x76d65000 	C:\windows\syswow64\PSAPI.DLL
0x63f20000 - 0x63f2c000 	D:\Program Files (x86)\Java\jre\bin\verify.dll
0x61910000 - 0x61932000 	D:\Program Files (x86)\Java\jre\bin\java.dll
0x618f0000 - 0x61904000 	D:\Program Files (x86)\Java\jre\bin\zip.dll
0x752d0000 - 0x75f1c000 	C:\windows\syswow64\SHELL32.dll
0x77630000 - 0x7763b000 	C:\windows\syswow64\profapi.dll
0x61290000 - 0x613d7000 	D:\Program Files (x86)\Java\jre\bin\awt.dll
0x68490000 - 0x68510000 	C:\windows\system32\uxtheme.dll
0x68470000 - 0x68483000 	C:\windows\system32\dwmapi.dll
0x618d0000 - 0x618e5000 	D:\Program Files (x86)\Java\jre\bin\net.dll
0x74a60000 - 0x74a9c000 	C:\windows\system32\mswsock.dll
0x6c010000 - 0x6c016000 	C:\windows\System32\wship6.dll
0x74b00000 - 0x74b05000 	C:\windows\System32\wshtcpip.dll
0x723d0000 - 0x72414000 	C:\windows\system32\DNSAPI.dll
0x72390000 - 0x723b1000 	C:\Program Files (x86)\Bonjour\mdnsNSP.dll
0x74e50000 - 0x74e6c000 	C:\windows\system32\Iphlpapi.DLL
0x74e40000 - 0x74e47000 	C:\windows\system32\WINNSI.DLL
0x72460000 - 0x72466000 	C:\windows\system32\rasadhlp.dll
0x6bfd0000 - 0x6c008000 	C:\windows\System32\fwpuclnt.dll
0x548e0000 - 0x549a8000 	C:\windows\system32\opengl32.dll
0x5a920000 - 0x5a942000 	C:\windows\system32\GLU32.dll
0x55560000 - 0x55647000 	C:\windows\system32\DDRAW.dll
0x66be0000 - 0x66be6000 	C:\windows\system32\DCIMAN32.dll
0x618a0000 - 0x618c6000 	D:\Program Files (x86)\Java\jre\bin\jpeg.dll
0x61250000 - 0x61289000 	D:\Program Files (x86)\Java\jre\bin\fontmanager.dll
0x02100000 - 0x02112000 	D:\Program Files (x86)\Java\jre\bin\rxtxSerial.dll
0x6c240000 - 0x6c267000 	C:\windows\system32\crtdll.dll
0x6c050000 - 0x6c09c000 	C:\windows\system32\apphelp.dll
0x65d10000 - 0x65d1f000 	D:\Program Files (x86)\Java\jre\bin\nio.dll
0x744f0000 - 0x745db000 	C:\windows\system32\dbghelp.dll
0x61210000 - 0x61242000 	D:\Program Files (x86)\Java\jre\bin\t2k.dll
0x74b30000 - 0x74b47000 	C:\windows\system32\CRYPTSP.dll
0x74aa0000 - 0x74adb000 	C:\windows\system32\rsaenh.dll
0x770c0000 - 0x770d7000 	C:\windows\syswow64\USERENV.dll
0x74b10000 - 0x74b22000 	C:\windows\system32\dhcpcsvc.DLL

VM Arguments:
jvm_args: -Dfile.encoding=GBK 
java_command: com.js.jhjs.MainClass
java_class_path (initial): F:\java2017proj\mainCanteen\bin;E:\opensource\gson-2.8.5.jar;E:\opensource\mysql-connector-java-5.1.39\mysql-connector-java-5.1.39\mysql-connector-java-5.1.39-bin.jar;E:\opensource\jna-3.2.5.jar\jna-3.2.5.jar;E:\opensource\rxtx-2.1-7-bins-r2\RXTXcomm.jar;E:\opensource\httpcomponents-client-4.5.6-bin\httpcomponents-client-4.5.6\lib\commons-codec-1.10.jar;E:\opensource\httpcomponents-client-4.5.6-bin\httpcomponents-client-4.5.6\lib\commons-logging-1.2.jar;E:\opensource\httpcomponents-client-4.5.6-bin\httpcomponents-client-4.5.6\lib\fluent-hc-4.5.6.jar;E:\opensource\httpcomponents-client-4.5.6-bin\httpcomponents-client-4.5.6\lib\httpclient-4.5.6.jar;E:\opensource\httpcomponents-client-4.5.6-bin\httpcomponents-client-4.5.6\lib\httpclient-cache-4.5.6.jar;E:\opensource\httpcomponents-client-4.5.6-bin\httpcomponents-client-4.5.6\lib\httpclient-win-4.5.6.jar;E:\opensource\httpcomponents-client-4.5.6-bin\httpcomponents-client-4.5.6\lib\httpcore-4.4.10.jar;E:\opensource\httpcomponents-client-4.5.6-bin\httpcomponents-client-4.5.6\lib\httpmime-4.5.6.jar;E:\opensource\httpcomponents-client-4.5.6-bin\httpcomponents-client-4.5.6\lib\jna-4.4.0.jar;E:\opensource\httpcomponents-client-4.5.6-bin\httpcomponents-client-4.5.6\lib\jna-platform-4.4.0.jar;E:\opensource\mybatis-3.4.6\mybatis-3.4.6.jar
Launcher Type: SUN_STANDARD

Environment Variables:
JAVA_HOME=D:\Program Files\Java\jdk1.8
CLASSPATH=.;D:\Program Files\Java\jdk1.8\lib\dt.jar;D:\Program Files\Java\jdk1.8\lib\tools.jar;
PATH=C:\Program Files (x86)\Common Files\Oracle\Java\javapath;G:\sdk\tools\lib\monitor-x86_64\jre\bin\javaw.exe;C:\Windows\System32;F:\soui\bin;D:\CTEX\CTeX\ty\bin;D:\CTEX\Ghostscript\gs9.05\bin;D:\CTEX\GSview\gsview;D:\CTEX\WinEdt;D:\Python35;D:\Python35\Scripts;D:\Program Files\Git\cmd;C:\Program Files (x86)\Common Files\Thunder Network\KanKan\Codecs;C:\Users\bonjava\AppData\Local\GitHubDesktop\bin
USERNAME=Administrator
OS=Windows_NT
PROCESSOR_IDENTIFIER=Intel64 Family 6 Model 60 Stepping 3, GenuineIntel



---------------  S Y S T E M  ---------------

OS: Windows 7 , 64 bit Build 7601 (6.1.7601.24214)

CPU:total 8 (initial active 8) (4 cores per cpu, 2 threads per core) family 6 model 60 stepping 3, cmov, cx8, fxsr, mmx, sse, sse2, sse3, ssse3, sse4.1, sse4.2, popcnt, avx, avx2, aes, clmul, erms, lzcnt, ht, tsc, tscinvbit, bmi1, bmi2

Memory: 4k page, physical 16663584k(9427792k free), swap 17710260k(9853128k free)

vm_info: Java HotSpot(TM) Client VM (25.181-b13) for windows-x86 JRE (1.8.0_181-b13), built on Jul  7 2018 03:18:20 by "java_re" with MS VC++ 10.0 (VS2010)

time: Tue Aug 28 22:11:24 2018
elapsed time: 0 seconds (0d 0h 0m 0s)

