#
# A fatal error has been detected by the Java Runtime Environment:
#
#  EXCEPTION_ACCESS_VIOLATION (0xc0000005) at pc=0x0022320b, pid=12452, tid=0x00002878
#
# JRE version: Java(TM) SE Runtime Environment (8.0_181-b13) (build 1.8.0_181-b13)
# Java VM: Java HotSpot(TM) Client VM (25.181-b13 mixed mode, sharing windows-x86 )
# Problematic frame:
# C  [rxtxSerial.dll+0x320b]
#
# Failed to write core dump. Minidumps are not enabled by default on client versions of Windows
#
# If you would like to submit a bug report, please visit:
#   http://bugreport.java.com/bugreport/crash.jsp
# The crash happened outside the Java Virtual Machine in native code.
# See problematic frame for where to report the bug.
#

---------------  T H R E A D  ---------------

Current thread (0x16c51c00):  JavaThread "pool-1-thread-2" [_thread_in_native, id=10360, stack(0x16680000,0x166d0000)]

siginfo: ExceptionCode=0xc0000005, reading address 0x00000060

Registers:
EAX=0x00000000, EBX=0x72e9b910, ECX=0x7682509a, EDX=0x0000004d
ESP=0x166cf590, EBP=0x166cf628, ESI=0x14d74c30, EDI=0x16c51c00
EIP=0x0022320b, EFLAGS=0x00010202

Top of Stack: (sp=0x166cf590)
0x166cf590:   16c51c00 0000000b 0000001d 00000002
0x166cf5a0:   166cf5d4 72dc7273 16c51c00 6031e50b
0x166cf5b0:   00000000 16c51c00 00000000 166cf5ac
0x166cf5c0:   00000000 00000000 00000000 00000000
0x166cf5d0:   fffffffe 00000022 ffffffff 1592f6d8
0x166cf5e0:   00000000 00fffff8 72e9ba0e 16c51c00
0x166cf5f0:   166cf628 6c24e5f4 166cf608 0022673e
0x166cf600:   166cf63c 14d74c30 166cf68b 7fffffdc 

Instructions: (pc=0x0022320b)
0x002231eb:   04 85 c0 74 0c 8b 45 fc c7 40 78 04 00 00 00 eb
0x002231fb:   0a 8b 45 fc c7 40 78 00 00 00 00 a1 00 d0 22 00
0x0022320b:   83 78 60 00 75 2d 83 c4 fc 8b 45 fc 50 68 40 30
0x0022321b:   22 00 8d 85 70 ff ff ff 50 e8 3f 97 00 00 83 c4 


Register to memory mapping:

EAX=0x00000000 is an unknown value
EBX=0x72e9b910 is an unknown value
ECX=0x7682509a is an unknown value
EDX=0x0000004d is an unknown value
ESP=0x166cf590 is pointing into the stack for thread: 0x16c51c00
EBP=0x166cf628 is pointing into the stack for thread: 0x16c51c00
ESI=0x14d74c30 is pointing into metadata
EDI=0x16c51c00 is a thread


Stack: [0x16680000,0x166d0000],  sp=0x166cf590,  free space=317k
Native frames: (J=compiled Java code, j=interpreted, Vv=VM code, C=native code)
C  [rxtxSerial.dll+0x320b]
C  [rxtxSerial.dll+0x6988]
j  gnu.io.RXTXPort.open(Ljava/lang/String;)I+0
j  gnu.io.RXTXPort.<init>(Ljava/lang/String;)V+114
j  gnu.io.RXTXCommDriver.getCommPort(Ljava/lang/String;I)Lgnu/io/CommPort;+78
j  gnu.io.CommPortIdentifier.open(Ljava/lang/String;I)Lgnu/io/CommPort;+80
j  com.js.jhjs.wmFrame$SerialTools.openSerialPort(Lgnu/io/CommPortIdentifier;I)Z+5
j  com.js.jhjs.wmFrame.lambda$1(Lgnu/io/CommPortIdentifier;)V+16
j  com.js.jhjs.wmFrame$$Lambda$30.run()V+8
j  java.util.concurrent.ThreadPoolExecutor.runWorker(Ljava/util/concurrent/ThreadPoolExecutor$Worker;)V+95
j  java.util.concurrent.ThreadPoolExecutor$Worker.run()V+5
j  java.lang.Thread.run()V+11
v  ~StubRoutines::call_stub
V  [jvm.dll+0x15c065]
V  [jvm.dll+0x223ade]
V  [jvm.dll+0x15c0fe]
V  [jvm.dll+0x15c286]
V  [jvm.dll+0x15c2f7]
V  [jvm.dll+0x10016f]
V  [jvm.dll+0x17f280]
V  [jvm.dll+0x17fafa]
V  [jvm.dll+0x1c5416]
C  [msvcr100.dll+0x5c556]
C  [msvcr100.dll+0x5c600]
C  [kernel32.dll+0x1343d]
C  [ntdll.dll+0x39832]
C  [ntdll.dll+0x39805]
C  0x00000000

Java frames: (J=compiled Java code, j=interpreted, Vv=VM code)
j  gnu.io.RXTXPort.open(Ljava/lang/String;)I+0
j  gnu.io.RXTXPort.<init>(Ljava/lang/String;)V+114
j  gnu.io.RXTXCommDriver.getCommPort(Ljava/lang/String;I)Lgnu/io/CommPort;+78
j  gnu.io.CommPortIdentifier.open(Ljava/lang/String;I)Lgnu/io/CommPort;+80
j  com.js.jhjs.wmFrame$SerialTools.openSerialPort(Lgnu/io/CommPortIdentifier;I)Z+5
j  com.js.jhjs.wmFrame.lambda$1(Lgnu/io/CommPortIdentifier;)V+16
j  com.js.jhjs.wmFrame$$Lambda$30.run()V+8
j  java.util.concurrent.ThreadPoolExecutor.runWorker(Ljava/util/concurrent/ThreadPoolExecutor$Worker;)V+95
j  java.util.concurrent.ThreadPoolExecutor$Worker.run()V+5
j  java.lang.Thread.run()V+11
v  ~StubRoutines::call_stub

---------------  P R O C E S S  ---------------

Java Threads: ( => current thread )
  0x16d55000 JavaThread "Thread-5" [_thread_in_native, id=7064, stack(0x17410000,0x17460000)]
  0x16d54800 JavaThread "Thread-4" [_thread_in_native, id=12496, stack(0x162d0000,0x16320000)]
  0x16d54400 JavaThread "Thread-3" [_thread_in_native, id=12916, stack(0x16450000,0x164a0000)]
  0x16d53c00 JavaThread "pool-1-thread-4" [_thread_blocked, id=12884, stack(0x166e0000,0x16730000)]
  0x16bafc00 JavaThread "pool-1-thread-3" [_thread_blocked, id=12464, stack(0x15820000,0x15870000)]
=>0x16c51c00 JavaThread "pool-1-thread-2" [_thread_in_native, id=10360, stack(0x16680000,0x166d0000)]
  0x16b8d800 JavaThread "pool-1-thread-1" [_thread_blocked, id=5220, stack(0x164a0000,0x164f0000)]
  0x16b8ac00 JavaThread "Thread-1" [_thread_in_Java, id=2624, stack(0x172d0000,0x17320000)]
  0x16bd5400 JavaThread "Image Fetcher 0" daemon [_thread_blocked, id=12900, stack(0x16100000,0x16150000)]
  0x15a67000 JavaThread "Abandoned connection cleanup thread" daemon [_thread_blocked, id=13468, stack(0x15b30000,0x15b80000)]
  0x0053dc00 JavaThread "DestroyJavaVM" [_thread_blocked, id=13948, stack(0x02340000,0x02390000)]
  0x15a03c00 JavaThread "AWT-EventQueue-0" [_thread_in_native, id=1660, stack(0x16320000,0x16370000)]
  0x15a02000 JavaThread "AWT-Windows" daemon [_thread_in_native, id=11924, stack(0x15fb0000,0x16000000)]
  0x159fc400 JavaThread "AWT-Shutdown" [_thread_blocked, id=13340, stack(0x15660000,0x156b0000)]
  0x159f9800 JavaThread "Java2D Disposer" daemon [_thread_blocked, id=11396, stack(0x15eb0000,0x15f00000)]
  0x0222e000 JavaThread "Service Thread" daemon [_thread_blocked, id=13764, stack(0x15ab0000,0x15b00000)]
  0x0220b800 JavaThread "C1 CompilerThread0" daemon [_thread_blocked, id=9544, stack(0x156c0000,0x15710000)]
  0x0220a400 JavaThread "Attach Listener" daemon [_thread_blocked, id=11504, stack(0x157d0000,0x15820000)]
  0x02207400 JavaThread "Signal Dispatcher" daemon [_thread_blocked, id=12648, stack(0x15770000,0x157c0000)]
  0x021ecc00 JavaThread "Finalizer" daemon [_thread_blocked, id=14276, stack(0x02240000,0x02290000)]
  0x0218e400 JavaThread "Reference Handler" daemon [_thread_blocked, id=1244, stack(0x043a0000,0x043f0000)]

Other Threads:
  0x0218c000 VMThread [stack: 0x155b0000,0x15600000] [id=11164]
  0x0222f400 WatcherThread [stack: 0x15e40000,0x15e90000] [id=8564]

VM state:not at safepoint (normal execution)

VM Mutex/Monitor currently owned by a thread: None

Heap:
 def new generation   total 4928K, used 3167K [0x04400000, 0x04950000, 0x09950000)
  eden space 4416K,  63% used [0x04400000, 0x046bb268, 0x04850000)
  from space 512K,  72% used [0x04850000, 0x048acd10, 0x048d0000)
  to   space 512K,   0% used [0x048d0000, 0x048d0000, 0x04950000)
 tenured generation   total 10944K, used 8944K [0x09950000, 0x0a400000, 0x14400000)
   the space 10944K,  81% used [0x09950000, 0x0a20c0d8, 0x0a20c200, 0x0a400000)
 Metaspace       used 2324K, capacity 3917K, committed 4032K, reserved 4480K

Card table byte_map: [0x00540000,0x005d0000] byte_map_base: 0x0051e000

Polling page: 0x00120000

CodeCache: size=32768Kb used=1201Kb max_used=1201Kb free=31566Kb
 bounds [0x02390000, 0x024c0000, 0x04390000]
 total_blobs=559 nmethods=325 adapters=165
 compilation: enabled

Compilation events (10 events):
Event: 0.501 Thread 0x0220b800 nmethod 291 0x024b2908 code [0x024b2a00, 0x024b2a80]
Event: 0.501 Thread 0x0220b800  293             sun.util.calendar.BaseCalendar::isLeapYear (5 bytes)
Event: 0.501 Thread 0x0220b800 nmethod 293 0x024b2ac8 code [0x024b2bc0, 0x024b2cf0]
Event: 0.501 Thread 0x0220b800  294             sun.util.calendar.CalendarUtils::isGregorianLeapYear (27 bytes)
Event: 0.501 Thread 0x0220b800 nmethod 294 0x024b2dc8 code [0x024b2ec0, 0x024b2fe0]
Event: 0.502 Thread 0x0220b800  295             java.lang.Character::toUpperCase (6 bytes)
Event: 0.502 Thread 0x0220b800 nmethod 295 0x024b3308 code [0x024b3410, 0x024b34b8]
Event: 0.502 Thread 0x0220b800  296             java.lang.invoke.MemberName::getDeclaringClass (5 bytes)
Event: 0.502 Thread 0x0220b800 nmethod 296 0x024b3548 code [0x024b3640, 0x024b36c0]
Event: 0.502 Thread 0x0220b800  297             java.util.GregorianCalendar::computeFields (81 bytes)

GC Heap History (8 events):
Event: 0.159 GC heap before
{Heap before GC invocations=0 (full 0):
 def new generation   total 4928K, used 4416K [0x04400000, 0x04950000, 0x09950000)
  eden space 4416K, 100% used [0x04400000, 0x04850000, 0x04850000)
  from space 512K,   0% used [0x04850000, 0x04850000, 0x048d0000)
  to   space 512K,   0% used [0x048d0000, 0x048d0000, 0x04950000)
 tenured generation   total 10944K, used 0K [0x09950000, 0x0a400000, 0x14400000)
   the space 10944K,   0% used [0x09950000, 0x09950000, 0x09950200, 0x0a400000)
 Metaspace       used 451K, capacity 2591K, committed 2624K, reserved 4480K
Event: 0.163 GC heap after
Heap after GC invocations=1 (full 0):
 def new generation   total 4928K, used 512K [0x04400000, 0x04950000, 0x09950000)
  eden space 4416K,   0% used [0x04400000, 0x04400000, 0x04850000)
  from space 512K, 100% used [0x048d0000, 0x04950000, 0x04950000)
  to   space 512K,   0% used [0x04850000, 0x04850000, 0x048d0000)
 tenured generation   total 10944K, used 962K [0x09950000, 0x0a400000, 0x14400000)
   the space 10944K,   8% used [0x09950000, 0x09a40b48, 0x09a40c00, 0x0a400000)
 Metaspace       used 451K, capacity 2591K, committed 2624K, reserved 4480K
}
Event: 0.253 GC heap before
{Heap before GC invocations=1 (full 0):
 def new generation   total 4928K, used 4848K [0x04400000, 0x04950000, 0x09950000)
  eden space 4416K,  98% used [0x04400000, 0x0483c380, 0x04850000)
  from space 512K, 100% used [0x048d0000, 0x04950000, 0x04950000)
  to   space 512K,   0% used [0x04850000, 0x04850000, 0x048d0000)
 tenured generation   total 10944K, used 962K [0x09950000, 0x0a400000, 0x14400000)
   the space 10944K,   8% used [0x09950000, 0x09a40b48, 0x09a40c00, 0x0a400000)
 Metaspace       used 1568K, capacity 3393K, committed 3520K, reserved 4480K
Event: 0.257 GC heap after
Heap after GC invocations=2 (full 0):
 def new generation   total 4928K, used 512K [0x04400000, 0x04950000, 0x09950000)
  eden space 4416K,   0% used [0x04400000, 0x04400000, 0x04850000)
  from space 512K, 100% used [0x04850000, 0x048d0000, 0x048d0000)
  to   space 512K,   0% used [0x048d0000, 0x048d0000, 0x04950000)
 tenured generation   total 10944K, used 2634K [0x09950000, 0x0a400000, 0x14400000)
   the space 10944K,  24% used [0x09950000, 0x09be28f8, 0x09be2a00, 0x0a400000)
 Metaspace       used 1568K, capacity 3393K, committed 3520K, reserved 4480K
}
Event: 0.388 GC heap before
{Heap before GC invocations=2 (full 0):
 def new generation   total 4928K, used 4928K [0x04400000, 0x04950000, 0x09950000)
  eden space 4416K, 100% used [0x04400000, 0x04850000, 0x04850000)
  from space 512K, 100% used [0x04850000, 0x048d0000, 0x048d0000)
  to   space 512K,   0% used [0x048d0000, 0x048d0000, 0x04950000)
 tenured generation   total 10944K, used 7754K [0x09950000, 0x0a400000, 0x14400000)
   the space 10944K,  70% used [0x09950000, 0x0a0e2908, 0x0a0e2a00, 0x0a400000)
 Metaspace       used 1953K, capacity 3724K, committed 3776K, reserved 4480K
Event: 0.391 GC heap after
Heap after GC invocations=3 (full 0):
 def new generation   total 4928K, used 512K [0x04400000, 0x04950000, 0x09950000)
  eden space 4416K,   0% used [0x04400000, 0x04400000, 0x04850000)
  from space 512K, 100% used [0x048d0000, 0x04950000, 0x04950000)
  to   space 512K,   0% used [0x04850000, 0x04850000, 0x048d0000)
 tenured generation   total 10944K, used 8447K [0x09950000, 0x0a400000, 0x14400000)
   the space 10944K,  77% used [0x09950000, 0x0a18fe38, 0x0a190000, 0x0a400000)
 Metaspace       used 1953K, capacity 3724K, committed 3776K, reserved 4480K
}
Event: 0.487 GC heap before
{Heap before GC invocations=3 (full 0):
 def new generation   total 4928K, used 4928K [0x04400000, 0x04950000, 0x09950000)
  eden space 4416K, 100% used [0x04400000, 0x04850000, 0x04850000)
  from space 512K, 100% used [0x048d0000, 0x04950000, 0x04950000)
  to   space 512K,   0% used [0x04850000, 0x04850000, 0x048d0000)
 tenured generation   total 10944K, used 8447K [0x09950000, 0x0a400000, 0x14400000)
   the space 10944K,  77% used [0x09950000, 0x0a18fe38, 0x0a190000, 0x0a400000)
 Metaspace       used 2108K, capacity 3841K, committed 3904K, reserved 4480K
Event: 0.490 GC heap after
Heap after GC invocations=4 (full 0):
 def new generation   total 4928K, used 371K [0x04400000, 0x04950000, 0x09950000)
  eden space 4416K,   0% used [0x04400000, 0x04400000, 0x04850000)
  from space 512K,  72% used [0x04850000, 0x048acd10, 0x048d0000)
  to   space 512K,   0% used [0x048d0000, 0x048d0000, 0x04950000)
 tenured generation   total 10944K, used 8944K [0x09950000, 0x0a400000, 0x14400000)
   the space 10944K,  81% used [0x09950000, 0x0a20c0d8, 0x0a20c200, 0x0a400000)
 Metaspace       used 2108K, capacity 3841K, committed 3904K, reserved 4480K
}

Deoptimization events (0 events):
No events

Classes redefined (0 events):
No events

Internal exceptions (10 events):
Event: 0.077 Thread 0x0053dc00 Exception <a 'java/io/FileNotFoundException'> (0x0452c038) thrown at [C:\workspace\8-2-build-windows-i586-cygwin\jdk8u181\11358\hotspot\src\share\vm\prims\jni.cpp, line 709]
Event: 0.096 Thread 0x0053dc00 Exception <a 'java/lang/NoSuchFieldError': method resolution failed> (0x045e9658) thrown at [C:\workspace\8-2-build-windows-i586-cygwin\jdk8u181\11358\hotspot\src\share\vm\prims\methodHandles.cpp, line 1167]
Event: 0.097 Thread 0x0053dc00 Exception <a 'java/lang/NoSuchFieldError': method resolution failed> (0x045f57f8) thrown at [C:\workspace\8-2-build-windows-i586-cygwin\jdk8u181\11358\hotspot\src\share\vm\prims\methodHandles.cpp, line 1167]
Event: 0.131 Thread 0x15a03c00 Exception <a 'java/io/FileNotFoundException'> (0x04714ff0) thrown at [C:\workspace\8-2-build-windows-i586-cygwin\jdk8u181\11358\hotspot\src\share\vm\prims\jni.cpp, line 709]
Event: 0.413 Thread 0x15a03c00 Exception <a 'java/io/FileNotFoundException'> (0x04714fe8) thrown at [C:\workspace\8-2-build-windows-i586-cygwin\jdk8u181\11358\hotspot\src\share\vm\prims\jni.cpp, line 709]
Event: 0.413 Thread 0x15a03c00 Exception <a 'java/lang/NullPointerException'> (0x047155d8) thrown at [C:\workspace\8-2-build-windows-i586-cygwin\jdk8u181\11358\hotspot\src\share\vm\interpreter\linkResolver.cpp, line 1185]
Event: 0.441 Thread 0x15a03c00 Exception <a 'java/io/FileNotFoundException'> (0x0477d410) thrown at [C:\workspace\8-2-build-windows-i586-cygwin\jdk8u181\11358\hotspot\src\share\vm\prims\jni.cpp, line 709]
Event: 0.464 Thread 0x15a03c00 Exception <a 'java/io/FileNotFoundException'> (0x0479d078) thrown at [C:\workspace\8-2-build-windows-i586-cygwin\jdk8u181\11358\hotspot\src\share\vm\prims\jni.cpp, line 709]
Event: 0.465 Thread 0x15a03c00 Exception <a 'java/io/FileNotFoundException'> (0x047ab3d0) thrown at [C:\workspace\8-2-build-windows-i586-cygwin\jdk8u181\11358\hotspot\src\share\vm\prims\jni.cpp, line 709]
Event: 0.491 Thread 0x15a03c00 Exception <a 'java/io/FileNotFoundException'> (0x0440b0b8) thrown at [C:\workspace\8-2-build-windows-i586-cygwin\jdk8u181\11358\hotspot\src\share\vm\prims\jni.cpp, line 709]

Events (10 events):
Event: 0.498 loading class gnu/io/UnSupportedLoggerException
Event: 0.498 loading class gnu/io/UnSupportedLoggerException done
Event: 0.499 loading class sun/net/www/protocol/http/HttpURLConnection
Event: 0.499 loading class sun/net/www/protocol/http/HttpURLConnection done
Event: 0.502 loading class sun/security/action/GetIntegerAction
Event: 0.502 loading class sun/security/action/GetIntegerAction done
Event: 0.502 loading class com/sun/jna/Native
Event: 0.502 loading class com/sun/jna/Native done
Event: 0.502 loading class java/util/regex/Pattern$Ctype
Event: 0.502 loading class java/util/regex/Pattern$Ctype done


Dynamic libraries:
0x001e0000 - 0x00213000 	D:\Program Files (x86)\Java\jre\bin\javaw.exe
0x77cd0000 - 0x77e50000 	C:\windows\SysWOW64\ntdll.dll
0x75690000 - 0x757a0000 	C:\windows\syswow64\kernel32.dll
0x76810000 - 0x76857000 	C:\windows\syswow64\KERNELBASE.dll
0x76d60000 - 0x76e01000 	C:\windows\syswow64\ADVAPI32.dll
0x76ca0000 - 0x76d4c000 	C:\windows\syswow64\msvcrt.dll
0x76a20000 - 0x76a39000 	C:\windows\SysWOW64\sechost.dll
0x757a0000 - 0x75890000 	C:\windows\syswow64\RPCRT4.dll
0x75440000 - 0x754a0000 	C:\windows\syswow64\SspiCli.dll
0x75430000 - 0x7543c000 	C:\windows\syswow64\CRYPTBASE.dll
0x76a90000 - 0x76b90000 	C:\windows\syswow64\USER32.dll
0x77600000 - 0x77690000 	C:\windows\syswow64\GDI32.dll
0x775f0000 - 0x775fa000 	C:\windows\syswow64\LPK.dll
0x777c0000 - 0x7785d000 	C:\windows\syswow64\USP10.dll
0x6a8c0000 - 0x6aa5e000 	C:\windows\WinSxS\x86_microsoft.windows.common-controls_6595b64144ccf1df_6.0.7601.18837_none_41e855142bd5705d\COMCTL32.dll
0x76740000 - 0x76797000 	C:\windows\syswow64\SHLWAPI.dll
0x767a0000 - 0x76800000 	C:\windows\system32\IMM32.DLL
0x76ee0000 - 0x76fad000 	C:\windows\syswow64\MSCTF.dll
0x751f0000 - 0x7521b000 	C:\windows\SysWOW64\nvinit.dll
0x75360000 - 0x75369000 	C:\windows\system32\VERSION.dll
0x71df0000 - 0x71df6000 	C:\Program Files (x86)\NVIDIA Corporation\CoProcManager\detoured.dll
0x68050000 - 0x6807a000 	C:\Program Files (x86)\NVIDIA Corporation\CoProcManager\nvd3d9wrap.dll
0x76870000 - 0x76a0d000 	C:\windows\syswow64\SETUPAPI.dll
0x76c70000 - 0x76c97000 	C:\windows\syswow64\CFGMGR32.dll
0x76b90000 - 0x76c21000 	C:\windows\syswow64\OLEAUT32.dll
0x758d0000 - 0x75a2d000 	C:\windows\syswow64\ole32.dll
0x75ad0000 - 0x75ae2000 	C:\windows\syswow64\DEVOBJ.dll
0x68030000 - 0x6804e000 	C:\Program Files (x86)\NVIDIA Corporation\CoProcManager\nvdxgiwrap.dll
0x73700000 - 0x737bf000 	D:\Program Files (x86)\Java\jre\bin\msvcr100.dll
0x72dc0000 - 0x73193000 	D:\Program Files (x86)\Java\jre\bin\client\jvm.dll
0x6ae60000 - 0x6ae67000 	C:\windows\system32\WSOCK32.dll
0x75890000 - 0x758c5000 	C:\windows\syswow64\WS2_32.dll
0x76a10000 - 0x76a16000 	C:\windows\syswow64\NSI.dll
0x711f0000 - 0x71222000 	C:\windows\system32\WINMM.dll
0x76c60000 - 0x76c65000 	C:\windows\syswow64\PSAPI.DLL
0x73870000 - 0x7387c000 	D:\Program Files (x86)\Java\jre\bin\verify.dll
0x73840000 - 0x73862000 	D:\Program Files (x86)\Java\jre\bin\java.dll
0x73820000 - 0x73834000 	D:\Program Files (x86)\Java\jre\bin\zip.dll
0x75af0000 - 0x7673c000 	C:\windows\syswow64\SHELL32.dll
0x77880000 - 0x7788b000 	C:\windows\syswow64\profapi.dll
0x73430000 - 0x73577000 	D:\Program Files (x86)\Java\jre\bin\awt.dll
0x680c0000 - 0x68140000 	C:\windows\system32\uxtheme.dll
0x680a0000 - 0x680b3000 	C:\windows\system32\dwmapi.dll
0x73800000 - 0x73815000 	D:\Program Files (x86)\Java\jre\bin\net.dll
0x746b0000 - 0x746ec000 	C:\windows\system32\mswsock.dll
0x6c640000 - 0x6c646000 	C:\windows\System32\wship6.dll
0x746a0000 - 0x746a5000 	C:\windows\System32\wshtcpip.dll
0x74590000 - 0x745d4000 	C:\windows\system32\DNSAPI.dll
0x74550000 - 0x74571000 	C:\Program Files (x86)\Bonjour\mdnsNSP.dll
0x75020000 - 0x7503c000 	C:\windows\system32\Iphlpapi.DLL
0x75010000 - 0x75017000 	C:\windows\system32\WINNSI.DLL
0x74500000 - 0x74506000 	C:\windows\system32\rasadhlp.dll
0x6c600000 - 0x6c638000 	C:\windows\System32\fwpuclnt.dll
0x73630000 - 0x736f8000 	C:\windows\system32\opengl32.dll
0x737d0000 - 0x737f2000 	C:\windows\system32\GLU32.dll
0x73340000 - 0x73427000 	C:\windows\system32\DDRAW.dll
0x737c0000 - 0x737c6000 	C:\windows\system32\DCIMAN32.dll
0x73310000 - 0x73336000 	D:\Program Files (x86)\Java\jre\bin\jpeg.dll
0x732d0000 - 0x73309000 	D:\Program Files (x86)\Java\jre\bin\fontmanager.dll
0x6c850000 - 0x6c89c000 	C:\windows\system32\apphelp.dll
0x00220000 - 0x00232000 	D:\Program Files (x86)\Java\jre\bin\rxtxSerial.dll
0x6c240000 - 0x6c267000 	C:\windows\system32\crtdll.dll
0x74730000 - 0x7481b000 	C:\windows\system32\dbghelp.dll
0x74ce0000 - 0x74cf7000 	C:\windows\system32\CRYPTSP.dll
0x74ca0000 - 0x74cdb000 	C:\windows\system32\rsaenh.dll
0x77860000 - 0x77877000 	C:\windows\syswow64\USERENV.dll

VM Arguments:
jvm_args: -Dfile.encoding=GBK 
java_command: com.js.jhjs.MainClass
java_class_path (initial): F:\java2017proj\mainCanteen\bin;E:\opensource\gson-2.8.5.jar;E:\opensource\mysql-connector-java-5.1.39\mysql-connector-java-5.1.39\mysql-connector-java-5.1.39-bin.jar;E:\opensource\jna-3.2.5.jar\jna-3.2.5.jar;E:\opensource\rxtx-2.1-7-bins-r2\RXTXcomm.jar;E:\opensource\httpcomponents-client-4.5.6-bin\httpcomponents-client-4.5.6\lib\commons-codec-1.10.jar;E:\opensource\httpcomponents-client-4.5.6-bin\httpcomponents-client-4.5.6\lib\commons-logging-1.2.jar;E:\opensource\httpcomponents-client-4.5.6-bin\httpcomponents-client-4.5.6\lib\fluent-hc-4.5.6.jar;E:\opensource\httpcomponents-client-4.5.6-bin\httpcomponents-client-4.5.6\lib\httpclient-4.5.6.jar;E:\opensource\httpcomponents-client-4.5.6-bin\httpcomponents-client-4.5.6\lib\httpclient-cache-4.5.6.jar;E:\opensource\httpcomponents-client-4.5.6-bin\httpcomponents-client-4.5.6\lib\httpclient-win-4.5.6.jar;E:\opensource\httpcomponents-client-4.5.6-bin\httpcomponents-client-4.5.6\lib\httpcore-4.4.10.jar;E:\opensource\httpcomponents-client-4.5.6-bin\httpcomponents-client-4.5.6\lib\httpmime-4.5.6.jar;E:\opensource\httpcomponents-client-4.5.6-bin\httpcomponents-client-4.5.6\lib\jna-4.4.0.jar;E:\opensource\httpcomponents-client-4.5.6-bin\httpcomponents-client-4.5.6\lib\jna-platform-4.4.0.jar;E:\opensource\mybatis-3.4.6\mybatis-3.4.6.jar
Launcher Type: SUN_STANDARD

Environment Variables:
JAVA_HOME=D:\Program Files\Java\jdk1.8
CLASSPATH=.;D:\Program Files\Java\jdk1.8\lib\dt.jar;D:\Program Files\Java\jdk1.8\lib\tools.jar;
PATH=C:\Program Files (x86)\Common Files\Oracle\Java\javapath;G:\sdk\tools\lib\monitor-x86_64\jre\bin\javaw.exe;C:\Windows\System32;F:\soui\bin;D:\CTEX\CTeX\ty\bin;D:\CTEX\Ghostscript\gs9.05\bin;D:\CTEX\GSview\gsview;D:\CTEX\WinEdt;D:\Python35;D:\Python35\Scripts;D:\Program Files\Git\cmd;C:\Program Files (x86)\Common Files\Thunder Network\KanKan\Codecs;C:\Users\bonjava\AppData\Local\GitHubDesktop\bin
USERNAME=Administrator
OS=Windows_NT
PROCESSOR_IDENTIFIER=Intel64 Family 6 Model 60 Stepping 3, GenuineIntel



---------------  S Y S T E M  ---------------

OS: Windows 7 , 64 bit Build 7601 (6.1.7601.24214)

CPU:total 8 (initial active 8) (4 cores per cpu, 2 threads per core) family 6 model 60 stepping 3, cmov, cx8, fxsr, mmx, sse, sse2, sse3, ssse3, sse4.1, sse4.2, popcnt, avx, avx2, aes, clmul, erms, lzcnt, ht, tsc, tscinvbit, bmi1, bmi2

Memory: 4k page, physical 16663584k(10751556k free), swap 17710260k(11274200k free)

vm_info: Java HotSpot(TM) Client VM (25.181-b13) for windows-x86 JRE (1.8.0_181-b13), built on Jul  7 2018 03:18:20 by "java_re" with MS VC++ 10.0 (VS2010)

time: Thu Aug 30 22:40:05 2018
elapsed time: 0 seconds (0d 0h 0m 0s)

