#
# A fatal error has been detected by the Java Runtime Environment:
#
#  EXCEPTION_ACCESS_VIOLATION (0xc0000005) at pc=0x0042320b, pid=11492, tid=0x00000c0c
#
# JRE version: Java(TM) SE Runtime Environment (8.0_181-b13) (build 1.8.0_181-b13)
# Java VM: Java HotSpot(TM) Client VM (25.181-b13 mixed mode, sharing windows-x86 )
# Problematic frame:
# C  [rxtxSerial.dll+0x320b]
#
# Failed to write core dump. Minidumps are not enabled by default on client versions of Windows
#
# If you would like to submit a bug report, please visit:
#   http://bugreport.java.com/bugreport/crash.jsp
# The crash happened outside the Java Virtual Machine in native code.
# See problematic frame for where to report the bug.
#

---------------  T H R E A D  ---------------

Current thread (0x16cb9000):  JavaThread "Thread-5" [_thread_in_native, id=3084, stack(0x163a0000,0x163f0000)]

siginfo: ExceptionCode=0xc0000005, reading address 0x00000060

Registers:
EAX=0x00000000, EBX=0x6157b910, ECX=0x76ad509a, EDX=0x00000039
ESP=0x163ef6c0, EBP=0x163ef758, ESI=0x14d71e40, EDI=0x16cb9000
EIP=0x0042320b, EFLAGS=0x00010202

Top of Stack: (sp=0x163ef6c0)
0x163ef6c0:   16cb9000 0000000b 0000001d 00000002
0x163ef6d0:   163ef704 614a7273 16cb9000 7975b4af
0x163ef6e0:   00000000 16cb9000 00000000 163ef6dc
0x163ef6f0:   00000000 00000000 00000000 00000000
0x163ef700:   fffffffe 00000022 ffffffff 16cdfbc8
0x163ef710:   00000000 00fffff8 6157ba0e 16cb9000
0x163ef720:   163ef758 6c24e5f4 163ef738 0042673e
0x163ef730:   163ef76c 14d71e40 163ef7bb 7fffffdc 

Instructions: (pc=0x0042320b)
0x004231eb:   04 85 c0 74 0c 8b 45 fc c7 40 78 04 00 00 00 eb
0x004231fb:   0a 8b 45 fc c7 40 78 00 00 00 00 a1 00 d0 42 00
0x0042320b:   83 78 60 00 75 2d 83 c4 fc 8b 45 fc 50 68 40 30
0x0042321b:   42 00 8d 85 70 ff ff ff 50 e8 3f 97 00 00 83 c4 


Register to memory mapping:

EAX=0x00000000 is an unknown value
EBX=0x6157b910 is an unknown value
ECX=0x76ad509a is an unknown value
EDX=0x00000039 is an unknown value
ESP=0x163ef6c0 is pointing into the stack for thread: 0x16cb9000
EBP=0x163ef758 is pointing into the stack for thread: 0x16cb9000
ESI=0x14d71e40 is pointing into metadata
EDI=0x16cb9000 is a thread


Stack: [0x163a0000,0x163f0000],  sp=0x163ef6c0,  free space=317k
Native frames: (J=compiled Java code, j=interpreted, Vv=VM code, C=native code)
C  [rxtxSerial.dll+0x320b]
C  [rxtxSerial.dll+0x6988]
j  gnu.io.RXTXPort.open(Ljava/lang/String;)I+0
j  gnu.io.RXTXPort.<init>(Ljava/lang/String;)V+114
j  gnu.io.RXTXCommDriver.getCommPort(Ljava/lang/String;I)Lgnu/io/CommPort;+78
j  gnu.io.CommPortIdentifier.open(Ljava/lang/String;I)Lgnu/io/CommPort;+80
j  com.js.jhjs.wmFrame$SerialTools.openSerialPort(Lgnu/io/CommPortIdentifier;I)Z+5
j  com.js.jhjs.wmFrame.lambda$1(Lcom/js/jhjs/wmFrame$SerialTools;Lgnu/io/CommPortIdentifier;)V+4
j  com.js.jhjs.wmFrame$$Lambda$29.run()V+8
j  java.lang.Thread.run()V+11
v  ~StubRoutines::call_stub
V  [jvm.dll+0x15c065]
V  [jvm.dll+0x223ade]
V  [jvm.dll+0x15c0fe]
V  [jvm.dll+0x15c286]
V  [jvm.dll+0x15c2f7]
V  [jvm.dll+0x10016f]
V  [jvm.dll+0x17f280]
V  [jvm.dll+0x17fafa]
V  [jvm.dll+0x1c5416]
C  [msvcr100.dll+0x5c556]
C  [msvcr100.dll+0x5c600]
C  [kernel32.dll+0x1343d]
C  [ntdll.dll+0x39832]
C  [ntdll.dll+0x39805]
C  0x00000000

Java frames: (J=compiled Java code, j=interpreted, Vv=VM code)
j  gnu.io.RXTXPort.open(Ljava/lang/String;)I+0
j  gnu.io.RXTXPort.<init>(Ljava/lang/String;)V+114
j  gnu.io.RXTXCommDriver.getCommPort(Ljava/lang/String;I)Lgnu/io/CommPort;+78
j  gnu.io.CommPortIdentifier.open(Ljava/lang/String;I)Lgnu/io/CommPort;+80
j  com.js.jhjs.wmFrame$SerialTools.openSerialPort(Lgnu/io/CommPortIdentifier;I)Z+5
j  com.js.jhjs.wmFrame.lambda$1(Lcom/js/jhjs/wmFrame$SerialTools;Lgnu/io/CommPortIdentifier;)V+4
j  com.js.jhjs.wmFrame$$Lambda$29.run()V+8
j  java.lang.Thread.run()V+11
v  ~StubRoutines::call_stub

---------------  P R O C E S S  ---------------

Java Threads: ( => current thread )
  0x16cee800 JavaThread "Thread-4" [_thread_in_native, id=11732, stack(0x16780000,0x167d0000)]
  0x16ccf400 JavaThread "Thread-3" [_thread_in_native, id=14012, stack(0x16670000,0x166c0000)]
=>0x16cb9000 JavaThread "Thread-5" [_thread_in_native, id=3084, stack(0x163a0000,0x163f0000)]
  0x16c8dc00 JavaThread "Thread-1" [_thread_in_native, id=13916, stack(0x172a0000,0x172f0000)]
  0x16c3b800 JavaThread "Image Fetcher 0" daemon [_thread_blocked, id=13384, stack(0x171a0000,0x171f0000)]
  0x15ba9800 JavaThread "Abandoned connection cleanup thread" daemon [_thread_blocked, id=9992, stack(0x161c0000,0x16210000)]
  0x001fdc00 JavaThread "DestroyJavaVM" [_thread_blocked, id=10636, stack(0x02390000,0x023e0000)]
  0x15b40400 JavaThread "AWT-EventQueue-0" [_thread_in_native, id=9904, stack(0x16350000,0x163a0000)]
  0x15b3e800 JavaThread "AWT-Windows" daemon [_thread_in_native, id=13724, stack(0x15ed0000,0x15f20000)]
  0x15b3e000 JavaThread "AWT-Shutdown" [_thread_blocked, id=3160, stack(0x158c0000,0x15910000)]
  0x15b3b800 JavaThread "Java2D Disposer" daemon [_thread_blocked, id=2860, stack(0x15cd0000,0x15d20000)]
  0x0226e400 JavaThread "Service Thread" daemon [_thread_blocked, id=7900, stack(0x15930000,0x15980000)]
  0x0224b800 JavaThread "C1 CompilerThread0" daemon [_thread_blocked, id=12044, stack(0x159a0000,0x159f0000)]
  0x0224a400 JavaThread "Attach Listener" daemon [_thread_blocked, id=8924, stack(0x15830000,0x15880000)]
  0x02247400 JavaThread "Signal Dispatcher" daemon [_thread_blocked, id=7156, stack(0x155f0000,0x15640000)]
  0x0222cc00 JavaThread "Finalizer" daemon [_thread_blocked, id=11508, stack(0x156c0000,0x15710000)]
  0x021ce400 JavaThread "Reference Handler" daemon [_thread_blocked, id=924, stack(0x14e20000,0x14e70000)]

Other Threads:
  0x021cc000 VMThread [stack: 0x022a0000,0x022f0000] [id=1948]
  0x0226f400 WatcherThread [stack: 0x15d30000,0x15d80000] [id=10840]

VM state:not at safepoint (normal execution)

VM Mutex/Monitor currently owned by a thread: None

Heap:
 def new generation   total 4928K, used 1552K [0x04400000, 0x04950000, 0x09950000)
  eden space 4416K,  25% used [0x04400000, 0x04517b70, 0x04850000)
  from space 512K,  84% used [0x04850000, 0x048bc768, 0x048d0000)
  to   space 512K,   0% used [0x048d0000, 0x048d0000, 0x04950000)
 tenured generation   total 16068K, used 14065K [0x09950000, 0x0a901000, 0x14400000)
   the space 16068K,  87% used [0x09950000, 0x0a70c528, 0x0a70c600, 0x0a901000)
 Metaspace       used 2284K, capacity 3910K, committed 4032K, reserved 4480K

Card table byte_map: [0x020d0000,0x02160000] byte_map_base: 0x020ae000

Polling page: 0x00120000

CodeCache: size=32768Kb used=1033Kb max_used=1033Kb free=31734Kb
 bounds [0x023e0000, 0x024e8000, 0x043e0000]
 total_blobs=497 nmethods=256 adapters=172
 compilation: enabled

Compilation events (10 events):
Event: 0.503 Thread 0x0224b800  244             java.net.URL::getHost (5 bytes)
Event: 0.503 Thread 0x0224b800 nmethod 244 0x024de188 code [0x024de280, 0x024de300]
Event: 0.504 Thread 0x0224b800  245             java.lang.Character::toUpperCase (6 bytes)
Event: 0.504 Thread 0x0224b800 nmethod 245 0x024de348 code [0x024de450, 0x024de4f8]
Event: 0.510 Thread 0x0224b800  246             jdk.internal.org.objectweb.asm.ByteVector::put12 (64 bytes)
Event: 0.510 Thread 0x0224b800 nmethod 246 0x024de588 code [0x024de690, 0x024de7bc]
Event: 0.510 Thread 0x0224b800  247  s          sun.java2d.loops.GraphicsPrimitive::makeUniqueID (26 bytes)
Event: 0.510 Thread 0x0224b800 nmethod 247 0x024de908 code [0x024dea00, 0x024debe0]
Event: 0.510 Thread 0x0224b800  248             sun.java2d.loops.CompositeType::getUniqueID (5 bytes)
Event: 0.510 Thread 0x0224b800 nmethod 248 0x024decc8 code [0x024dedc0, 0x024dee40]

GC Heap History (8 events):
Event: 0.188 GC heap before
{Heap before GC invocations=0 (full 0):
 def new generation   total 4928K, used 4416K [0x04400000, 0x04950000, 0x09950000)
  eden space 4416K, 100% used [0x04400000, 0x04850000, 0x04850000)
  from space 512K,   0% used [0x04850000, 0x04850000, 0x048d0000)
  to   space 512K,   0% used [0x048d0000, 0x048d0000, 0x04950000)
 tenured generation   total 10944K, used 0K [0x09950000, 0x0a400000, 0x14400000)
   the space 10944K,   0% used [0x09950000, 0x09950000, 0x09950200, 0x0a400000)
 Metaspace       used 438K, capacity 2559K, committed 2624K, reserved 4480K
Event: 0.193 GC heap after
Heap after GC invocations=1 (full 0):
 def new generation   total 4928K, used 512K [0x04400000, 0x04950000, 0x09950000)
  eden space 4416K,   0% used [0x04400000, 0x04400000, 0x04850000)
  from space 512K, 100% used [0x048d0000, 0x04950000, 0x04950000)
  to   space 512K,   0% used [0x04850000, 0x04850000, 0x048d0000)
 tenured generation   total 10944K, used 961K [0x09950000, 0x0a400000, 0x14400000)
   the space 10944K,   8% used [0x09950000, 0x09a40780, 0x09a40800, 0x0a400000)
 Metaspace       used 438K, capacity 2559K, committed 2624K, reserved 4480K
}
Event: 0.284 GC heap before
{Heap before GC invocations=1 (full 0):
 def new generation   total 4928K, used 4928K [0x04400000, 0x04950000, 0x09950000)
  eden space 4416K, 100% used [0x04400000, 0x04850000, 0x04850000)
  from space 512K, 100% used [0x048d0000, 0x04950000, 0x04950000)
  to   space 512K,   0% used [0x04850000, 0x04850000, 0x048d0000)
 tenured generation   total 10944K, used 961K [0x09950000, 0x0a400000, 0x14400000)
   the space 10944K,   8% used [0x09950000, 0x09a40780, 0x09a40800, 0x0a400000)
 Metaspace       used 1664K, capacity 3489K, committed 3520K, reserved 4480K
Event: 0.287 GC heap after
Heap after GC invocations=2 (full 0):
 def new generation   total 4928K, used 512K [0x04400000, 0x04950000, 0x09950000)
  eden space 4416K,   0% used [0x04400000, 0x04400000, 0x04850000)
  from space 512K, 100% used [0x04850000, 0x048d0000, 0x048d0000)
  to   space 512K,   0% used [0x048d0000, 0x048d0000, 0x04950000)
 tenured generation   total 10944K, used 2573K [0x09950000, 0x0a400000, 0x14400000)
   the space 10944K,  23% used [0x09950000, 0x09bd35b0, 0x09bd3600, 0x0a400000)
 Metaspace       used 1664K, capacity 3489K, committed 3520K, reserved 4480K
}
Event: 0.418 GC heap before
{Heap before GC invocations=2 (full 0):
 def new generation   total 4928K, used 4926K [0x04400000, 0x04950000, 0x09950000)
  eden space 4416K,  99% used [0x04400000, 0x0484f820, 0x04850000)
  from space 512K, 100% used [0x04850000, 0x048d0000, 0x048d0000)
  to   space 512K,   0% used [0x048d0000, 0x048d0000, 0x04950000)
 tenured generation   total 10944K, used 7693K [0x09950000, 0x0a400000, 0x14400000)
   the space 10944K,  70% used [0x09950000, 0x0a0d35c0, 0x0a0d3600, 0x0a400000)
 Metaspace       used 1945K, capacity 3724K, committed 3776K, reserved 4480K
Event: 0.421 GC heap after
Heap after GC invocations=3 (full 0):
 def new generation   total 4928K, used 512K [0x04400000, 0x04950000, 0x09950000)
  eden space 4416K,   0% used [0x04400000, 0x04400000, 0x04850000)
  from space 512K, 100% used [0x048d0000, 0x04950000, 0x04950000)
  to   space 512K,   0% used [0x04850000, 0x04850000, 0x048d0000)
 tenured generation   total 10944K, used 8448K [0x09950000, 0x0a400000, 0x14400000)
   the space 10944K,  77% used [0x09950000, 0x0a190018, 0x0a190200, 0x0a400000)
 Metaspace       used 1945K, capacity 3724K, committed 3776K, reserved 4480K
}
Event: 0.506 GC heap before
{Heap before GC invocations=3 (full 0):
 def new generation   total 4928K, used 4600K [0x04400000, 0x04950000, 0x09950000)
  eden space 4416K,  92% used [0x04400000, 0x047fe2a0, 0x04850000)
  from space 512K, 100% used [0x048d0000, 0x04950000, 0x04950000)
  to   space 512K,   0% used [0x04850000, 0x04850000, 0x048d0000)
 tenured generation   total 16068K, used 13568K [0x09950000, 0x0a901000, 0x14400000)
   the space 16068K,  84% used [0x09950000, 0x0a690028, 0x0a690200, 0x0a901000)
 Metaspace       used 2161K, capacity 3843K, committed 3904K, reserved 4480K
Event: 0.509 GC heap after
Heap after GC invocations=4 (full 0):
 def new generation   total 4928K, used 433K [0x04400000, 0x04950000, 0x09950000)
  eden space 4416K,   0% used [0x04400000, 0x04400000, 0x04850000)
  from space 512K,  84% used [0x04850000, 0x048bc768, 0x048d0000)
  to   space 512K,   0% used [0x048d0000, 0x048d0000, 0x04950000)
 tenured generation   total 16068K, used 14065K [0x09950000, 0x0a901000, 0x14400000)
   the space 16068K,  87% used [0x09950000, 0x0a70c528, 0x0a70c600, 0x0a901000)
 Metaspace       used 2161K, capacity 3843K, committed 3904K, reserved 4480K
}

Deoptimization events (0 events):
No events

Classes redefined (0 events):
No events

Internal exceptions (10 events):
Event: 0.105 Thread 0x001fdc00 Exception <a 'java/io/FileNotFoundException'> (0x0452c038) thrown at [C:\workspace\8-2-build-windows-i586-cygwin\jdk8u181\11358\hotspot\src\share\vm\prims\jni.cpp, line 709]
Event: 0.124 Thread 0x001fdc00 Exception <a 'java/lang/NoSuchFieldError': method resolution failed> (0x045e9658) thrown at [C:\workspace\8-2-build-windows-i586-cygwin\jdk8u181\11358\hotspot\src\share\vm\prims\methodHandles.cpp, line 1167]
Event: 0.125 Thread 0x001fdc00 Exception <a 'java/lang/NoSuchFieldError': method resolution failed> (0x045f57f8) thrown at [C:\workspace\8-2-build-windows-i586-cygwin\jdk8u181\11358\hotspot\src\share\vm\prims\methodHandles.cpp, line 1167]
Event: 0.160 Thread 0x15b40400 Exception <a 'java/io/FileNotFoundException'> (0x047105b0) thrown at [C:\workspace\8-2-build-windows-i586-cygwin\jdk8u181\11358\hotspot\src\share\vm\prims\jni.cpp, line 709]
Event: 0.441 Thread 0x15b40400 Exception <a 'java/io/FileNotFoundException'> (0x046ff790) thrown at [C:\workspace\8-2-build-windows-i586-cygwin\jdk8u181\11358\hotspot\src\share\vm\prims\jni.cpp, line 709]
Event: 0.441 Thread 0x15b40400 Exception <a 'java/lang/NullPointerException'> (0x046ffd80) thrown at [C:\workspace\8-2-build-windows-i586-cygwin\jdk8u181\11358\hotspot\src\share\vm\interpreter\linkResolver.cpp, line 1185]
Event: 0.472 Thread 0x15b40400 Exception <a 'java/io/FileNotFoundException'> (0x04767f98) thrown at [C:\workspace\8-2-build-windows-i586-cygwin\jdk8u181\11358\hotspot\src\share\vm\prims\jni.cpp, line 709]
Event: 0.485 Thread 0x15b40400 Exception <a 'java/io/FileNotFoundException'> (0x0477c5e0) thrown at [C:\workspace\8-2-build-windows-i586-cygwin\jdk8u181\11358\hotspot\src\share\vm\prims\jni.cpp, line 709]
Event: 0.485 Thread 0x15b40400 Exception <a 'java/io/FileNotFoundException'> (0x0478a938) thrown at [C:\workspace\8-2-build-windows-i586-cygwin\jdk8u181\11358\hotspot\src\share\vm\prims\jni.cpp, line 709]
Event: 0.497 Thread 0x15b40400 Exception <a 'java/io/FileNotFoundException'> (0x0479e900) thrown at [C:\workspace\8-2-build-windows-i586-cygwin\jdk8u181\11358\hotspot\src\share\vm\prims\jni.cpp, line 709]

Events (10 events):
Event: 0.512 loading class sun/net/www/http/HttpCapture
Event: 0.512 loading class com/sun/jna/Callback$UncaughtExceptionHandler
Event: 0.512 loading class com/sun/jna/Callback$UncaughtExceptionHandler done
Event: 0.512 loading class sun/net/www/http/HttpCapture done
Event: 0.512 loading class sun/net/www/http/HttpCapture$1
Event: 0.512 loading class sun/net/www/http/HttpCapture$1 done
Event: 0.512 loading class com/sun/jna/Native$3
Event: 0.512 loading class com/sun/jna/Native$3 done
Event: 0.512 loading class com/sun/jna/Native$1
Event: 0.513 loading class com/sun/jna/Native$1 done


Dynamic libraries:
0x00270000 - 0x002a3000 	D:\Program Files (x86)\Java\jre\bin\javaw.exe
0x77b00000 - 0x77c80000 	C:\windows\SysWOW64\ntdll.dll
0x76fb0000 - 0x770c0000 	C:\windows\syswow64\kernel32.dll
0x76ac0000 - 0x76b07000 	C:\windows\syswow64\KERNELBASE.dll
0x76620000 - 0x766c1000 	C:\windows\syswow64\ADVAPI32.dll
0x77670000 - 0x7771c000 	C:\windows\syswow64\msvcrt.dll
0x76f90000 - 0x76fa9000 	C:\windows\SysWOW64\sechost.dll
0x772a0000 - 0x77390000 	C:\windows\syswow64\RPCRT4.dll
0x75270000 - 0x752d0000 	C:\windows\syswow64\SspiCli.dll
0x75260000 - 0x7526c000 	C:\windows\syswow64\CRYPTBASE.dll
0x774f0000 - 0x775f0000 	C:\windows\syswow64\USER32.dll
0x76c20000 - 0x76cb0000 	C:\windows\syswow64\GDI32.dll
0x760b0000 - 0x760ba000 	C:\windows\syswow64\LPK.dll
0x770e0000 - 0x7717d000 	C:\windows\syswow64\USP10.dll
0x70f90000 - 0x7112e000 	C:\windows\WinSxS\x86_microsoft.windows.common-controls_6595b64144ccf1df_6.0.7601.18837_none_41e855142bd5705d\COMCTL32.dll
0x76050000 - 0x760a7000 	C:\windows\syswow64\SHLWAPI.dll
0x760c0000 - 0x76120000 	C:\windows\system32\IMM32.DLL
0x76120000 - 0x761ed000 	C:\windows\syswow64\MSCTF.dll
0x75020000 - 0x7504b000 	C:\windows\SysWOW64\nvinit.dll
0x75190000 - 0x75199000 	C:\windows\system32\VERSION.dll
0x71d50000 - 0x71d56000 	C:\Program Files (x86)\NVIDIA Corporation\CoProcManager\detoured.dll
0x70de0000 - 0x70e0a000 	C:\Program Files (x86)\NVIDIA Corporation\CoProcManager\nvd3d9wrap.dll
0x766d0000 - 0x7686d000 	C:\windows\syswow64\SETUPAPI.dll
0x77640000 - 0x77667000 	C:\windows\syswow64\CFGMGR32.dll
0x76d80000 - 0x76e11000 	C:\windows\syswow64\OLEAUT32.dll
0x77390000 - 0x774ed000 	C:\windows\syswow64\ole32.dll
0x76cb0000 - 0x76cc2000 	C:\windows\syswow64\DEVOBJ.dll
0x68680000 - 0x6869e000 	C:\Program Files (x86)\NVIDIA Corporation\CoProcManager\nvdxgiwrap.dll
0x61880000 - 0x6193f000 	D:\Program Files (x86)\Java\jre\bin\msvcr100.dll
0x614a0000 - 0x61873000 	D:\Program Files (x86)\Java\jre\bin\client\jvm.dll
0x6a5d0000 - 0x6a5d7000 	C:\windows\system32\WSOCK32.dll
0x76b10000 - 0x76b45000 	C:\windows\syswow64\WS2_32.dll
0x76610000 - 0x76616000 	C:\windows\syswow64\NSI.dll
0x70d90000 - 0x70dc2000 	C:\windows\system32\WINMM.dll
0x76d60000 - 0x76d65000 	C:\windows\syswow64\PSAPI.DLL
0x65d10000 - 0x65d1c000 	D:\Program Files (x86)\Java\jre\bin\verify.dll
0x61470000 - 0x61492000 	D:\Program Files (x86)\Java\jre\bin\java.dll
0x61450000 - 0x61464000 	D:\Program Files (x86)\Java\jre\bin\zip.dll
0x752d0000 - 0x75f1c000 	C:\windows\syswow64\SHELL32.dll
0x77630000 - 0x7763b000 	C:\windows\syswow64\profapi.dll
0x61300000 - 0x61447000 	D:\Program Files (x86)\Java\jre\bin\awt.dll
0x68490000 - 0x68510000 	C:\windows\system32\uxtheme.dll
0x68470000 - 0x68483000 	C:\windows\system32\dwmapi.dll
0x612e0000 - 0x612f5000 	D:\Program Files (x86)\Java\jre\bin\net.dll
0x74a60000 - 0x74a9c000 	C:\windows\system32\mswsock.dll
0x6c010000 - 0x6c016000 	C:\windows\System32\wship6.dll
0x74b00000 - 0x74b05000 	C:\windows\System32\wshtcpip.dll
0x723d0000 - 0x72414000 	C:\windows\system32\DNSAPI.dll
0x72390000 - 0x723b1000 	C:\Program Files (x86)\Bonjour\mdnsNSP.dll
0x74e50000 - 0x74e6c000 	C:\windows\system32\Iphlpapi.DLL
0x74e40000 - 0x74e47000 	C:\windows\system32\WINNSI.DLL
0x72460000 - 0x72466000 	C:\windows\system32\rasadhlp.dll
0x6bfd0000 - 0x6c008000 	C:\windows\System32\fwpuclnt.dll
0x548e0000 - 0x549a8000 	C:\windows\system32\opengl32.dll
0x5a920000 - 0x5a942000 	C:\windows\system32\GLU32.dll
0x55560000 - 0x55647000 	C:\windows\system32\DDRAW.dll
0x66be0000 - 0x66be6000 	C:\windows\system32\DCIMAN32.dll
0x612b0000 - 0x612d6000 	D:\Program Files (x86)\Java\jre\bin\jpeg.dll
0x61270000 - 0x612a9000 	D:\Program Files (x86)\Java\jre\bin\fontmanager.dll
0x00420000 - 0x00432000 	D:\Program Files (x86)\Java\jre\bin\rxtxSerial.dll
0x6c240000 - 0x6c267000 	C:\windows\system32\crtdll.dll
0x6c050000 - 0x6c09c000 	C:\windows\system32\apphelp.dll
0x744f0000 - 0x745db000 	C:\windows\system32\dbghelp.dll
0x63f20000 - 0x63f2f000 	D:\Program Files (x86)\Java\jre\bin\nio.dll
0x74b30000 - 0x74b47000 	C:\windows\system32\CRYPTSP.dll
0x61230000 - 0x61262000 	D:\Program Files (x86)\Java\jre\bin\t2k.dll
0x74aa0000 - 0x74adb000 	C:\windows\system32\rsaenh.dll
0x770c0000 - 0x770d7000 	C:\windows\syswow64\USERENV.dll

VM Arguments:
jvm_args: -Dfile.encoding=GBK 
java_command: com.js.jhjs.MainClass
java_class_path (initial): F:\java2017proj\mainCanteen\bin;E:\opensource\gson-2.8.5.jar;E:\opensource\mysql-connector-java-5.1.39\mysql-connector-java-5.1.39\mysql-connector-java-5.1.39-bin.jar;E:\opensource\jna-3.2.5.jar\jna-3.2.5.jar;E:\opensource\rxtx-2.1-7-bins-r2\RXTXcomm.jar;E:\opensource\httpcomponents-client-4.5.6-bin\httpcomponents-client-4.5.6\lib\commons-codec-1.10.jar;E:\opensource\httpcomponents-client-4.5.6-bin\httpcomponents-client-4.5.6\lib\commons-logging-1.2.jar;E:\opensource\httpcomponents-client-4.5.6-bin\httpcomponents-client-4.5.6\lib\fluent-hc-4.5.6.jar;E:\opensource\httpcomponents-client-4.5.6-bin\httpcomponents-client-4.5.6\lib\httpclient-4.5.6.jar;E:\opensource\httpcomponents-client-4.5.6-bin\httpcomponents-client-4.5.6\lib\httpclient-cache-4.5.6.jar;E:\opensource\httpcomponents-client-4.5.6-bin\httpcomponents-client-4.5.6\lib\httpclient-win-4.5.6.jar;E:\opensource\httpcomponents-client-4.5.6-bin\httpcomponents-client-4.5.6\lib\httpcore-4.4.10.jar;E:\opensource\httpcomponents-client-4.5.6-bin\httpcomponents-client-4.5.6\lib\httpmime-4.5.6.jar;E:\opensource\httpcomponents-client-4.5.6-bin\httpcomponents-client-4.5.6\lib\jna-4.4.0.jar;E:\opensource\httpcomponents-client-4.5.6-bin\httpcomponents-client-4.5.6\lib\jna-platform-4.4.0.jar;E:\opensource\mybatis-3.4.6\mybatis-3.4.6.jar
Launcher Type: SUN_STANDARD

Environment Variables:
JAVA_HOME=D:\Program Files\Java\jdk1.8
CLASSPATH=.;D:\Program Files\Java\jdk1.8\lib\dt.jar;D:\Program Files\Java\jdk1.8\lib\tools.jar;
PATH=C:\Program Files (x86)\Common Files\Oracle\Java\javapath;G:\sdk\tools\lib\monitor-x86_64\jre\bin\javaw.exe;C:\Windows\System32;F:\soui\bin;D:\CTEX\CTeX\ty\bin;D:\CTEX\Ghostscript\gs9.05\bin;D:\CTEX\GSview\gsview;D:\CTEX\WinEdt;D:\Python35;D:\Python35\Scripts;D:\Program Files\Git\cmd;C:\Program Files (x86)\Common Files\Thunder Network\KanKan\Codecs;C:\Users\bonjava\AppData\Local\GitHubDesktop\bin
USERNAME=Administrator
OS=Windows_NT
PROCESSOR_IDENTIFIER=Intel64 Family 6 Model 60 Stepping 3, GenuineIntel



---------------  S Y S T E M  ---------------

OS: Windows 7 , 64 bit Build 7601 (6.1.7601.24214)

CPU:total 8 (initial active 8) (4 cores per cpu, 2 threads per core) family 6 model 60 stepping 3, cmov, cx8, fxsr, mmx, sse, sse2, sse3, ssse3, sse4.1, sse4.2, popcnt, avx, avx2, aes, clmul, erms, lzcnt, ht, tsc, tscinvbit, bmi1, bmi2

Memory: 4k page, physical 16663584k(9442684k free), swap 17710260k(9864644k free)

vm_info: Java HotSpot(TM) Client VM (25.181-b13) for windows-x86 JRE (1.8.0_181-b13), built on Jul  7 2018 03:18:20 by "java_re" with MS VC++ 10.0 (VS2010)

time: Tue Aug 28 21:07:34 2018
elapsed time: 0 seconds (0d 0h 0m 0s)

