#
# A fatal error has been detected by the Java Runtime Environment:
#
#  EXCEPTION_ACCESS_VIOLATION (0xc0000005) at pc=0x0057320b, pid=11904, tid=0x0000345c
#
# JRE version: Java(TM) SE Runtime Environment (8.0_181-b13) (build 1.8.0_181-b13)
# Java VM: Java HotSpot(TM) Client VM (25.181-b13 mixed mode windows-x86 )
# Problematic frame:
# C  [rxtxSerial.dll+0x320b]
#
# Failed to write core dump. Minidumps are not enabled by default on client versions of Windows
#
# If you would like to submit a bug report, please visit:
#   http://bugreport.java.com/bugreport/crash.jsp
# The crash happened outside the Java Virtual Machine in native code.
# See problematic frame for where to report the bug.
#

---------------  T H R E A D  ---------------

Current thread (0x15353c00):  JavaThread "Thread-5" [_thread_in_native, id=13404, stack(0x15c60000,0x15cb0000)]

siginfo: ExceptionCode=0xc0000005, reading address 0x00000060

Registers:
EAX=0x00000000, EBX=0x6157b910, ECX=0x15caf108, EDX=0x15caf098
ESP=0x15caf470, EBP=0x15caf508, ESI=0x16b6c520, EDI=0x15353c00
EIP=0x0057320b, EFLAGS=0x00010202

Top of Stack: (sp=0x15caf470)
0x15caf470:   15353c00 0000000b 0000001d 00000002
0x15caf480:   15caf4b4 614a7273 15353c00 e0695b6e
0x15caf490:   00000000 15353c00 00000000 15caf48c
0x15caf4a0:   00000000 00000000 00000000 00000000
0x15caf4b0:   fffffffe 00000022 ffffffff 14b932b0
0x15caf4c0:   00000000 00fffff8 6157ba0e 15353c00
0x15caf4d0:   15caf508 6c24e5f4 15caf4e8 0057673e
0x15caf4e0:   15caf51c 16b6c520 15caf56b 7fffffdc 

Instructions: (pc=0x0057320b)
0x005731eb:   04 85 c0 74 0c 8b 45 fc c7 40 78 04 00 00 00 eb
0x005731fb:   0a 8b 45 fc c7 40 78 00 00 00 00 a1 00 d0 57 00
0x0057320b:   83 78 60 00 75 2d 83 c4 fc 8b 45 fc 50 68 40 30
0x0057321b:   57 00 8d 85 70 ff ff ff 50 e8 3f 97 00 00 83 c4 


Register to memory mapping:

EAX=0x00000000 is an unknown value
EBX=0x6157b910 is an unknown value
ECX=0x15caf108 is pointing into the stack for thread: 0x15353c00
EDX=0x15caf098 is pointing into the stack for thread: 0x15353c00
ESP=0x15caf470 is pointing into the stack for thread: 0x15353c00
EBP=0x15caf508 is pointing into the stack for thread: 0x15353c00
ESI=0x16b6c520 is pointing into metadata
EDI=0x15353c00 is a thread


Stack: [0x15c60000,0x15cb0000],  sp=0x15caf470,  free space=317k
Native frames: (J=compiled Java code, j=interpreted, Vv=VM code, C=native code)
C  [rxtxSerial.dll+0x320b]
C  [rxtxSerial.dll+0x6988]
j  gnu.io.RXTXPort.open(Ljava/lang/String;)I+0
j  gnu.io.RXTXPort.<init>(Ljava/lang/String;)V+114
j  gnu.io.RXTXCommDriver.getCommPort(Ljava/lang/String;I)Lgnu/io/CommPort;+78
j  gnu.io.CommPortIdentifier.open(Ljava/lang/String;I)Lgnu/io/CommPort;+80
j  com.js.jhjs.wmFrame$SerialTools.openSerialPort(Lgnu/io/CommPortIdentifier;I)Z+5
j  com.js.jhjs.wmFrame.lambda$1(Lcom/js/jhjs/wmFrame$SerialTools;Lgnu/io/CommPortIdentifier;)V+4
j  com.js.jhjs.wmFrame$$Lambda$29.run()V+8
j  java.lang.Thread.run()V+11
v  ~StubRoutines::call_stub
V  [jvm.dll+0x15c065]
V  [jvm.dll+0x223ade]
V  [jvm.dll+0x15c0fe]
V  [jvm.dll+0x15c286]
V  [jvm.dll+0x15c2f7]
V  [jvm.dll+0x10016f]
V  [jvm.dll+0x17f280]
V  [jvm.dll+0x17fafa]
V  [jvm.dll+0x1c5416]
C  [msvcr100.dll+0x5c556]
C  [msvcr100.dll+0x5c600]
C  [kernel32.dll+0x1343d]
C  [ntdll.dll+0x39832]
C  [ntdll.dll+0x39805]
C  0x00000000

Java frames: (J=compiled Java code, j=interpreted, Vv=VM code)
j  gnu.io.RXTXPort.open(Ljava/lang/String;)I+0
j  gnu.io.RXTXPort.<init>(Ljava/lang/String;)V+114
j  gnu.io.RXTXCommDriver.getCommPort(Ljava/lang/String;I)Lgnu/io/CommPort;+78
j  gnu.io.CommPortIdentifier.open(Ljava/lang/String;I)Lgnu/io/CommPort;+80
j  com.js.jhjs.wmFrame$SerialTools.openSerialPort(Lgnu/io/CommPortIdentifier;I)Z+5
j  com.js.jhjs.wmFrame.lambda$1(Lcom/js/jhjs/wmFrame$SerialTools;Lgnu/io/CommPortIdentifier;)V+4
j  com.js.jhjs.wmFrame$$Lambda$29.run()V+8
j  java.lang.Thread.run()V+11
v  ~StubRoutines::call_stub

---------------  P R O C E S S  ---------------

Java Threads: ( => current thread )
  0x1543a000 JavaThread "Thread-4" [_thread_in_vm, id=11868, stack(0x15c10000,0x15c60000)]
  0x1532d400 JavaThread "Thread-3" [_thread_in_native, id=10316, stack(0x15a90000,0x15ae0000)]
=>0x15353c00 JavaThread "Thread-5" [_thread_in_native, id=13404, stack(0x15c60000,0x15cb0000)]
  0x1531b000 JavaThread "Thread-1" [_thread_in_native, id=13192, stack(0x169d0000,0x16a20000)]
  0x1529d000 JavaThread "Image Fetcher 0" daemon [_thread_blocked, id=13776, stack(0x16660000,0x166b0000)]
  0x151f5400 JavaThread "Abandoned connection cleanup thread" daemon [_thread_blocked, id=8748, stack(0x162b0000,0x16300000)]
  0x00ecdc00 JavaThread "DestroyJavaVM" [_thread_blocked, id=12012, stack(0x00170000,0x001c0000)]
  0x1510a400 JavaThread "AWT-EventQueue-0" [_thread_in_Java, id=12092, stack(0x15a40000,0x15a90000)]
  0x15108000 JavaThread "AWT-Windows" daemon [_thread_in_native, id=12696, stack(0x15610000,0x15660000)]
  0x15107800 JavaThread "AWT-Shutdown" [_thread_blocked, id=13560, stack(0x15710000,0x15760000)]
  0x15104c00 JavaThread "Java2D Disposer" daemon [_thread_blocked, id=11704, stack(0x15520000,0x15570000)]
  0x14b0cc00 JavaThread "Service Thread" daemon [_thread_blocked, id=9884, stack(0x14d30000,0x14d80000)]
  0x14ae5c00 JavaThread "C1 CompilerThread0" daemon [_thread_blocked, id=13076, stack(0x14fd0000,0x15020000)]
  0x14ae4c00 JavaThread "Attach Listener" daemon [_thread_blocked, id=12496, stack(0x04520000,0x04570000)]
  0x00e0c800 JavaThread "Signal Dispatcher" daemon [_thread_blocked, id=11996, stack(0x14cd0000,0x14d20000)]
  0x00e02c00 JavaThread "Finalizer" daemon [_thread_blocked, id=11564, stack(0x045b0000,0x04600000)]
  0x00dfcc00 JavaThread "Reference Handler" daemon [_thread_blocked, id=13628, stack(0x14c60000,0x14cb0000)]

Other Threads:
  0x00df5800 VMThread [stack: 0x00fc0000,0x01010000] [id=10844]
  0x14b17400 WatcherThread [stack: 0x150b0000,0x15100000] [id=9812]

VM state:not at safepoint (normal execution)

VM Mutex/Monitor currently owned by a thread: None

Heap:
 def new generation   total 7104K, used 893K [0x04600000, 0x04db0000, 0x09b50000)
  eden space 6336K,  12% used [0x04600000, 0x046ca408, 0x04c30000)
  from space 768K,  11% used [0x04cf0000, 0x04d052a8, 0x04db0000)
  to   space 768K,   0% used [0x04c30000, 0x04c30000, 0x04cf0000)
 tenured generation   total 15604K, used 14481K [0x09b50000, 0x0aa8d000, 0x14600000)
   the space 15604K,  92% used [0x09b50000, 0x0a9745e0, 0x0a974600, 0x0aa8d000)
 Metaspace       used 8781K, capacity 9006K, committed 9088K, reserved 9600K

Card table byte_map: [0x004e0000,0x00570000] byte_map_base: 0x004bd000

Polling page: 0x001c0000

CodeCache: size=32768Kb used=1031Kb max_used=1033Kb free=31736Kb
 bounds [0x02520000, 0x02628000, 0x04520000]
 total_blobs=495 nmethods=255 adapters=171
 compilation: enabled

Compilation events (10 events):
Event: 0.578 Thread 0x14ae5c00  244             java.net.URL::getHost (5 bytes)
Event: 0.578 Thread 0x14ae5c00 nmethod 244 0x0261e108 code [0x0261e200, 0x0261e280]
Event: 0.578 Thread 0x14ae5c00  245             jdk.internal.org.objectweb.asm.ByteVector::put12 (64 bytes)
Event: 0.578 Thread 0x14ae5c00 nmethod 245 0x0261e2c8 code [0x0261e3d0, 0x0261e4fc]
Event: 0.579 Thread 0x14ae5c00  246  s          sun.java2d.loops.GraphicsPrimitive::makeUniqueID (26 bytes)
Event: 0.579 Thread 0x14ae5c00 nmethod 246 0x0261e648 code [0x0261e740, 0x0261e920]
Event: 0.579 Thread 0x14ae5c00  247             sun.java2d.loops.CompositeType::getUniqueID (5 bytes)
Event: 0.579 Thread 0x14ae5c00 nmethod 247 0x0261ea08 code [0x0261eb00, 0x0261eb80]
Event: 0.579 Thread 0x14ae5c00  248             java.lang.Character::toUpperCase (6 bytes)
Event: 0.579 Thread 0x14ae5c00 nmethod 248 0x0261ebc8 code [0x0261ecd0, 0x0261ed78]

GC Heap History (8 events):
Event: 0.210 GC heap before
{Heap before GC invocations=0 (full 0):
 def new generation   total 4928K, used 4416K [0x04600000, 0x04b50000, 0x09b50000)
  eden space 4416K, 100% used [0x04600000, 0x04a50000, 0x04a50000)
  from space 512K,   0% used [0x04a50000, 0x04a50000, 0x04ad0000)
  to   space 512K,   0% used [0x04ad0000, 0x04ad0000, 0x04b50000)
 tenured generation   total 10944K, used 0K [0x09b50000, 0x0a600000, 0x14600000)
   the space 10944K,   0% used [0x09b50000, 0x09b50000, 0x09b50200, 0x0a600000)
 Metaspace       used 4353K, capacity 4519K, committed 4608K, reserved 5504K
Event: 0.215 GC heap after
Heap after GC invocations=1 (full 0):
 def new generation   total 4928K, used 512K [0x04600000, 0x04b50000, 0x09b50000)
  eden space 4416K,   0% used [0x04600000, 0x04600000, 0x04a50000)
  from space 512K, 100% used [0x04ad0000, 0x04b50000, 0x04b50000)
  to   space 512K,   0% used [0x04a50000, 0x04a50000, 0x04ad0000)
 tenured generation   total 10944K, used 959K [0x09b50000, 0x0a600000, 0x14600000)
   the space 10944K,   8% used [0x09b50000, 0x09c3fee8, 0x09c40000, 0x0a600000)
 Metaspace       used 4353K, capacity 4519K, committed 4608K, reserved 5504K
}
Event: 0.311 GC heap before
{Heap before GC invocations=1 (full 0):
 def new generation   total 4928K, used 4928K [0x04600000, 0x04b50000, 0x09b50000)
  eden space 4416K, 100% used [0x04600000, 0x04a50000, 0x04a50000)
  from space 512K, 100% used [0x04ad0000, 0x04b50000, 0x04b50000)
  to   space 512K,   0% used [0x04a50000, 0x04a50000, 0x04ad0000)
 tenured generation   total 10944K, used 959K [0x09b50000, 0x0a600000, 0x14600000)
   the space 10944K,   8% used [0x09b50000, 0x09c3fee8, 0x09c40000, 0x0a600000)
 Metaspace       used 5839K, capacity 5993K, committed 6016K, reserved 6528K
Event: 0.315 GC heap after
Heap after GC invocations=2 (full 0):
 def new generation   total 4928K, used 512K [0x04600000, 0x04b50000, 0x09b50000)
  eden space 4416K,   0% used [0x04600000, 0x04600000, 0x04a50000)
  from space 512K, 100% used [0x04a50000, 0x04ad0000, 0x04ad0000)
  to   space 512K,   0% used [0x04ad0000, 0x04ad0000, 0x04b50000)
 tenured generation   total 10944K, used 2580K [0x09b50000, 0x0a600000, 0x14600000)
   the space 10944K,  23% used [0x09b50000, 0x09dd5190, 0x09dd5200, 0x0a600000)
 Metaspace       used 5839K, capacity 5993K, committed 6016K, reserved 6528K
}
Event: 0.467 GC heap before
{Heap before GC invocations=2 (full 0):
 def new generation   total 4928K, used 4927K [0x04600000, 0x04b50000, 0x09b50000)
  eden space 4416K,  99% used [0x04600000, 0x04a4fdf8, 0x04a50000)
  from space 512K, 100% used [0x04a50000, 0x04ad0000, 0x04ad0000)
  to   space 512K,   0% used [0x04ad0000, 0x04ad0000, 0x04b50000)
 tenured generation   total 10944K, used 7700K [0x09b50000, 0x0a600000, 0x14600000)
   the space 10944K,  70% used [0x09b50000, 0x0a2d51a0, 0x0a2d5200, 0x0a600000)
 Metaspace       used 7442K, capacity 7636K, committed 7680K, reserved 8576K
Event: 0.470 GC heap after
Heap after GC invocations=3 (full 0):
 def new generation   total 4928K, used 512K [0x04600000, 0x04b50000, 0x09b50000)
  eden space 4416K,   0% used [0x04600000, 0x04600000, 0x04a50000)
  from space 512K, 100% used [0x04ad0000, 0x04b50000, 0x04b50000)
  to   space 512K,   0% used [0x04a50000, 0x04a50000, 0x04ad0000)
 tenured generation   total 10944K, used 8445K [0x09b50000, 0x0a600000, 0x14600000)
   the space 10944K,  77% used [0x09b50000, 0x0a38f458, 0x0a38f600, 0x0a600000)
 Metaspace       used 7442K, capacity 7636K, committed 7680K, reserved 8576K
}
Event: 0.564 GC heap before
{Heap before GC invocations=3 (full 0):
 def new generation   total 4928K, used 4532K [0x04600000, 0x04b50000, 0x09b50000)
  eden space 4416K,  91% used [0x04600000, 0x049ed1d8, 0x04a50000)
  from space 512K, 100% used [0x04ad0000, 0x04b50000, 0x04b50000)
  to   space 512K,   0% used [0x04a50000, 0x04a50000, 0x04ad0000)
 tenured generation   total 10944K, used 8445K [0x09b50000, 0x0a600000, 0x14600000)
   the space 10944K,  77% used [0x09b50000, 0x0a38f458, 0x0a38f600, 0x0a600000)
 Metaspace       used 8521K, capacity 8745K, committed 8832K, reserved 9600K
Event: 0.577 GC heap after
Heap after GC invocations=4 (full 1):
 def new generation   total 7104K, used 0K [0x04600000, 0x04db0000, 0x09b50000)
  eden space 6336K,   0% used [0x04600000, 0x04600000, 0x04c30000)
  from space 768K,   0% used [0x04c30000, 0x04c30000, 0x04cf0000)
  to   space 768K,   0% used [0x04cf0000, 0x04cf0000, 0x04db0000)
 tenured generation   total 15604K, used 9361K [0x09b50000, 0x0aa8d000, 0x14600000)
   the space 15604K,  59% used [0x09b50000, 0x0a4745d0, 0x0a474600, 0x0aa8d000)
 Metaspace       used 8521K, capacity 8745K, committed 8832K, reserved 9600K
}

Deoptimization events (0 events):
No events

Classes redefined (0 events):
No events

Internal exceptions (10 events):
Event: 0.126 Thread 0x00ecdc00 Exception <a 'java/lang/NoSuchFieldError': method resolution failed> (0x047e9a68) thrown at [C:\workspace\8-2-build-windows-i586-cygwin\jdk8u181\11358\hotspot\src\share\vm\prims\methodHandles.cpp, line 1167]
Event: 0.127 Thread 0x00ecdc00 Exception <a 'java/lang/NoSuchFieldError': method resolution failed> (0x047f5c08) thrown at [C:\workspace\8-2-build-windows-i586-cygwin\jdk8u181\11358\hotspot\src\share\vm\prims\methodHandles.cpp, line 1167]
Event: 0.179 Thread 0x1510a400 Exception <a 'java/io/FileNotFoundException'> (0x04910690) thrown at [C:\workspace\8-2-build-windows-i586-cygwin\jdk8u181\11358\hotspot\src\share\vm\prims\jni.cpp, line 709]
Event: 0.497 Thread 0x1510a400 Exception <a 'java/io/FileNotFoundException'> (0x048ff790) thrown at [C:\workspace\8-2-build-windows-i586-cygwin\jdk8u181\11358\hotspot\src\share\vm\prims\jni.cpp, line 709]
Event: 0.497 Thread 0x1510a400 Exception <a 'java/lang/NullPointerException'> (0x048ffd80) thrown at [C:\workspace\8-2-build-windows-i586-cygwin\jdk8u181\11358\hotspot\src\share\vm\interpreter\linkResolver.cpp, line 1185]
Event: 0.534 Thread 0x1510a400 Exception <a 'java/io/FileNotFoundException'> (0x04967e58) thrown at [C:\workspace\8-2-build-windows-i586-cygwin\jdk8u181\11358\hotspot\src\share\vm\prims\jni.cpp, line 709]
Event: 0.546 Thread 0x1510a400 Exception <a 'java/io/FileNotFoundException'> (0x0497c488) thrown at [C:\workspace\8-2-build-windows-i586-cygwin\jdk8u181\11358\hotspot\src\share\vm\prims\jni.cpp, line 709]
Event: 0.547 Thread 0x1510a400 Exception <a 'java/io/FileNotFoundException'> (0x0498a808) thrown at [C:\workspace\8-2-build-windows-i586-cygwin\jdk8u181\11358\hotspot\src\share\vm\prims\jni.cpp, line 709]
Event: 0.558 Thread 0x1510a400 Exception <a 'java/io/FileNotFoundException'> (0x0499e7d0) thrown at [C:\workspace\8-2-build-windows-i586-cygwin\jdk8u181\11358\hotspot\src\share\vm\prims\jni.cpp, line 709]
Event: 0.581 Thread 0x1532d000 Exception <a 'gnu/io/PortInUseException': No error in open> (0x04b64650) thrown at [C:\workspace\8-2-build-windows-i586-cygwin\jdk8u181\11358\hotspot\src\share\vm\prims\jni.cpp, line 735]

Events (10 events):
Event: 0.580 loading class java/awt/HeadlessException done
Event: 0.580 loading class sun/net/NetworkClient
Event: 0.580 loading class sun/net/NetworkClient done
Event: 0.580 loading class sun/net/www/http/HttpClient done
Event: 0.580 loading class java/net/URISyntaxException
Event: 0.580 loading class sun/net/NetworkClient$1
Event: 0.580 loading class java/net/URISyntaxException done
Event: 0.580 loading class sun/net/NetworkClient$1 done
Event: 0.581 loading class java/lang/UnsatisfiedLinkError
Event: 0.581 loading class java/lang/UnsatisfiedLinkError done


Dynamic libraries:
0x010e0000 - 0x01113000 	D:\Program Files (x86)\Java\jre\bin\javaw.exe
0x77b00000 - 0x77c80000 	C:\windows\SysWOW64\ntdll.dll
0x76fb0000 - 0x770c0000 	C:\windows\syswow64\kernel32.dll
0x76ac0000 - 0x76b07000 	C:\windows\syswow64\KERNELBASE.dll
0x76620000 - 0x766c1000 	C:\windows\syswow64\ADVAPI32.dll
0x77670000 - 0x7771c000 	C:\windows\syswow64\msvcrt.dll
0x76f90000 - 0x76fa9000 	C:\windows\SysWOW64\sechost.dll
0x772a0000 - 0x77390000 	C:\windows\syswow64\RPCRT4.dll
0x75270000 - 0x752d0000 	C:\windows\syswow64\SspiCli.dll
0x75260000 - 0x7526c000 	C:\windows\syswow64\CRYPTBASE.dll
0x774f0000 - 0x775f0000 	C:\windows\syswow64\USER32.dll
0x76c20000 - 0x76cb0000 	C:\windows\syswow64\GDI32.dll
0x760b0000 - 0x760ba000 	C:\windows\syswow64\LPK.dll
0x770e0000 - 0x7717d000 	C:\windows\syswow64\USP10.dll
0x70f90000 - 0x7112e000 	C:\windows\WinSxS\x86_microsoft.windows.common-controls_6595b64144ccf1df_6.0.7601.18837_none_41e855142bd5705d\COMCTL32.dll
0x76050000 - 0x760a7000 	C:\windows\syswow64\SHLWAPI.dll
0x760c0000 - 0x76120000 	C:\windows\system32\IMM32.DLL
0x76120000 - 0x761ed000 	C:\windows\syswow64\MSCTF.dll
0x75020000 - 0x7504b000 	C:\windows\SysWOW64\nvinit.dll
0x75190000 - 0x75199000 	C:\windows\system32\VERSION.dll
0x71d50000 - 0x71d56000 	C:\Program Files (x86)\NVIDIA Corporation\CoProcManager\detoured.dll
0x70de0000 - 0x70e0a000 	C:\Program Files (x86)\NVIDIA Corporation\CoProcManager\nvd3d9wrap.dll
0x766d0000 - 0x7686d000 	C:\windows\syswow64\SETUPAPI.dll
0x77640000 - 0x77667000 	C:\windows\syswow64\CFGMGR32.dll
0x76d80000 - 0x76e11000 	C:\windows\syswow64\OLEAUT32.dll
0x77390000 - 0x774ed000 	C:\windows\syswow64\ole32.dll
0x76cb0000 - 0x76cc2000 	C:\windows\syswow64\DEVOBJ.dll
0x68680000 - 0x6869e000 	C:\Program Files (x86)\NVIDIA Corporation\CoProcManager\nvdxgiwrap.dll
0x61880000 - 0x6193f000 	D:\Program Files (x86)\Java\jre\bin\msvcr100.dll
0x614a0000 - 0x61873000 	D:\Program Files (x86)\Java\jre\bin\client\jvm.dll
0x6a5d0000 - 0x6a5d7000 	C:\windows\system32\WSOCK32.dll
0x76b10000 - 0x76b45000 	C:\windows\syswow64\WS2_32.dll
0x76610000 - 0x76616000 	C:\windows\syswow64\NSI.dll
0x70d90000 - 0x70dc2000 	C:\windows\system32\WINMM.dll
0x76d60000 - 0x76d65000 	C:\windows\syswow64\PSAPI.DLL
0x65d10000 - 0x65d1c000 	D:\Program Files (x86)\Java\jre\bin\verify.dll
0x61470000 - 0x61492000 	D:\Program Files (x86)\Java\jre\bin\java.dll
0x61450000 - 0x61464000 	D:\Program Files (x86)\Java\jre\bin\zip.dll
0x752d0000 - 0x75f1c000 	C:\windows\syswow64\SHELL32.dll
0x77630000 - 0x7763b000 	C:\windows\syswow64\profapi.dll
0x61300000 - 0x61447000 	D:\Program Files (x86)\Java\jre\bin\awt.dll
0x68490000 - 0x68510000 	C:\windows\system32\uxtheme.dll
0x68470000 - 0x68483000 	C:\windows\system32\dwmapi.dll
0x612e0000 - 0x612f5000 	D:\Program Files (x86)\Java\jre\bin\net.dll
0x74a60000 - 0x74a9c000 	C:\windows\system32\mswsock.dll
0x6c010000 - 0x6c016000 	C:\windows\System32\wship6.dll
0x74b00000 - 0x74b05000 	C:\windows\System32\wshtcpip.dll
0x723d0000 - 0x72414000 	C:\windows\system32\DNSAPI.dll
0x72390000 - 0x723b1000 	C:\Program Files (x86)\Bonjour\mdnsNSP.dll
0x74e50000 - 0x74e6c000 	C:\windows\system32\Iphlpapi.DLL
0x74e40000 - 0x74e47000 	C:\windows\system32\WINNSI.DLL
0x72460000 - 0x72466000 	C:\windows\system32\rasadhlp.dll
0x6bfd0000 - 0x6c008000 	C:\windows\System32\fwpuclnt.dll
0x548e0000 - 0x549a8000 	C:\windows\system32\opengl32.dll
0x5a920000 - 0x5a942000 	C:\windows\system32\GLU32.dll
0x55560000 - 0x55647000 	C:\windows\system32\DDRAW.dll
0x66be0000 - 0x66be6000 	C:\windows\system32\DCIMAN32.dll
0x612b0000 - 0x612d6000 	D:\Program Files (x86)\Java\jre\bin\jpeg.dll
0x61270000 - 0x612a9000 	D:\Program Files (x86)\Java\jre\bin\fontmanager.dll
0x00570000 - 0x00582000 	D:\Program Files (x86)\Java\jre\bin\rxtxSerial.dll
0x6c240000 - 0x6c267000 	C:\windows\system32\crtdll.dll
0x6c050000 - 0x6c09c000 	C:\windows\system32\apphelp.dll
0x744f0000 - 0x745db000 	C:\windows\system32\dbghelp.dll
0x61260000 - 0x6126f000 	D:\Program Files (x86)\Java\jre\bin\nio.dll
0x74b30000 - 0x74b47000 	C:\windows\system32\CRYPTSP.dll
0x61220000 - 0x61252000 	D:\Program Files (x86)\Java\jre\bin\t2k.dll
0x74aa0000 - 0x74adb000 	C:\windows\system32\rsaenh.dll
0x770c0000 - 0x770d7000 	C:\windows\syswow64\USERENV.dll

VM Arguments:
jvm_args: -Dfile.encoding=GBK 
java_command: com.js.jhjs.MainClass
java_class_path (initial): F:\java2017proj\mainCanteen\bin;E:\opensource\gson-2.8.5.jar;E:\opensource\mysql-connector-java-5.1.39\mysql-connector-java-5.1.39\mysql-connector-java-5.1.39-bin.jar;E:\opensource\jna-3.2.5.jar\jna-3.2.5.jar;E:\opensource\rxtx-2.1-7-bins-r2\RXTXcomm.jar;E:\opensource\httpcomponents-client-4.5.6-bin\httpcomponents-client-4.5.6\lib\commons-codec-1.10.jar;E:\opensource\httpcomponents-client-4.5.6-bin\httpcomponents-client-4.5.6\lib\commons-logging-1.2.jar;E:\opensource\httpcomponents-client-4.5.6-bin\httpcomponents-client-4.5.6\lib\fluent-hc-4.5.6.jar;E:\opensource\httpcomponents-client-4.5.6-bin\httpcomponents-client-4.5.6\lib\httpclient-4.5.6.jar;E:\opensource\httpcomponents-client-4.5.6-bin\httpcomponents-client-4.5.6\lib\httpclient-cache-4.5.6.jar;E:\opensource\httpcomponents-client-4.5.6-bin\httpcomponents-client-4.5.6\lib\httpclient-win-4.5.6.jar;E:\opensource\httpcomponents-client-4.5.6-bin\httpcomponents-client-4.5.6\lib\httpcore-4.4.10.jar;E:\opensource\httpcomponents-client-4.5.6-bin\httpcomponents-client-4.5.6\lib\httpmime-4.5.6.jar;E:\opensource\httpcomponents-client-4.5.6-bin\httpcomponents-client-4.5.6\lib\jna-4.4.0.jar;E:\opensource\httpcomponents-client-4.5.6-bin\httpcomponents-client-4.5.6\lib\jna-platform-4.4.0.jar;E:\opensource\mybatis-3.4.6\mybatis-3.4.6.jar
Launcher Type: SUN_STANDARD

Environment Variables:
JAVA_HOME=D:\Program Files\Java\jdk1.8
CLASSPATH=.;D:\Program Files\Java\jdk1.8\lib\dt.jar;D:\Program Files\Java\jdk1.8\lib\tools.jar;
PATH=C:\Program Files (x86)\Common Files\Oracle\Java\javapath;G:\sdk\tools\lib\monitor-x86_64\jre\bin\javaw.exe;C:\Windows\System32;F:\soui\bin;D:\CTEX\CTeX\ty\bin;D:\CTEX\Ghostscript\gs9.05\bin;D:\CTEX\GSview\gsview;D:\CTEX\WinEdt;D:\Python35;D:\Python35\Scripts;D:\Program Files\Git\cmd;C:\Program Files (x86)\Common Files\Thunder Network\KanKan\Codecs;C:\Users\bonjava\AppData\Local\GitHubDesktop\bin
USERNAME=Administrator
OS=Windows_NT
PROCESSOR_IDENTIFIER=Intel64 Family 6 Model 60 Stepping 3, GenuineIntel



---------------  S Y S T E M  ---------------

OS: Windows 7 , 64 bit Build 7601 (6.1.7601.24214)

CPU:total 8 (initial active 8) (4 cores per cpu, 2 threads per core) family 6 model 60 stepping 3, cmov, cx8, fxsr, mmx, sse, sse2, sse3, ssse3, sse4.1, sse4.2, popcnt, avx, avx2, aes, clmul, erms, lzcnt, ht, tsc, tscinvbit, bmi1, bmi2

Memory: 4k page, physical 16663584k(9437564k free), swap 17710260k(9843556k free)

vm_info: Java HotSpot(TM) Client VM (25.181-b13) for windows-x86 JRE (1.8.0_181-b13), built on Jul  7 2018 03:18:20 by "java_re" with MS VC++ 10.0 (VS2010)

time: Tue Aug 28 21:15:35 2018
elapsed time: 0 seconds (0d 0h 0m 0s)

