#
# A fatal error has been detected by the Java Runtime Environment:
#
#  EXCEPTION_ACCESS_VIOLATION (0xc0000005) at pc=0x00422c2f, pid=10544, tid=0x00001470
#
# JRE version: Java(TM) SE Runtime Environment (8.0_181-b13) (build 1.8.0_181-b13)
# Java VM: Java HotSpot(TM) Client VM (25.181-b13 mixed mode windows-x86 )
# Problematic frame:
# C  [rxtxSerial.dll+0x2c2f]
#
# Failed to write core dump. Minidumps are not enabled by default on client versions of Windows
#
# If you would like to submit a bug report, please visit:
#   http://bugreport.java.com/bugreport/crash.jsp
# The crash happened outside the Java Virtual Machine in native code.
# See problematic frame for where to report the bug.
#

---------------  T H R E A D  ---------------

Current thread (0x15433000):  JavaThread "pool-1-thread-2" [_thread_in_native, id=5232, stack(0x15e40000,0x15e90000)]

siginfo: ExceptionCode=0xc0000005, reading address 0x000000bc

Registers:
EAX=0x00000000, EBX=0x5ea5b910, ECX=0x00000000, EDX=0x006c1290
ESP=0x15e8f770, EBP=0x15e8f788, ESI=0x1688dc78, EDI=0x15433000
EIP=0x00422c2f, EFLAGS=0x00010206

Top of Stack: (sp=0x15e8f770)
0x15e8f770:   1688ce40 15433000 15e8f810 15e8f7cc
0x15e8f780:   006c1290 00000000 15e8f838 004230c0
0x15e8f790:   16c17750 003473e8 1688d708 1688ce40
0x15e8f7a0:   15433000 0000000b 0000001d 00000002
0x15e8f7b0:   15e8f7e4 5e987273 15433000 217f46e2
0x15e8f7c0:   00000000 15433000 00000000 15e8f7bc
0x15e8f7d0:   00000000 00000000 00000000 00000000
0x15e8f7e0:   fffffffe 00000022 ffffffff 16c17750 

Instructions: (pc=0x00422c2f)
0x00422c0f:   d0 42 00 00 75 17 8b 45 f8 c7 80 c0 00 00 00 00
0x00422c1f:   00 00 00 8b 45 f8 a3 00 d0 42 00 eb 78 8b 45 fc
0x00422c2f:   83 b8 bc 00 00 00 00 75 04 eb 12 89 f6 8b 45 fc
0x00422c3f:   8b 90 bc 00 00 00 89 55 fc eb e2 89 f6 8b 45 f8 


Register to memory mapping:

EAX=0x00000000 is an unknown value
EBX=0x5ea5b910 is an unknown value
ECX=0x00000000 is an unknown value
EDX=0x006c1290 is an unknown value
ESP=0x15e8f770 is pointing into the stack for thread: 0x15433000
EBP=0x15e8f788 is pointing into the stack for thread: 0x15433000
ESI=0x1688dc78 is pointing into metadata
EDI=0x15433000 is a thread


Stack: [0x15e40000,0x15e90000],  sp=0x15e8f770,  free space=317k
Native frames: (J=compiled Java code, j=interpreted, Vv=VM code, C=native code)
C  [rxtxSerial.dll+0x2c2f]
C  [rxtxSerial.dll+0x30c0]
C  [rxtxSerial.dll+0x6988]
j  gnu.io.RXTXPort.open(Ljava/lang/String;)I+0
j  gnu.io.RXTXPort.<init>(Ljava/lang/String;)V+114
j  gnu.io.RXTXCommDriver.getCommPort(Ljava/lang/String;I)Lgnu/io/CommPort;+78
j  gnu.io.CommPortIdentifier.open(Ljava/lang/String;I)Lgnu/io/CommPort;+80
j  com.js.jhjs.wmFrame$SerialTools.openSerialPort(Lgnu/io/CommPortIdentifier;I)Z+5
j  com.js.jhjs.wmFrame.lambda$1(Lgnu/io/CommPortIdentifier;)V+19
j  com.js.jhjs.wmFrame$$Lambda$30.run()V+8
j  java.util.concurrent.ThreadPoolExecutor.runWorker(Ljava/util/concurrent/ThreadPoolExecutor$Worker;)V+95
j  java.util.concurrent.ThreadPoolExecutor$Worker.run()V+5
j  java.lang.Thread.run()V+11
v  ~StubRoutines::call_stub
V  [jvm.dll+0x15c065]
V  [jvm.dll+0x223ade]
V  [jvm.dll+0x15c0fe]
V  [jvm.dll+0x15c286]
V  [jvm.dll+0x15c2f7]
V  [jvm.dll+0x10016f]
V  [jvm.dll+0x17f280]
V  [jvm.dll+0x17fafa]
V  [jvm.dll+0x1c5416]
C  [msvcr100.dll+0x5c556]
C  [msvcr100.dll+0x5c600]
C  [kernel32.dll+0x1343d]
C  [ntdll.dll+0x39832]
C  [ntdll.dll+0x39805]
C  0x00000000

Java frames: (J=compiled Java code, j=interpreted, Vv=VM code)
j  gnu.io.RXTXPort.open(Ljava/lang/String;)I+0
j  gnu.io.RXTXPort.<init>(Ljava/lang/String;)V+114
j  gnu.io.RXTXCommDriver.getCommPort(Ljava/lang/String;I)Lgnu/io/CommPort;+78
j  gnu.io.CommPortIdentifier.open(Ljava/lang/String;I)Lgnu/io/CommPort;+80
j  com.js.jhjs.wmFrame$SerialTools.openSerialPort(Lgnu/io/CommPortIdentifier;I)Z+5
j  com.js.jhjs.wmFrame.lambda$1(Lgnu/io/CommPortIdentifier;)V+19
j  com.js.jhjs.wmFrame$$Lambda$30.run()V+8
j  java.util.concurrent.ThreadPoolExecutor.runWorker(Ljava/util/concurrent/ThreadPoolExecutor$Worker;)V+95
j  java.util.concurrent.ThreadPoolExecutor$Worker.run()V+5
j  java.lang.Thread.run()V+11
v  ~StubRoutines::call_stub

---------------  P R O C E S S  ---------------

Java Threads: ( => current thread )
  0x15551400 JavaThread "Thread-5" [_thread_in_native, id=9956, stack(0x16220000,0x16270000)]
  0x15551000 JavaThread "Thread-4" [_thread_in_native, id=10952, stack(0x160d0000,0x16120000)]
  0x15550800 JavaThread "Thread-3" [_thread_in_native, id=6120, stack(0x15df0000,0x15e40000)]
  0x15550000 JavaThread "pool-1-thread-4" [_thread_blocked, id=10560, stack(0x16000000,0x16050000)]
  0x15433400 JavaThread "pool-1-thread-3" [_thread_blocked, id=9536, stack(0x15b50000,0x15ba0000)]
=>0x15433000 JavaThread "pool-1-thread-2" [_thread_in_native, id=5232, stack(0x15e40000,0x15e90000)]
  0x15430800 JavaThread "pool-1-thread-1" [_thread_blocked, id=9544, stack(0x15d80000,0x15dd0000)]
  0x15478400 JavaThread "Thread-1" [_thread_in_Java, id=10140, stack(0x16ab0000,0x16b00000)]
  0x15334400 JavaThread "Image Fetcher 0" daemon [_thread_blocked, id=9108, stack(0x15930000,0x15980000)]
  0x151e6c00 JavaThread "Abandoned connection cleanup thread" daemon [_thread_blocked, id=3640, stack(0x15a20000,0x15a70000)]
  0x00eedc00 JavaThread "DestroyJavaVM" [_thread_blocked, id=4484, stack(0x00500000,0x00550000)]
  0x151d0c00 JavaThread "AWT-EventQueue-0" [_thread_in_vm, id=10564, stack(0x15b00000,0x15b50000)]
  0x151cec00 JavaThread "AWT-Windows" daemon [_thread_in_native, id=3168, stack(0x15640000,0x15690000)]
  0x151ce000 JavaThread "AWT-Shutdown" [_thread_blocked, id=11216, stack(0x156f0000,0x15740000)]
  0x151cb400 JavaThread "Java2D Disposer" daemon [_thread_blocked, id=10888, stack(0x155b0000,0x15600000)]
  0x14a8cc00 JavaThread "Service Thread" daemon [_thread_blocked, id=9080, stack(0x15150000,0x151a0000)]
  0x14a65c00 JavaThread "C1 CompilerThread0" daemon [_thread_in_native, id=8484, stack(0x14ec0000,0x14f10000)]
  0x14a62400 JavaThread "Attach Listener" daemon [_thread_blocked, id=11224, stack(0x14fb0000,0x15000000)]
  0x14a61400 JavaThread "Signal Dispatcher" daemon [_thread_blocked, id=10976, stack(0x14e50000,0x14ea0000)]
  0x003e3c00 JavaThread "Finalizer" daemon [_thread_blocked, id=10568, stack(0x14d50000,0x14da0000)]
  0x003dcc00 JavaThread "Reference Handler" daemon [_thread_blocked, id=6264, stack(0x148a0000,0x148f0000)]

Other Threads:
  0x003d5800 VMThread [stack: 0x148f0000,0x14940000] [id=10984]
  0x14a97800 WatcherThread [stack: 0x15060000,0x150b0000] [id=6252]

VM state:not at safepoint (normal execution)

VM Mutex/Monitor currently owned by a thread: None

Heap:
 def new generation   total 7040K, used 2188K [0x04800000, 0x04fa0000, 0x09d50000)
  eden space 6272K,  33% used [0x04800000, 0x04a08d18, 0x04e20000)
  from space 768K,  13% used [0x04ee0000, 0x04efa440, 0x04fa0000)
  to   space 768K,   0% used [0x04e20000, 0x04e20000, 0x04ee0000)
 tenured generation   total 15492K, used 14414K [0x09d50000, 0x0ac71000, 0x14800000)
   the space 15492K,  93% used [0x09d50000, 0x0ab63bf0, 0x0ab63c00, 0x0ac71000)
 Metaspace       used 8872K, capacity 9109K, committed 9216K, reserved 9600K

Card table byte_map: [0x00d80000,0x00e10000] byte_map_base: 0x00d5c000

Polling page: 0x00140000

CodeCache: size=32768Kb used=1215Kb max_used=1215Kb free=31552Kb
 bounds [0x027f0000, 0x02920000, 0x047f0000]
 total_blobs=577 nmethods=336 adapters=172
 compilation: enabled

Compilation events (10 events):
Event: 0.626 Thread 0x14a65c00  295             java.lang.String::lastIndexOf (13 bytes)
Event: 0.626 Thread 0x14a65c00 nmethod 295 0x02912708 code [0x02912810, 0x029128ac]
Event: 0.626 Thread 0x14a65c00  297             java.net.URL::getHost (5 bytes)
Event: 0.626 Thread 0x14a65c00 nmethod 297 0x02912948 code [0x02912a40, 0x02912ac0]
Event: 0.627 Thread 0x14a65c00  298             java.lang.Character::toUpperCase (6 bytes)
Event: 0.627 Thread 0x14a65c00 nmethod 298 0x02912d88 code [0x02912e90, 0x02912f38]
Event: 0.628 Thread 0x14a65c00  299             sun.util.calendar.BaseCalendar::isLeapYear (5 bytes)
Event: 0.628 Thread 0x14a65c00 nmethod 299 0x029131c8 code [0x029132c0, 0x029133f0]
Event: 0.628 Thread 0x14a65c00  300             sun.util.calendar.CalendarUtils::isGregorianLeapYear (27 bytes)
Event: 0.628 Thread 0x14a65c00 nmethod 300 0x029134c8 code [0x029135c0, 0x029136e0]

GC Heap History (10 events):
Event: 0.197 GC heap before
{Heap before GC invocations=0 (full 0):
 def new generation   total 4928K, used 4416K [0x04800000, 0x04d50000, 0x09d50000)
  eden space 4416K, 100% used [0x04800000, 0x04c50000, 0x04c50000)
  from space 512K,   0% used [0x04c50000, 0x04c50000, 0x04cd0000)
  to   space 512K,   0% used [0x04cd0000, 0x04cd0000, 0x04d50000)
 tenured generation   total 10944K, used 0K [0x09d50000, 0x0a800000, 0x14800000)
   the space 10944K,   0% used [0x09d50000, 0x09d50000, 0x09d50200, 0x0a800000)
 Metaspace       used 4366K, capacity 4551K, committed 4608K, reserved 5504K
Event: 0.200 GC heap after
Heap after GC invocations=1 (full 0):
 def new generation   total 4928K, used 512K [0x04800000, 0x04d50000, 0x09d50000)
  eden space 4416K,   0% used [0x04800000, 0x04800000, 0x04c50000)
  from space 512K, 100% used [0x04cd0000, 0x04d50000, 0x04d50000)
  to   space 512K,   0% used [0x04c50000, 0x04c50000, 0x04cd0000)
 tenured generation   total 10944K, used 960K [0x09d50000, 0x0a800000, 0x14800000)
   the space 10944K,   8% used [0x09d50000, 0x09e40360, 0x09e40400, 0x0a800000)
 Metaspace       used 4366K, capacity 4551K, committed 4608K, reserved 5504K
}
Event: 0.294 GC heap before
{Heap before GC invocations=1 (full 0):
 def new generation   total 4928K, used 4880K [0x04800000, 0x04d50000, 0x09d50000)
  eden space 4416K,  98% used [0x04800000, 0x04c442d0, 0x04c50000)
  from space 512K, 100% used [0x04cd0000, 0x04d50000, 0x04d50000)
  to   space 512K,   0% used [0x04c50000, 0x04c50000, 0x04cd0000)
 tenured generation   total 10944K, used 960K [0x09d50000, 0x0a800000, 0x14800000)
   the space 10944K,   8% used [0x09d50000, 0x09e40360, 0x09e40400, 0x0a800000)
 Metaspace       used 5765K, capacity 5929K, committed 6016K, reserved 6528K
Event: 0.298 GC heap after
Heap after GC invocations=2 (full 0):
 def new generation   total 4928K, used 512K [0x04800000, 0x04d50000, 0x09d50000)
  eden space 4416K,   0% used [0x04800000, 0x04800000, 0x04c50000)
  from space 512K, 100% used [0x04c50000, 0x04cd0000, 0x04cd0000)
  to   space 512K,   0% used [0x04cd0000, 0x04cd0000, 0x04d50000)
 tenured generation   total 10944K, used 2632K [0x09d50000, 0x0a800000, 0x14800000)
   the space 10944K,  24% used [0x09d50000, 0x09fe2158, 0x09fe2200, 0x0a800000)
 Metaspace       used 5765K, capacity 5929K, committed 6016K, reserved 6528K
}
Event: 0.503 GC heap before
{Heap before GC invocations=2 (full 0):
 def new generation   total 4928K, used 4924K [0x04800000, 0x04d50000, 0x09d50000)
  eden space 4416K,  99% used [0x04800000, 0x04c4f080, 0x04c50000)
  from space 512K, 100% used [0x04c50000, 0x04cd0000, 0x04cd0000)
  to   space 512K,   0% used [0x04cd0000, 0x04cd0000, 0x04d50000)
 tenured generation   total 10944K, used 7752K [0x09d50000, 0x0a800000, 0x14800000)
   the space 10944K,  70% used [0x09d50000, 0x0a4e2168, 0x0a4e2200, 0x0a800000)
 Metaspace       used 7513K, capacity 7700K, committed 7808K, reserved 8576K
Event: 0.505 GC heap after
Heap after GC invocations=3 (full 0):
 def new generation   total 4928K, used 512K [0x04800000, 0x04d50000, 0x09d50000)
  eden space 4416K,   0% used [0x04800000, 0x04800000, 0x04c50000)
  from space 512K, 100% used [0x04cd0000, 0x04d50000, 0x04d50000)
  to   space 512K,   0% used [0x04c50000, 0x04c50000, 0x04cd0000)
 tenured generation   total 10944K, used 8507K [0x09d50000, 0x0a800000, 0x14800000)
   the space 10944K,  77% used [0x09d50000, 0x0a59ed40, 0x0a59ee00, 0x0a800000)
 Metaspace       used 7513K, capacity 7700K, committed 7808K, reserved 8576K
}
Event: 0.590 GC heap before
{Heap before GC invocations=3 (full 0):
 def new generation   total 4928K, used 4928K [0x04800000, 0x04d50000, 0x09d50000)
  eden space 4416K, 100% used [0x04800000, 0x04c50000, 0x04c50000)
  from space 512K, 100% used [0x04cd0000, 0x04d50000, 0x04d50000)
  to   space 512K,   0% used [0x04c50000, 0x04c50000, 0x04cd0000)
 tenured generation   total 10944K, used 8507K [0x09d50000, 0x0a800000, 0x14800000)
   the space 10944K,  77% used [0x09d50000, 0x0a59ed40, 0x0a59ee00, 0x0a800000)
 Metaspace       used 8427K, capacity 8649K, committed 8704K, reserved 9600K
Event: 0.593 GC heap after
Heap after GC invocations=4 (full 0):
 def new generation   total 4928K, used 313K [0x04800000, 0x04d50000, 0x09d50000)
  eden space 4416K,   0% used [0x04800000, 0x04800000, 0x04c50000)
  from space 512K,  61% used [0x04c50000, 0x04c9e450, 0x04cd0000)
  to   space 512K,   0% used [0x04cd0000, 0x04cd0000, 0x04d50000)
 tenured generation   total 10944K, used 9003K [0x09d50000, 0x0a800000, 0x14800000)
   the space 10944K,  82% used [0x09d50000, 0x0a61af80, 0x0a61b000, 0x0a800000)
 Metaspace       used 8427K, capacity 8649K, committed 8704K, reserved 9600K
}
Event: 0.606 GC heap before
{Heap before GC invocations=4 (full 0):
 def new generation   total 4928K, used 1072K [0x04800000, 0x04d50000, 0x09d50000)
  eden space 4416K,  17% used [0x04800000, 0x048bdcd0, 0x04c50000)
  from space 512K,  61% used [0x04c50000, 0x04c9e450, 0x04cd0000)
  to   space 512K,   0% used [0x04cd0000, 0x04cd0000, 0x04d50000)
 tenured generation   total 10944K, used 9003K [0x09d50000, 0x0a800000, 0x14800000)
   the space 10944K,  82% used [0x09d50000, 0x0a61af80, 0x0a61b000, 0x0a800000)
 Metaspace       used 8599K, capacity 8821K, committed 8960K, reserved 9600K
Event: 0.621 GC heap after
Heap after GC invocations=5 (full 1):
 def new generation   total 7040K, used 0K [0x04800000, 0x04fa0000, 0x09d50000)
  eden space 6272K,   0% used [0x04800000, 0x04800000, 0x04e20000)
  from space 768K,   0% used [0x04e20000, 0x04e20000, 0x04ee0000)
  to   space 768K,   0% used [0x04ee0000, 0x04ee0000, 0x04fa0000)
 tenured generation   total 15492K, used 9294K [0x09d50000, 0x0ac71000, 0x14800000)
   the space 15492K,  59% used [0x09d50000, 0x0a663be0, 0x0a663c00, 0x0ac71000)
 Metaspace       used 8599K, capacity 8821K, committed 8960K, reserved 9600K
}

Deoptimization events (0 events):
No events

Classes redefined (0 events):
No events

Internal exceptions (10 events):
Event: 0.118 Thread 0x00eedc00 Exception <a 'java/lang/NoSuchFieldError': method resolution failed> (0x049f56f8) thrown at [C:\workspace\8-2-build-windows-i586-cygwin\jdk8u181\11358\hotspot\src\share\vm\prims\methodHandles.cpp, line 1167]
Event: 0.169 Thread 0x151d0c00 Exception <a 'java/io/FileNotFoundException'> (0x04b192e8) thrown at [C:\workspace\8-2-build-windows-i586-cygwin\jdk8u181\11358\hotspot\src\share\vm\prims\jni.cpp, line 709]
Event: 0.414 Thread 0x151d0c00 Exception <a 'java/io/FileNotFoundException'> (0x049cad10) thrown at [C:\workspace\8-2-build-windows-i586-cygwin\jdk8u181\11358\hotspot\src\share\vm\prims\jni.cpp, line 709]
Event: 0.436 Thread 0x151d0c00 Exception <a 'java/io/FileNotFoundException'> (0x049df3a0) thrown at [C:\workspace\8-2-build-windows-i586-cygwin\jdk8u181\11358\hotspot\src\share\vm\prims\jni.cpp, line 709]
Event: 0.437 Thread 0x151d0c00 Exception <a 'java/io/FileNotFoundException'> (0x049ed708) thrown at [C:\workspace\8-2-build-windows-i586-cygwin\jdk8u181\11358\hotspot\src\share\vm\prims\jni.cpp, line 709]
Event: 0.459 Thread 0x151d0c00 Exception <a 'java/io/FileNotFoundException'> (0x04a01720) thrown at [C:\workspace\8-2-build-windows-i586-cygwin\jdk8u181\11358\hotspot\src\share\vm\prims\jni.cpp, line 709]
Event: 0.537 Thread 0x151d0c00 Exception <a 'java/io/FileNotFoundException'> (0x04ba3b68) thrown at [C:\workspace\8-2-build-windows-i586-cygwin\jdk8u181\11358\hotspot\src\share\vm\prims\jni.cpp, line 709]
Event: 0.537 Thread 0x151d0c00 Exception <a 'java/lang/NullPointerException'> (0x04ba4158) thrown at [C:\workspace\8-2-build-windows-i586-cygwin\jdk8u181\11358\hotspot\src\share\vm\interpreter\linkResolver.cpp, line 1185]
Event: 0.574 Thread 0x151d0c00 Exception <a 'java/io/FileNotFoundException'> (0x04bcf570) thrown at [C:\workspace\8-2-build-windows-i586-cygwin\jdk8u181\11358\hotspot\src\share\vm\prims\jni.cpp, line 709]
Event: 0.596 Thread 0x151d0c00 Exception <a 'java/io/FileNotFoundException'> (0x04841640) thrown at [C:\workspace\8-2-build-windows-i586-cygwin\jdk8u181\11358\hotspot\src\share\vm\prims\jni.cpp, line 709]

Events (10 events):
Event: 0.629 loading class java/nio/channels/GatheringByteChannel
Event: 0.629 loading class java/nio/channels/GatheringByteChannel done
Event: 0.629 loading class java/nio/channels/ScatteringByteChannel
Event: 0.629 loading class java/nio/channels/ScatteringByteChannel done
Event: 0.629 loading class java/nio/channels/spi/AbstractInterruptibleChannel
Event: 0.629 loading class java/nio/channels/InterruptibleChannel
Event: 0.629 loading class java/nio/channels/InterruptibleChannel done
Event: 0.629 loading class java/nio/channels/spi/AbstractInterruptibleChannel done
Event: 0.629 loading class java/nio/channels/FileChannel done
Event: 0.629 loading class sun/nio/ch/FileChannelImpl done


Dynamic libraries:
0x013b0000 - 0x013e3000 	D:\Program Files (x86)\Java\jre\bin\javaw.exe
0x77330000 - 0x774b0000 	C:\windows\SysWOW64\ntdll.dll
0x75c90000 - 0x75da0000 	C:\windows\syswow64\kernel32.dll
0x75980000 - 0x759c7000 	C:\windows\syswow64\KERNELBASE.dll
0x75690000 - 0x75731000 	C:\windows\syswow64\ADVAPI32.dll
0x758a0000 - 0x7594c000 	C:\windows\syswow64\msvcrt.dll
0x76d50000 - 0x76d69000 	C:\windows\SysWOW64\sechost.dll
0x759d0000 - 0x75ac0000 	C:\windows\syswow64\RPCRT4.dll
0x74aa0000 - 0x74b00000 	C:\windows\syswow64\SspiCli.dll
0x74a90000 - 0x74a9c000 	C:\windows\syswow64\CRYPTBASE.dll
0x75dd0000 - 0x75ed0000 	C:\windows\syswow64\USER32.dll
0x76dd0000 - 0x76e60000 	C:\windows\syswow64\GDI32.dll
0x74b20000 - 0x74b2a000 	C:\windows\syswow64\LPK.dll
0x74c40000 - 0x74cdd000 	C:\windows\syswow64\USP10.dll
0x6a0a0000 - 0x6a23e000 	C:\windows\WinSxS\x86_microsoft.windows.common-controls_6595b64144ccf1df_6.0.7601.18837_none_41e855142bd5705d\COMCTL32.dll
0x753b0000 - 0x75407000 	C:\windows\syswow64\SHLWAPI.dll
0x76d70000 - 0x76dd0000 	C:\windows\system32\IMM32.DLL
0x75160000 - 0x7522d000 	C:\windows\syswow64\MSCTF.dll
0x74850000 - 0x7487b000 	C:\windows\SysWOW64\nvinit.dll
0x749c0000 - 0x749c9000 	C:\windows\system32\VERSION.dll
0x69fc0000 - 0x69fc6000 	C:\Program Files (x86)\NVIDIA Corporation\CoProcManager\detoured.dll
0x69f90000 - 0x69fba000 	C:\Program Files (x86)\NVIDIA Corporation\CoProcManager\nvd3d9wrap.dll
0x76b30000 - 0x76ccd000 	C:\windows\syswow64\SETUPAPI.dll
0x75da0000 - 0x75dc7000 	C:\windows\syswow64\CFGMGR32.dll
0x76e70000 - 0x76f01000 	C:\windows\syswow64\OLEAUT32.dll
0x75740000 - 0x7589d000 	C:\windows\syswow64\ole32.dll
0x75950000 - 0x75962000 	C:\windows\syswow64\DEVOBJ.dll
0x69f70000 - 0x69f8e000 	C:\Program Files (x86)\NVIDIA Corporation\CoProcManager\nvdxgiwrap.dll
0x62c80000 - 0x62d3f000 	D:\Program Files (x86)\Java\jre\bin\msvcr100.dll
0x5e980000 - 0x5ed53000 	D:\Program Files (x86)\Java\jre\bin\client\jvm.dll
0x69810000 - 0x69817000 	C:\windows\system32\WSOCK32.dll
0x76f10000 - 0x76f45000 	C:\windows\syswow64\WS2_32.dll
0x74b10000 - 0x74b16000 	C:\windows\syswow64\NSI.dll
0x70a00000 - 0x70a32000 	C:\windows\system32\WINMM.dll
0x75bf0000 - 0x75bf5000 	C:\windows\syswow64\PSAPI.DLL
0x71a10000 - 0x71a1c000 	D:\Program Files (x86)\Java\jre\bin\verify.dll
0x660b0000 - 0x660d2000 	D:\Program Files (x86)\Java\jre\bin\java.dll
0x6a240000 - 0x6a254000 	D:\Program Files (x86)\Java\jre\bin\zip.dll
0x75ee0000 - 0x76b2c000 	C:\windows\syswow64\SHELL32.dll
0x750e0000 - 0x750eb000 	C:\windows\syswow64\profapi.dll
0x5e830000 - 0x5e977000 	D:\Program Files (x86)\Java\jre\bin\awt.dll
0x67670000 - 0x676f0000 	C:\windows\system32\uxtheme.dll
0x67650000 - 0x67663000 	C:\windows\system32\dwmapi.dll
0x659e0000 - 0x659f5000 	D:\Program Files (x86)\Java\jre\bin\net.dll
0x73d10000 - 0x73d4c000 	C:\windows\system32\mswsock.dll
0x6be40000 - 0x6be46000 	C:\windows\System32\wship6.dll
0x73d00000 - 0x73d05000 	C:\windows\System32\wshtcpip.dll
0x73bf0000 - 0x73c34000 	C:\windows\system32\DNSAPI.dll
0x73bb0000 - 0x73bd1000 	C:\Program Files (x86)\Bonjour\mdnsNSP.dll
0x74680000 - 0x7469c000 	C:\windows\system32\Iphlpapi.DLL
0x74670000 - 0x74677000 	C:\windows\system32\WINNSI.DLL
0x73a20000 - 0x73a26000 	C:\windows\system32\rasadhlp.dll
0x6be00000 - 0x6be38000 	C:\windows\System32\fwpuclnt.dll
0x00420000 - 0x00432000 	D:\Program Files (x86)\Java\jre\bin\rxtxSerial.dll
0x6c240000 - 0x6c267000 	C:\windows\system32\crtdll.dll
0x5e760000 - 0x5e828000 	C:\windows\system32\opengl32.dll
0x65760000 - 0x65782000 	C:\windows\system32\GLU32.dll
0x5e670000 - 0x5e757000 	C:\windows\system32\DDRAW.dll
0x6a270000 - 0x6a276000 	C:\windows\system32\DCIMAN32.dll
0x656a0000 - 0x656c6000 	D:\Program Files (x86)\Java\jre\bin\jpeg.dll
0x650b0000 - 0x650e9000 	D:\Program Files (x86)\Java\jre\bin\fontmanager.dll
0x6c060000 - 0x6c0ac000 	C:\windows\system32\apphelp.dll
0x73d90000 - 0x73e7b000 	C:\windows\system32\dbghelp.dll
0x66e50000 - 0x66e5f000 	D:\Program Files (x86)\Java\jre\bin\nio.dll
0x74340000 - 0x74357000 	C:\windows\system32\CRYPTSP.dll
0x74300000 - 0x7433b000 	C:\windows\system32\rsaenh.dll
0x74b30000 - 0x74b47000 	C:\windows\syswow64\USERENV.dll
0x65070000 - 0x650a2000 	D:\Program Files (x86)\Java\jre\bin\t2k.dll
0x73d50000 - 0x73d62000 	C:\windows\system32\dhcpcsvc.DLL
0x73a10000 - 0x73a1d000 	C:\windows\system32\dhcpcsvc6.DLL

VM Arguments:
jvm_args: -Dfile.encoding=GBK 
java_command: com.js.jhjs.MainClass
java_class_path (initial): F:\java2017proj\mainCanteen\bin;E:\opensource\gson-2.8.5.jar;E:\opensource\mysql-connector-java-5.1.39\mysql-connector-java-5.1.39\mysql-connector-java-5.1.39-bin.jar;E:\opensource\jna-3.2.5.jar\jna-3.2.5.jar;E:\opensource\rxtx-2.1-7-bins-r2\RXTXcomm.jar;E:\opensource\httpcomponents-client-4.5.6-bin\httpcomponents-client-4.5.6\lib\commons-codec-1.10.jar;E:\opensource\httpcomponents-client-4.5.6-bin\httpcomponents-client-4.5.6\lib\commons-logging-1.2.jar;E:\opensource\httpcomponents-client-4.5.6-bin\httpcomponents-client-4.5.6\lib\fluent-hc-4.5.6.jar;E:\opensource\httpcomponents-client-4.5.6-bin\httpcomponents-client-4.5.6\lib\httpclient-4.5.6.jar;E:\opensource\httpcomponents-client-4.5.6-bin\httpcomponents-client-4.5.6\lib\httpclient-cache-4.5.6.jar;E:\opensource\httpcomponents-client-4.5.6-bin\httpcomponents-client-4.5.6\lib\httpclient-win-4.5.6.jar;E:\opensource\httpcomponents-client-4.5.6-bin\httpcomponents-client-4.5.6\lib\httpcore-4.4.10.jar;E:\opensource\httpcomponents-client-4.5.6-bin\httpcomponents-client-4.5.6\lib\httpmime-4.5.6.jar;E:\opensource\httpcomponents-client-4.5.6-bin\httpcomponents-client-4.5.6\lib\jna-4.4.0.jar;E:\opensource\httpcomponents-client-4.5.6-bin\httpcomponents-client-4.5.6\lib\jna-platform-4.4.0.jar;E:\opensource\mybatis-3.4.6\mybatis-3.4.6.jar
Launcher Type: SUN_STANDARD

Environment Variables:
JAVA_HOME=D:\Program Files\Java\jdk1.8
CLASSPATH=.;D:\Program Files\Java\jdk1.8\lib\dt.jar;D:\Program Files\Java\jdk1.8\lib\tools.jar;
PATH=C:\Program Files (x86)\Common Files\Oracle\Java\javapath;G:\sdk\tools\lib\monitor-x86_64\jre\bin\javaw.exe;C:\Windows\System32;F:\soui\bin;D:\CTEX\CTeX\ty\bin;D:\CTEX\Ghostscript\gs9.05\bin;D:\CTEX\GSview\gsview;D:\CTEX\WinEdt;D:\Python35;D:\Python35\Scripts;D:\Program Files\Git\cmd;C:\Program Files (x86)\Common Files\Thunder Network\KanKan\Codecs;C:\Program Files\Microsoft VS Code\bin;C:\Users\bonjava\AppData\Local\GitHubDesktop\bin
USERNAME=Administrator
OS=Windows_NT
PROCESSOR_IDENTIFIER=Intel64 Family 6 Model 60 Stepping 3, GenuineIntel



---------------  S Y S T E M  ---------------

OS: Windows 7 , 64 bit Build 7601 (6.1.7601.24214)

CPU:total 8 (initial active 8) (4 cores per cpu, 2 threads per core) family 6 model 60 stepping 3, cmov, cx8, fxsr, mmx, sse, sse2, sse3, ssse3, sse4.1, sse4.2, popcnt, avx, avx2, aes, clmul, erms, lzcnt, ht, tsc, tscinvbit, bmi1, bmi2

Memory: 4k page, physical 16663584k(9722920k free), swap 17710260k(10159800k free)

vm_info: Java HotSpot(TM) Client VM (25.181-b13) for windows-x86 JRE (1.8.0_181-b13), built on Jul  7 2018 03:18:20 by "java_re" with MS VC++ 10.0 (VS2010)

time: Tue Sep 04 20:20:07 2018
elapsed time: 0 seconds (0d 0h 0m 0s)

