#
# A fatal error has been detected by the Java Runtime Environment:
#
#  EXCEPTION_ACCESS_VIOLATION (0xc0000005) at pc=0x00e4320b, pid=2496, tid=0x00002494
#
# JRE version: Java(TM) SE Runtime Environment (8.0_181-b13) (build 1.8.0_181-b13)
# Java VM: Java HotSpot(TM) Client VM (25.181-b13 mixed mode windows-x86 )
# Problematic frame:
# C  [rxtxSerial.dll+0x320b]
#
# Failed to write core dump. Minidumps are not enabled by default on client versions of Windows
#
# If you would like to submit a bug report, please visit:
#   http://bugreport.java.com/bugreport/crash.jsp
# The crash happened outside the Java Virtual Machine in native code.
# See problematic frame for where to report the bug.
#

---------------  T H R E A D  ---------------

Current thread (0x15570800):  JavaThread "Thread-6" [_thread_in_native, id=9364, stack(0x15db0000,0x15e00000)]

siginfo: ExceptionCode=0xc0000005, reading address 0x00000060

Registers:
EAX=0x00000000, EBX=0x552db910, ECX=0x15dff508, EDX=0x15dff498
ESP=0x15dff870, EBP=0x15dff908, ESI=0x169b3ec8, EDI=0x15570800
EIP=0x00e4320b, EFLAGS=0x00010202

Top of Stack: (sp=0x15dff870)
0x15dff870:   15570800 0000000b 0000001d 00000002
0x15dff880:   15dff8b4 55207273 15570800 626998cc
0x15dff890:   00000000 15570800 00000000 15dff88c
0x15dff8a0:   00000000 00000000 00000000 00000000
0x15dff8b0:   fffffffe 00000022 ffffffff 1546b110
0x15dff8c0:   00000000 00fffff8 552dba0e 15570800
0x15dff8d0:   15dff908 6c24e5f4 15dff8e8 00e4673e
0x15dff8e0:   15dff91c 169b3ec8 15dff96b 7fffffdc 

Instructions: (pc=0x00e4320b)
0x00e431eb:   04 85 c0 74 0c 8b 45 fc c7 40 78 04 00 00 00 eb
0x00e431fb:   0a 8b 45 fc c7 40 78 00 00 00 00 a1 00 d0 e4 00
0x00e4320b:   83 78 60 00 75 2d 83 c4 fc 8b 45 fc 50 68 40 30
0x00e4321b:   e4 00 8d 85 70 ff ff ff 50 e8 3f 97 00 00 83 c4 


Register to memory mapping:

EAX=0x00000000 is an unknown value
EBX=0x552db910 is an unknown value
ECX=0x15dff508 is pointing into the stack for thread: 0x15570800
EDX=0x15dff498 is pointing into the stack for thread: 0x15570800
ESP=0x15dff870 is pointing into the stack for thread: 0x15570800
EBP=0x15dff908 is pointing into the stack for thread: 0x15570800
ESI=0x169b3ec8 is pointing into metadata
EDI=0x15570800 is a thread


Stack: [0x15db0000,0x15e00000],  sp=0x15dff870,  free space=318k
Native frames: (J=compiled Java code, j=interpreted, Vv=VM code, C=native code)
C  [rxtxSerial.dll+0x320b]
C  [rxtxSerial.dll+0x6988]
j  gnu.io.RXTXPort.open(Ljava/lang/String;)I+0
j  gnu.io.RXTXPort.<init>(Ljava/lang/String;)V+114
j  gnu.io.RXTXCommDriver.getCommPort(Ljava/lang/String;I)Lgnu/io/CommPort;+78
j  gnu.io.CommPortIdentifier.open(Ljava/lang/String;I)Lgnu/io/CommPort;+80
j  com.js.jhjs.wmFrame$SerialTools.openSerialPort(Lgnu/io/CommPortIdentifier;I)Z+5
j  com.js.jhjs.wmFrame.lambda$1(Lcom/js/jhjs/wmFrame$SerialTools;Lgnu/io/CommPortIdentifier;)V+4
j  com.js.jhjs.wmFrame$$Lambda$30.run()V+8
j  java.lang.Thread.run()V+11
v  ~StubRoutines::call_stub
V  [jvm.dll+0x15c065]
V  [jvm.dll+0x223ade]
V  [jvm.dll+0x15c0fe]
V  [jvm.dll+0x15c286]
V  [jvm.dll+0x15c2f7]
V  [jvm.dll+0x10016f]
V  [jvm.dll+0x17f280]
V  [jvm.dll+0x17fafa]
V  [jvm.dll+0x1c5416]
C  [msvcr100.dll+0x5c556]
C  [msvcr100.dll+0x5c600]
C  [kernel32.dll+0x1343d]
C  [ntdll.dll+0x39832]
C  [ntdll.dll+0x39805]
C  0x00000000

Java frames: (J=compiled Java code, j=interpreted, Vv=VM code)
j  gnu.io.RXTXPort.open(Ljava/lang/String;)I+0
j  gnu.io.RXTXPort.<init>(Ljava/lang/String;)V+114
j  gnu.io.RXTXCommDriver.getCommPort(Ljava/lang/String;I)Lgnu/io/CommPort;+78
j  gnu.io.CommPortIdentifier.open(Ljava/lang/String;I)Lgnu/io/CommPort;+80
j  com.js.jhjs.wmFrame$SerialTools.openSerialPort(Lgnu/io/CommPortIdentifier;I)Z+5
j  com.js.jhjs.wmFrame.lambda$1(Lcom/js/jhjs/wmFrame$SerialTools;Lgnu/io/CommPortIdentifier;)V+4
j  com.js.jhjs.wmFrame$$Lambda$30.run()V+8
j  java.lang.Thread.run()V+11
v  ~StubRoutines::call_stub

---------------  P R O C E S S  ---------------

Java Threads: ( => current thread )
  0x155c9800 JavaThread "DestroyJavaVM" [_thread_blocked, id=12280, stack(0x00c80000,0x00cd0000)]
  0x155c9000 JavaThread "Thread-4" [_thread_in_native, id=11980, stack(0x15d60000,0x15db0000)]
  0x15571000 JavaThread "Thread-3" [_thread_in_native, id=11432, stack(0x15e50000,0x15ea0000)]
=>0x15570800 JavaThread "Thread-6" [_thread_in_native, id=9364, stack(0x15db0000,0x15e00000)]
  0x154c7000 JavaThread "AWT-EventQueue-0" [_thread_in_native, id=4036, stack(0x169e0000,0x16a30000)]
  0x153f4c00 JavaThread "Thread-1" [_thread_in_native, id=10652, stack(0x15670000,0x156c0000)]
  0x153ea400 JavaThread "Image Fetcher 0" daemon [_thread_blocked, id=10916, stack(0x16790000,0x167e0000)]
  0x1526b400 JavaThread "Abandoned connection cleanup thread" daemon [_thread_blocked, id=3188, stack(0x16310000,0x16360000)]
  0x15251c00 JavaThread "AWT-Windows" daemon [_thread_in_native, id=10204, stack(0x15620000,0x15670000)]
  0x15251000 JavaThread "AWT-Shutdown" [_thread_blocked, id=9096, stack(0x156c0000,0x15710000)]
  0x1523a800 JavaThread "Java2D Disposer" daemon [_thread_blocked, id=11400, stack(0x15130000,0x15180000)]
  0x14b0cc00 JavaThread "Service Thread" daemon [_thread_blocked, id=8584, stack(0x15050000,0x150a0000)]
  0x14ae5c00 JavaThread "C1 CompilerThread0" daemon [_thread_blocked, id=9908, stack(0x14f90000,0x14fe0000)]
  0x14ae4c00 JavaThread "Attach Listener" daemon [_thread_blocked, id=9992, stack(0x14f20000,0x14f70000)]
  0x00bdc800 JavaThread "Signal Dispatcher" daemon [_thread_blocked, id=3376, stack(0x14e20000,0x14e70000)]
  0x00bd2c00 JavaThread "Finalizer" daemon [_thread_blocked, id=11040, stack(0x14d70000,0x14dc0000)]
  0x00bccc00 JavaThread "Reference Handler" daemon [_thread_blocked, id=10044, stack(0x00ef0000,0x00f40000)]

Other Threads:
  0x00bc5800 VMThread [stack: 0x00f60000,0x00fb0000] [id=7244]
  0x14b16800 WatcherThread [stack: 0x151c0000,0x15210000] [id=6444]

VM state:not at safepoint (normal execution)

VM Mutex/Monitor currently owned by a thread: None

Heap:
 def new generation   total 6976K, used 1994K [0x04600000, 0x04d90000, 0x09b50000)
  eden space 6208K,  31% used [0x04600000, 0x047e4050, 0x04c10000)
  from space 768K,   7% used [0x04cd0000, 0x04cdeb40, 0x04d90000)
  to   space 768K,   0% used [0x04c10000, 0x04c10000, 0x04cd0000)
 tenured generation   total 15436K, used 14381K [0x09b50000, 0x0aa63000, 0x14600000)
   the space 15436K,  93% used [0x09b50000, 0x0a95b5d0, 0x0a95b600, 0x0aa63000)
 Metaspace       used 8681K, capacity 8942K, committed 9088K, reserved 9600K

Card table byte_map: [0x00d50000,0x00de0000] byte_map_base: 0x00d2d000

Polling page: 0x000b0000

CodeCache: size=32768Kb used=1027Kb max_used=1027Kb free=31740Kb
 bounds [0x024f0000, 0x025f8000, 0x044f0000]
 total_blobs=493 nmethods=253 adapters=171
 compilation: enabled

Compilation events (10 events):
Event: 0.547 Thread 0x14ae5c00  247             jdk.internal.org.objectweb.asm.ByteVector::put12 (64 bytes)
Event: 0.548 Thread 0x14ae5c00 nmethod 247 0x025d1208 code [0x025d1310, 0x025d143c]
Event: 0.548 Thread 0x14ae5c00  248             java.lang.String::lastIndexOf (13 bytes)
Event: 0.548 Thread 0x14ae5c00 nmethod 248 0x025d0fc8 code [0x025d10d0, 0x025d116c]
Event: 0.551 Thread 0x14ae5c00  251             java.net.URL::getHost (5 bytes)
Event: 0.552 Thread 0x14ae5c00 nmethod 251 0x025c4948 code [0x025c4a40, 0x025c4ac0]
Event: 0.552 Thread 0x14ae5c00  252             java.lang.Character::toUpperCase (6 bytes)
Event: 0.552 Thread 0x14ae5c00 nmethod 252 0x025c4708 code [0x025c4810, 0x025c48b8]
Event: 0.552 Thread 0x14ae5c00  253             java.lang.invoke.MemberName::getDeclaringClass (5 bytes)
Event: 0.552 Thread 0x14ae5c00 nmethod 253 0x025efc08 code [0x025efd00, 0x025efd80]

GC Heap History (10 events):
Event: 0.209 GC heap before
{Heap before GC invocations=0 (full 0):
 def new generation   total 4928K, used 4411K [0x04600000, 0x04b50000, 0x09b50000)
  eden space 4416K,  99% used [0x04600000, 0x04a4ef40, 0x04a50000)
  from space 512K,   0% used [0x04a50000, 0x04a50000, 0x04ad0000)
  to   space 512K,   0% used [0x04ad0000, 0x04ad0000, 0x04b50000)
 tenured generation   total 10944K, used 0K [0x09b50000, 0x0a600000, 0x14600000)
   the space 10944K,   0% used [0x09b50000, 0x09b50000, 0x09b50200, 0x0a600000)
 Metaspace       used 4312K, capacity 4485K, committed 4608K, reserved 5504K
Event: 0.212 GC heap after
Heap after GC invocations=1 (full 0):
 def new generation   total 4928K, used 512K [0x04600000, 0x04b50000, 0x09b50000)
  eden space 4416K,   0% used [0x04600000, 0x04600000, 0x04a50000)
  from space 512K, 100% used [0x04ad0000, 0x04b50000, 0x04b50000)
  to   space 512K,   0% used [0x04a50000, 0x04a50000, 0x04ad0000)
 tenured generation   total 10944K, used 1006K [0x09b50000, 0x0a600000, 0x14600000)
   the space 10944K,   9% used [0x09b50000, 0x09c4bb08, 0x09c4bc00, 0x0a600000)
 Metaspace       used 4312K, capacity 4485K, committed 4608K, reserved 5504K
}
Event: 0.328 GC heap before
{Heap before GC invocations=1 (full 0):
 def new generation   total 4928K, used 4928K [0x04600000, 0x04b50000, 0x09b50000)
  eden space 4416K, 100% used [0x04600000, 0x04a50000, 0x04a50000)
  from space 512K, 100% used [0x04ad0000, 0x04b50000, 0x04b50000)
  to   space 512K,   0% used [0x04a50000, 0x04a50000, 0x04ad0000)
 tenured generation   total 10944K, used 1006K [0x09b50000, 0x0a600000, 0x14600000)
   the space 10944K,   9% used [0x09b50000, 0x09c4bb08, 0x09c4bc00, 0x0a600000)
 Metaspace       used 6012K, capacity 6215K, committed 6272K, reserved 6528K
Event: 0.332 GC heap after
Heap after GC invocations=2 (full 0):
 def new generation   total 4928K, used 512K [0x04600000, 0x04b50000, 0x09b50000)
  eden space 4416K,   0% used [0x04600000, 0x04600000, 0x04a50000)
  from space 512K, 100% used [0x04a50000, 0x04ad0000, 0x04ad0000)
  to   space 512K,   0% used [0x04ad0000, 0x04ad0000, 0x04b50000)
 tenured generation   total 10944K, used 2642K [0x09b50000, 0x0a600000, 0x14600000)
   the space 10944K,  24% used [0x09b50000, 0x09de4a28, 0x09de4c00, 0x0a600000)
 Metaspace       used 6012K, capacity 6215K, committed 6272K, reserved 6528K
}
Event: 0.448 GC heap before
{Heap before GC invocations=2 (full 0):
 def new generation   total 4928K, used 4924K [0x04600000, 0x04b50000, 0x09b50000)
  eden space 4416K,  99% used [0x04600000, 0x04a4f108, 0x04a50000)
  from space 512K, 100% used [0x04a50000, 0x04ad0000, 0x04ad0000)
  to   space 512K,   0% used [0x04ad0000, 0x04ad0000, 0x04b50000)
 tenured generation   total 10944K, used 7762K [0x09b50000, 0x0a600000, 0x14600000)
   the space 10944K,  70% used [0x09b50000, 0x0a2e4a38, 0x0a2e4c00, 0x0a600000)
 Metaspace       used 7185K, capacity 7407K, committed 7424K, reserved 7552K
Event: 0.450 GC heap after
Heap after GC invocations=3 (full 0):
 def new generation   total 4928K, used 512K [0x04600000, 0x04b50000, 0x09b50000)
  eden space 4416K,   0% used [0x04600000, 0x04600000, 0x04a50000)
  from space 512K, 100% used [0x04ad0000, 0x04b50000, 0x04b50000)
  to   space 512K,   0% used [0x04a50000, 0x04a50000, 0x04ad0000)
 tenured generation   total 10944K, used 8416K [0x09b50000, 0x0a600000, 0x14600000)
   the space 10944K,  76% used [0x09b50000, 0x0a388278, 0x0a388400, 0x0a600000)
 Metaspace       used 7185K, capacity 7407K, committed 7424K, reserved 7552K
}
Event: 0.514 GC heap before
{Heap before GC invocations=3 (full 0):
 def new generation   total 4928K, used 3841K [0x04600000, 0x04b50000, 0x09b50000)
  eden space 4416K,  75% used [0x04600000, 0x049405d8, 0x04a50000)
  from space 512K, 100% used [0x04ad0000, 0x04b50000, 0x04b50000)
  to   space 512K,   0% used [0x04a50000, 0x04a50000, 0x04ad0000)
 tenured generation   total 10944K, used 8416K [0x09b50000, 0x0a600000, 0x14600000)
   the space 10944K,  76% used [0x09b50000, 0x0a388278, 0x0a388400, 0x0a600000)
 Metaspace       used 8339K, capacity 8580K, committed 8704K, reserved 9600K
Event: 0.526 GC heap after
Heap after GC invocations=4 (full 1):
 def new generation   total 6976K, used 0K [0x04600000, 0x04d90000, 0x09b50000)
  eden space 6208K,   0% used [0x04600000, 0x04600000, 0x04c10000)
  from space 768K,   0% used [0x04c10000, 0x04c10000, 0x04cd0000)
  to   space 768K,   0% used [0x04cd0000, 0x04cd0000, 0x04d90000)
 tenured generation   total 15436K, used 9261K [0x09b50000, 0x0aa63000, 0x14600000)
   the space 15436K,  59% used [0x09b50000, 0x0a45b5c0, 0x0a45b600, 0x0aa63000)
 Metaspace       used 8339K, capacity 8580K, committed 8704K, reserved 9600K
}
Event: 0.542 GC heap before
{Heap before GC invocations=4 (full 1):
 def new generation   total 6976K, used 5685K [0x04600000, 0x04d90000, 0x09b50000)
  eden space 6208K,  91% used [0x04600000, 0x04b8d6f0, 0x04c10000)
  from space 768K,   0% used [0x04c10000, 0x04c10000, 0x04cd0000)
  to   space 768K,   0% used [0x04cd0000, 0x04cd0000, 0x04d90000)
 tenured generation   total 15436K, used 9261K [0x09b50000, 0x0aa63000, 0x14600000)
   the space 15436K,  59% used [0x09b50000, 0x0a45b5c0, 0x0a45b600, 0x0aa63000)
 Metaspace       used 8498K, capacity 8740K, committed 8832K, reserved 9600K
Event: 0.545 GC heap after
Heap after GC invocations=5 (full 1):
 def new generation   total 6976K, used 58K [0x04600000, 0x04d90000, 0x09b50000)
  eden space 6208K,   0% used [0x04600000, 0x04600000, 0x04c10000)
  from space 768K,   7% used [0x04cd0000, 0x04cdeb40, 0x04d90000)
  to   space 768K,   0% used [0x04c10000, 0x04c10000, 0x04cd0000)
 tenured generation   total 15436K, used 14381K [0x09b50000, 0x0aa63000, 0x14600000)
   the space 15436K,  93% used [0x09b50000, 0x0a95b5d0, 0x0a95b600, 0x0aa63000)
 Metaspace       used 8498K, capacity 8740K, committed 8832K, reserved 9600K
}

Deoptimization events (0 events):
No events

Classes redefined (0 events):
No events

Internal exceptions (10 events):
Event: 0.128 Thread 0x00c3dc00 Exception <a 'java/lang/NoSuchFieldError': method resolution failed> (0x047f23a0) thrown at [C:\workspace\8-2-build-windows-i586-cygwin\jdk8u181\11358\hotspot\src\share\vm\prims\methodHandles.cpp, line 1167]
Event: 0.129 Thread 0x00c3dc00 Exception <a 'java/lang/NoSuchFieldError': method resolution failed> (0x047fe540) thrown at [C:\workspace\8-2-build-windows-i586-cygwin\jdk8u181\11358\hotspot\src\share\vm\prims\methodHandles.cpp, line 1167]
Event: 0.177 Thread 0x00c3dc00 Exception <a 'java/io/FileNotFoundException'> (0x048e4bc0) thrown at [C:\workspace\8-2-build-windows-i586-cygwin\jdk8u181\11358\hotspot\src\share\vm\prims\jni.cpp, line 709]
Event: 0.476 Thread 0x00c3dc00 Exception <a 'java/io/FileNotFoundException'> (0x048c3338) thrown at [C:\workspace\8-2-build-windows-i586-cygwin\jdk8u181\11358\hotspot\src\share\vm\prims\jni.cpp, line 709]
Event: 0.476 Thread 0x00c3dc00 Exception <a 'java/lang/NullPointerException'> (0x048c3928) thrown at [C:\workspace\8-2-build-windows-i586-cygwin\jdk8u181\11358\hotspot\src\share\vm\interpreter\linkResolver.cpp, line 1185]
Event: 0.510 Thread 0x00c3dc00 Exception <a 'java/io/FileNotFoundException'> (0x0492b7d8) thrown at [C:\workspace\8-2-build-windows-i586-cygwin\jdk8u181\11358\hotspot\src\share\vm\prims\jni.cpp, line 709]
Event: 0.528 Thread 0x00c3dc00 Exception <a 'java/io/FileNotFoundException'> (0x04b0b168) thrown at [C:\workspace\8-2-build-windows-i586-cygwin\jdk8u181\11358\hotspot\src\share\vm\prims\jni.cpp, line 709]
Event: 0.528 Thread 0x00c3dc00 Exception <a 'java/io/FileNotFoundException'> (0x04b52b20) thrown at [C:\workspace\8-2-build-windows-i586-cygwin\jdk8u181\11358\hotspot\src\share\vm\prims\jni.cpp, line 709]
Event: 0.541 Thread 0x00c3dc00 Exception <a 'java/io/FileNotFoundException'> (0x04b66af0) thrown at [C:\workspace\8-2-build-windows-i586-cygwin\jdk8u181\11358\hotspot\src\share\vm\prims\jni.cpp, line 709]
Event: 0.554 Thread 0x15570400 Exception <a 'gnu/io/PortInUseException': No error in open> (0x04718c90) thrown at [C:\workspace\8-2-build-windows-i586-cygwin\jdk8u181\11358\hotspot\src\share\vm\prims\jni.cpp, line 735]

Events (10 events):
Event: 0.553 loading class java/net/ResponseCache
Event: 0.553 loading class com/sun/jna/Native$1
Event: 0.553 loading class com/sun/jna/Native$1 done
Event: 0.553 loading class java/net/ResponseCache done
Event: 0.553 loading class sun/net/www/protocol/http/HttpURLConnection$7
Event: 0.553 loading class sun/net/www/protocol/http/HttpURLConnection$7 done
Event: 0.554 loading class sun/net/www/http/HttpClient
Event: 0.554 loading class java/lang/ClassLoaderHelper
Event: 0.554 loading class java/lang/ClassLoaderHelper done
Event: 0.554 loading class sun/net/NetworkClient


Dynamic libraries:
0x010b0000 - 0x010e3000 	D:\Program Files (x86)\Java\jre\bin\javaw.exe
0x77b00000 - 0x77c80000 	C:\windows\SysWOW64\ntdll.dll
0x76fb0000 - 0x770c0000 	C:\windows\syswow64\kernel32.dll
0x76ac0000 - 0x76b07000 	C:\windows\syswow64\KERNELBASE.dll
0x76620000 - 0x766c1000 	C:\windows\syswow64\ADVAPI32.dll
0x77670000 - 0x7771c000 	C:\windows\syswow64\msvcrt.dll
0x76f90000 - 0x76fa9000 	C:\windows\SysWOW64\sechost.dll
0x772a0000 - 0x77390000 	C:\windows\syswow64\RPCRT4.dll
0x75270000 - 0x752d0000 	C:\windows\syswow64\SspiCli.dll
0x75260000 - 0x7526c000 	C:\windows\syswow64\CRYPTBASE.dll
0x774f0000 - 0x775f0000 	C:\windows\syswow64\USER32.dll
0x76c20000 - 0x76cb0000 	C:\windows\syswow64\GDI32.dll
0x760b0000 - 0x760ba000 	C:\windows\syswow64\LPK.dll
0x770e0000 - 0x7717d000 	C:\windows\syswow64\USP10.dll
0x70f90000 - 0x7112e000 	C:\windows\WinSxS\x86_microsoft.windows.common-controls_6595b64144ccf1df_6.0.7601.18837_none_41e855142bd5705d\COMCTL32.dll
0x76050000 - 0x760a7000 	C:\windows\syswow64\SHLWAPI.dll
0x760c0000 - 0x76120000 	C:\windows\system32\IMM32.DLL
0x76120000 - 0x761ed000 	C:\windows\syswow64\MSCTF.dll
0x75020000 - 0x7504b000 	C:\windows\SysWOW64\nvinit.dll
0x75190000 - 0x75199000 	C:\windows\system32\VERSION.dll
0x71d50000 - 0x71d56000 	C:\Program Files (x86)\NVIDIA Corporation\CoProcManager\detoured.dll
0x70de0000 - 0x70e0a000 	C:\Program Files (x86)\NVIDIA Corporation\CoProcManager\nvd3d9wrap.dll
0x766d0000 - 0x7686d000 	C:\windows\syswow64\SETUPAPI.dll
0x77640000 - 0x77667000 	C:\windows\syswow64\CFGMGR32.dll
0x76d80000 - 0x76e11000 	C:\windows\syswow64\OLEAUT32.dll
0x77390000 - 0x774ed000 	C:\windows\syswow64\ole32.dll
0x76cb0000 - 0x76cc2000 	C:\windows\syswow64\DEVOBJ.dll
0x68680000 - 0x6869e000 	C:\Program Files (x86)\NVIDIA Corporation\CoProcManager\nvdxgiwrap.dll
0x555e0000 - 0x5569f000 	D:\Program Files (x86)\Java\jre\bin\msvcr100.dll
0x55200000 - 0x555d3000 	D:\Program Files (x86)\Java\jre\bin\client\jvm.dll
0x6a5d0000 - 0x6a5d7000 	C:\windows\system32\WSOCK32.dll
0x76b10000 - 0x76b45000 	C:\windows\syswow64\WS2_32.dll
0x76610000 - 0x76616000 	C:\windows\syswow64\NSI.dll
0x70d90000 - 0x70dc2000 	C:\windows\system32\WINMM.dll
0x76d60000 - 0x76d65000 	C:\windows\syswow64\PSAPI.DLL
0x66fd0000 - 0x66fdc000 	D:\Program Files (x86)\Java\jre\bin\verify.dll
0x5aa00000 - 0x5aa22000 	D:\Program Files (x86)\Java\jre\bin\java.dll
0x5a9e0000 - 0x5a9f4000 	D:\Program Files (x86)\Java\jre\bin\zip.dll
0x752d0000 - 0x75f1c000 	C:\windows\syswow64\SHELL32.dll
0x77630000 - 0x7763b000 	C:\windows\syswow64\profapi.dll
0x550b0000 - 0x551f7000 	D:\Program Files (x86)\Java\jre\bin\awt.dll
0x68490000 - 0x68510000 	C:\windows\system32\uxtheme.dll
0x68470000 - 0x68483000 	C:\windows\system32\dwmapi.dll
0x5a9c0000 - 0x5a9d5000 	D:\Program Files (x86)\Java\jre\bin\net.dll
0x74a60000 - 0x74a9c000 	C:\windows\system32\mswsock.dll
0x6c010000 - 0x6c016000 	C:\windows\System32\wship6.dll
0x74b00000 - 0x74b05000 	C:\windows\System32\wshtcpip.dll
0x723d0000 - 0x72414000 	C:\windows\system32\DNSAPI.dll
0x72390000 - 0x723b1000 	C:\Program Files (x86)\Bonjour\mdnsNSP.dll
0x74e50000 - 0x74e6c000 	C:\windows\system32\Iphlpapi.DLL
0x74e40000 - 0x74e47000 	C:\windows\system32\WINNSI.DLL
0x72460000 - 0x72466000 	C:\windows\system32\rasadhlp.dll
0x6bfd0000 - 0x6c008000 	C:\windows\System32\fwpuclnt.dll
0x54fe0000 - 0x550a8000 	C:\windows\system32\opengl32.dll
0x5a990000 - 0x5a9b2000 	C:\windows\system32\GLU32.dll
0x54ef0000 - 0x54fd7000 	C:\windows\system32\DDRAW.dll
0x66be0000 - 0x66be6000 	C:\windows\system32\DCIMAN32.dll
0x5a960000 - 0x5a986000 	D:\Program Files (x86)\Java\jre\bin\jpeg.dll
0x5a920000 - 0x5a959000 	D:\Program Files (x86)\Java\jre\bin\fontmanager.dll
0x00e40000 - 0x00e52000 	D:\Program Files (x86)\Java\jre\bin\rxtxSerial.dll
0x6c240000 - 0x6c267000 	C:\windows\system32\crtdll.dll
0x6c050000 - 0x6c09c000 	C:\windows\system32\apphelp.dll
0x65d10000 - 0x65d1f000 	D:\Program Files (x86)\Java\jre\bin\nio.dll
0x54eb0000 - 0x54ee2000 	D:\Program Files (x86)\Java\jre\bin\t2k.dll
0x744f0000 - 0x745db000 	C:\windows\system32\dbghelp.dll
0x74b30000 - 0x74b47000 	C:\windows\system32\CRYPTSP.dll
0x74aa0000 - 0x74adb000 	C:\windows\system32\rsaenh.dll
0x770c0000 - 0x770d7000 	C:\windows\syswow64\USERENV.dll

VM Arguments:
jvm_args: -Dfile.encoding=GBK 
java_command: com.js.jhjs.MainClass
java_class_path (initial): F:\java2017proj\mainCanteen\bin;E:\opensource\gson-2.8.5.jar;E:\opensource\mysql-connector-java-5.1.39\mysql-connector-java-5.1.39\mysql-connector-java-5.1.39-bin.jar;E:\opensource\jna-3.2.5.jar\jna-3.2.5.jar;E:\opensource\rxtx-2.1-7-bins-r2\RXTXcomm.jar;E:\opensource\httpcomponents-client-4.5.6-bin\httpcomponents-client-4.5.6\lib\commons-codec-1.10.jar;E:\opensource\httpcomponents-client-4.5.6-bin\httpcomponents-client-4.5.6\lib\commons-logging-1.2.jar;E:\opensource\httpcomponents-client-4.5.6-bin\httpcomponents-client-4.5.6\lib\fluent-hc-4.5.6.jar;E:\opensource\httpcomponents-client-4.5.6-bin\httpcomponents-client-4.5.6\lib\httpclient-4.5.6.jar;E:\opensource\httpcomponents-client-4.5.6-bin\httpcomponents-client-4.5.6\lib\httpclient-cache-4.5.6.jar;E:\opensource\httpcomponents-client-4.5.6-bin\httpcomponents-client-4.5.6\lib\httpclient-win-4.5.6.jar;E:\opensource\httpcomponents-client-4.5.6-bin\httpcomponents-client-4.5.6\lib\httpcore-4.4.10.jar;E:\opensource\httpcomponents-client-4.5.6-bin\httpcomponents-client-4.5.6\lib\httpmime-4.5.6.jar;E:\opensource\httpcomponents-client-4.5.6-bin\httpcomponents-client-4.5.6\lib\jna-4.4.0.jar;E:\opensource\httpcomponents-client-4.5.6-bin\httpcomponents-client-4.5.6\lib\jna-platform-4.4.0.jar;E:\opensource\mybatis-3.4.6\mybatis-3.4.6.jar
Launcher Type: SUN_STANDARD

Environment Variables:
JAVA_HOME=D:\Program Files\Java\jdk1.8
CLASSPATH=.;D:\Program Files\Java\jdk1.8\lib\dt.jar;D:\Program Files\Java\jdk1.8\lib\tools.jar;
PATH=C:\Program Files (x86)\Common Files\Oracle\Java\javapath;G:\sdk\tools\lib\monitor-x86_64\jre\bin\javaw.exe;C:\Windows\System32;F:\soui\bin;D:\CTEX\CTeX\ty\bin;D:\CTEX\Ghostscript\gs9.05\bin;D:\CTEX\GSview\gsview;D:\CTEX\WinEdt;D:\Python35;D:\Python35\Scripts;D:\Program Files\Git\cmd;C:\Program Files (x86)\Common Files\Thunder Network\KanKan\Codecs;C:\Users\bonjava\AppData\Local\GitHubDesktop\bin
USERNAME=Administrator
OS=Windows_NT
PROCESSOR_IDENTIFIER=Intel64 Family 6 Model 60 Stepping 3, GenuineIntel



---------------  S Y S T E M  ---------------

OS: Windows 7 , 64 bit Build 7601 (6.1.7601.24214)

CPU:total 8 (initial active 8) (4 cores per cpu, 2 threads per core) family 6 model 60 stepping 3, cmov, cx8, fxsr, mmx, sse, sse2, sse3, ssse3, sse4.1, sse4.2, popcnt, avx, avx2, aes, clmul, erms, lzcnt, ht, tsc, tscinvbit, bmi1, bmi2

Memory: 4k page, physical 16663584k(10413092k free), swap 17710260k(11003980k free)

vm_info: Java HotSpot(TM) Client VM (25.181-b13) for windows-x86 JRE (1.8.0_181-b13), built on Jul  7 2018 03:18:20 by "java_re" with MS VC++ 10.0 (VS2010)

time: Tue Aug 28 14:38:40 2018
elapsed time: 0 seconds (0d 0h 0m 0s)

