#
# A fatal error has been detected by the Java Runtime Environment:
#
#  EXCEPTION_ACCESS_VIOLATION (0xc0000005) at pc=0x00b6320b, pid=11204, tid=0x00002bd4
#
# JRE version: Java(TM) SE Runtime Environment (8.0_181-b13) (build 1.8.0_181-b13)
# Java VM: Java HotSpot(TM) Client VM (25.181-b13 mixed mode windows-x86 )
# Problematic frame:
# C  [rxtxSerial.dll+0x320b]
#
# Failed to write core dump. Minidumps are not enabled by default on client versions of Windows
#
# If you would like to submit a bug report, please visit:
#   http://bugreport.java.com/bugreport/crash.jsp
# The crash happened outside the Java Virtual Machine in native code.
# See problematic frame for where to report the bug.
#

---------------  T H R E A D  ---------------

Current thread (0x15383c00):  JavaThread "Thread-6" [_thread_in_native, id=11220, stack(0x16ce0000,0x16d30000)]

siginfo: ExceptionCode=0xc0000005, reading address 0x00000060

Registers:
EAX=0x00000000, EBX=0x652bb910, ECX=0x16d2f358, EDX=0x16d2f2e8
ESP=0x16d2f6c0, EBP=0x16d2f758, ESI=0x168fbe18, EDI=0x15383c00
EIP=0x00b6320b, EFLAGS=0x00010202

Top of Stack: (sp=0x16d2f6c0)
0x16d2f6c0:   15383c00 0000000b 0000001d 00000002
0x16d2f6d0:   16d2f704 651e7273 15383c00 323b0640
0x16d2f6e0:   00000000 15383c00 00000000 16d2f6dc
0x16d2f6f0:   00000000 00000000 00000000 00000000
0x16d2f700:   fffffffe 00000022 ffffffff 154b8588
0x16d2f710:   00000000 00fffff8 652bba0e 15383c00
0x16d2f720:   16d2f758 6c24e5f4 16d2f738 00b6673e
0x16d2f730:   16d2f76c 168fbe18 16d2f7bb 7fffffdc 

Instructions: (pc=0x00b6320b)
0x00b631eb:   04 85 c0 74 0c 8b 45 fc c7 40 78 04 00 00 00 eb
0x00b631fb:   0a 8b 45 fc c7 40 78 00 00 00 00 a1 00 d0 b6 00
0x00b6320b:   83 78 60 00 75 2d 83 c4 fc 8b 45 fc 50 68 40 30
0x00b6321b:   b6 00 8d 85 70 ff ff ff 50 e8 3f 97 00 00 83 c4 


Register to memory mapping:

EAX=0x00000000 is an unknown value
EBX=0x652bb910 is an unknown value
ECX=0x16d2f358 is pointing into the stack for thread: 0x15383c00
EDX=0x16d2f2e8 is pointing into the stack for thread: 0x15383c00
ESP=0x16d2f6c0 is pointing into the stack for thread: 0x15383c00
EBP=0x16d2f758 is pointing into the stack for thread: 0x15383c00
ESI=0x168fbe18 is pointing into metadata
EDI=0x15383c00 is a thread


Stack: [0x16ce0000,0x16d30000],  sp=0x16d2f6c0,  free space=317k
Native frames: (J=compiled Java code, j=interpreted, Vv=VM code, C=native code)
C  [rxtxSerial.dll+0x320b]
C  [rxtxSerial.dll+0x6988]
j  gnu.io.RXTXPort.open(Ljava/lang/String;)I+0
j  gnu.io.RXTXPort.<init>(Ljava/lang/String;)V+114
j  gnu.io.RXTXCommDriver.getCommPort(Ljava/lang/String;I)Lgnu/io/CommPort;+78
j  gnu.io.CommPortIdentifier.open(Ljava/lang/String;I)Lgnu/io/CommPort;+80
j  com.js.jhjs.wmFrame$SerialTools.openSerialPort(Lgnu/io/CommPortIdentifier;I)Z+5
j  com.js.jhjs.wmFrame.lambda$1(Lcom/js/jhjs/wmFrame$SerialTools;Lgnu/io/CommPortIdentifier;)V+4
j  com.js.jhjs.wmFrame$$Lambda$30.run()V+8
j  java.lang.Thread.run()V+11
v  ~StubRoutines::call_stub
V  [jvm.dll+0x15c065]
V  [jvm.dll+0x223ade]
V  [jvm.dll+0x15c0fe]
V  [jvm.dll+0x15c286]
V  [jvm.dll+0x15c2f7]
V  [jvm.dll+0x10016f]
V  [jvm.dll+0x17f280]
V  [jvm.dll+0x17fafa]
V  [jvm.dll+0x1c5416]
C  [msvcr100.dll+0x5c556]
C  [msvcr100.dll+0x5c600]
C  [kernel32.dll+0x1343d]
C  [ntdll.dll+0x39832]
C  [ntdll.dll+0x39805]
C  0x00000000

Java frames: (J=compiled Java code, j=interpreted, Vv=VM code)
j  gnu.io.RXTXPort.open(Ljava/lang/String;)I+0
j  gnu.io.RXTXPort.<init>(Ljava/lang/String;)V+114
j  gnu.io.RXTXCommDriver.getCommPort(Ljava/lang/String;I)Lgnu/io/CommPort;+78
j  gnu.io.CommPortIdentifier.open(Ljava/lang/String;I)Lgnu/io/CommPort;+80
j  com.js.jhjs.wmFrame$SerialTools.openSerialPort(Lgnu/io/CommPortIdentifier;I)Z+5
j  com.js.jhjs.wmFrame.lambda$1(Lcom/js/jhjs/wmFrame$SerialTools;Lgnu/io/CommPortIdentifier;)V+4
j  com.js.jhjs.wmFrame$$Lambda$30.run()V+8
j  java.lang.Thread.run()V+11
v  ~StubRoutines::call_stub

---------------  P R O C E S S  ---------------

Java Threads: ( => current thread )
  0x154aa000 JavaThread "Thread-4" [_thread_in_native, id=10820, stack(0x17010000,0x17060000)]
  0x154a9800 JavaThread "Thread-3" [_thread_in_native, id=10132, stack(0x16ed0000,0x16f20000)]
  0x154a9000 JavaThread "Thread-8" [_thread_in_native, id=3352, stack(0x16d30000,0x16d80000)]
=>0x15383c00 JavaThread "Thread-6" [_thread_in_native, id=11220, stack(0x16ce0000,0x16d30000)]
  0x1539b800 JavaThread "Thread-1" [_thread_in_Java, id=6832, stack(0x168a0000,0x168f0000)]
  0x153aa800 JavaThread "Image Fetcher 0" daemon [_thread_blocked, id=8084, stack(0x163d0000,0x16420000)]
  0x151bf000 JavaThread "Abandoned connection cleanup thread" daemon [_thread_blocked, id=9468, stack(0x01180000,0x011d0000)]
  0x00bddc00 JavaThread "DestroyJavaVM" [_thread_blocked, id=10532, stack(0x00e80000,0x00ed0000)]
  0x14e50400 JavaThread "AWT-EventQueue-0" [_thread_in_vm, id=10184, stack(0x04760000,0x047b0000)]
  0x14e4e400 JavaThread "AWT-Windows" daemon [_thread_in_Java, id=9604, stack(0x156b0000,0x15700000)]
  0x150f8c00 JavaThread "AWT-Shutdown" [_thread_blocked, id=6872, stack(0x14ff0000,0x15040000)]
  0x150f8000 JavaThread "Java2D Disposer" daemon [_thread_blocked, id=11156, stack(0x155b0000,0x15600000)]
  0x14d0cc00 JavaThread "Service Thread" daemon [_thread_blocked, id=6692, stack(0x15090000,0x150e0000)]
  0x14ce5c00 JavaThread "C1 CompilerThread0" daemon [_thread_blocked, id=11200, stack(0x14f60000,0x14fb0000)]
  0x14ce4c00 JavaThread "Attach Listener" daemon [_thread_blocked, id=10724, stack(0x14e70000,0x14ec0000)]
  0x00cdc800 JavaThread "Signal Dispatcher" daemon [_thread_blocked, id=6656, stack(0x01110000,0x01160000)]
  0x00cd2c00 JavaThread "Finalizer" daemon [_thread_blocked, id=9748, stack(0x00f50000,0x00fa0000)]
  0x00cccc00 JavaThread "Reference Handler" daemon [_thread_blocked, id=10692, stack(0x00fb0000,0x01000000)]

Other Threads:
  0x00cc5800 VMThread [stack: 0x010a0000,0x010f0000] [id=10664]
  0x14d16800 WatcherThread [stack: 0x15040000,0x15090000] [id=11016]

VM state:not at safepoint (normal execution)

VM Mutex/Monitor currently owned by a thread: None

Heap:
 def new generation   total 7040K, used 516K [0x04800000, 0x04fa0000, 0x09d50000)
  eden space 6272K,   7% used [0x04800000, 0x0487cd58, 0x04e20000)
  from space 768K,   2% used [0x04ee0000, 0x04ee4488, 0x04fa0000)
  to   space 768K,   0% used [0x04e20000, 0x04e20000, 0x04ee0000)
 tenured generation   total 15488K, used 14411K [0x09d50000, 0x0ac70000, 0x14800000)
   the space 15488K,  93% used [0x09d50000, 0x0ab62ec8, 0x0ab63000, 0x0ac70000)
 Metaspace       used 8617K, capacity 8848K, committed 8960K, reserved 9600K

Card table byte_map: [0x00ce0000,0x00d70000] byte_map_base: 0x00cbc000

Polling page: 0x001b0000

CodeCache: size=32768Kb used=1296Kb max_used=1299Kb free=31471Kb
 bounds [0x02660000, 0x027a8000, 0x04660000]
 total_blobs=625 nmethods=392 adapters=164
 compilation: enabled

Compilation events (10 events):
Event: 0.725 Thread 0x14ce5c00  389             jdk.internal.org.objectweb.asm.ByteVector::put12 (64 bytes)
Event: 0.725 Thread 0x14ce5c00 nmethod 389 0x027a4d48 code [0x027a4e50, 0x027a4f7c]
Event: 0.726 Thread 0x14ce5c00  390             java.lang.String::lastIndexOf (13 bytes)
Event: 0.726 Thread 0x14ce5c00 nmethod 390 0x0273fa88 code [0x0273fb90, 0x0273fc2c]
Event: 0.727 Thread 0x14ce5c00  391             java.net.URL::getHost (5 bytes)
Event: 0.727 Thread 0x14ce5c00 nmethod 391 0x0273f8c8 code [0x0273f9c0, 0x0273fa40]
Event: 0.727 Thread 0x14ce5c00  392             java.lang.Character::toUpperCase (6 bytes)
Event: 0.727 Thread 0x14ce5c00 nmethod 392 0x0273f688 code [0x0273f790, 0x0273f838]
Event: 0.727 Thread 0x14ce5c00  393             java.lang.invoke.MemberName::getDeclaringClass (5 bytes)
Event: 0.727 Thread 0x14ce5c00 nmethod 393 0x0273f4c8 code [0x0273f5c0, 0x0273f640]

GC Heap History (10 events):
Event: 0.671 GC heap before
{Heap before GC invocations=5 (full 0):
 def new generation   total 4928K, used 4430K [0x04800000, 0x04d50000, 0x09d50000)
  eden space 4416K, 100% used [0x04800000, 0x04c50000, 0x04c50000)
  from space 512K,   2% used [0x04cd0000, 0x04cd39d8, 0x04d50000)
  to   space 512K,   0% used [0x04c50000, 0x04c50000, 0x04cd0000)
 tenured generation   total 10944K, used 9213K [0x09d50000, 0x0a800000, 0x14800000)
   the space 10944K,  84% used [0x09d50000, 0x0a64f660, 0x0a64f800, 0x0a800000)
 Metaspace       used 8419K, capacity 8646K, committed 8704K, reserved 9600K
Event: 0.672 GC heap after
Heap after GC invocations=6 (full 0):
 def new generation   total 4928K, used 14K [0x04800000, 0x04d50000, 0x09d50000)
  eden space 4416K,   0% used [0x04800000, 0x04800000, 0x04c50000)
  from space 512K,   2% used [0x04c50000, 0x04c539b0, 0x04cd0000)
  to   space 512K,   0% used [0x04cd0000, 0x04cd0000, 0x04d50000)
 tenured generation   total 10944K, used 9213K [0x09d50000, 0x0a800000, 0x14800000)
   the space 10944K,  84% used [0x09d50000, 0x0a64f660, 0x0a64f800, 0x0a800000)
 Metaspace       used 8419K, capacity 8646K, committed 8704K, reserved 9600K
}
Event: 0.684 GC heap before
{Heap before GC invocations=6 (full 0):
 def new generation   total 4928K, used 4430K [0x04800000, 0x04d50000, 0x09d50000)
  eden space 4416K, 100% used [0x04800000, 0x04c50000, 0x04c50000)
  from space 512K,   2% used [0x04c50000, 0x04c539b0, 0x04cd0000)
  to   space 512K,   0% used [0x04cd0000, 0x04cd0000, 0x04d50000)
 tenured generation   total 10944K, used 9213K [0x09d50000, 0x0a800000, 0x14800000)
   the space 10944K,  84% used [0x09d50000, 0x0a64f660, 0x0a64f800, 0x0a800000)
 Metaspace       used 8419K, capacity 8646K, committed 8704K, reserved 9600K
Event: 0.684 GC heap after
Heap after GC invocations=7 (full 0):
 def new generation   total 4928K, used 14K [0x04800000, 0x04d50000, 0x09d50000)
  eden space 4416K,   0% used [0x04800000, 0x04800000, 0x04c50000)
  from space 512K,   2% used [0x04cd0000, 0x04cd3b88, 0x04d50000)
  to   space 512K,   0% used [0x04c50000, 0x04c50000, 0x04cd0000)
 tenured generation   total 10944K, used 9213K [0x09d50000, 0x0a800000, 0x14800000)
   the space 10944K,  84% used [0x09d50000, 0x0a64f660, 0x0a64f800, 0x0a800000)
 Metaspace       used 8419K, capacity 8646K, committed 8704K, reserved 9600K
}
Event: 0.697 GC heap before
{Heap before GC invocations=7 (full 0):
 def new generation   total 4928K, used 4430K [0x04800000, 0x04d50000, 0x09d50000)
  eden space 4416K, 100% used [0x04800000, 0x04c50000, 0x04c50000)
  from space 512K,   2% used [0x04cd0000, 0x04cd3b88, 0x04d50000)
  to   space 512K,   0% used [0x04c50000, 0x04c50000, 0x04cd0000)
 tenured generation   total 10944K, used 9213K [0x09d50000, 0x0a800000, 0x14800000)
   the space 10944K,  84% used [0x09d50000, 0x0a64f660, 0x0a64f800, 0x0a800000)
 Metaspace       used 8419K, capacity 8646K, committed 8704K, reserved 9600K
Event: 0.697 GC heap after
Heap after GC invocations=8 (full 0):
 def new generation   total 4928K, used 15K [0x04800000, 0x04d50000, 0x09d50000)
  eden space 4416K,   0% used [0x04800000, 0x04800000, 0x04c50000)
  from space 512K,   2% used [0x04c50000, 0x04c53c88, 0x04cd0000)
  to   space 512K,   0% used [0x04cd0000, 0x04cd0000, 0x04d50000)
 tenured generation   total 10944K, used 9213K [0x09d50000, 0x0a800000, 0x14800000)
   the space 10944K,  84% used [0x09d50000, 0x0a64f660, 0x0a64f800, 0x0a800000)
 Metaspace       used 8419K, capacity 8646K, committed 8704K, reserved 9600K
}
Event: 0.709 GC heap before
{Heap before GC invocations=8 (full 0):
 def new generation   total 4928K, used 4431K [0x04800000, 0x04d50000, 0x09d50000)
  eden space 4416K, 100% used [0x04800000, 0x04c50000, 0x04c50000)
  from space 512K,   2% used [0x04c50000, 0x04c53c88, 0x04cd0000)
  to   space 512K,   0% used [0x04cd0000, 0x04cd0000, 0x04d50000)
 tenured generation   total 10944K, used 9213K [0x09d50000, 0x0a800000, 0x14800000)
   the space 10944K,  84% used [0x09d50000, 0x0a64f660, 0x0a64f800, 0x0a800000)
 Metaspace       used 8419K, capacity 8646K, committed 8704K, reserved 9600K
Event: 0.710 GC heap after
Heap after GC invocations=9 (full 0):
 def new generation   total 4928K, used 16K [0x04800000, 0x04d50000, 0x09d50000)
  eden space 4416K,   0% used [0x04800000, 0x04800000, 0x04c50000)
  from space 512K,   3% used [0x04cd0000, 0x04cd4068, 0x04d50000)
  to   space 512K,   0% used [0x04c50000, 0x04c50000, 0x04cd0000)
 tenured generation   total 10944K, used 9213K [0x09d50000, 0x0a800000, 0x14800000)
   the space 10944K,  84% used [0x09d50000, 0x0a64f660, 0x0a64f800, 0x0a800000)
 Metaspace       used 8419K, capacity 8646K, committed 8704K, reserved 9600K
}
Event: 0.723 GC heap before
{Heap before GC invocations=9 (full 0):
 def new generation   total 4928K, used 4432K [0x04800000, 0x04d50000, 0x09d50000)
  eden space 4416K, 100% used [0x04800000, 0x04c50000, 0x04c50000)
  from space 512K,   3% used [0x04cd0000, 0x04cd4068, 0x04d50000)
  to   space 512K,   0% used [0x04c50000, 0x04c50000, 0x04cd0000)
 tenured generation   total 10944K, used 9213K [0x09d50000, 0x0a800000, 0x14800000)
   the space 10944K,  84% used [0x09d50000, 0x0a64f660, 0x0a64f800, 0x0a800000)
 Metaspace       used 8419K, capacity 8646K, committed 8704K, reserved 9600K
Event: 0.724 GC heap after
Heap after GC invocations=10 (full 0):
 def new generation   total 4928K, used 5K [0x04800000, 0x04d50000, 0x09d50000)
  eden space 4416K,   0% used [0x04800000, 0x04800000, 0x04c50000)
  from space 512K,   1% used [0x04c50000, 0x04c51770, 0x04cd0000)
  to   space 512K,   0% used [0x04cd0000, 0x04cd0000, 0x04d50000)
 tenured generation   total 10944K, used 9213K [0x09d50000, 0x0a800000, 0x14800000)
   the space 10944K,  84% used [0x09d50000, 0x0a64f660, 0x0a64f800, 0x0a800000)
 Metaspace       used 8419K, capacity 8646K, committed 8704K, reserved 9600K
}

Deoptimization events (0 events):
No events

Classes redefined (0 events):
No events

Internal exceptions (10 events):
Event: 0.104 Thread 0x00bddc00 Exception <a 'java/io/FileNotFoundException'> (0x0492bcd0) thrown at [C:\workspace\8-2-build-windows-i586-cygwin\jdk8u181\11358\hotspot\src\share\vm\prims\jni.cpp, line 709]
Event: 0.126 Thread 0x00bddc00 Exception <a 'java/lang/NoSuchFieldError': method resolution failed> (0x049e9a68) thrown at [C:\workspace\8-2-build-windows-i586-cygwin\jdk8u181\11358\hotspot\src\share\vm\prims\methodHandles.cpp, line 1167]
Event: 0.127 Thread 0x00bddc00 Exception <a 'java/lang/NoSuchFieldError': method resolution failed> (0x049f5c08) thrown at [C:\workspace\8-2-build-windows-i586-cygwin\jdk8u181\11358\hotspot\src\share\vm\prims\methodHandles.cpp, line 1167]
Event: 0.179 Thread 0x14e50400 Exception <a 'java/io/FileNotFoundException'> (0x04b107f8) thrown at [C:\workspace\8-2-build-windows-i586-cygwin\jdk8u181\11358\hotspot\src\share\vm\prims\jni.cpp, line 709]
Event: 0.493 Thread 0x14e50400 Exception <a 'java/io/FileNotFoundException'> (0x04affce0) thrown at [C:\workspace\8-2-build-windows-i586-cygwin\jdk8u181\11358\hotspot\src\share\vm\prims\jni.cpp, line 709]
Event: 0.493 Thread 0x14e50400 Exception <a 'java/lang/NullPointerException'> (0x04b002d0) thrown at [C:\workspace\8-2-build-windows-i586-cygwin\jdk8u181\11358\hotspot\src\share\vm\interpreter\linkResolver.cpp, line 1185]
Event: 0.527 Thread 0x14e50400 Exception <a 'java/io/FileNotFoundException'> (0x04b68418) thrown at [C:\workspace\8-2-build-windows-i586-cygwin\jdk8u181\11358\hotspot\src\share\vm\prims\jni.cpp, line 709]
Event: 0.624 Thread 0x14e50400 Exception <a 'java/io/FileNotFoundException'> (0x04845288) thrown at [C:\workspace\8-2-build-windows-i586-cygwin\jdk8u181\11358\hotspot\src\share\vm\prims\jni.cpp, line 709]
Event: 0.625 Thread 0x14e50400 Exception <a 'java/io/FileNotFoundException'> (0x0485a158) thrown at [C:\workspace\8-2-build-windows-i586-cygwin\jdk8u181\11358\hotspot\src\share\vm\prims\jni.cpp, line 709]
Event: 0.721 Thread 0x14e50400 Exception <a 'java/io/FileNotFoundException'> (0x04bbf278) thrown at [C:\workspace\8-2-build-windows-i586-cygwin\jdk8u181\11358\hotspot\src\share\vm\prims\jni.cpp, line 709]

Events (10 events):
Event: 0.728 loading class java/net/ResponseCache
Event: 0.728 loading class java/net/ResponseCache done
Event: 0.728 loading class sun/net/www/protocol/http/HttpURLConnection$7
Event: 0.728 loading class sun/net/www/protocol/http/HttpURLConnection$7 done
Event: 0.728 loading class sun/awt/image/BufferedImageGraphicsConfig
Event: 0.728 loading class sun/net/www/http/HttpClient
Event: 0.728 loading class sun/awt/image/BufferedImageGraphicsConfig done
Event: 0.728 loading class sun/print/PrinterGraphicsConfig
Event: 0.728 loading class sun/print/PrinterGraphicsConfig done
Event: 0.728 loading class sun/java2d/opengl/WGLGraphicsConfig


Dynamic libraries:
0x01220000 - 0x01253000 	D:\Program Files (x86)\Java\jre\bin\javaw.exe
0x77060000 - 0x771e0000 	C:\windows\SysWOW64\ntdll.dll
0x768e0000 - 0x769f0000 	C:\windows\syswow64\kernel32.dll
0x76370000 - 0x763b7000 	C:\windows\syswow64\KERNELBASE.dll
0x76250000 - 0x762f1000 	C:\windows\syswow64\ADVAPI32.dll
0x760d0000 - 0x7617c000 	C:\windows\syswow64\msvcrt.dll
0x74c00000 - 0x74c19000 	C:\windows\SysWOW64\sechost.dll
0x76440000 - 0x76530000 	C:\windows\syswow64\RPCRT4.dll
0x747d0000 - 0x74830000 	C:\windows\syswow64\SspiCli.dll
0x747c0000 - 0x747cc000 	C:\windows\syswow64\CRYPTBASE.dll
0x75200000 - 0x75300000 	C:\windows\syswow64\USER32.dll
0x76180000 - 0x76210000 	C:\windows\syswow64\GDI32.dll
0x76ad0000 - 0x76ada000 	C:\windows\syswow64\LPK.dll
0x74830000 - 0x748cd000 	C:\windows\syswow64\USP10.dll
0x704f0000 - 0x7068e000 	C:\windows\WinSxS\x86_microsoft.windows.common-controls_6595b64144ccf1df_6.0.7601.18837_none_41e855142bd5705d\COMCTL32.dll
0x769f0000 - 0x76a47000 	C:\windows\syswow64\SHLWAPI.dll
0x76a50000 - 0x76ab0000 	C:\windows\system32\IMM32.DLL
0x76810000 - 0x768dd000 	C:\windows\syswow64\MSCTF.dll
0x74580000 - 0x745ab000 	C:\windows\SysWOW64\nvinit.dll
0x746f0000 - 0x746f9000 	C:\windows\system32\VERSION.dll
0x69ac0000 - 0x69ac6000 	C:\Program Files (x86)\NVIDIA Corporation\CoProcManager\detoured.dll
0x69a90000 - 0x69aba000 	C:\Program Files (x86)\NVIDIA Corporation\CoProcManager\nvd3d9wrap.dll
0x76660000 - 0x767fd000 	C:\windows\syswow64\SETUPAPI.dll
0x76220000 - 0x76247000 	C:\windows\syswow64\CFGMGR32.dll
0x765c0000 - 0x76651000 	C:\windows\syswow64\OLEAUT32.dll
0x74cb0000 - 0x74e0d000 	C:\windows\syswow64\ole32.dll
0x76ab0000 - 0x76ac2000 	C:\windows\syswow64\DEVOBJ.dll
0x69a50000 - 0x69a6e000 	C:\Program Files (x86)\NVIDIA Corporation\CoProcManager\nvdxgiwrap.dll
0x66d00000 - 0x66dbf000 	D:\Program Files (x86)\Java\jre\bin\msvcr100.dll
0x651e0000 - 0x655b3000 	D:\Program Files (x86)\Java\jre\bin\client\jvm.dll
0x69110000 - 0x69117000 	C:\windows\system32\WSOCK32.dll
0x748d0000 - 0x74905000 	C:\windows\syswow64\WS2_32.dll
0x74ba0000 - 0x74ba6000 	C:\windows\syswow64\NSI.dll
0x702f0000 - 0x70322000 	C:\windows\system32\WINMM.dll
0x76210000 - 0x76215000 	C:\windows\syswow64\PSAPI.DLL
0x72ab0000 - 0x72abc000 	D:\Program Files (x86)\Java\jre\bin\verify.dll
0x71ac0000 - 0x71ae2000 	D:\Program Files (x86)\Java\jre\bin\java.dll
0x71aa0000 - 0x71ab4000 	D:\Program Files (x86)\Java\jre\bin\zip.dll
0x75300000 - 0x75f4c000 	C:\windows\syswow64\SHELL32.dll
0x74910000 - 0x7491b000 	C:\windows\syswow64\profapi.dll
0x66bb0000 - 0x66cf7000 	D:\Program Files (x86)\Java\jre\bin\awt.dll
0x68c60000 - 0x68ce0000 	C:\windows\system32\uxtheme.dll
0x70770000 - 0x70783000 	C:\windows\system32\dwmapi.dll
0x71a80000 - 0x71a95000 	D:\Program Files (x86)\Java\jre\bin\net.dll
0x73a40000 - 0x73a7c000 	C:\windows\system32\mswsock.dll
0x6b570000 - 0x6b576000 	C:\windows\System32\wship6.dll
0x73a30000 - 0x73a35000 	C:\windows\System32\wshtcpip.dll
0x71930000 - 0x71974000 	C:\windows\system32\DNSAPI.dll
0x718f0000 - 0x71911000 	C:\Program Files (x86)\Bonjour\mdnsNSP.dll
0x743b0000 - 0x743cc000 	C:\windows\system32\Iphlpapi.DLL
0x743a0000 - 0x743a7000 	C:\windows\system32\WINNSI.DLL
0x719c0000 - 0x719c6000 	C:\windows\system32\rasadhlp.dll
0x6b530000 - 0x6b568000 	C:\windows\System32\fwpuclnt.dll
0x66ae0000 - 0x66ba8000 	C:\windows\system32\opengl32.dll
0x71750000 - 0x71772000 	C:\windows\system32\GLU32.dll
0x650f0000 - 0x651d7000 	C:\windows\system32\DDRAW.dll
0x72aa0000 - 0x72aa6000 	C:\windows\system32\DCIMAN32.dll
0x67130000 - 0x67156000 	D:\Program Files (x86)\Java\jre\bin\jpeg.dll
0x66aa0000 - 0x66ad9000 	D:\Program Files (x86)\Java\jre\bin\fontmanager.dll
0x00b60000 - 0x00b72000 	D:\Program Files (x86)\Java\jre\bin\rxtxSerial.dll
0x6c240000 - 0x6c267000 	C:\windows\system32\crtdll.dll
0x6b580000 - 0x6b5cc000 	C:\windows\system32\apphelp.dll
0x73aa0000 - 0x73b8b000 	C:\windows\system32\dbghelp.dll

VM Arguments:
jvm_args: -Dfile.encoding=GBK 
java_command: com.js.jhjs.MainClass
java_class_path (initial): F:\java2017proj\mainCanteen\bin;E:\opensource\gson-2.8.5.jar;E:\opensource\mysql-connector-java-5.1.39\mysql-connector-java-5.1.39\mysql-connector-java-5.1.39-bin.jar;E:\opensource\jna-3.2.5.jar\jna-3.2.5.jar;E:\opensource\rxtx-2.1-7-bins-r2\RXTXcomm.jar;E:\opensource\httpcomponents-client-4.5.6-bin\httpcomponents-client-4.5.6\lib\commons-codec-1.10.jar;E:\opensource\httpcomponents-client-4.5.6-bin\httpcomponents-client-4.5.6\lib\commons-logging-1.2.jar;E:\opensource\httpcomponents-client-4.5.6-bin\httpcomponents-client-4.5.6\lib\fluent-hc-4.5.6.jar;E:\opensource\httpcomponents-client-4.5.6-bin\httpcomponents-client-4.5.6\lib\httpclient-4.5.6.jar;E:\opensource\httpcomponents-client-4.5.6-bin\httpcomponents-client-4.5.6\lib\httpclient-cache-4.5.6.jar;E:\opensource\httpcomponents-client-4.5.6-bin\httpcomponents-client-4.5.6\lib\httpclient-win-4.5.6.jar;E:\opensource\httpcomponents-client-4.5.6-bin\httpcomponents-client-4.5.6\lib\httpcore-4.4.10.jar;E:\opensource\httpcomponents-client-4.5.6-bin\httpcomponents-client-4.5.6\lib\httpmime-4.5.6.jar;E:\opensource\httpcomponents-client-4.5.6-bin\httpcomponents-client-4.5.6\lib\jna-4.4.0.jar;E:\opensource\httpcomponents-client-4.5.6-bin\httpcomponents-client-4.5.6\lib\jna-platform-4.4.0.jar;E:\opensource\mybatis-3.4.6\mybatis-3.4.6.jar
Launcher Type: SUN_STANDARD

Environment Variables:
JAVA_HOME=D:\Program Files\Java\jdk1.8
CLASSPATH=.;D:\Program Files\Java\jdk1.8\lib\dt.jar;D:\Program Files\Java\jdk1.8\lib\tools.jar;
PATH=C:\Program Files (x86)\Common Files\Oracle\Java\javapath;G:\sdk\tools\lib\monitor-x86_64\jre\bin\javaw.exe;C:\Windows\System32;F:\soui\bin;D:\CTEX\CTeX\ty\bin;D:\CTEX\Ghostscript\gs9.05\bin;D:\CTEX\GSview\gsview;D:\CTEX\WinEdt;D:\Python35;D:\Python35\Scripts;D:\Program Files\Git\cmd;C:\Program Files (x86)\Common Files\Thunder Network\KanKan\Codecs;C:\Users\bonjava\AppData\Local\GitHubDesktop\bin
USERNAME=Administrator
OS=Windows_NT
PROCESSOR_IDENTIFIER=Intel64 Family 6 Model 60 Stepping 3, GenuineIntel



---------------  S Y S T E M  ---------------

OS: Windows 7 , 64 bit Build 7601 (6.1.7601.24214)

CPU:total 8 (initial active 8) (4 cores per cpu, 2 threads per core) family 6 model 60 stepping 3, cmov, cx8, fxsr, mmx, sse, sse2, sse3, ssse3, sse4.1, sse4.2, popcnt, avx, avx2, aes, clmul, erms, lzcnt, ht, tsc, tscinvbit, bmi1, bmi2

Memory: 4k page, physical 16663584k(11817160k free), swap 17710260k(12535904k free)

vm_info: Java HotSpot(TM) Client VM (25.181-b13) for windows-x86 JRE (1.8.0_181-b13), built on Jul  7 2018 03:18:20 by "java_re" with MS VC++ 10.0 (VS2010)

time: Wed Aug 29 09:02:53 2018
elapsed time: 0 seconds (0d 0h 0m 0s)

