#
# A fatal error has been detected by the Java Runtime Environment:
#
#  EXCEPTION_ACCESS_VIOLATION (0xc0000005) at pc=0x00362c2f, pid=8324, tid=0x00002f0c
#
# JRE version: Java(TM) SE Runtime Environment (8.0_181-b13) (build 1.8.0_181-b13)
# Java VM: Java HotSpot(TM) Client VM (25.181-b13 mixed mode windows-x86 )
# Problematic frame:
# C  [rxtxSerial.dll+0x2c2f]
#
# Failed to write core dump. Minidumps are not enabled by default on client versions of Windows
#
# If you would like to submit a bug report, please visit:
#   http://bugreport.java.com/bugreport/crash.jsp
# The crash happened outside the Java Virtual Machine in native code.
# See problematic frame for where to report the bug.
#

---------------  T H R E A D  ---------------

Current thread (0x153b4800):  JavaThread "Thread-6" [_thread_in_native, id=12044, stack(0x15cf0000,0x15d40000)]

siginfo: ExceptionCode=0xc0000005, reading address 0x000000bc

Registers:
EAX=0x00000000, EBX=0x6157b910, ECX=0x00000000, EDX=0x0067b0a8
ESP=0x15d3f550, EBP=0x15d3f568, ESI=0x169cd448, EDI=0x153b4800
EIP=0x00362c2f, EFLAGS=0x00010202

Top of Stack: (sp=0x15d3f550)
0x15d3f550:   169cc610 153b4800 15d3f5f0 15d3f5ac
0x15d3f560:   0067b0a8 00000000 15d3f618 003630c0
0x15d3f570:   1544c050 00db7b90 169cced8 169cc610
0x15d3f580:   153b4800 0000000b 0000001d 00000002
0x15d3f590:   15d3f5c4 614a7273 153b4800 e365aa0e
0x15d3f5a0:   00000000 153b4800 00000000 15d3f59c
0x15d3f5b0:   00000000 00000000 00000000 00000000
0x15d3f5c0:   fffffffe 00000022 ffffffff 1544c050 

Instructions: (pc=0x00362c2f)
0x00362c0f:   d0 36 00 00 75 17 8b 45 f8 c7 80 c0 00 00 00 00
0x00362c1f:   00 00 00 8b 45 f8 a3 00 d0 36 00 eb 78 8b 45 fc
0x00362c2f:   83 b8 bc 00 00 00 00 75 04 eb 12 89 f6 8b 45 fc
0x00362c3f:   8b 90 bc 00 00 00 89 55 fc eb e2 89 f6 8b 45 f8 


Register to memory mapping:

EAX=0x00000000 is an unknown value
EBX=0x6157b910 is an unknown value
ECX=0x00000000 is an unknown value
EDX=0x0067b0a8 is an unknown value
ESP=0x15d3f550 is pointing into the stack for thread: 0x153b4800
EBP=0x15d3f568 is pointing into the stack for thread: 0x153b4800
ESI=0x169cd448 is pointing into metadata
EDI=0x153b4800 is a thread


Stack: [0x15cf0000,0x15d40000],  sp=0x15d3f550,  free space=317k
Native frames: (J=compiled Java code, j=interpreted, Vv=VM code, C=native code)
C  [rxtxSerial.dll+0x2c2f]
C  [rxtxSerial.dll+0x30c0]
C  [rxtxSerial.dll+0x6988]
j  gnu.io.RXTXPort.open(Ljava/lang/String;)I+0
j  gnu.io.RXTXPort.<init>(Ljava/lang/String;)V+114
j  gnu.io.RXTXCommDriver.getCommPort(Ljava/lang/String;I)Lgnu/io/CommPort;+78
j  gnu.io.CommPortIdentifier.open(Ljava/lang/String;I)Lgnu/io/CommPort;+80
j  com.js.jhjs.wmFrame$SerialTools.openSerialPort(Lgnu/io/CommPortIdentifier;I)Z+5
j  com.js.jhjs.wmFrame.lambda$1(Lcom/js/jhjs/wmFrame$SerialTools;Lgnu/io/CommPortIdentifier;)V+4
j  com.js.jhjs.wmFrame$$Lambda$29.run()V+8
j  java.lang.Thread.run()V+11
v  ~StubRoutines::call_stub
V  [jvm.dll+0x15c065]
V  [jvm.dll+0x223ade]
V  [jvm.dll+0x15c0fe]
V  [jvm.dll+0x15c286]
V  [jvm.dll+0x15c2f7]
V  [jvm.dll+0x10016f]
V  [jvm.dll+0x17f280]
V  [jvm.dll+0x17fafa]
V  [jvm.dll+0x1c5416]
C  [msvcr100.dll+0x5c556]
C  [msvcr100.dll+0x5c600]
C  [kernel32.dll+0x1343d]
C  [ntdll.dll+0x39832]
C  [ntdll.dll+0x39805]
C  0x00000000

Java frames: (J=compiled Java code, j=interpreted, Vv=VM code)
j  gnu.io.RXTXPort.open(Ljava/lang/String;)I+0
j  gnu.io.RXTXPort.<init>(Ljava/lang/String;)V+114
j  gnu.io.RXTXCommDriver.getCommPort(Ljava/lang/String;I)Lgnu/io/CommPort;+78
j  gnu.io.CommPortIdentifier.open(Ljava/lang/String;I)Lgnu/io/CommPort;+80
j  com.js.jhjs.wmFrame$SerialTools.openSerialPort(Lgnu/io/CommPortIdentifier;I)Z+5
j  com.js.jhjs.wmFrame.lambda$1(Lcom/js/jhjs/wmFrame$SerialTools;Lgnu/io/CommPortIdentifier;)V+4
j  com.js.jhjs.wmFrame$$Lambda$29.run()V+8
j  java.lang.Thread.run()V+11
v  ~StubRoutines::call_stub

---------------  P R O C E S S  ---------------

Java Threads: ( => current thread )
  0x15410000 JavaThread "Thread-7" [_thread_in_native, id=13252, stack(0x15e70000,0x15ec0000)]
  0x1540f800 JavaThread "Thread-4" [_thread_in_native, id=11544, stack(0x15f80000,0x15fd0000)]
  0x153b4c00 JavaThread "Thread-3" [_thread_in_native, id=12276, stack(0x15bc0000,0x15c10000)]
=>0x153b4800 JavaThread "Thread-6" [_thread_in_native, id=12044, stack(0x15cf0000,0x15d40000)]
  0x1537ac00 JavaThread "Thread-1" [_thread_in_native, id=11796, stack(0x16970000,0x169c0000)]
  0x15396c00 JavaThread "Image Fetcher 0" daemon [_thread_blocked, id=11696, stack(0x15b00000,0x15b50000)]
  0x15188c00 JavaThread "Abandoned connection cleanup thread" daemon [_thread_blocked, id=10588, stack(0x15860000,0x158b0000)]
  0x00c3dc00 JavaThread "DestroyJavaVM" [_thread_blocked, id=13996, stack(0x00b70000,0x00bc0000)]
  0x1511dc00 JavaThread "AWT-EventQueue-0" [_thread_in_native, id=10984, stack(0x15b70000,0x15bc0000)]
  0x1511bc00 JavaThread "AWT-Windows" daemon [_thread_in_native, id=13972, stack(0x156a0000,0x156f0000)]
  0x1511b400 JavaThread "AWT-Shutdown" [_thread_blocked, id=3084, stack(0x15710000,0x15760000)]
  0x14e3fc00 JavaThread "Java2D Disposer" daemon [_thread_blocked, id=13668, stack(0x14ba0000,0x14bf0000)]
  0x14cf1400 JavaThread "Service Thread" daemon [_thread_blocked, id=12716, stack(0x150a0000,0x150f0000)]
  0x14cc1c00 JavaThread "C1 CompilerThread0" daemon [_thread_blocked, id=11140, stack(0x14ec0000,0x14f10000)]
  0x14cc1000 JavaThread "Attach Listener" daemon [_thread_blocked, id=7196, stack(0x14f80000,0x14fd0000)]
  0x14cbe000 JavaThread "Signal Dispatcher" daemon [_thread_blocked, id=9952, stack(0x14e40000,0x14e90000)]
  0x00e52c00 JavaThread "Finalizer" daemon [_thread_blocked, id=11300, stack(0x14a70000,0x14ac0000)]
  0x00e4cc00 JavaThread "Reference Handler" daemon [_thread_blocked, id=12208, stack(0x14ae0000,0x14b30000)]

Other Threads:
  0x00e45800 VMThread [stack: 0x04590000,0x045e0000] [id=11192]
  0x14d03c00 WatcherThread [stack: 0x15010000,0x15060000] [id=11484]

VM state:not at safepoint (normal execution)

VM Mutex/Monitor currently owned by a thread: None

Heap:
 def new generation   total 4928K, used 1707K [0x04600000, 0x04b50000, 0x09b50000)
  eden space 4416K,  29% used [0x04600000, 0x04743508, 0x04a50000)
  from space 512K,  80% used [0x04a50000, 0x04ab78e8, 0x04ad0000)
  to   space 512K,   0% used [0x04ad0000, 0x04ad0000, 0x04b50000)
 tenured generation   total 16068K, used 14063K [0x09b50000, 0x0ab01000, 0x14600000)
   the space 16068K,  87% used [0x09b50000, 0x0a90bc60, 0x0a90be00, 0x0ab01000)
 Metaspace       used 8855K, capacity 9102K, committed 9216K, reserved 9600K

Card table byte_map: [0x00ee0000,0x00f70000] byte_map_base: 0x00ebd000

Polling page: 0x00160000

CodeCache: size=32768Kb used=1032Kb max_used=1032Kb free=31735Kb
 bounds [0x024c0000, 0x025c8000, 0x044c0000]
 total_blobs=495 nmethods=255 adapters=171
 compilation: enabled

Compilation events (10 events):
Event: 0.582 Thread 0x14cc1c00  243             java.net.URL::getHost (5 bytes)
Event: 0.582 Thread 0x14cc1c00 nmethod 243 0x025bde88 code [0x025bdf80, 0x025be000]
Event: 0.583 Thread 0x14cc1c00  244             jdk.internal.org.objectweb.asm.ByteVector::put12 (64 bytes)
Event: 0.583 Thread 0x14cc1c00 nmethod 244 0x025be048 code [0x025be150, 0x025be27c]
Event: 0.589 Thread 0x14cc1c00  245             java.lang.Character::toUpperCase (6 bytes)
Event: 0.590 Thread 0x14cc1c00 nmethod 245 0x025be3c8 code [0x025be4d0, 0x025be578]
Event: 0.590 Thread 0x14cc1c00  246  s          sun.java2d.loops.GraphicsPrimitive::makeUniqueID (26 bytes)
Event: 0.590 Thread 0x14cc1c00 nmethod 246 0x025be608 code [0x025be700, 0x025be8e0]
Event: 0.590 Thread 0x14cc1c00  247             sun.java2d.loops.CompositeType::getUniqueID (5 bytes)
Event: 0.590 Thread 0x14cc1c00 nmethod 247 0x025be9c8 code [0x025beac0, 0x025beb40]

GC Heap History (8 events):
Event: 0.242 GC heap before
{Heap before GC invocations=0 (full 0):
 def new generation   total 4928K, used 4416K [0x04600000, 0x04b50000, 0x09b50000)
  eden space 4416K, 100% used [0x04600000, 0x04a50000, 0x04a50000)
  from space 512K,   0% used [0x04a50000, 0x04a50000, 0x04ad0000)
  to   space 512K,   0% used [0x04ad0000, 0x04ad0000, 0x04b50000)
 tenured generation   total 10944K, used 0K [0x09b50000, 0x0a600000, 0x14600000)
   the space 10944K,   0% used [0x09b50000, 0x09b50000, 0x09b50200, 0x0a600000)
 Metaspace       used 4365K, capacity 4519K, committed 4608K, reserved 5504K
Event: 0.246 GC heap after
Heap after GC invocations=1 (full 0):
 def new generation   total 4928K, used 512K [0x04600000, 0x04b50000, 0x09b50000)
  eden space 4416K,   0% used [0x04600000, 0x04600000, 0x04a50000)
  from space 512K, 100% used [0x04ad0000, 0x04b50000, 0x04b50000)
  to   space 512K,   0% used [0x04a50000, 0x04a50000, 0x04ad0000)
 tenured generation   total 10944K, used 959K [0x09b50000, 0x0a600000, 0x14600000)
   the space 10944K,   8% used [0x09b50000, 0x09c3fd70, 0x09c3fe00, 0x0a600000)
 Metaspace       used 4365K, capacity 4519K, committed 4608K, reserved 5504K
}
Event: 0.339 GC heap before
{Heap before GC invocations=1 (full 0):
 def new generation   total 4928K, used 4928K [0x04600000, 0x04b50000, 0x09b50000)
  eden space 4416K, 100% used [0x04600000, 0x04a50000, 0x04a50000)
  from space 512K, 100% used [0x04ad0000, 0x04b50000, 0x04b50000)
  to   space 512K,   0% used [0x04a50000, 0x04a50000, 0x04ad0000)
 tenured generation   total 10944K, used 959K [0x09b50000, 0x0a600000, 0x14600000)
   the space 10944K,   8% used [0x09b50000, 0x09c3fd70, 0x09c3fe00, 0x0a600000)
 Metaspace       used 5857K, capacity 6057K, committed 6144K, reserved 6528K
Event: 0.343 GC heap after
Heap after GC invocations=2 (full 0):
 def new generation   total 4928K, used 512K [0x04600000, 0x04b50000, 0x09b50000)
  eden space 4416K,   0% used [0x04600000, 0x04600000, 0x04a50000)
  from space 512K, 100% used [0x04a50000, 0x04ad0000, 0x04ad0000)
  to   space 512K,   0% used [0x04ad0000, 0x04ad0000, 0x04b50000)
 tenured generation   total 10944K, used 2569K [0x09b50000, 0x0a600000, 0x14600000)
   the space 10944K,  23% used [0x09b50000, 0x09dd2648, 0x09dd2800, 0x0a600000)
 Metaspace       used 5857K, capacity 6057K, committed 6144K, reserved 6528K
}
Event: 0.489 GC heap before
{Heap before GC invocations=2 (full 0):
 def new generation   total 4928K, used 4923K [0x04600000, 0x04b50000, 0x09b50000)
  eden space 4416K,  99% used [0x04600000, 0x04a4ef60, 0x04a50000)
  from space 512K, 100% used [0x04a50000, 0x04ad0000, 0x04ad0000)
  to   space 512K,   0% used [0x04ad0000, 0x04ad0000, 0x04b50000)
 tenured generation   total 10944K, used 7689K [0x09b50000, 0x0a600000, 0x14600000)
   the space 10944K,  70% used [0x09b50000, 0x0a2d2658, 0x0a2d2800, 0x0a600000)
 Metaspace       used 7446K, capacity 7636K, committed 7680K, reserved 8576K
Event: 0.491 GC heap after
Heap after GC invocations=3 (full 0):
 def new generation   total 4928K, used 512K [0x04600000, 0x04b50000, 0x09b50000)
  eden space 4416K,   0% used [0x04600000, 0x04600000, 0x04a50000)
  from space 512K, 100% used [0x04ad0000, 0x04b50000, 0x04b50000)
  to   space 512K,   0% used [0x04a50000, 0x04a50000, 0x04ad0000)
 tenured generation   total 10944K, used 8445K [0x09b50000, 0x0a600000, 0x14600000)
   the space 10944K,  77% used [0x09b50000, 0x0a38f7a8, 0x0a38f800, 0x0a600000)
 Metaspace       used 7446K, capacity 7636K, committed 7680K, reserved 8576K
}
Event: 0.585 GC heap before
{Heap before GC invocations=3 (full 0):
 def new generation   total 4928K, used 4569K [0x04600000, 0x04b50000, 0x09b50000)
  eden space 4416K,  91% used [0x04600000, 0x049f6738, 0x04a50000)
  from space 512K, 100% used [0x04ad0000, 0x04b50000, 0x04b50000)
  to   space 512K,   0% used [0x04a50000, 0x04a50000, 0x04ad0000)
 tenured generation   total 16068K, used 13565K [0x09b50000, 0x0ab01000, 0x14600000)
   the space 16068K,  84% used [0x09b50000, 0x0a88f7b8, 0x0a88f800, 0x0ab01000)
 Metaspace       used 8530K, capacity 8782K, committed 8832K, reserved 9600K
Event: 0.589 GC heap after
Heap after GC invocations=4 (full 0):
 def new generation   total 4928K, used 414K [0x04600000, 0x04b50000, 0x09b50000)
  eden space 4416K,   0% used [0x04600000, 0x04600000, 0x04a50000)
  from space 512K,  80% used [0x04a50000, 0x04ab78e8, 0x04ad0000)
  to   space 512K,   0% used [0x04ad0000, 0x04ad0000, 0x04b50000)
 tenured generation   total 16068K, used 14063K [0x09b50000, 0x0ab01000, 0x14600000)
   the space 16068K,  87% used [0x09b50000, 0x0a90bc60, 0x0a90be00, 0x0ab01000)
 Metaspace       used 8530K, capacity 8782K, committed 8832K, reserved 9600K
}

Deoptimization events (0 events):
No events

Classes redefined (0 events):
No events

Internal exceptions (10 events):
Event: 0.116 Thread 0x00c3dc00 Exception <a 'java/io/FileNotFoundException'> (0x0472bcd0) thrown at [C:\workspace\8-2-build-windows-i586-cygwin\jdk8u181\11358\hotspot\src\share\vm\prims\jni.cpp, line 709]
Event: 0.141 Thread 0x00c3dc00 Exception <a 'java/lang/NoSuchFieldError': method resolution failed> (0x047e9a68) thrown at [C:\workspace\8-2-build-windows-i586-cygwin\jdk8u181\11358\hotspot\src\share\vm\prims\methodHandles.cpp, line 1167]
Event: 0.142 Thread 0x00c3dc00 Exception <a 'java/lang/NoSuchFieldError': method resolution failed> (0x047f5c08) thrown at [C:\workspace\8-2-build-windows-i586-cygwin\jdk8u181\11358\hotspot\src\share\vm\prims\methodHandles.cpp, line 1167]
Event: 0.198 Thread 0x1511dc00 Exception <a 'java/io/FileNotFoundException'> (0x04911f88) thrown at [C:\workspace\8-2-build-windows-i586-cygwin\jdk8u181\11358\hotspot\src\share\vm\prims\jni.cpp, line 709]
Event: 0.518 Thread 0x1511dc00 Exception <a 'java/io/FileNotFoundException'> (0x048ff810) thrown at [C:\workspace\8-2-build-windows-i586-cygwin\jdk8u181\11358\hotspot\src\share\vm\prims\jni.cpp, line 709]
Event: 0.518 Thread 0x1511dc00 Exception <a 'java/lang/NullPointerException'> (0x048ffe00) thrown at [C:\workspace\8-2-build-windows-i586-cygwin\jdk8u181\11358\hotspot\src\share\vm\interpreter\linkResolver.cpp, line 1185]
Event: 0.553 Thread 0x1511dc00 Exception <a 'java/io/FileNotFoundException'> (0x04967e80) thrown at [C:\workspace\8-2-build-windows-i586-cygwin\jdk8u181\11358\hotspot\src\share\vm\prims\jni.cpp, line 709]
Event: 0.565 Thread 0x1511dc00 Exception <a 'java/io/FileNotFoundException'> (0x0497c4e0) thrown at [C:\workspace\8-2-build-windows-i586-cygwin\jdk8u181\11358\hotspot\src\share\vm\prims\jni.cpp, line 709]
Event: 0.565 Thread 0x1511dc00 Exception <a 'java/io/FileNotFoundException'> (0x0498a840) thrown at [C:\workspace\8-2-build-windows-i586-cygwin\jdk8u181\11358\hotspot\src\share\vm\prims\jni.cpp, line 709]
Event: 0.577 Thread 0x1511dc00 Exception <a 'java/io/FileNotFoundException'> (0x0499e810) thrown at [C:\workspace\8-2-build-windows-i586-cygwin\jdk8u181\11358\hotspot\src\share\vm\prims\jni.cpp, line 709]

Events (10 events):
Event: 0.590 loading class java/net/URISyntaxException done
Event: 0.590 loading class sun/net/NetworkClient done
Event: 0.590 loading class java/lang/UnsatisfiedLinkError
Event: 0.590 loading class sun/net/www/http/HttpClient done
Event: 0.590 loading class java/lang/UnsatisfiedLinkError done
Event: 0.591 loading class com/sun/jna/Native$DeleteNativeLibrary
Event: 0.591 loading class com/sun/jna/Native$DeleteNativeLibrary done
Event: 0.591 loading class sun/net/NetworkClient$1
Event: 0.591 loading class sun/net/NetworkClient$1 done
Event: 0.591 loading class sun/net/www/http/KeepAliveCache


Dynamic libraries:
0x01080000 - 0x010b3000 	D:\Program Files (x86)\Java\jre\bin\javaw.exe
0x77b00000 - 0x77c80000 	C:\windows\SysWOW64\ntdll.dll
0x76fb0000 - 0x770c0000 	C:\windows\syswow64\kernel32.dll
0x76ac0000 - 0x76b07000 	C:\windows\syswow64\KERNELBASE.dll
0x76620000 - 0x766c1000 	C:\windows\syswow64\ADVAPI32.dll
0x77670000 - 0x7771c000 	C:\windows\syswow64\msvcrt.dll
0x76f90000 - 0x76fa9000 	C:\windows\SysWOW64\sechost.dll
0x772a0000 - 0x77390000 	C:\windows\syswow64\RPCRT4.dll
0x75270000 - 0x752d0000 	C:\windows\syswow64\SspiCli.dll
0x75260000 - 0x7526c000 	C:\windows\syswow64\CRYPTBASE.dll
0x774f0000 - 0x775f0000 	C:\windows\syswow64\USER32.dll
0x76c20000 - 0x76cb0000 	C:\windows\syswow64\GDI32.dll
0x760b0000 - 0x760ba000 	C:\windows\syswow64\LPK.dll
0x770e0000 - 0x7717d000 	C:\windows\syswow64\USP10.dll
0x70f90000 - 0x7112e000 	C:\windows\WinSxS\x86_microsoft.windows.common-controls_6595b64144ccf1df_6.0.7601.18837_none_41e855142bd5705d\COMCTL32.dll
0x76050000 - 0x760a7000 	C:\windows\syswow64\SHLWAPI.dll
0x760c0000 - 0x76120000 	C:\windows\system32\IMM32.DLL
0x76120000 - 0x761ed000 	C:\windows\syswow64\MSCTF.dll
0x75020000 - 0x7504b000 	C:\windows\SysWOW64\nvinit.dll
0x75190000 - 0x75199000 	C:\windows\system32\VERSION.dll
0x71d50000 - 0x71d56000 	C:\Program Files (x86)\NVIDIA Corporation\CoProcManager\detoured.dll
0x70de0000 - 0x70e0a000 	C:\Program Files (x86)\NVIDIA Corporation\CoProcManager\nvd3d9wrap.dll
0x766d0000 - 0x7686d000 	C:\windows\syswow64\SETUPAPI.dll
0x77640000 - 0x77667000 	C:\windows\syswow64\CFGMGR32.dll
0x76d80000 - 0x76e11000 	C:\windows\syswow64\OLEAUT32.dll
0x77390000 - 0x774ed000 	C:\windows\syswow64\ole32.dll
0x76cb0000 - 0x76cc2000 	C:\windows\syswow64\DEVOBJ.dll
0x68680000 - 0x6869e000 	C:\Program Files (x86)\NVIDIA Corporation\CoProcManager\nvdxgiwrap.dll
0x61880000 - 0x6193f000 	D:\Program Files (x86)\Java\jre\bin\msvcr100.dll
0x614a0000 - 0x61873000 	D:\Program Files (x86)\Java\jre\bin\client\jvm.dll
0x6a5d0000 - 0x6a5d7000 	C:\windows\system32\WSOCK32.dll
0x76b10000 - 0x76b45000 	C:\windows\syswow64\WS2_32.dll
0x76610000 - 0x76616000 	C:\windows\syswow64\NSI.dll
0x70d90000 - 0x70dc2000 	C:\windows\system32\WINMM.dll
0x76d60000 - 0x76d65000 	C:\windows\syswow64\PSAPI.DLL
0x65d10000 - 0x65d1c000 	D:\Program Files (x86)\Java\jre\bin\verify.dll
0x61470000 - 0x61492000 	D:\Program Files (x86)\Java\jre\bin\java.dll
0x61450000 - 0x61464000 	D:\Program Files (x86)\Java\jre\bin\zip.dll
0x752d0000 - 0x75f1c000 	C:\windows\syswow64\SHELL32.dll
0x77630000 - 0x7763b000 	C:\windows\syswow64\profapi.dll
0x61300000 - 0x61447000 	D:\Program Files (x86)\Java\jre\bin\awt.dll
0x68490000 - 0x68510000 	C:\windows\system32\uxtheme.dll
0x68470000 - 0x68483000 	C:\windows\system32\dwmapi.dll
0x612e0000 - 0x612f5000 	D:\Program Files (x86)\Java\jre\bin\net.dll
0x74a60000 - 0x74a9c000 	C:\windows\system32\mswsock.dll
0x6c010000 - 0x6c016000 	C:\windows\System32\wship6.dll
0x74b00000 - 0x74b05000 	C:\windows\System32\wshtcpip.dll
0x723d0000 - 0x72414000 	C:\windows\system32\DNSAPI.dll
0x72390000 - 0x723b1000 	C:\Program Files (x86)\Bonjour\mdnsNSP.dll
0x74e50000 - 0x74e6c000 	C:\windows\system32\Iphlpapi.DLL
0x74e40000 - 0x74e47000 	C:\windows\system32\WINNSI.DLL
0x72460000 - 0x72466000 	C:\windows\system32\rasadhlp.dll
0x6bfd0000 - 0x6c008000 	C:\windows\System32\fwpuclnt.dll
0x548e0000 - 0x549a8000 	C:\windows\system32\opengl32.dll
0x5a920000 - 0x5a942000 	C:\windows\system32\GLU32.dll
0x55560000 - 0x55647000 	C:\windows\system32\DDRAW.dll
0x66be0000 - 0x66be6000 	C:\windows\system32\DCIMAN32.dll
0x612b0000 - 0x612d6000 	D:\Program Files (x86)\Java\jre\bin\jpeg.dll
0x61270000 - 0x612a9000 	D:\Program Files (x86)\Java\jre\bin\fontmanager.dll
0x00360000 - 0x00372000 	D:\Program Files (x86)\Java\jre\bin\rxtxSerial.dll
0x6c240000 - 0x6c267000 	C:\windows\system32\crtdll.dll
0x6c050000 - 0x6c09c000 	C:\windows\system32\apphelp.dll
0x744f0000 - 0x745db000 	C:\windows\system32\dbghelp.dll
0x63f20000 - 0x63f2f000 	D:\Program Files (x86)\Java\jre\bin\nio.dll
0x74b30000 - 0x74b47000 	C:\windows\system32\CRYPTSP.dll
0x61230000 - 0x61262000 	D:\Program Files (x86)\Java\jre\bin\t2k.dll
0x74aa0000 - 0x74adb000 	C:\windows\system32\rsaenh.dll
0x770c0000 - 0x770d7000 	C:\windows\syswow64\USERENV.dll

VM Arguments:
jvm_args: -Dfile.encoding=GBK 
java_command: com.js.jhjs.MainClass
java_class_path (initial): F:\java2017proj\mainCanteen\bin;E:\opensource\gson-2.8.5.jar;E:\opensource\mysql-connector-java-5.1.39\mysql-connector-java-5.1.39\mysql-connector-java-5.1.39-bin.jar;E:\opensource\jna-3.2.5.jar\jna-3.2.5.jar;E:\opensource\rxtx-2.1-7-bins-r2\RXTXcomm.jar;E:\opensource\httpcomponents-client-4.5.6-bin\httpcomponents-client-4.5.6\lib\commons-codec-1.10.jar;E:\opensource\httpcomponents-client-4.5.6-bin\httpcomponents-client-4.5.6\lib\commons-logging-1.2.jar;E:\opensource\httpcomponents-client-4.5.6-bin\httpcomponents-client-4.5.6\lib\fluent-hc-4.5.6.jar;E:\opensource\httpcomponents-client-4.5.6-bin\httpcomponents-client-4.5.6\lib\httpclient-4.5.6.jar;E:\opensource\httpcomponents-client-4.5.6-bin\httpcomponents-client-4.5.6\lib\httpclient-cache-4.5.6.jar;E:\opensource\httpcomponents-client-4.5.6-bin\httpcomponents-client-4.5.6\lib\httpclient-win-4.5.6.jar;E:\opensource\httpcomponents-client-4.5.6-bin\httpcomponents-client-4.5.6\lib\httpcore-4.4.10.jar;E:\opensource\httpcomponents-client-4.5.6-bin\httpcomponents-client-4.5.6\lib\httpmime-4.5.6.jar;E:\opensource\httpcomponents-client-4.5.6-bin\httpcomponents-client-4.5.6\lib\jna-4.4.0.jar;E:\opensource\httpcomponents-client-4.5.6-bin\httpcomponents-client-4.5.6\lib\jna-platform-4.4.0.jar;E:\opensource\mybatis-3.4.6\mybatis-3.4.6.jar
Launcher Type: SUN_STANDARD

Environment Variables:
JAVA_HOME=D:\Program Files\Java\jdk1.8
CLASSPATH=.;D:\Program Files\Java\jdk1.8\lib\dt.jar;D:\Program Files\Java\jdk1.8\lib\tools.jar;
PATH=C:\Program Files (x86)\Common Files\Oracle\Java\javapath;G:\sdk\tools\lib\monitor-x86_64\jre\bin\javaw.exe;C:\Windows\System32;F:\soui\bin;D:\CTEX\CTeX\ty\bin;D:\CTEX\Ghostscript\gs9.05\bin;D:\CTEX\GSview\gsview;D:\CTEX\WinEdt;D:\Python35;D:\Python35\Scripts;D:\Program Files\Git\cmd;C:\Program Files (x86)\Common Files\Thunder Network\KanKan\Codecs;C:\Users\bonjava\AppData\Local\GitHubDesktop\bin
USERNAME=Administrator
OS=Windows_NT
PROCESSOR_IDENTIFIER=Intel64 Family 6 Model 60 Stepping 3, GenuineIntel



---------------  S Y S T E M  ---------------

OS: Windows 7 , 64 bit Build 7601 (6.1.7601.24214)

CPU:total 8 (initial active 8) (4 cores per cpu, 2 threads per core) family 6 model 60 stepping 3, cmov, cx8, fxsr, mmx, sse, sse2, sse3, ssse3, sse4.1, sse4.2, popcnt, avx, avx2, aes, clmul, erms, lzcnt, ht, tsc, tscinvbit, bmi1, bmi2

Memory: 4k page, physical 16663584k(9479600k free), swap 17710260k(9909888k free)

vm_info: Java HotSpot(TM) Client VM (25.181-b13) for windows-x86 JRE (1.8.0_181-b13), built on Jul  7 2018 03:18:20 by "java_re" with MS VC++ 10.0 (VS2010)

time: Tue Aug 28 20:58:53 2018
elapsed time: 0 seconds (0d 0h 0m 0s)

