#
# A fatal error has been detected by the Java Runtime Environment:
#
#  EXCEPTION_ACCESS_VIOLATION (0xc0000005) at pc=0x00682c2f, pid=12592, tid=0x00000b10
#
# JRE version: Java(TM) SE Runtime Environment (8.0_181-b13) (build 1.8.0_181-b13)
# Java VM: Java HotSpot(TM) Client VM (25.181-b13 mixed mode windows-x86 )
# Problematic frame:
# C  [rxtxSerial.dll+0x2c2f]
#
# Failed to write core dump. Minidumps are not enabled by default on client versions of Windows
#
# If you would like to submit a bug report, please visit:
#   http://bugreport.java.com/bugreport/crash.jsp
# The crash happened outside the Java Virtual Machine in native code.
# See problematic frame for where to report the bug.
#

---------------  T H R E A D  ---------------

Current thread (0x1540ec00):  JavaThread "Thread-6" [_thread_in_native, id=2832, stack(0x16d60000,0x16db0000)]

siginfo: ExceptionCode=0xc0000005, reading address 0x000000bc

Registers:
EAX=0x00000000, EBX=0x6157b910, ECX=0x00000000, EDX=0x00759ec0
ESP=0x16daf560, EBP=0x16daf578, ESI=0x16acae40, EDI=0x1540ec00
EIP=0x00682c2f, EFLAGS=0x00010206

Top of Stack: (sp=0x16daf560)
0x16daf560:   16aca008 1540ec00 16daf600 16daf5bc
0x16daf570:   00759ec0 00000000 16daf628 006830c0
0x16daf580:   153a0a40 00c97b90 16aca8d0 16aca008
0x16daf590:   1540ec00 0000000b 0000001d 00000002
0x16daf5a0:   16daf5d4 614a7273 1540ec00 94ed39d5
0x16daf5b0:   00000000 1540ec00 00000000 16daf5ac
0x16daf5c0:   00000000 00000000 00000000 00000000
0x16daf5d0:   fffffffe 00000022 ffffffff 153a0a40 

Instructions: (pc=0x00682c2f)
0x00682c0f:   d0 68 00 00 75 17 8b 45 f8 c7 80 c0 00 00 00 00
0x00682c1f:   00 00 00 8b 45 f8 a3 00 d0 68 00 eb 78 8b 45 fc
0x00682c2f:   83 b8 bc 00 00 00 00 75 04 eb 12 89 f6 8b 45 fc
0x00682c3f:   8b 90 bc 00 00 00 89 55 fc eb e2 89 f6 8b 45 f8 


Register to memory mapping:

EAX=0x00000000 is an unknown value
EBX=0x6157b910 is an unknown value
ECX=0x00000000 is an unknown value
EDX=0x00759ec0 is an unknown value
ESP=0x16daf560 is pointing into the stack for thread: 0x1540ec00
EBP=0x16daf578 is pointing into the stack for thread: 0x1540ec00
ESI=0x16acae40 is pointing into metadata
EDI=0x1540ec00 is a thread


Stack: [0x16d60000,0x16db0000],  sp=0x16daf560,  free space=317k
Native frames: (J=compiled Java code, j=interpreted, Vv=VM code, C=native code)
C  [rxtxSerial.dll+0x2c2f]
C  [rxtxSerial.dll+0x30c0]
C  [rxtxSerial.dll+0x6988]
j  gnu.io.RXTXPort.open(Ljava/lang/String;)I+0
j  gnu.io.RXTXPort.<init>(Ljava/lang/String;)V+114
j  gnu.io.RXTXCommDriver.getCommPort(Ljava/lang/String;I)Lgnu/io/CommPort;+78
j  gnu.io.CommPortIdentifier.open(Ljava/lang/String;I)Lgnu/io/CommPort;+80
j  com.js.jhjs.wmFrame$SerialTools.openSerialPort(Lgnu/io/CommPortIdentifier;I)Z+5
j  com.js.jhjs.wmFrame.lambda$1(Lcom/js/jhjs/wmFrame$SerialTools;Lgnu/io/CommPortIdentifier;)V+4
j  com.js.jhjs.wmFrame$$Lambda$29.run()V+8
j  java.lang.Thread.run()V+11
v  ~StubRoutines::call_stub
V  [jvm.dll+0x15c065]
V  [jvm.dll+0x223ade]
V  [jvm.dll+0x15c0fe]
V  [jvm.dll+0x15c286]
V  [jvm.dll+0x15c2f7]
V  [jvm.dll+0x10016f]
V  [jvm.dll+0x17f280]
V  [jvm.dll+0x17fafa]
V  [jvm.dll+0x1c5416]
C  [msvcr100.dll+0x5c556]
C  [msvcr100.dll+0x5c600]
C  [kernel32.dll+0x1343d]
C  [ntdll.dll+0x39832]
C  [ntdll.dll+0x39805]
C  0x00000000

Java frames: (J=compiled Java code, j=interpreted, Vv=VM code)
j  gnu.io.RXTXPort.open(Ljava/lang/String;)I+0
j  gnu.io.RXTXPort.<init>(Ljava/lang/String;)V+114
j  gnu.io.RXTXCommDriver.getCommPort(Ljava/lang/String;I)Lgnu/io/CommPort;+78
j  gnu.io.CommPortIdentifier.open(Ljava/lang/String;I)Lgnu/io/CommPort;+80
j  com.js.jhjs.wmFrame$SerialTools.openSerialPort(Lgnu/io/CommPortIdentifier;I)Z+5
j  com.js.jhjs.wmFrame.lambda$1(Lcom/js/jhjs/wmFrame$SerialTools;Lgnu/io/CommPortIdentifier;)V+4
j  com.js.jhjs.wmFrame$$Lambda$29.run()V+8
j  java.lang.Thread.run()V+11
v  ~StubRoutines::call_stub

---------------  P R O C E S S  ---------------

Java Threads: ( => current thread )
  0x154a0c00 JavaThread "Thread-7" [_thread_in_native, id=14828, stack(0x16780000,0x167d0000)]
  0x154a0800 JavaThread "Thread-4" [_thread_in_native, id=8576, stack(0x16c10000,0x16c60000)]
  0x1540f400 JavaThread "Thread-3" [_thread_in_native, id=9580, stack(0x16e70000,0x16ec0000)]
=>0x1540ec00 JavaThread "Thread-6" [_thread_in_native, id=2832, stack(0x16d60000,0x16db0000)]
  0x152e8800 JavaThread "Thread-1" [_thread_in_native, id=11156, stack(0x16840000,0x16890000)]
  0x15437000 JavaThread "Image Fetcher 0" daemon [_thread_blocked, id=14176, stack(0x168f0000,0x16940000)]
  0x15241800 JavaThread "Abandoned connection cleanup thread" daemon [_thread_blocked, id=10876, stack(0x15ab0000,0x15b00000)]
  0x001bdc00 JavaThread "DestroyJavaVM" [_thread_blocked, id=13300, stack(0x00d40000,0x00d90000)]
  0x14e50400 JavaThread "AWT-EventQueue-0" [_thread_in_native, id=11924, stack(0x15b10000,0x15b60000)]
  0x14e4e400 JavaThread "AWT-Windows" daemon [_thread_in_native, id=10776, stack(0x15840000,0x15890000)]
  0x15178c00 JavaThread "AWT-Shutdown" [_thread_blocked, id=11440, stack(0x14fe0000,0x15030000)]
  0x15178000 JavaThread "Java2D Disposer" daemon [_thread_blocked, id=13724, stack(0x14ec0000,0x14f10000)]
  0x14d0cc00 JavaThread "Service Thread" daemon [_thread_blocked, id=14632, stack(0x15080000,0x150d0000)]
  0x14ce5c00 JavaThread "C1 CompilerThread0" daemon [_thread_blocked, id=15048, stack(0x14f70000,0x14fc0000)]
  0x14ce4c00 JavaThread "Attach Listener" daemon [_thread_blocked, id=13128, stack(0x01150000,0x011a0000)]
  0x00d3c800 JavaThread "Signal Dispatcher" daemon [_thread_blocked, id=10316, stack(0x046b0000,0x04700000)]
  0x00d32c00 JavaThread "Finalizer" daemon [_thread_blocked, id=11772, stack(0x011a0000,0x011f0000)]
  0x00d2cc00 JavaThread "Reference Handler" daemon [_thread_blocked, id=11328, stack(0x00f10000,0x00f60000)]

Other Threads:
  0x00d25800 VMThread [stack: 0x01010000,0x01060000] [id=11820]
  0x14d16800 WatcherThread [stack: 0x15110000,0x15160000] [id=14932]

VM state:not at safepoint (normal execution)

VM Mutex/Monitor currently owned by a thread: None

Heap:
 def new generation   total 7104K, used 6336K [0x04800000, 0x04fb0000, 0x09d50000)
  eden space 6336K, 100% used [0x04800000, 0x04e30000, 0x04e30000)
  from space 768K,   0% used [0x04e30000, 0x04e30000, 0x04ef0000)
  to   space 768K,   0% used [0x04ef0000, 0x04ef0000, 0x04fb0000)
 tenured generation   total 15640K, used 9383K [0x09d50000, 0x0ac96000, 0x14800000)
   the space 15640K,  59% used [0x09d50000, 0x0a679e80, 0x0a67a000, 0x0ac96000)
 Metaspace       used 8808K, capacity 9038K, committed 9088K, reserved 9600K

Card table byte_map: [0x00e10000,0x00ea0000] byte_map_base: 0x00dec000

Polling page: 0x00170000

CodeCache: size=32768Kb used=1032Kb max_used=1032Kb free=31735Kb
 bounds [0x02650000, 0x02758000, 0x04650000]
 total_blobs=495 nmethods=255 adapters=171
 compilation: enabled

Compilation events (10 events):
Event: 0.608 Thread 0x14ce5c00  243             jdk.internal.org.objectweb.asm.ByteVector::put12 (64 bytes)
Event: 0.608 Thread 0x14ce5c00 nmethod 243 0x0274de88 code [0x0274df90, 0x0274e0bc]
Event: 0.608 Thread 0x14ce5c00  244             java.net.URL::getHost (5 bytes)
Event: 0.608 Thread 0x14ce5c00 nmethod 244 0x0274e208 code [0x0274e300, 0x0274e380]
Event: 0.622 Thread 0x14ce5c00  245             java.lang.Character::toUpperCase (6 bytes)
Event: 0.622 Thread 0x14ce5c00 nmethod 245 0x0274e3c8 code [0x0274e4d0, 0x0274e578]
Event: 0.623 Thread 0x14ce5c00  246  s          sun.java2d.loops.GraphicsPrimitive::makeUniqueID (26 bytes)
Event: 0.623 Thread 0x14ce5c00 nmethod 246 0x0274e608 code [0x0274e700, 0x0274e8e0]
Event: 0.623 Thread 0x14ce5c00  247             sun.java2d.loops.CompositeType::getUniqueID (5 bytes)
Event: 0.623 Thread 0x14ce5c00 nmethod 247 0x0274e9c8 code [0x0274eac0, 0x0274eb40]

GC Heap History (8 events):
Event: 0.254 GC heap before
{Heap before GC invocations=0 (full 0):
 def new generation   total 4928K, used 4416K [0x04800000, 0x04d50000, 0x09d50000)
  eden space 4416K, 100% used [0x04800000, 0x04c50000, 0x04c50000)
  from space 512K,   0% used [0x04c50000, 0x04c50000, 0x04cd0000)
  to   space 512K,   0% used [0x04cd0000, 0x04cd0000, 0x04d50000)
 tenured generation   total 10944K, used 0K [0x09d50000, 0x0a800000, 0x14800000)
   the space 10944K,   0% used [0x09d50000, 0x09d50000, 0x09d50200, 0x0a800000)
 Metaspace       used 4353K, capacity 4519K, committed 4608K, reserved 5504K
Event: 0.258 GC heap after
Heap after GC invocations=1 (full 0):
 def new generation   total 4928K, used 512K [0x04800000, 0x04d50000, 0x09d50000)
  eden space 4416K,   0% used [0x04800000, 0x04800000, 0x04c50000)
  from space 512K, 100% used [0x04cd0000, 0x04d50000, 0x04d50000)
  to   space 512K,   0% used [0x04c50000, 0x04c50000, 0x04cd0000)
 tenured generation   total 10944K, used 959K [0x09d50000, 0x0a800000, 0x14800000)
   the space 10944K,   8% used [0x09d50000, 0x09e3fed0, 0x09e40000, 0x0a800000)
 Metaspace       used 4353K, capacity 4519K, committed 4608K, reserved 5504K
}
Event: 0.357 GC heap before
{Heap before GC invocations=1 (full 0):
 def new generation   total 4928K, used 4928K [0x04800000, 0x04d50000, 0x09d50000)
  eden space 4416K, 100% used [0x04800000, 0x04c50000, 0x04c50000)
  from space 512K, 100% used [0x04cd0000, 0x04d50000, 0x04d50000)
  to   space 512K,   0% used [0x04c50000, 0x04c50000, 0x04cd0000)
 tenured generation   total 10944K, used 959K [0x09d50000, 0x0a800000, 0x14800000)
   the space 10944K,   8% used [0x09d50000, 0x09e3fed0, 0x09e40000, 0x0a800000)
 Metaspace       used 5857K, capacity 6025K, committed 6144K, reserved 6528K
Event: 0.361 GC heap after
Heap after GC invocations=2 (full 0):
 def new generation   total 4928K, used 512K [0x04800000, 0x04d50000, 0x09d50000)
  eden space 4416K,   0% used [0x04800000, 0x04800000, 0x04c50000)
  from space 512K, 100% used [0x04c50000, 0x04cd0000, 0x04cd0000)
  to   space 512K,   0% used [0x04cd0000, 0x04cd0000, 0x04d50000)
 tenured generation   total 10944K, used 2569K [0x09d50000, 0x0a800000, 0x14800000)
   the space 10944K,  23% used [0x09d50000, 0x09fd2600, 0x09fd2600, 0x0a800000)
 Metaspace       used 5857K, capacity 6025K, committed 6144K, reserved 6528K
}
Event: 0.510 GC heap before
{Heap before GC invocations=2 (full 0):
 def new generation   total 4928K, used 4927K [0x04800000, 0x04d50000, 0x09d50000)
  eden space 4416K,  99% used [0x04800000, 0x04c4ffc0, 0x04c50000)
  from space 512K, 100% used [0x04c50000, 0x04cd0000, 0x04cd0000)
  to   space 512K,   0% used [0x04cd0000, 0x04cd0000, 0x04d50000)
 tenured generation   total 10944K, used 7689K [0x09d50000, 0x0a800000, 0x14800000)
   the space 10944K,  70% used [0x09d50000, 0x0a4d2610, 0x0a4d2800, 0x0a800000)
 Metaspace       used 7436K, capacity 7636K, committed 7680K, reserved 8576K
Event: 0.513 GC heap after
Heap after GC invocations=3 (full 0):
 def new generation   total 4928K, used 512K [0x04800000, 0x04d50000, 0x09d50000)
  eden space 4416K,   0% used [0x04800000, 0x04800000, 0x04c50000)
  from space 512K, 100% used [0x04cd0000, 0x04d50000, 0x04d50000)
  to   space 512K,   0% used [0x04c50000, 0x04c50000, 0x04cd0000)
 tenured generation   total 10944K, used 8445K [0x09d50000, 0x0a800000, 0x14800000)
   the space 10944K,  77% used [0x09d50000, 0x0a58f5d8, 0x0a58f600, 0x0a800000)
 Metaspace       used 7436K, capacity 7636K, committed 7680K, reserved 8576K
}
Event: 0.608 GC heap before
{Heap before GC invocations=3 (full 0):
 def new generation   total 4928K, used 4652K [0x04800000, 0x04d50000, 0x09d50000)
  eden space 4416K,  93% used [0x04800000, 0x04c0b3d0, 0x04c50000)
  from space 512K, 100% used [0x04cd0000, 0x04d50000, 0x04d50000)
  to   space 512K,   0% used [0x04c50000, 0x04c50000, 0x04cd0000)
 tenured generation   total 10944K, used 8445K [0x09d50000, 0x0a800000, 0x14800000)
   the space 10944K,  77% used [0x09d50000, 0x0a58f5d8, 0x0a58f600, 0x0a800000)
 Metaspace       used 8525K, capacity 8750K, committed 8832K, reserved 9600K
Event: 0.622 GC heap after
Heap after GC invocations=4 (full 1):
 def new generation   total 7104K, used 0K [0x04800000, 0x04fb0000, 0x09d50000)
  eden space 6336K,   0% used [0x04800000, 0x04800000, 0x04e30000)
  from space 768K,   0% used [0x04e30000, 0x04e30000, 0x04ef0000)
  to   space 768K,   0% used [0x04ef0000, 0x04ef0000, 0x04fb0000)
 tenured generation   total 15640K, used 9383K [0x09d50000, 0x0ac96000, 0x14800000)
   the space 15640K,  59% used [0x09d50000, 0x0a679e80, 0x0a67a000, 0x0ac96000)
 Metaspace       used 8525K, capacity 8750K, committed 8832K, reserved 9600K
}

Deoptimization events (0 events):
No events

Classes redefined (0 events):
No events

Internal exceptions (10 events):
Event: 0.125 Thread 0x001bdc00 Exception <a 'java/io/FileNotFoundException'> (0x0492bcd0) thrown at [C:\workspace\8-2-build-windows-i586-cygwin\jdk8u181\11358\hotspot\src\share\vm\prims\jni.cpp, line 709]
Event: 0.153 Thread 0x001bdc00 Exception <a 'java/lang/NoSuchFieldError': method resolution failed> (0x049e9a68) thrown at [C:\workspace\8-2-build-windows-i586-cygwin\jdk8u181\11358\hotspot\src\share\vm\prims\methodHandles.cpp, line 1167]
Event: 0.154 Thread 0x001bdc00 Exception <a 'java/lang/NoSuchFieldError': method resolution failed> (0x049f5c08) thrown at [C:\workspace\8-2-build-windows-i586-cygwin\jdk8u181\11358\hotspot\src\share\vm\prims\methodHandles.cpp, line 1167]
Event: 0.222 Thread 0x14e50400 Exception <a 'java/io/FileNotFoundException'> (0x04b106e0) thrown at [C:\workspace\8-2-build-windows-i586-cygwin\jdk8u181\11358\hotspot\src\share\vm\prims\jni.cpp, line 709]
Event: 0.539 Thread 0x14e50400 Exception <a 'java/io/FileNotFoundException'> (0x04aff768) thrown at [C:\workspace\8-2-build-windows-i586-cygwin\jdk8u181\11358\hotspot\src\share\vm\prims\jni.cpp, line 709]
Event: 0.539 Thread 0x14e50400 Exception <a 'java/lang/NullPointerException'> (0x04affd58) thrown at [C:\workspace\8-2-build-windows-i586-cygwin\jdk8u181\11358\hotspot\src\share\vm\interpreter\linkResolver.cpp, line 1185]
Event: 0.578 Thread 0x14e50400 Exception <a 'java/io/FileNotFoundException'> (0x04b67c40) thrown at [C:\workspace\8-2-build-windows-i586-cygwin\jdk8u181\11358\hotspot\src\share\vm\prims\jni.cpp, line 709]
Event: 0.589 Thread 0x14e50400 Exception <a 'java/io/FileNotFoundException'> (0x04b7c280) thrown at [C:\workspace\8-2-build-windows-i586-cygwin\jdk8u181\11358\hotspot\src\share\vm\prims\jni.cpp, line 709]
Event: 0.590 Thread 0x14e50400 Exception <a 'java/io/FileNotFoundException'> (0x04b8a5d8) thrown at [C:\workspace\8-2-build-windows-i586-cygwin\jdk8u181\11358\hotspot\src\share\vm\prims\jni.cpp, line 709]
Event: 0.601 Thread 0x14e50400 Exception <a 'java/io/FileNotFoundException'> (0x04b9e598) thrown at [C:\workspace\8-2-build-windows-i586-cygwin\jdk8u181\11358\hotspot\src\share\vm\prims\jni.cpp, line 709]

Events (10 events):
Event: 0.623 loading class sun/net/NetworkClient$1
Event: 0.623 loading class java/net/URISyntaxException done
Event: 0.623 loading class sun/net/NetworkClient$1 done
Event: 0.623 loading class java/lang/UnsatisfiedLinkError
Event: 0.623 loading class sun/net/www/http/KeepAliveCache
Event: 0.623 loading class java/lang/UnsatisfiedLinkError done
Event: 0.624 loading class sun/net/www/http/KeepAliveCache done
Event: 0.624 loading class com/sun/jna/Native$DeleteNativeLibrary
Event: 0.624 loading class com/sun/jna/Native$DeleteNativeLibrary done
Event: 0.624 loading class sun/net/www/http/KeepAliveKey


Dynamic libraries:
0x01210000 - 0x01243000 	D:\Program Files (x86)\Java\jre\bin\javaw.exe
0x77b00000 - 0x77c80000 	C:\windows\SysWOW64\ntdll.dll
0x76fb0000 - 0x770c0000 	C:\windows\syswow64\kernel32.dll
0x76ac0000 - 0x76b07000 	C:\windows\syswow64\KERNELBASE.dll
0x76620000 - 0x766c1000 	C:\windows\syswow64\ADVAPI32.dll
0x77670000 - 0x7771c000 	C:\windows\syswow64\msvcrt.dll
0x76f90000 - 0x76fa9000 	C:\windows\SysWOW64\sechost.dll
0x772a0000 - 0x77390000 	C:\windows\syswow64\RPCRT4.dll
0x75270000 - 0x752d0000 	C:\windows\syswow64\SspiCli.dll
0x75260000 - 0x7526c000 	C:\windows\syswow64\CRYPTBASE.dll
0x774f0000 - 0x775f0000 	C:\windows\syswow64\USER32.dll
0x76c20000 - 0x76cb0000 	C:\windows\syswow64\GDI32.dll
0x760b0000 - 0x760ba000 	C:\windows\syswow64\LPK.dll
0x770e0000 - 0x7717d000 	C:\windows\syswow64\USP10.dll
0x70f90000 - 0x7112e000 	C:\windows\WinSxS\x86_microsoft.windows.common-controls_6595b64144ccf1df_6.0.7601.18837_none_41e855142bd5705d\COMCTL32.dll
0x76050000 - 0x760a7000 	C:\windows\syswow64\SHLWAPI.dll
0x760c0000 - 0x76120000 	C:\windows\system32\IMM32.DLL
0x76120000 - 0x761ed000 	C:\windows\syswow64\MSCTF.dll
0x75020000 - 0x7504b000 	C:\windows\SysWOW64\nvinit.dll
0x75190000 - 0x75199000 	C:\windows\system32\VERSION.dll
0x71d50000 - 0x71d56000 	C:\Program Files (x86)\NVIDIA Corporation\CoProcManager\detoured.dll
0x70de0000 - 0x70e0a000 	C:\Program Files (x86)\NVIDIA Corporation\CoProcManager\nvd3d9wrap.dll
0x766d0000 - 0x7686d000 	C:\windows\syswow64\SETUPAPI.dll
0x77640000 - 0x77667000 	C:\windows\syswow64\CFGMGR32.dll
0x76d80000 - 0x76e11000 	C:\windows\syswow64\OLEAUT32.dll
0x77390000 - 0x774ed000 	C:\windows\syswow64\ole32.dll
0x76cb0000 - 0x76cc2000 	C:\windows\syswow64\DEVOBJ.dll
0x68680000 - 0x6869e000 	C:\Program Files (x86)\NVIDIA Corporation\CoProcManager\nvdxgiwrap.dll
0x61880000 - 0x6193f000 	D:\Program Files (x86)\Java\jre\bin\msvcr100.dll
0x614a0000 - 0x61873000 	D:\Program Files (x86)\Java\jre\bin\client\jvm.dll
0x6a5d0000 - 0x6a5d7000 	C:\windows\system32\WSOCK32.dll
0x76b10000 - 0x76b45000 	C:\windows\syswow64\WS2_32.dll
0x76610000 - 0x76616000 	C:\windows\syswow64\NSI.dll
0x70d90000 - 0x70dc2000 	C:\windows\system32\WINMM.dll
0x76d60000 - 0x76d65000 	C:\windows\syswow64\PSAPI.DLL
0x65d10000 - 0x65d1c000 	D:\Program Files (x86)\Java\jre\bin\verify.dll
0x61470000 - 0x61492000 	D:\Program Files (x86)\Java\jre\bin\java.dll
0x61450000 - 0x61464000 	D:\Program Files (x86)\Java\jre\bin\zip.dll
0x752d0000 - 0x75f1c000 	C:\windows\syswow64\SHELL32.dll
0x77630000 - 0x7763b000 	C:\windows\syswow64\profapi.dll
0x61300000 - 0x61447000 	D:\Program Files (x86)\Java\jre\bin\awt.dll
0x68490000 - 0x68510000 	C:\windows\system32\uxtheme.dll
0x68470000 - 0x68483000 	C:\windows\system32\dwmapi.dll
0x612e0000 - 0x612f5000 	D:\Program Files (x86)\Java\jre\bin\net.dll
0x74a60000 - 0x74a9c000 	C:\windows\system32\mswsock.dll
0x6c010000 - 0x6c016000 	C:\windows\System32\wship6.dll
0x74b00000 - 0x74b05000 	C:\windows\System32\wshtcpip.dll
0x723d0000 - 0x72414000 	C:\windows\system32\DNSAPI.dll
0x72390000 - 0x723b1000 	C:\Program Files (x86)\Bonjour\mdnsNSP.dll
0x74e50000 - 0x74e6c000 	C:\windows\system32\Iphlpapi.DLL
0x74e40000 - 0x74e47000 	C:\windows\system32\WINNSI.DLL
0x72460000 - 0x72466000 	C:\windows\system32\rasadhlp.dll
0x6bfd0000 - 0x6c008000 	C:\windows\System32\fwpuclnt.dll
0x548e0000 - 0x549a8000 	C:\windows\system32\opengl32.dll
0x5a920000 - 0x5a942000 	C:\windows\system32\GLU32.dll
0x55560000 - 0x55647000 	C:\windows\system32\DDRAW.dll
0x66be0000 - 0x66be6000 	C:\windows\system32\DCIMAN32.dll
0x612b0000 - 0x612d6000 	D:\Program Files (x86)\Java\jre\bin\jpeg.dll
0x61270000 - 0x612a9000 	D:\Program Files (x86)\Java\jre\bin\fontmanager.dll
0x00680000 - 0x00692000 	D:\Program Files (x86)\Java\jre\bin\rxtxSerial.dll
0x6c240000 - 0x6c267000 	C:\windows\system32\crtdll.dll
0x6c050000 - 0x6c09c000 	C:\windows\system32\apphelp.dll
0x744f0000 - 0x745db000 	C:\windows\system32\dbghelp.dll
0x63f20000 - 0x63f2f000 	D:\Program Files (x86)\Java\jre\bin\nio.dll
0x74b30000 - 0x74b47000 	C:\windows\system32\CRYPTSP.dll
0x61230000 - 0x61262000 	D:\Program Files (x86)\Java\jre\bin\t2k.dll
0x74aa0000 - 0x74adb000 	C:\windows\system32\rsaenh.dll
0x770c0000 - 0x770d7000 	C:\windows\syswow64\USERENV.dll
0x74b10000 - 0x74b22000 	C:\windows\system32\dhcpcsvc.DLL

VM Arguments:
jvm_args: -Dfile.encoding=GBK 
java_command: com.js.jhjs.MainClass
java_class_path (initial): F:\java2017proj\mainCanteen\bin;E:\opensource\gson-2.8.5.jar;E:\opensource\mysql-connector-java-5.1.39\mysql-connector-java-5.1.39\mysql-connector-java-5.1.39-bin.jar;E:\opensource\jna-3.2.5.jar\jna-3.2.5.jar;E:\opensource\rxtx-2.1-7-bins-r2\RXTXcomm.jar;E:\opensource\httpcomponents-client-4.5.6-bin\httpcomponents-client-4.5.6\lib\commons-codec-1.10.jar;E:\opensource\httpcomponents-client-4.5.6-bin\httpcomponents-client-4.5.6\lib\commons-logging-1.2.jar;E:\opensource\httpcomponents-client-4.5.6-bin\httpcomponents-client-4.5.6\lib\fluent-hc-4.5.6.jar;E:\opensource\httpcomponents-client-4.5.6-bin\httpcomponents-client-4.5.6\lib\httpclient-4.5.6.jar;E:\opensource\httpcomponents-client-4.5.6-bin\httpcomponents-client-4.5.6\lib\httpclient-cache-4.5.6.jar;E:\opensource\httpcomponents-client-4.5.6-bin\httpcomponents-client-4.5.6\lib\httpclient-win-4.5.6.jar;E:\opensource\httpcomponents-client-4.5.6-bin\httpcomponents-client-4.5.6\lib\httpcore-4.4.10.jar;E:\opensource\httpcomponents-client-4.5.6-bin\httpcomponents-client-4.5.6\lib\httpmime-4.5.6.jar;E:\opensource\httpcomponents-client-4.5.6-bin\httpcomponents-client-4.5.6\lib\jna-4.4.0.jar;E:\opensource\httpcomponents-client-4.5.6-bin\httpcomponents-client-4.5.6\lib\jna-platform-4.4.0.jar;E:\opensource\mybatis-3.4.6\mybatis-3.4.6.jar
Launcher Type: SUN_STANDARD

Environment Variables:
JAVA_HOME=D:\Program Files\Java\jdk1.8
CLASSPATH=.;D:\Program Files\Java\jdk1.8\lib\dt.jar;D:\Program Files\Java\jdk1.8\lib\tools.jar;
PATH=C:\Program Files (x86)\Common Files\Oracle\Java\javapath;G:\sdk\tools\lib\monitor-x86_64\jre\bin\javaw.exe;C:\Windows\System32;F:\soui\bin;D:\CTEX\CTeX\ty\bin;D:\CTEX\Ghostscript\gs9.05\bin;D:\CTEX\GSview\gsview;D:\CTEX\WinEdt;D:\Python35;D:\Python35\Scripts;D:\Program Files\Git\cmd;C:\Program Files (x86)\Common Files\Thunder Network\KanKan\Codecs;C:\Users\bonjava\AppData\Local\GitHubDesktop\bin
USERNAME=Administrator
OS=Windows_NT
PROCESSOR_IDENTIFIER=Intel64 Family 6 Model 60 Stepping 3, GenuineIntel



---------------  S Y S T E M  ---------------

OS: Windows 7 , 64 bit Build 7601 (6.1.7601.24214)

CPU:total 8 (initial active 8) (4 cores per cpu, 2 threads per core) family 6 model 60 stepping 3, cmov, cx8, fxsr, mmx, sse, sse2, sse3, ssse3, sse4.1, sse4.2, popcnt, avx, avx2, aes, clmul, erms, lzcnt, ht, tsc, tscinvbit, bmi1, bmi2

Memory: 4k page, physical 16663584k(9359456k free), swap 17710260k(9782032k free)

vm_info: Java HotSpot(TM) Client VM (25.181-b13) for windows-x86 JRE (1.8.0_181-b13), built on Jul  7 2018 03:18:20 by "java_re" with MS VC++ 10.0 (VS2010)

time: Tue Aug 28 22:52:01 2018
elapsed time: 0 seconds (0d 0h 0m 0s)

