#
# A fatal error has been detected by the Java Runtime Environment:
#
#  EXCEPTION_ACCESS_VIOLATION (0xc0000005) at pc=0x14b32c2f, pid=11028, tid=0x0000157c
#
# JRE version: Java(TM) SE Runtime Environment (8.0_181-b13) (build 1.8.0_181-b13)
# Java VM: Java HotSpot(TM) Client VM (25.181-b13 mixed mode windows-x86 )
# Problematic frame:
# C  [rxtxSerial.dll+0x2c2f]
#
# Failed to write core dump. Minidumps are not enabled by default on client versions of Windows
#
# If you would like to submit a bug report, please visit:
#   http://bugreport.java.com/bugreport/crash.jsp
# The crash happened outside the Java Virtual Machine in native code.
# See problematic frame for where to report the bug.
#

---------------  T H R E A D  ---------------

Current thread (0x1544e400):  JavaThread "pool-1-thread-3" [_thread_in_native, id=5500, stack(0x17470000,0x174c0000)]

siginfo: ExceptionCode=0xc0000005, reading address 0x000000bc

Registers:
EAX=0x00000000, EBX=0x5f24b910, ECX=0x00000000, EDX=0x17a306d0
ESP=0x174bf2f0, EBP=0x174bf308, ESI=0x1690d910, EDI=0x1544e400
EIP=0x14b32c2f, EFLAGS=0x00010206

Top of Stack: (sp=0x174bf2f0)
0x174bf2f0:   1625ddf0 1544e400 174bf390 174bf34c
0x174bf300:   17a306d0 00000000 174bf3b8 14b330c0
0x174bf310:   15379938 00c173e8 1690d3a0 1625ddf0
0x174bf320:   1544e400 0000000b 0000001d 00000002
0x174bf330:   174bf364 5f177273 1544e400 c84829e6
0x174bf340:   00000000 1544e400 00000000 174bf33c
0x174bf350:   00000000 00000000 00000000 00000000
0x174bf360:   fffffffe 00000022 ffffffff 15379938 

Instructions: (pc=0x14b32c2f)
0x14b32c0f:   d0 b3 14 00 75 17 8b 45 f8 c7 80 c0 00 00 00 00
0x14b32c1f:   00 00 00 8b 45 f8 a3 00 d0 b3 14 eb 78 8b 45 fc
0x14b32c2f:   83 b8 bc 00 00 00 00 75 04 eb 12 89 f6 8b 45 fc
0x14b32c3f:   8b 90 bc 00 00 00 89 55 fc eb e2 89 f6 8b 45 f8 


Register to memory mapping:

EAX=0x00000000 is an unknown value
EBX=0x5f24b910 is an unknown value
ECX=0x00000000 is an unknown value
EDX=0x17a306d0 is an unknown value
ESP=0x174bf2f0 is pointing into the stack for thread: 0x1544e400
EBP=0x174bf308 is pointing into the stack for thread: 0x1544e400
ESI=0x1690d910 is pointing into metadata
EDI=0x1544e400 is a thread


Stack: [0x17470000,0x174c0000],  sp=0x174bf2f0,  free space=316k
Native frames: (J=compiled Java code, j=interpreted, Vv=VM code, C=native code)
C  [rxtxSerial.dll+0x2c2f]
C  [rxtxSerial.dll+0x30c0]
C  [rxtxSerial.dll+0x6988]
j  gnu.io.RXTXPort.open(Ljava/lang/String;)I+0
j  gnu.io.RXTXPort.<init>(Ljava/lang/String;)V+114
j  gnu.io.RXTXCommDriver.getCommPort(Ljava/lang/String;I)Lgnu/io/CommPort;+78
j  gnu.io.CommPortIdentifier.open(Ljava/lang/String;I)Lgnu/io/CommPort;+80
j  com.js.jhjs.MainClass$SerialTools.openSerialPort(Lgnu/io/CommPortIdentifier;I)Z+5
j  com.js.jhjs.MainClass.lambda$0(Lgnu/io/CommPortIdentifier;)V+18
j  com.js.jhjs.MainClass$$Lambda$32.run()V+8
j  java.util.concurrent.ThreadPoolExecutor.runWorker(Ljava/util/concurrent/ThreadPoolExecutor$Worker;)V+95
j  java.util.concurrent.ThreadPoolExecutor$Worker.run()V+5
j  java.lang.Thread.run()V+11
v  ~StubRoutines::call_stub
V  [jvm.dll+0x15c065]
V  [jvm.dll+0x223ade]
V  [jvm.dll+0x15c0fe]
V  [jvm.dll+0x15c286]
V  [jvm.dll+0x15c2f7]
V  [jvm.dll+0x10016f]
V  [jvm.dll+0x17f280]
V  [jvm.dll+0x17fafa]
V  [jvm.dll+0x1c5416]
C  [msvcr100.dll+0x5c556]
C  [msvcr100.dll+0x5c600]
C  [kernel32.dll+0x1343d]
C  [ntdll.dll+0x39832]
C  [ntdll.dll+0x39805]
C  0x00000000

Java frames: (J=compiled Java code, j=interpreted, Vv=VM code)
j  gnu.io.RXTXPort.open(Ljava/lang/String;)I+0
j  gnu.io.RXTXPort.<init>(Ljava/lang/String;)V+114
j  gnu.io.RXTXCommDriver.getCommPort(Ljava/lang/String;I)Lgnu/io/CommPort;+78
j  gnu.io.CommPortIdentifier.open(Ljava/lang/String;I)Lgnu/io/CommPort;+80
j  com.js.jhjs.MainClass$SerialTools.openSerialPort(Lgnu/io/CommPortIdentifier;I)Z+5
j  com.js.jhjs.MainClass.lambda$0(Lgnu/io/CommPortIdentifier;)V+18
j  com.js.jhjs.MainClass$$Lambda$32.run()V+8
j  java.util.concurrent.ThreadPoolExecutor.runWorker(Ljava/util/concurrent/ThreadPoolExecutor$Worker;)V+95
j  java.util.concurrent.ThreadPoolExecutor$Worker.run()V+5
j  java.lang.Thread.run()V+11
v  ~StubRoutines::call_stub

---------------  P R O C E S S  ---------------

Java Threads: ( => current thread )
  0x1544f800 JavaThread "Thread-8" [_thread_in_native, id=12896, stack(0x17230000,0x17280000)]
  0x1544f000 JavaThread "DestroyJavaVM" [_thread_blocked, id=3820, stack(0x00370000,0x003c0000)]
  0x1544ec00 JavaThread "pool-1-thread-4" [_thread_blocked, id=1396, stack(0x175e0000,0x17630000)]
=>0x1544e400 JavaThread "pool-1-thread-3" [_thread_in_native, id=5500, stack(0x17470000,0x174c0000)]
  0x1544dc00 JavaThread "pool-1-thread-2" [_thread_blocked, id=7608, stack(0x173a0000,0x173f0000)]
  0x1544d800 JavaThread "pool-1-thread-1" [_thread_blocked, id=10404, stack(0x17400000,0x17450000)]
  0x1544d000 JavaThread "Keep-Alive-Timer" daemon [_thread_blocked, id=11668, stack(0x15f50000,0x15fa0000)]
  0x1544cc00 JavaThread "Thread-6" [_thread_blocked, id=3184, stack(0x161b0000,0x16200000)]
  0x1544c400 JavaThread "Thread-5" [_thread_blocked, id=11124, stack(0x16430000,0x16480000)]
  0x14d8e400 JavaThread "Thread-4" [_thread_in_Java, id=10756, stack(0x160d0000,0x16120000)]
  0x15285c00 JavaThread "AWT-EventQueue-0" [_thread_in_Java, id=4756, stack(0x15fb0000,0x16000000)]
  0x15255400 JavaThread "Thread-3" [_thread_in_native, id=7384, stack(0x15d30000,0x15d80000)]
  0x1528d400 JavaThread "Thread-2" [_thread_blocked, id=10308, stack(0x15ac0000,0x15b10000)]
  0x15276400 JavaThread "Thread-1" [_thread_in_Java, id=12568, stack(0x15a60000,0x15ab0000)]
  0x15289000 JavaThread "Image Fetcher 0" daemon [_thread_blocked, id=11900, stack(0x16700000,0x16750000)]
  0x151ed800 JavaThread "Abandoned connection cleanup thread" daemon [_thread_blocked, id=9948, stack(0x15850000,0x158a0000)]
  0x150e8000 JavaThread "AWT-Windows" daemon [_thread_in_native, id=12852, stack(0x155d0000,0x15620000)]
  0x150e7000 JavaThread "AWT-Shutdown" [_thread_blocked, id=11084, stack(0x15680000,0x156d0000)]
  0x150e4400 JavaThread "Java2D Disposer" daemon [_thread_blocked, id=12524, stack(0x14f50000,0x14fa0000)]
  0x14cecc00 JavaThread "Service Thread" daemon [_thread_blocked, id=11536, stack(0x15060000,0x150b0000)]
  0x14cc5c00 JavaThread "C1 CompilerThread0" daemon [_thread_in_vm, id=12396, stack(0x15000000,0x15050000)]
  0x14cc4c00 JavaThread "Attach Listener" daemon [_thread_blocked, id=6996, stack(0x14e50000,0x14ea0000)]
  0x00cbcc00 JavaThread "Signal Dispatcher" daemon [_thread_blocked, id=9228, stack(0x04580000,0x045d0000)]
  0x00cb2c00 JavaThread "Finalizer" daemon [_thread_blocked, id=11732, stack(0x00fd0000,0x01020000)]
  0x00cacc00 JavaThread "Reference Handler" daemon [_thread_blocked, id=12864, stack(0x00e90000,0x00ee0000)]

Other Threads:
  0x00ca5800 VMThread [stack: 0x00f70000,0x00fc0000] [id=3732]
  0x14cf6800 WatcherThread [stack: 0x14ef0000,0x14f40000] [id=9920]

VM state:not at safepoint (normal execution)

VM Mutex/Monitor currently owned by a thread: None

Heap:
 def new generation   total 7040K, used 2340K [0x04600000, 0x04da0000, 0x09b50000)
  eden space 6272K,  32% used [0x04600000, 0x047f92e8, 0x04c20000)
  from space 768K,  41% used [0x04c20000, 0x04c6ffb8, 0x04ce0000)
  to   space 768K,   0% used [0x04ce0000, 0x04ce0000, 0x04da0000)
 tenured generation   total 25748K, used 25475K [0x09b50000, 0x0b475000, 0x14600000)
   the space 25748K,  98% used [0x09b50000, 0x0b430fb8, 0x0b431000, 0x0b475000)
 Metaspace       used 9686K, capacity 9946K, committed 10112K, reserved 10624K

Card table byte_map: [0x00d90000,0x00e20000] byte_map_base: 0x00d6d000

Polling page: 0x00140000

CodeCache: size=32768Kb used=1447Kb max_used=1447Kb free=31321Kb
 bounds [0x02470000, 0x025e0000, 0x04470000]
 total_blobs=772 nmethods=527 adapters=176
 compilation: enabled

Compilation events (10 events):
Event: 1.040 Thread 0x14cc5c00  481             java.lang.String::<init> (21 bytes)
Event: 1.040 Thread 0x14cc5c00 nmethod 481 0x025cc388 code [0x025cc480, 0x025cc520]
Event: 1.040 Thread 0x14cc5c00  482             gnu.io.RXTXCommDriver::registerValidPorts (242 bytes)
Event: 1.041 Thread 0x14cc5c00 nmethod 482 0x025cc588 code [0x025cc7a0, 0x025cd0cc]
Event: 1.041 Thread 0x14cc5c00  483             java.net.URL::getPath (5 bytes)
Event: 1.042 Thread 0x14cc5c00 nmethod 483 0x025cdc88 code [0x025cdd80, 0x025cde00]
Event: 1.043 Thread 0x14cc5c00  484             java.lang.invoke.MemberName::getDeclaringClass (5 bytes)
Event: 1.043 Thread 0x14cc5c00 nmethod 484 0x025cdf48 code [0x025ce040, 0x025ce0c0]
Event: 1.045 Thread 0x14cc5c00  486             java.net.URL::getAuthority (5 bytes)
Event: 1.045 Thread 0x14cc5c00 nmethod 486 0x025ce108 code [0x025ce200, 0x025ce280]

GC Heap History (10 events):
Event: 0.997 GC heap before
{Heap before GC invocations=31 (full 1):
 def new generation   total 7040K, used 3438K [0x04600000, 0x04da0000, 0x09b50000)
  eden space 6272K,  53% used [0x04600000, 0x0494a490, 0x04c20000)
  from space 768K,   9% used [0x04ce0000, 0x04cf1508, 0x04da0000)
  to   space 768K,   0% used [0x04c20000, 0x04c20000, 0x04ce0000)
 tenured generation   total 20624K, used 20007K [0x09b50000, 0x0af74000, 0x14600000)
   the space 20624K,  97% used [0x09b50000, 0x0aed9f10, 0x0aeda000, 0x0af74000)
 Metaspace       used 9398K, capacity 9619K, committed 9728K, reserved 10624K
Event: 0.998 GC heap after
Heap after GC invocations=32 (full 1):
 def new generation   total 7040K, used 44K [0x04600000, 0x04da0000, 0x09b50000)
  eden space 6272K,   0% used [0x04600000, 0x04600000, 0x04c20000)
  from space 768K,   5% used [0x04c20000, 0x04c2b098, 0x04ce0000)
  to   space 768K,   0% used [0x04ce0000, 0x04ce0000, 0x04da0000)
 tenured generation   total 20624K, used 20007K [0x09b50000, 0x0af74000, 0x14600000)
   the space 20624K,  97% used [0x09b50000, 0x0aed9f10, 0x0aeda000, 0x0af74000)
 Metaspace       used 9398K, capacity 9619K, committed 9728K, reserved 10624K
}
Event: 1.001 GC heap before
{Heap before GC invocations=32 (full 1):
 def new generation   total 7040K, used 6316K [0x04600000, 0x04da0000, 0x09b50000)
  eden space 6272K, 100% used [0x04600000, 0x04c20000, 0x04c20000)
  from space 768K,   5% used [0x04c20000, 0x04c2b0c8, 0x04ce0000)
  to   space 768K,   0% used [0x04ce0000, 0x04ce0000, 0x04da0000)
 tenured generation   total 20624K, used 20007K [0x09b50000, 0x0af74000, 0x14600000)
   the space 20624K,  97% used [0x09b50000, 0x0aed9f10, 0x0aeda000, 0x0af74000)
 Metaspace       used 9408K, capacity 9651K, committed 9728K, reserved 10624K
Event: 1.003 GC heap after
Heap after GC invocations=33 (full 1):
 def new generation   total 7040K, used 44K [0x04600000, 0x04da0000, 0x09b50000)
  eden space 6272K,   0% used [0x04600000, 0x04600000, 0x04c20000)
  from space 768K,   5% used [0x04ce0000, 0x04ceb160, 0x04da0000)
  to   space 768K,   0% used [0x04c20000, 0x04c20000, 0x04ce0000)
 tenured generation   total 25748K, used 25127K [0x09b50000, 0x0b475000, 0x14600000)
   the space 25748K,  97% used [0x09b50000, 0x0b3d9f20, 0x0b3da000, 0x0b475000)
 Metaspace       used 9408K, capacity 9651K, committed 9728K, reserved 10624K
}
Event: 1.013 GC heap before
{Heap before GC invocations=33 (full 1):
 def new generation   total 7040K, used 6316K [0x04600000, 0x04da0000, 0x09b50000)
  eden space 6272K, 100% used [0x04600000, 0x04c20000, 0x04c20000)
  from space 768K,   5% used [0x04ce0000, 0x04ceb160, 0x04da0000)
  to   space 768K,   0% used [0x04c20000, 0x04c20000, 0x04ce0000)
 tenured generation   total 25748K, used 25127K [0x09b50000, 0x0b475000, 0x14600000)
   the space 25748K,  97% used [0x09b50000, 0x0b3d9f20, 0x0b3da000, 0x0b475000)
 Metaspace       used 9554K, capacity 9779K, committed 9856K, reserved 10624K
Event: 1.014 GC heap after
Heap after GC invocations=34 (full 1):
 def new generation   total 7040K, used 70K [0x04600000, 0x04da0000, 0x09b50000)
  eden space 6272K,   0% used [0x04600000, 0x04600000, 0x04c20000)
  from space 768K,   9% used [0x04c20000, 0x04c31888, 0x04ce0000)
  to   space 768K,   0% used [0x04ce0000, 0x04ce0000, 0x04da0000)
 tenured generation   total 25748K, used 25127K [0x09b50000, 0x0b475000, 0x14600000)
   the space 25748K,  97% used [0x09b50000, 0x0b3d9f20, 0x0b3da000, 0x0b475000)
 Metaspace       used 9554K, capacity 9779K, committed 9856K, reserved 10624K
}
Event: 1.026 GC heap before
{Heap before GC invocations=34 (full 1):
 def new generation   total 7040K, used 6342K [0x04600000, 0x04da0000, 0x09b50000)
  eden space 6272K, 100% used [0x04600000, 0x04c20000, 0x04c20000)
  from space 768K,   9% used [0x04c20000, 0x04c31888, 0x04ce0000)
  to   space 768K,   0% used [0x04ce0000, 0x04ce0000, 0x04da0000)
 tenured generation   total 25748K, used 25127K [0x09b50000, 0x0b475000, 0x14600000)
   the space 25748K,  97% used [0x09b50000, 0x0b3d9f20, 0x0b3da000, 0x0b475000)
 Metaspace       used 9595K, capacity 9843K, committed 9984K, reserved 10624K
Event: 1.027 GC heap after
Heap after GC invocations=35 (full 1):
 def new generation   total 7040K, used 140K [0x04600000, 0x04da0000, 0x09b50000)
  eden space 6272K,   0% used [0x04600000, 0x04600000, 0x04c20000)
  from space 768K,  18% used [0x04ce0000, 0x04d032f8, 0x04da0000)
  to   space 768K,   0% used [0x04c20000, 0x04c20000, 0x04ce0000)
 tenured generation   total 25748K, used 25127K [0x09b50000, 0x0b475000, 0x14600000)
   the space 25748K,  97% used [0x09b50000, 0x0b3d9f20, 0x0b3da000, 0x0b475000)
 Metaspace       used 9595K, capacity 9843K, committed 9984K, reserved 10624K
}
Event: 1.038 GC heap before
{Heap before GC invocations=35 (full 1):
 def new generation   total 7040K, used 6412K [0x04600000, 0x04da0000, 0x09b50000)
  eden space 6272K, 100% used [0x04600000, 0x04c20000, 0x04c20000)
  from space 768K,  18% used [0x04ce0000, 0x04d032f8, 0x04da0000)
  to   space 768K,   0% used [0x04c20000, 0x04c20000, 0x04ce0000)
 tenured generation   total 25748K, used 25127K [0x09b50000, 0x0b475000, 0x14600000)
   the space 25748K,  97% used [0x09b50000, 0x0b3d9f20, 0x0b3da000, 0x0b475000)
 Metaspace       used 9595K, capacity 9843K, committed 9984K, reserved 10624K
Event: 1.039 GC heap after
Heap after GC invocations=36 (full 1):
 def new generation   total 7040K, used 500K [0x04600000, 0x04da0000, 0x09b50000)
  eden space 6272K,   0% used [0x04600000, 0x04600000, 0x04c20000)
  from space 768K,  65% used [0x04c20000, 0x04c9d1a0, 0x04ce0000)
  to   space 768K,   0% used [0x04ce0000, 0x04ce0000, 0x04da0000)
 tenured generation   total 25748K, used 25127K [0x09b50000, 0x0b475000, 0x14600000)
   the space 25748K,  97% used [0x09b50000, 0x0b3d9f20, 0x0b3da000, 0x0b475000)
 Metaspace       used 9595K, capacity 9843K, committed 9984K, reserved 10624K
}

Deoptimization events (0 events):
No events

Classes redefined (0 events):
No events

Internal exceptions (10 events):
Event: 0.117 Thread 0x004adc00 Exception <a 'java/io/FileNotFoundException'> (0x0473b6e0) thrown at [C:\workspace\8-2-build-windows-i586-cygwin\jdk8u181\11358\hotspot\src\share\vm\prims\jni.cpp, line 709]
Event: 0.143 Thread 0x004adc00 Exception <a 'java/lang/NoSuchFieldError': method resolution failed> (0x047f90a0) thrown at [C:\workspace\8-2-build-windows-i586-cygwin\jdk8u181\11358\hotspot\src\share\vm\prims\methodHandles.cpp, line 1167]
Event: 0.144 Thread 0x004adc00 Exception <a 'java/lang/NoSuchFieldError': method resolution failed> (0x04805240) thrown at [C:\workspace\8-2-build-windows-i586-cygwin\jdk8u181\11358\hotspot\src\share\vm\prims\methodHandles.cpp, line 1167]
Event: 0.192 Thread 0x004adc00 Exception <a 'java/io/FileNotFoundException'> (0x048eb880) thrown at [C:\workspace\8-2-build-windows-i586-cygwin\jdk8u181\11358\hotspot\src\share\vm\prims\jni.cpp, line 709]
Event: 0.780 Thread 0x004adc00 Exception <a 'java/io/FileNotFoundException'> (0x0461b028) thrown at [C:\workspace\8-2-build-windows-i586-cygwin\jdk8u181\11358\hotspot\src\share\vm\prims\jni.cpp, line 709]
Event: 0.780 Thread 0x004adc00 Exception <a 'java/lang/NullPointerException'> (0x0461b618) thrown at [C:\workspace\8-2-build-windows-i586-cygwin\jdk8u181\11358\hotspot\src\share\vm\interpreter\linkResolver.cpp, line 1185]
Event: 0.992 Thread 0x004adc00 Exception <a 'java/io/FileNotFoundException'> (0x04661d18) thrown at [C:\workspace\8-2-build-windows-i586-cygwin\jdk8u181\11358\hotspot\src\share\vm\prims\jni.cpp, line 709]
Event: 1.016 Thread 0x004adc00 Exception <a 'java/io/FileNotFoundException'> (0x046a97e0) thrown at [C:\workspace\8-2-build-windows-i586-cygwin\jdk8u181\11358\hotspot\src\share\vm\prims\jni.cpp, line 709]
Event: 1.016 Thread 0x004adc00 Exception <a 'java/io/FileNotFoundException'> (0x04703fd8) thrown at [C:\workspace\8-2-build-windows-i586-cygwin\jdk8u181\11358\hotspot\src\share\vm\prims\jni.cpp, line 709]
Event: 1.040 Thread 0x004adc00 Exception <a 'java/io/FileNotFoundException'> (0x046a9df0) thrown at [C:\workspace\8-2-build-windows-i586-cygwin\jdk8u181\11358\hotspot\src\share\vm\prims\jni.cpp, line 709]

Events (10 events):
Event: 1.044 Thread 0x004adc00 Thread exited: 0x004adc00
Event: 1.044 Thread 0x1544f000 Thread added: 0x1544f000
Event: 1.045 loading class gnu/io/RXTXPort$SerialOutputStream
Event: 1.045 loading class gnu/io/RXTXPort$SerialOutputStream done
Event: 1.045 loading class gnu/io/RXTXPort$SerialInputStream
Event: 1.045 loading class gnu/io/RXTXPort$SerialInputStream done
Event: 1.046 loading class gnu/io/Zystem
Event: 1.046 loading class gnu/io/Zystem done
Event: 1.046 loading class gnu/io/UnSupportedLoggerException
Event: 1.046 loading class gnu/io/UnSupportedLoggerException done


Dynamic libraries:
0x01030000 - 0x01063000 	D:\Program Files (x86)\Java\jre\bin\javaw.exe
0x77330000 - 0x774b0000 	C:\windows\SysWOW64\ntdll.dll
0x75c90000 - 0x75da0000 	C:\windows\syswow64\kernel32.dll
0x75980000 - 0x759c7000 	C:\windows\syswow64\KERNELBASE.dll
0x75690000 - 0x75731000 	C:\windows\syswow64\ADVAPI32.dll
0x758a0000 - 0x7594c000 	C:\windows\syswow64\msvcrt.dll
0x76d50000 - 0x76d69000 	C:\windows\SysWOW64\sechost.dll
0x759d0000 - 0x75ac0000 	C:\windows\syswow64\RPCRT4.dll
0x74aa0000 - 0x74b00000 	C:\windows\syswow64\SspiCli.dll
0x74a90000 - 0x74a9c000 	C:\windows\syswow64\CRYPTBASE.dll
0x75dd0000 - 0x75ed0000 	C:\windows\syswow64\USER32.dll
0x76dd0000 - 0x76e60000 	C:\windows\syswow64\GDI32.dll
0x74b20000 - 0x74b2a000 	C:\windows\syswow64\LPK.dll
0x74c40000 - 0x74cdd000 	C:\windows\syswow64\USP10.dll
0x6a0a0000 - 0x6a23e000 	C:\windows\WinSxS\x86_microsoft.windows.common-controls_6595b64144ccf1df_6.0.7601.18837_none_41e855142bd5705d\COMCTL32.dll
0x753b0000 - 0x75407000 	C:\windows\syswow64\SHLWAPI.dll
0x76d70000 - 0x76dd0000 	C:\windows\system32\IMM32.DLL
0x75160000 - 0x7522d000 	C:\windows\syswow64\MSCTF.dll
0x74850000 - 0x7487b000 	C:\windows\SysWOW64\nvinit.dll
0x749c0000 - 0x749c9000 	C:\windows\system32\VERSION.dll
0x69fc0000 - 0x69fc6000 	C:\Program Files (x86)\NVIDIA Corporation\CoProcManager\detoured.dll
0x69f90000 - 0x69fba000 	C:\Program Files (x86)\NVIDIA Corporation\CoProcManager\nvd3d9wrap.dll
0x76b30000 - 0x76ccd000 	C:\windows\syswow64\SETUPAPI.dll
0x75da0000 - 0x75dc7000 	C:\windows\syswow64\CFGMGR32.dll
0x76e70000 - 0x76f01000 	C:\windows\syswow64\OLEAUT32.dll
0x75740000 - 0x7589d000 	C:\windows\syswow64\ole32.dll
0x75950000 - 0x75962000 	C:\windows\syswow64\DEVOBJ.dll
0x69f70000 - 0x69f8e000 	C:\Program Files (x86)\NVIDIA Corporation\CoProcManager\nvdxgiwrap.dll
0x60780000 - 0x6083f000 	D:\Program Files (x86)\Java\jre\bin\msvcr100.dll
0x5f170000 - 0x5f543000 	D:\Program Files (x86)\Java\jre\bin\client\jvm.dll
0x69810000 - 0x69817000 	C:\windows\system32\WSOCK32.dll
0x76f10000 - 0x76f45000 	C:\windows\syswow64\WS2_32.dll
0x74b10000 - 0x74b16000 	C:\windows\syswow64\NSI.dll
0x70a00000 - 0x70a32000 	C:\windows\system32\WINMM.dll
0x75bf0000 - 0x75bf5000 	C:\windows\syswow64\PSAPI.DLL
0x66830000 - 0x6683c000 	D:\Program Files (x86)\Java\jre\bin\verify.dll
0x60950000 - 0x60972000 	D:\Program Files (x86)\Java\jre\bin\java.dll
0x65520000 - 0x65534000 	D:\Program Files (x86)\Java\jre\bin\zip.dll
0x75ee0000 - 0x76b2c000 	C:\windows\syswow64\SHELL32.dll
0x750e0000 - 0x750eb000 	C:\windows\syswow64\profapi.dll
0x60630000 - 0x60777000 	D:\Program Files (x86)\Java\jre\bin\awt.dll
0x67670000 - 0x676f0000 	C:\windows\system32\uxtheme.dll
0x67650000 - 0x67663000 	C:\windows\system32\dwmapi.dll
0x659e0000 - 0x659f5000 	D:\Program Files (x86)\Java\jre\bin\net.dll
0x73d10000 - 0x73d4c000 	C:\windows\system32\mswsock.dll
0x6be40000 - 0x6be46000 	C:\windows\System32\wship6.dll
0x73d00000 - 0x73d05000 	C:\windows\System32\wshtcpip.dll
0x73bf0000 - 0x73c34000 	C:\windows\system32\DNSAPI.dll
0x73bb0000 - 0x73bd1000 	C:\Program Files (x86)\Bonjour\mdnsNSP.dll
0x74680000 - 0x7469c000 	C:\windows\system32\Iphlpapi.DLL
0x74670000 - 0x74677000 	C:\windows\system32\WINNSI.DLL
0x73a20000 - 0x73a26000 	C:\windows\system32\rasadhlp.dll
0x6be00000 - 0x6be38000 	C:\windows\System32\fwpuclnt.dll
0x60430000 - 0x604f8000 	C:\windows\system32\opengl32.dll
0x60be0000 - 0x60c02000 	C:\windows\system32\GLU32.dll
0x60340000 - 0x60427000 	C:\windows\system32\DDRAW.dll
0x66e50000 - 0x66e56000 	C:\windows\system32\DCIMAN32.dll
0x608d0000 - 0x608f6000 	D:\Program Files (x86)\Java\jre\bin\jpeg.dll
0x74340000 - 0x74357000 	C:\windows\system32\CRYPTSP.dll
0x74300000 - 0x7433b000 	C:\windows\system32\rsaenh.dll
0x74b30000 - 0x74b47000 	C:\windows\syswow64\USERENV.dll
0x6c060000 - 0x6c0ac000 	C:\windows\system32\apphelp.dll
0x73d50000 - 0x73d62000 	C:\windows\system32\dhcpcsvc.DLL
0x73a10000 - 0x73a1d000 	C:\windows\system32\dhcpcsvc6.DLL
0x60890000 - 0x608c9000 	D:\Program Files (x86)\Java\jre\bin\fontmanager.dll
0x74b50000 - 0x74bd3000 	C:\windows\syswow64\CLBCatQ.DLL
0x67040000 - 0x67171000 	C:\windows\system32\WindowsCodecs.dll
0x640c0000 - 0x640da000 	C:\Program Files (x86)\Common Files\TortoiseOverlays\TortoiseOverlays.dll
0x716b0000 - 0x716b3000 	C:\windows\system32\api-ms-win-core-synch-l1-2-0.DLL
0x640a0000 - 0x640b7000 	D:\Program Files\TortoiseSVN\bin\TortoiseStub32.dll
0x61890000 - 0x61c06000 	D:\Program Files\TortoiseSVN\bin\TortoiseSVN32.dll
0x75ac0000 - 0x75be1000 	C:\windows\syswow64\CRYPT32.dll
0x75410000 - 0x7541c000 	C:\windows\syswow64\MSASN1.dll
0x74ce0000 - 0x750c1000 	C:\windows\syswow64\WININET.dll
0x74c30000 - 0x74c34000 	C:\windows\syswow64\api-ms-win-downlevel-user32-l1-1-0.dll
0x75ed0000 - 0x75ed4000 	C:\windows\syswow64\api-ms-win-downlevel-shlwapi-l1-1-0.dll
0x74b00000 - 0x74b04000 	C:\windows\syswow64\api-ms-win-downlevel-version-l1-1-0.dll
0x76e60000 - 0x76e63000 	C:\windows\syswow64\api-ms-win-downlevel-normaliz-l1-1-0.dll
0x75970000 - 0x75973000 	C:\windows\syswow64\normaliz.DLL
0x75450000 - 0x75686000 	C:\windows\syswow64\iertutil.dll
0x750d0000 - 0x750d5000 	C:\windows\syswow64\api-ms-win-downlevel-advapi32-l1-1-0.dll
0x616f0000 - 0x61884000 	C:\Program Files (x86)\Microsoft Office\root\Office16\GROOVEEX.DLL
0x64fb0000 - 0x64fc5000 	C:\windows\system32\VCRUNTIME140.dll
0x652c0000 - 0x652c4000 	C:\windows\system32\api-ms-win-crt-runtime-l1-1-0.dll
0x60220000 - 0x60338000 	D:\Program Files (x86)\Java\jre\bin\ucrtbase.DLL
0x60880000 - 0x60883000 	D:\Program Files (x86)\Java\jre\bin\api-ms-win-core-timezone-l1-1-0.dll
0x62c70000 - 0x62c73000 	D:\Program Files (x86)\Java\jre\bin\api-ms-win-core-file-l2-1-0.dll
0x60870000 - 0x60873000 	D:\Program Files (x86)\Java\jre\bin\api-ms-win-core-localization-l1-2-0.dll
0x60860000 - 0x60863000 	D:\Program Files (x86)\Java\jre\bin\api-ms-win-core-processthreads-l1-1-1.dll
0x60850000 - 0x60853000 	D:\Program Files (x86)\Java\jre\bin\api-ms-win-core-file-l1-2-0.dll
0x64060000 - 0x64064000 	C:\windows\system32\api-ms-win-crt-string-l1-1-0.dll
0x64050000 - 0x64053000 	C:\windows\system32\api-ms-win-crt-heap-l1-1-0.dll
0x64040000 - 0x64044000 	C:\windows\system32\api-ms-win-crt-stdio-l1-1-0.dll
0x64030000 - 0x64034000 	C:\windows\system32\api-ms-win-crt-convert-l1-1-0.dll
0x61680000 - 0x616ed000 	C:\windows\system32\MSVCP140.dll
0x65740000 - 0x65743000 	C:\windows\system32\api-ms-win-crt-locale-l1-1-0.dll
0x63d90000 - 0x63d95000 	C:\windows\system32\api-ms-win-crt-math-l1-1-0.dll
0x63d80000 - 0x63d85000 	C:\windows\system32\api-ms-win-crt-multibyte-l1-1-0.dll
0x63d70000 - 0x63d73000 	C:\windows\system32\api-ms-win-crt-time-l1-1-0.dll
0x62f40000 - 0x62f43000 	C:\windows\system32\api-ms-win-crt-filesystem-l1-1-0.dll
0x62f30000 - 0x62f33000 	C:\windows\system32\api-ms-win-crt-environment-l1-1-0.dll
0x62e70000 - 0x62e73000 	C:\windows\system32\api-ms-win-crt-utility-l1-1-0.dll
0x73e80000 - 0x740c6000 	C:\windows\system32\msi.dll
0x60c10000 - 0x61470000 	C:\Program Files (x86)\Microsoft Office\root\Office16\2052\GrooveIntlResource.dll
0x60900000 - 0x60931000 	C:\windows\system32\EhStorShell.dll
0x695c0000 - 0x696b5000 	C:\windows\system32\PROPSYS.dll
0x63fc0000 - 0x64030000 	C:\windows\system32\ntshrui.dll
0x746b0000 - 0x746c9000 	C:\windows\system32\srvcli.dll
0x6a270000 - 0x6a27b000 	C:\windows\system32\cscapi.dll
0x652d0000 - 0x652da000 	C:\windows\system32\slc.dll
0x14b30000 - 0x14b42000 	D:\Program Files (x86)\Java\jre\bin\rxtxSerial.dll
0x6c240000 - 0x6c267000 	C:\windows\system32\crtdll.dll
0x60840000 - 0x6084f000 	D:\Program Files (x86)\Java\jre\bin\nio.dll
0x605f0000 - 0x60622000 	D:\Program Files (x86)\Java\jre\bin\t2k.dll
0x73d90000 - 0x73e7b000 	C:\windows\system32\dbghelp.dll

VM Arguments:
jvm_args: -Dfile.encoding=GBK 
java_command: com.js.jhjs.MainClass
java_class_path (initial): F:\java2017proj\mainCanteen\bin;E:\opensource\gson-2.8.5.jar;E:\opensource\mysql-connector-java-5.1.39\mysql-connector-java-5.1.39\mysql-connector-java-5.1.39-bin.jar;E:\opensource\jna-3.2.5.jar\jna-3.2.5.jar;E:\opensource\rxtx-2.1-7-bins-r2\RXTXcomm.jar;E:\opensource\httpcomponents-client-4.5.6-bin\httpcomponents-client-4.5.6\lib\commons-codec-1.10.jar;E:\opensource\httpcomponents-client-4.5.6-bin\httpcomponents-client-4.5.6\lib\commons-logging-1.2.jar;E:\opensource\httpcomponents-client-4.5.6-bin\httpcomponents-client-4.5.6\lib\fluent-hc-4.5.6.jar;E:\opensource\httpcomponents-client-4.5.6-bin\httpcomponents-client-4.5.6\lib\httpclient-4.5.6.jar;E:\opensource\httpcomponents-client-4.5.6-bin\httpcomponents-client-4.5.6\lib\httpclient-cache-4.5.6.jar;E:\opensource\httpcomponents-client-4.5.6-bin\httpcomponents-client-4.5.6\lib\httpclient-win-4.5.6.jar;E:\opensource\httpcomponents-client-4.5.6-bin\httpcomponents-client-4.5.6\lib\httpcore-4.4.10.jar;E:\opensource\httpcomponents-client-4.5.6-bin\httpcomponents-client-4.5.6\lib\httpmime-4.5.6.jar;E:\opensource\httpcomponents-client-4.5.6-bin\httpcomponents-client-4.5.6\lib\jna-4.4.0.jar;E:\opensource\httpcomponents-client-4.5.6-bin\httpcomponents-client-4.5.6\lib\jna-platform-4.4.0.jar;E:\opensource\mybatis-3.4.6\mybatis-3.4.6.jar
Launcher Type: SUN_STANDARD

Environment Variables:
JAVA_HOME=D:\Program Files\Java\jdk1.8
CLASSPATH=.;D:\Program Files\Java\jdk1.8\lib\dt.jar;D:\Program Files\Java\jdk1.8\lib\tools.jar;
PATH=C:\Program Files (x86)\Common Files\Oracle\Java\javapath;G:\sdk\tools\lib\monitor-x86_64\jre\bin\javaw.exe;C:\Windows\System32;F:\soui\bin;D:\CTEX\CTeX\ty\bin;D:\CTEX\Ghostscript\gs9.05\bin;D:\CTEX\GSview\gsview;D:\CTEX\WinEdt;D:\Python35;D:\Python35\Scripts;D:\Program Files\Git\cmd;C:\Program Files (x86)\Common Files\Thunder Network\KanKan\Codecs;C:\Program Files\Microsoft VS Code\bin;C:\Users\bonjava\AppData\Local\GitHubDesktop\bin
USERNAME=Administrator
OS=Windows_NT
PROCESSOR_IDENTIFIER=Intel64 Family 6 Model 60 Stepping 3, GenuineIntel



---------------  S Y S T E M  ---------------

OS: Windows 7 , 64 bit Build 7601 (6.1.7601.24214)

CPU:total 8 (initial active 8) (4 cores per cpu, 2 threads per core) family 6 model 60 stepping 3, cmov, cx8, fxsr, mmx, sse, sse2, sse3, ssse3, sse4.1, sse4.2, popcnt, avx, avx2, aes, clmul, erms, lzcnt, ht, tsc, tscinvbit, bmi1, bmi2

Memory: 4k page, physical 16663584k(10448640k free), swap 17710260k(11041304k free)

vm_info: Java HotSpot(TM) Client VM (25.181-b13) for windows-x86 JRE (1.8.0_181-b13), built on Jul  7 2018 03:18:20 by "java_re" with MS VC++ 10.0 (VS2010)

time: Wed Sep 05 21:38:34 2018
elapsed time: 1 seconds (0d 0h 0m 1s)

