#
# A fatal error has been detected by the Java Runtime Environment:
#
#  EXCEPTION_ACCESS_VIOLATION (0xc0000005) at pc=0x00dd320b, pid=9828, tid=0x00002494
#
# JRE version: Java(TM) SE Runtime Environment (8.0_181-b13) (build 1.8.0_181-b13)
# Java VM: Java HotSpot(TM) Client VM (25.181-b13 mixed mode windows-x86 )
# Problematic frame:
# C  [rxtxSerial.dll+0x320b]
#
# Failed to write core dump. Minidumps are not enabled by default on client versions of Windows
#
# If you would like to submit a bug report, please visit:
#   http://bugreport.java.com/bugreport/crash.jsp
# The crash happened outside the Java Virtual Machine in native code.
# See problematic frame for where to report the bug.
#

---------------  T H R E A D  ---------------

Current thread (0x14d97000):  JavaThread "Thread-5" [_thread_in_native, id=9364, stack(0x15d10000,0x15d60000)]

siginfo: ExceptionCode=0xc0000005, reading address 0x00000060

Registers:
EAX=0x00000000, EBX=0x5f4bb910, ECX=0x15d5f398, EDX=0x15d5f328
ESP=0x15d5f700, EBP=0x15d5f798, ESI=0x1597c520, EDI=0x14d97000
EIP=0x00dd320b, EFLAGS=0x00010202

Top of Stack: (sp=0x15d5f700)
0x15d5f700:   14d97000 0000000b 0000001d 00000002
0x15d5f710:   15d5f744 5f3e7273 14d97000 94b2b0b8
0x15d5f720:   00000000 14d97000 00000000 15d5f71c
0x15d5f730:   00000000 00000000 00000000 00000000
0x15d5f740:   fffffffe 00000022 ffffffff 152e04b0
0x15d5f750:   00000000 00fffff8 5f4bba0e 14d97000
0x15d5f760:   15d5f798 6c24e5f4 15d5f778 00dd673e
0x15d5f770:   15d5f7ac 1597c520 15d5f7fb 7fffffdc 

Instructions: (pc=0x00dd320b)
0x00dd31eb:   04 85 c0 74 0c 8b 45 fc c7 40 78 04 00 00 00 eb
0x00dd31fb:   0a 8b 45 fc c7 40 78 00 00 00 00 a1 00 d0 dd 00
0x00dd320b:   83 78 60 00 75 2d 83 c4 fc 8b 45 fc 50 68 40 30
0x00dd321b:   dd 00 8d 85 70 ff ff ff 50 e8 3f 97 00 00 83 c4 


Register to memory mapping:

EAX=0x00000000 is an unknown value
EBX=0x5f4bb910 is an unknown value
ECX=0x15d5f398 is pointing into the stack for thread: 0x14d97000
EDX=0x15d5f328 is pointing into the stack for thread: 0x14d97000
ESP=0x15d5f700 is pointing into the stack for thread: 0x14d97000
EBP=0x15d5f798 is pointing into the stack for thread: 0x14d97000
ESI=0x1597c520 is pointing into metadata
EDI=0x14d97000 is a thread


Stack: [0x15d10000,0x15d60000],  sp=0x15d5f700,  free space=317k
Native frames: (J=compiled Java code, j=interpreted, Vv=VM code, C=native code)
C  [rxtxSerial.dll+0x320b]
C  [rxtxSerial.dll+0x6988]
j  gnu.io.RXTXPort.open(Ljava/lang/String;)I+0
j  gnu.io.RXTXPort.<init>(Ljava/lang/String;)V+114
j  gnu.io.RXTXCommDriver.getCommPort(Ljava/lang/String;I)Lgnu/io/CommPort;+78
j  gnu.io.CommPortIdentifier.open(Ljava/lang/String;I)Lgnu/io/CommPort;+80
j  com.js.jhjs.wmFrame$SerialTools.openSerialPort(Lgnu/io/CommPortIdentifier;I)Z+5
j  com.js.jhjs.wmFrame.lambda$1(Lcom/js/jhjs/wmFrame$SerialTools;Lgnu/io/CommPortIdentifier;)V+4
j  com.js.jhjs.wmFrame$$Lambda$29.run()V+8
j  java.lang.Thread.run()V+11
v  ~StubRoutines::call_stub
V  [jvm.dll+0x15c065]
V  [jvm.dll+0x223ade]
V  [jvm.dll+0x15c0fe]
V  [jvm.dll+0x15c286]
V  [jvm.dll+0x15c2f7]
V  [jvm.dll+0x10016f]
V  [jvm.dll+0x17f280]
V  [jvm.dll+0x17fafa]
V  [jvm.dll+0x1c5416]
C  [msvcr100.dll+0x5c556]
C  [msvcr100.dll+0x5c600]
C  [kernel32.dll+0x1343d]
C  [ntdll.dll+0x39832]
C  [ntdll.dll+0x39805]
C  0x00000000

Java frames: (J=compiled Java code, j=interpreted, Vv=VM code)
j  gnu.io.RXTXPort.open(Ljava/lang/String;)I+0
j  gnu.io.RXTXPort.<init>(Ljava/lang/String;)V+114
j  gnu.io.RXTXCommDriver.getCommPort(Ljava/lang/String;I)Lgnu/io/CommPort;+78
j  gnu.io.CommPortIdentifier.open(Ljava/lang/String;I)Lgnu/io/CommPort;+80
j  com.js.jhjs.wmFrame$SerialTools.openSerialPort(Lgnu/io/CommPortIdentifier;I)Z+5
j  com.js.jhjs.wmFrame.lambda$1(Lcom/js/jhjs/wmFrame$SerialTools;Lgnu/io/CommPortIdentifier;)V+4
j  com.js.jhjs.wmFrame$$Lambda$29.run()V+8
j  java.lang.Thread.run()V+11
v  ~StubRoutines::call_stub

---------------  P R O C E S S  ---------------

Java Threads: ( => current thread )
  0x153f6000 JavaThread "Thread-4" [_thread_in_native, id=7728, stack(0x15e50000,0x15ea0000)]
  0x15263000 JavaThread "Thread-3" [_thread_in_native, id=9680, stack(0x15f10000,0x15f60000)]
=>0x14d97000 JavaThread "Thread-5" [_thread_in_native, id=9364, stack(0x15d10000,0x15d60000)]
  0x152de400 JavaThread "Thread-1" [_thread_in_native, id=8908, stack(0x15b60000,0x15bb0000)]
  0x15249800 JavaThread "Image Fetcher 0" daemon [_thread_blocked, id=6160, stack(0x16770000,0x167c0000)]
  0x151a9c00 JavaThread "Abandoned connection cleanup thread" daemon [_thread_blocked, id=5716, stack(0x162e0000,0x16330000)]
  0x00bcdc00 JavaThread "DestroyJavaVM" [_thread_blocked, id=220, stack(0x00e90000,0x00ee0000)]
  0x150dec00 JavaThread "AWT-EventQueue-0" [_thread_in_Java, id=6788, stack(0x15920000,0x15970000)]
  0x150dcc00 JavaThread "AWT-Windows" daemon [_thread_in_native, id=4424, stack(0x15760000,0x157b0000)]
  0x150dc400 JavaThread "AWT-Shutdown" [_thread_blocked, id=9660, stack(0x156e0000,0x15730000)]
  0x150d9c00 JavaThread "Java2D Disposer" daemon [_thread_blocked, id=1740, stack(0x047a0000,0x047f0000)]
  0x14d0cc00 JavaThread "Service Thread" daemon [_thread_blocked, id=1812, stack(0x14ff0000,0x15040000)]
  0x14ce5c00 JavaThread "C1 CompilerThread0" daemon [_thread_blocked, id=9928, stack(0x14f50000,0x14fa0000)]
  0x14ce4c00 JavaThread "Attach Listener" daemon [_thread_blocked, id=1440, stack(0x00ee0000,0x00f30000)]
  0x00dcc800 JavaThread "Signal Dispatcher" daemon [_thread_blocked, id=9356, stack(0x01130000,0x01180000)]
  0x00dc2c00 JavaThread "Finalizer" daemon [_thread_blocked, id=1492, stack(0x00f90000,0x00fe0000)]
  0x00dbcc00 JavaThread "Reference Handler" daemon [_thread_blocked, id=3396, stack(0x011d0000,0x01220000)]

Other Threads:
  0x00db5800 VMThread [stack: 0x01000000,0x01050000] [id=7220]
  0x14d17400 WatcherThread [stack: 0x15060000,0x150b0000] [id=9340]

VM state:not at safepoint (normal execution)

VM Mutex/Monitor currently owned by a thread: None

Heap:
 def new generation   total 7104K, used 6125K [0x04800000, 0x04fb0000, 0x09d50000)
  eden space 6336K,  96% used [0x04800000, 0x04dfb528, 0x04e30000)
  from space 768K,   0% used [0x04e30000, 0x04e30000, 0x04ef0000)
  to   space 768K,   0% used [0x04ef0000, 0x04ef0000, 0x04fb0000)
 tenured generation   total 15628K, used 9374K [0x09d50000, 0x0ac93000, 0x14800000)
   the space 15628K,  59% used [0x09d50000, 0x0a677a38, 0x0a677c00, 0x0ac93000)
 Metaspace       used 8811K, capacity 9038K, committed 9088K, reserved 9600K

Card table byte_map: [0x00bd0000,0x00c60000] byte_map_base: 0x00bac000

Polling page: 0x00160000

CodeCache: size=32768Kb used=1033Kb max_used=1033Kb free=31735Kb
 bounds [0x026c0000, 0x027c8000, 0x046c0000]
 total_blobs=495 nmethods=255 adapters=171
 compilation: enabled

Compilation events (10 events):
Event: 0.534 Thread 0x14ce5c00  240             gnu.io.RXTXCommDriver::registerValidPorts (242 bytes)
Event: 0.536 Thread 0x14ce5c00 nmethod 240 0x027bc388 code [0x027bc5a0, 0x027bcecc]
Event: 0.539 Thread 0x14ce5c00  242             java.lang.String::lastIndexOf (13 bytes)
Event: 0.539 Thread 0x14ce5c00 nmethod 242 0x027bdd08 code [0x027bde10, 0x027bdeac]
Event: 0.545 Thread 0x14ce5c00  243             java.net.URL::getHost (5 bytes)
Event: 0.545 Thread 0x14ce5c00 nmethod 243 0x027bdf48 code [0x027be040, 0x027be0c0]
Event: 0.546 Thread 0x14ce5c00  244             java.lang.Character::toUpperCase (6 bytes)
Event: 0.546 Thread 0x14ce5c00 nmethod 244 0x027be308 code [0x027be410, 0x027be4b8]
Event: 0.548 Thread 0x14ce5c00  245             java.lang.Class::getClassLoader0 (5 bytes)
Event: 0.548 Thread 0x14ce5c00 nmethod 245 0x027be548 code [0x027be640, 0x027be6c0]

GC Heap History (7 events):
Event: 0.209 GC heap before
{Heap before GC invocations=0 (full 0):
 def new generation   total 4928K, used 4416K [0x04800000, 0x04d50000, 0x09d50000)
  eden space 4416K, 100% used [0x04800000, 0x04c50000, 0x04c50000)
  from space 512K,   0% used [0x04c50000, 0x04c50000, 0x04cd0000)
  to   space 512K,   0% used [0x04cd0000, 0x04cd0000, 0x04d50000)
 tenured generation   total 10944K, used 0K [0x09d50000, 0x0a800000, 0x14800000)
   the space 10944K,   0% used [0x09d50000, 0x09d50000, 0x09d50200, 0x0a800000)
 Metaspace       used 4353K, capacity 4519K, committed 4608K, reserved 5504K
Event: 0.213 GC heap after
Heap after GC invocations=1 (full 0):
 def new generation   total 4928K, used 512K [0x04800000, 0x04d50000, 0x09d50000)
  eden space 4416K,   0% used [0x04800000, 0x04800000, 0x04c50000)
  from space 512K, 100% used [0x04cd0000, 0x04d50000, 0x04d50000)
  to   space 512K,   0% used [0x04c50000, 0x04c50000, 0x04cd0000)
 tenured generation   total 10944K, used 959K [0x09d50000, 0x0a800000, 0x14800000)
   the space 10944K,   8% used [0x09d50000, 0x09e3fef0, 0x09e40000, 0x0a800000)
 Metaspace       used 4353K, capacity 4519K, committed 4608K, reserved 5504K
}
Event: 0.304 GC heap before
{Heap before GC invocations=1 (full 0):
 def new generation   total 4928K, used 4928K [0x04800000, 0x04d50000, 0x09d50000)
  eden space 4416K, 100% used [0x04800000, 0x04c50000, 0x04c50000)
  from space 512K, 100% used [0x04cd0000, 0x04d50000, 0x04d50000)
  to   space 512K,   0% used [0x04c50000, 0x04c50000, 0x04cd0000)
 tenured generation   total 10944K, used 959K [0x09d50000, 0x0a800000, 0x14800000)
   the space 10944K,   8% used [0x09d50000, 0x09e3fef0, 0x09e40000, 0x0a800000)
 Metaspace       used 5857K, capacity 6025K, committed 6144K, reserved 6528K
Event: 0.307 GC heap after
Heap after GC invocations=2 (full 0):
 def new generation   total 4928K, used 512K [0x04800000, 0x04d50000, 0x09d50000)
  eden space 4416K,   0% used [0x04800000, 0x04800000, 0x04c50000)
  from space 512K, 100% used [0x04c50000, 0x04cd0000, 0x04cd0000)
  to   space 512K,   0% used [0x04cd0000, 0x04cd0000, 0x04d50000)
 tenured generation   total 10944K, used 2572K [0x09d50000, 0x0a800000, 0x14800000)
   the space 10944K,  23% used [0x09d50000, 0x09fd3140, 0x09fd3200, 0x0a800000)
 Metaspace       used 5857K, capacity 6025K, committed 6144K, reserved 6528K
}
Event: 0.449 GC heap before
{Heap before GC invocations=2 (full 0):
 def new generation   total 4928K, used 4923K [0x04800000, 0x04d50000, 0x09d50000)
  eden space 4416K,  99% used [0x04800000, 0x04c4efc8, 0x04c50000)
  from space 512K, 100% used [0x04c50000, 0x04cd0000, 0x04cd0000)
  to   space 512K,   0% used [0x04cd0000, 0x04cd0000, 0x04d50000)
 tenured generation   total 10944K, used 7692K [0x09d50000, 0x0a800000, 0x14800000)
   the space 10944K,  70% used [0x09d50000, 0x0a4d3150, 0x0a4d3200, 0x0a800000)
 Metaspace       used 7442K, capacity 7636K, committed 7680K, reserved 8576K
Event: 0.451 GC heap after
Heap after GC invocations=3 (full 0):
 def new generation   total 4928K, used 512K [0x04800000, 0x04d50000, 0x09d50000)
  eden space 4416K,   0% used [0x04800000, 0x04800000, 0x04c50000)
  from space 512K, 100% used [0x04cd0000, 0x04d50000, 0x04d50000)
  to   space 512K,   0% used [0x04c50000, 0x04c50000, 0x04cd0000)
 tenured generation   total 10944K, used 8445K [0x09d50000, 0x0a800000, 0x14800000)
   the space 10944K,  77% used [0x09d50000, 0x0a58f6e8, 0x0a58f800, 0x0a800000)
 Metaspace       used 7442K, capacity 7636K, committed 7680K, reserved 8576K
}
Event: 0.567 GC heap before
{Heap before GC invocations=3 (full 0):
 def new generation   total 4928K, used 4723K [0x04800000, 0x04d50000, 0x09d50000)
  eden space 4416K,  95% used [0x04800000, 0x04c1ce00, 0x04c50000)
  from space 512K, 100% used [0x04cd0000, 0x04d50000, 0x04d50000)
  to   space 512K,   0% used [0x04c50000, 0x04c50000, 0x04cd0000)
 tenured generation   total 10944K, used 8445K [0x09d50000, 0x0a800000, 0x14800000)
   the space 10944K,  77% used [0x09d50000, 0x0a58f6e8, 0x0a58f800, 0x0a800000)
 Metaspace       used 8562K, capacity 8809K, committed 8960K, reserved 9600K

Deoptimization events (0 events):
No events

Classes redefined (0 events):
No events

Internal exceptions (10 events):
Event: 0.130 Thread 0x00bcdc00 Exception <a 'java/lang/NoSuchFieldError': method resolution failed> (0x049e9a68) thrown at [C:\workspace\8-2-build-windows-i586-cygwin\jdk8u181\11358\hotspot\src\share\vm\prims\methodHandles.cpp, line 1167]
Event: 0.131 Thread 0x00bcdc00 Exception <a 'java/lang/NoSuchFieldError': method resolution failed> (0x049f5c08) thrown at [C:\workspace\8-2-build-windows-i586-cygwin\jdk8u181\11358\hotspot\src\share\vm\prims\methodHandles.cpp, line 1167]
Event: 0.181 Thread 0x150dec00 Exception <a 'java/io/FileNotFoundException'> (0x04b10710) thrown at [C:\workspace\8-2-build-windows-i586-cygwin\jdk8u181\11358\hotspot\src\share\vm\prims\jni.cpp, line 709]
Event: 0.477 Thread 0x150dec00 Exception <a 'java/io/FileNotFoundException'> (0x04affbe0) thrown at [C:\workspace\8-2-build-windows-i586-cygwin\jdk8u181\11358\hotspot\src\share\vm\prims\jni.cpp, line 709]
Event: 0.477 Thread 0x150dec00 Exception <a 'java/lang/NullPointerException'> (0x04b001d0) thrown at [C:\workspace\8-2-build-windows-i586-cygwin\jdk8u181\11358\hotspot\src\share\vm\interpreter\linkResolver.cpp, line 1185]
Event: 0.509 Thread 0x150dec00 Exception <a 'java/io/FileNotFoundException'> (0x04b68208) thrown at [C:\workspace\8-2-build-windows-i586-cygwin\jdk8u181\11358\hotspot\src\share\vm\prims\jni.cpp, line 709]
Event: 0.521 Thread 0x150dec00 Exception <a 'java/io/FileNotFoundException'> (0x04b7c840) thrown at [C:\workspace\8-2-build-windows-i586-cygwin\jdk8u181\11358\hotspot\src\share\vm\prims\jni.cpp, line 709]
Event: 0.522 Thread 0x150dec00 Exception <a 'java/io/FileNotFoundException'> (0x04b8aba0) thrown at [C:\workspace\8-2-build-windows-i586-cygwin\jdk8u181\11358\hotspot\src\share\vm\prims\jni.cpp, line 709]
Event: 0.534 Thread 0x150dec00 Exception <a 'java/io/FileNotFoundException'> (0x04b9eb68) thrown at [C:\workspace\8-2-build-windows-i586-cygwin\jdk8u181\11358\hotspot\src\share\vm\prims\jni.cpp, line 709]
Event: 0.558 Thread 0x1530bc00 Exception <a 'gnu/io/PortInUseException': No error in open> (0x04bcbe88) thrown at [C:\workspace\8-2-build-windows-i586-cygwin\jdk8u181\11358\hotspot\src\share\vm\prims\jni.cpp, line 735]

Events (10 events):
Event: 0.564 loading class sun/awt/image/BufferedImageGraphicsConfig done
Event: 0.564 loading class sun/print/PrinterGraphicsConfig
Event: 0.564 loading class sun/print/PrinterGraphicsConfig done
Event: 0.564 loading class sun/java2d/opengl/WGLGraphicsConfig
Event: 0.564 loading class sun/java2d/opengl/OGLGraphicsConfig
Event: 0.564 loading class sun/java2d/opengl/OGLGraphicsConfig done
Event: 0.564 loading class sun/java2d/opengl/WGLGraphicsConfig done
Event: 0.564 loading class sun/awt/image/BufImgVolatileSurfaceManager
Event: 0.564 loading class sun/awt/image/BufImgVolatileSurfaceManager done
Event: 0.564 Executing VM operation: GenCollectForAllocation


Dynamic libraries:
0x01280000 - 0x012b3000 	D:\Program Files (x86)\Java\jre\bin\javaw.exe
0x77060000 - 0x771e0000 	C:\windows\SysWOW64\ntdll.dll
0x768e0000 - 0x769f0000 	C:\windows\syswow64\kernel32.dll
0x76370000 - 0x763b7000 	C:\windows\syswow64\KERNELBASE.dll
0x76250000 - 0x762f1000 	C:\windows\syswow64\ADVAPI32.dll
0x760d0000 - 0x7617c000 	C:\windows\syswow64\msvcrt.dll
0x74c00000 - 0x74c19000 	C:\windows\SysWOW64\sechost.dll
0x76440000 - 0x76530000 	C:\windows\syswow64\RPCRT4.dll
0x747d0000 - 0x74830000 	C:\windows\syswow64\SspiCli.dll
0x747c0000 - 0x747cc000 	C:\windows\syswow64\CRYPTBASE.dll
0x75200000 - 0x75300000 	C:\windows\syswow64\USER32.dll
0x76180000 - 0x76210000 	C:\windows\syswow64\GDI32.dll
0x76ad0000 - 0x76ada000 	C:\windows\syswow64\LPK.dll
0x74830000 - 0x748cd000 	C:\windows\syswow64\USP10.dll
0x704f0000 - 0x7068e000 	C:\windows\WinSxS\x86_microsoft.windows.common-controls_6595b64144ccf1df_6.0.7601.18837_none_41e855142bd5705d\COMCTL32.dll
0x769f0000 - 0x76a47000 	C:\windows\syswow64\SHLWAPI.dll
0x76a50000 - 0x76ab0000 	C:\windows\system32\IMM32.DLL
0x76810000 - 0x768dd000 	C:\windows\syswow64\MSCTF.dll
0x74580000 - 0x745ab000 	C:\windows\SysWOW64\nvinit.dll
0x746f0000 - 0x746f9000 	C:\windows\system32\VERSION.dll
0x69ac0000 - 0x69ac6000 	C:\Program Files (x86)\NVIDIA Corporation\CoProcManager\detoured.dll
0x69a90000 - 0x69aba000 	C:\Program Files (x86)\NVIDIA Corporation\CoProcManager\nvd3d9wrap.dll
0x76660000 - 0x767fd000 	C:\windows\syswow64\SETUPAPI.dll
0x76220000 - 0x76247000 	C:\windows\syswow64\CFGMGR32.dll
0x765c0000 - 0x76651000 	C:\windows\syswow64\OLEAUT32.dll
0x74cb0000 - 0x74e0d000 	C:\windows\syswow64\ole32.dll
0x76ab0000 - 0x76ac2000 	C:\windows\syswow64\DEVOBJ.dll
0x69a50000 - 0x69a6e000 	C:\Program Files (x86)\NVIDIA Corporation\CoProcManager\nvdxgiwrap.dll
0x5f7c0000 - 0x5f87f000 	D:\Program Files (x86)\Java\jre\bin\msvcr100.dll
0x5f3e0000 - 0x5f7b3000 	D:\Program Files (x86)\Java\jre\bin\client\jvm.dll
0x69110000 - 0x69117000 	C:\windows\system32\WSOCK32.dll
0x748d0000 - 0x74905000 	C:\windows\syswow64\WS2_32.dll
0x74ba0000 - 0x74ba6000 	C:\windows\syswow64\NSI.dll
0x702f0000 - 0x70322000 	C:\windows\system32\WINMM.dll
0x76210000 - 0x76215000 	C:\windows\syswow64\PSAPI.DLL
0x603e0000 - 0x603ec000 	D:\Program Files (x86)\Java\jre\bin\verify.dll
0x60230000 - 0x60252000 	D:\Program Files (x86)\Java\jre\bin\java.dll
0x602d0000 - 0x602e4000 	D:\Program Files (x86)\Java\jre\bin\zip.dll
0x75300000 - 0x75f4c000 	C:\windows\syswow64\SHELL32.dll
0x74910000 - 0x7491b000 	C:\windows\syswow64\profapi.dll
0x5f290000 - 0x5f3d7000 	D:\Program Files (x86)\Java\jre\bin\awt.dll
0x68c60000 - 0x68ce0000 	C:\windows\system32\uxtheme.dll
0x70770000 - 0x70783000 	C:\windows\system32\dwmapi.dll
0x60210000 - 0x60225000 	D:\Program Files (x86)\Java\jre\bin\net.dll
0x73a40000 - 0x73a7c000 	C:\windows\system32\mswsock.dll
0x6b570000 - 0x6b576000 	C:\windows\System32\wship6.dll
0x73a30000 - 0x73a35000 	C:\windows\System32\wshtcpip.dll
0x71930000 - 0x71974000 	C:\windows\system32\DNSAPI.dll
0x718f0000 - 0x71911000 	C:\Program Files (x86)\Bonjour\mdnsNSP.dll
0x743b0000 - 0x743cc000 	C:\windows\system32\Iphlpapi.DLL
0x743a0000 - 0x743a7000 	C:\windows\system32\WINNSI.DLL
0x719c0000 - 0x719c6000 	C:\windows\system32\rasadhlp.dll
0x6b530000 - 0x6b568000 	C:\windows\System32\fwpuclnt.dll
0x5f1c0000 - 0x5f288000 	C:\windows\system32\opengl32.dll
0x5f190000 - 0x5f1b2000 	C:\windows\system32\GLU32.dll
0x5f0a0000 - 0x5f187000 	C:\windows\system32\DDRAW.dll
0x60200000 - 0x60206000 	C:\windows\system32\DCIMAN32.dll
0x5f070000 - 0x5f096000 	D:\Program Files (x86)\Java\jre\bin\jpeg.dll
0x5f030000 - 0x5f069000 	D:\Program Files (x86)\Java\jre\bin\fontmanager.dll
0x00dd0000 - 0x00de2000 	D:\Program Files (x86)\Java\jre\bin\rxtxSerial.dll
0x6c240000 - 0x6c267000 	C:\windows\system32\crtdll.dll
0x6b580000 - 0x6b5cc000 	C:\windows\system32\apphelp.dll
0x74070000 - 0x74087000 	C:\windows\system32\CRYPTSP.dll
0x74030000 - 0x7406b000 	C:\windows\system32\rsaenh.dll
0x76c60000 - 0x76c77000 	C:\windows\syswow64\USERENV.dll
0x74010000 - 0x74022000 	C:\windows\system32\dhcpcsvc.DLL
0x718d0000 - 0x718dd000 	C:\windows\system32\dhcpcsvc6.DLL
0x73aa0000 - 0x73b8b000 	C:\windows\system32\dbghelp.dll
0x60150000 - 0x6015f000 	D:\Program Files (x86)\Java\jre\bin\nio.dll
0x5eff0000 - 0x5f022000 	D:\Program Files (x86)\Java\jre\bin\t2k.dll

VM Arguments:
jvm_args: -Dfile.encoding=GBK 
java_command: com.js.jhjs.MainClass
java_class_path (initial): F:\java2017proj\mainCanteen\bin;E:\opensource\gson-2.8.5.jar;E:\opensource\mysql-connector-java-5.1.39\mysql-connector-java-5.1.39\mysql-connector-java-5.1.39-bin.jar;E:\opensource\jna-3.2.5.jar\jna-3.2.5.jar;E:\opensource\rxtx-2.1-7-bins-r2\RXTXcomm.jar;E:\opensource\httpcomponents-client-4.5.6-bin\httpcomponents-client-4.5.6\lib\commons-codec-1.10.jar;E:\opensource\httpcomponents-client-4.5.6-bin\httpcomponents-client-4.5.6\lib\commons-logging-1.2.jar;E:\opensource\httpcomponents-client-4.5.6-bin\httpcomponents-client-4.5.6\lib\fluent-hc-4.5.6.jar;E:\opensource\httpcomponents-client-4.5.6-bin\httpcomponents-client-4.5.6\lib\httpclient-4.5.6.jar;E:\opensource\httpcomponents-client-4.5.6-bin\httpcomponents-client-4.5.6\lib\httpclient-cache-4.5.6.jar;E:\opensource\httpcomponents-client-4.5.6-bin\httpcomponents-client-4.5.6\lib\httpclient-win-4.5.6.jar;E:\opensource\httpcomponents-client-4.5.6-bin\httpcomponents-client-4.5.6\lib\httpcore-4.4.10.jar;E:\opensource\httpcomponents-client-4.5.6-bin\httpcomponents-client-4.5.6\lib\httpmime-4.5.6.jar;E:\opensource\httpcomponents-client-4.5.6-bin\httpcomponents-client-4.5.6\lib\jna-4.4.0.jar;E:\opensource\httpcomponents-client-4.5.6-bin\httpcomponents-client-4.5.6\lib\jna-platform-4.4.0.jar;E:\opensource\mybatis-3.4.6\mybatis-3.4.6.jar
Launcher Type: SUN_STANDARD

Environment Variables:
JAVA_HOME=D:\Program Files\Java\jdk1.8
CLASSPATH=.;D:\Program Files\Java\jdk1.8\lib\dt.jar;D:\Program Files\Java\jdk1.8\lib\tools.jar;
PATH=C:\Program Files (x86)\Common Files\Oracle\Java\javapath;G:\sdk\tools\lib\monitor-x86_64\jre\bin\javaw.exe;C:\Windows\System32;F:\soui\bin;D:\CTEX\CTeX\ty\bin;D:\CTEX\Ghostscript\gs9.05\bin;D:\CTEX\GSview\gsview;D:\CTEX\WinEdt;D:\Python35;D:\Python35\Scripts;D:\Program Files\Git\cmd;C:\Program Files (x86)\Common Files\Thunder Network\KanKan\Codecs;C:\Users\bonjava\AppData\Local\GitHubDesktop\bin
USERNAME=Administrator
OS=Windows_NT
PROCESSOR_IDENTIFIER=Intel64 Family 6 Model 60 Stepping 3, GenuineIntel



---------------  S Y S T E M  ---------------

OS: Windows 7 , 64 bit Build 7601 (6.1.7601.24214)

CPU:total 8 (initial active 8) (4 cores per cpu, 2 threads per core) family 6 model 60 stepping 3, cmov, cx8, fxsr, mmx, sse, sse2, sse3, ssse3, sse4.1, sse4.2, popcnt, avx, avx2, aes, clmul, erms, lzcnt, ht, tsc, tscinvbit, bmi1, bmi2

Memory: 4k page, physical 16663584k(11836508k free), swap 17710260k(12907256k free)

vm_info: Java HotSpot(TM) Client VM (25.181-b13) for windows-x86 JRE (1.8.0_181-b13), built on Jul  7 2018 03:18:20 by "java_re" with MS VC++ 10.0 (VS2010)

time: Wed Aug 29 08:40:12 2018
elapsed time: 0 seconds (0d 0h 0m 0s)

