#
# A fatal error has been detected by the Java Runtime Environment:
#
#  EXCEPTION_ACCESS_VIOLATION (0xc0000005) at pc=0x002f320b, pid=10832, tid=0x000035fc
#
# JRE version: Java(TM) SE Runtime Environment (8.0_181-b13) (build 1.8.0_181-b13)
# Java VM: Java HotSpot(TM) Client VM (25.181-b13 mixed mode windows-x86 )
# Problematic frame:
# C  [rxtxSerial.dll+0x320b]
#
# Failed to write core dump. Minidumps are not enabled by default on client versions of Windows
#
# If you would like to submit a bug report, please visit:
#   http://bugreport.java.com/bugreport/crash.jsp
# The crash happened outside the Java Virtual Machine in native code.
# See problematic frame for where to report the bug.
#

---------------  T H R E A D  ---------------

Current thread (0x153a2400):  JavaThread "Thread-5" [_thread_in_native, id=13820, stack(0x16ce0000,0x16d30000)]

siginfo: ExceptionCode=0xc0000005, reading address 0x00000060

Registers:
EAX=0x00000000, EBX=0x6c86b910, ECX=0x16d2eb18, EDX=0x16d2eaa8
ESP=0x16d2ee80, EBP=0x16d2ef18, ESI=0x1616ba00, EDI=0x153a2400
EIP=0x002f320b, EFLAGS=0x00010202

Top of Stack: (sp=0x16d2ee80)
0x16d2ee80:   153a2400 0000000b 0000001d 00000002
0x16d2ee90:   16d2eec4 6c797273 153a2400 7146db38
0x16d2eea0:   00000000 153a2400 00000000 16d2ee9c
0x16d2eeb0:   00000000 00000000 00000000 00000000
0x16d2eec0:   fffffffe 00000022 ffffffff 152a05a8
0x16d2eed0:   00000000 00fffff8 6c86ba0e 153a2400
0x16d2eee0:   16d2ef18 6c24e5f4 16d2eef8 002f673e
0x16d2eef0:   16d2ef2c 1616ba00 16d2ef7b 7fffffdc 

Instructions: (pc=0x002f320b)
0x002f31eb:   04 85 c0 74 0c 8b 45 fc c7 40 78 04 00 00 00 eb
0x002f31fb:   0a 8b 45 fc c7 40 78 00 00 00 00 a1 00 d0 2f 00
0x002f320b:   83 78 60 00 75 2d 83 c4 fc 8b 45 fc 50 68 40 30
0x002f321b:   2f 00 8d 85 70 ff ff ff 50 e8 3f 97 00 00 83 c4 


Register to memory mapping:

EAX=0x00000000 is an unknown value
EBX=0x6c86b910 is an unknown value
ECX=0x16d2eb18 is pointing into the stack for thread: 0x153a2400
EDX=0x16d2eaa8 is pointing into the stack for thread: 0x153a2400
ESP=0x16d2ee80 is pointing into the stack for thread: 0x153a2400
EBP=0x16d2ef18 is pointing into the stack for thread: 0x153a2400
ESI=0x1616ba00 is pointing into metadata
EDI=0x153a2400 is a thread


Stack: [0x16ce0000,0x16d30000],  sp=0x16d2ee80,  free space=315k
Native frames: (J=compiled Java code, j=interpreted, Vv=VM code, C=native code)
C  [rxtxSerial.dll+0x320b]
C  [rxtxSerial.dll+0x6988]
j  gnu.io.RXTXPort.open(Ljava/lang/String;)I+0
j  gnu.io.RXTXPort.<init>(Ljava/lang/String;)V+114
j  gnu.io.RXTXCommDriver.getCommPort(Ljava/lang/String;I)Lgnu/io/CommPort;+78
j  gnu.io.CommPortIdentifier.open(Ljava/lang/String;I)Lgnu/io/CommPort;+80
j  com.js.jhjs.wmFrame$SerialTools.openSerialPort(Lgnu/io/CommPortIdentifier;I)Z+5
j  com.js.jhjs.wmFrame.lambda$1(Lcom/js/jhjs/wmFrame$SerialTools;Lgnu/io/CommPortIdentifier;)V+4
j  com.js.jhjs.wmFrame$$Lambda$29.run()V+8
j  java.lang.Thread.run()V+11
v  ~StubRoutines::call_stub
V  [jvm.dll+0x15c065]
V  [jvm.dll+0x223ade]
V  [jvm.dll+0x15c0fe]
V  [jvm.dll+0x15c286]
V  [jvm.dll+0x15c2f7]
V  [jvm.dll+0x10016f]
V  [jvm.dll+0x17f280]
V  [jvm.dll+0x17fafa]
V  [jvm.dll+0x1c5416]
C  [msvcr100.dll+0x5c556]
C  [msvcr100.dll+0x5c600]
C  [kernel32.dll+0x1343d]
C  [ntdll.dll+0x39832]
C  [ntdll.dll+0x39805]
C  0x00000000

Java frames: (J=compiled Java code, j=interpreted, Vv=VM code)
j  gnu.io.RXTXPort.open(Ljava/lang/String;)I+0
j  gnu.io.RXTXPort.<init>(Ljava/lang/String;)V+114
j  gnu.io.RXTXCommDriver.getCommPort(Ljava/lang/String;I)Lgnu/io/CommPort;+78
j  gnu.io.CommPortIdentifier.open(Ljava/lang/String;I)Lgnu/io/CommPort;+80
j  com.js.jhjs.wmFrame$SerialTools.openSerialPort(Lgnu/io/CommPortIdentifier;I)Z+5
j  com.js.jhjs.wmFrame.lambda$1(Lcom/js/jhjs/wmFrame$SerialTools;Lgnu/io/CommPortIdentifier;)V+4
j  com.js.jhjs.wmFrame$$Lambda$29.run()V+8
j  java.lang.Thread.run()V+11
v  ~StubRoutines::call_stub

---------------  P R O C E S S  ---------------

Java Threads: ( => current thread )
  0x15481000 JavaThread "Thread-4" [_thread_in_native, id=10352, stack(0x16f00000,0x16f50000)]
  0x1538b400 JavaThread "Thread-3" [_thread_in_native, id=2432, stack(0x16db0000,0x16e00000)]
=>0x153a2400 JavaThread "Thread-5" [_thread_in_native, id=13820, stack(0x16ce0000,0x16d30000)]
  0x153e1c00 JavaThread "Thread-1" [_thread_in_native, id=9792, stack(0x15f10000,0x15f60000)]
  0x1530d400 JavaThread "Image Fetcher 0" daemon [_thread_blocked, id=10260, stack(0x15f90000,0x15fe0000)]
  0x15208000 JavaThread "Abandoned connection cleanup thread" daemon [_thread_blocked, id=3916, stack(0x16270000,0x162c0000)]
  0x0022dc00 JavaThread "DestroyJavaVM" [_thread_blocked, id=8528, stack(0x00320000,0x00370000)]
  0x1514a400 JavaThread "AWT-EventQueue-0" [_thread_in_vm, id=11092, stack(0x15a30000,0x15a80000)]
  0x15148000 JavaThread "AWT-Windows" daemon [_thread_in_native, id=11076, stack(0x15710000,0x15760000)]
  0x15147800 JavaThread "AWT-Shutdown" [_thread_blocked, id=13964, stack(0x15630000,0x15680000)]
  0x15144c00 JavaThread "Java2D Disposer" daemon [_thread_blocked, id=14268, stack(0x155b0000,0x15600000)]
  0x14a8cc00 JavaThread "Service Thread" daemon [_thread_blocked, id=9952, stack(0x15030000,0x15080000)]
  0x14a65c00 JavaThread "C1 CompilerThread0" daemon [_thread_blocked, id=12936, stack(0x14e90000,0x14ee0000)]
  0x14a64c00 JavaThread "Attach Listener" daemon [_thread_blocked, id=12040, stack(0x14f00000,0x14f50000)]
  0x00dac800 JavaThread "Signal Dispatcher" daemon [_thread_blocked, id=12024, stack(0x14cc0000,0x14d10000)]
  0x00da2c00 JavaThread "Finalizer" daemon [_thread_blocked, id=14236, stack(0x14880000,0x148d0000)]
  0x00d9cc00 JavaThread "Reference Handler" daemon [_thread_blocked, id=13576, stack(0x14990000,0x149e0000)]

Other Threads:
  0x00d95800 VMThread [stack: 0x14be0000,0x14c30000] [id=13604]
  0x14a96800 WatcherThread [stack: 0x150f0000,0x15140000] [id=13652]

VM state:not at safepoint (normal execution)

VM Mutex/Monitor currently owned by a thread: None

Heap:
 def new generation   total 7104K, used 5473K [0x04800000, 0x04fb0000, 0x09d50000)
  eden space 6336K,  86% used [0x04800000, 0x04d585f0, 0x04e30000)
  from space 768K,   0% used [0x04e30000, 0x04e30000, 0x04ef0000)
  to   space 768K,   0% used [0x04ef0000, 0x04ef0000, 0x04fb0000)
 tenured generation   total 15640K, used 9382K [0x09d50000, 0x0ac96000, 0x14800000)
   the space 15640K,  59% used [0x09d50000, 0x0a679be0, 0x0a679c00, 0x0ac96000)
 Metaspace       used 8700K, capacity 8942K, committed 9088K, reserved 9600K

Card table byte_map: [0x00e30000,0x00ec0000] byte_map_base: 0x00e0c000

Polling page: 0x00170000

CodeCache: size=32768Kb used=1019Kb max_used=1019Kb free=31748Kb
 bounds [0x02770000, 0x02870000, 0x04770000]
 total_blobs=481 nmethods=246 adapters=166
 compilation: enabled

Compilation events (10 events):
Event: 0.579 Thread 0x14a65c00 nmethod 238 0x0286be88 code [0x0286bf80, 0x0286c090]
Event: 0.579 Thread 0x14a65c00  239             gnu.io.RXTXCommDriver::registerValidPorts (242 bytes)
Event: 0.580 Thread 0x14a65c00 nmethod 239 0x0286c108 code [0x0286c320, 0x0286cc4c]
Event: 0.582 Thread 0x14a65c00  241             java.lang.String::lastIndexOf (13 bytes)
Event: 0.582 Thread 0x14a65c00 nmethod 241 0x0286d808 code [0x0286d910, 0x0286d9ac]
Event: 0.585 Thread 0x14a65c00  242             java.net.URL::getHost (5 bytes)
Event: 0.586 Thread 0x14a65c00 nmethod 242 0x0286dcc8 code [0x0286ddc0, 0x0286de40]
Event: 0.586 Thread 0x14a65c00  243             java.lang.Class::getClassLoader0 (5 bytes)
Event: 0.586 Thread 0x14a65c00 nmethod 243 0x0286de88 code [0x0286df80, 0x0286e000]
Event: 0.587 Thread 0x14a65c00  244             jdk.internal.org.objectweb.asm.ByteVector::put12 (64 bytes)

GC Heap History (6 events):
Event: 0.211 GC heap before
{Heap before GC invocations=0 (full 0):
 def new generation   total 4928K, used 4416K [0x04800000, 0x04d50000, 0x09d50000)
  eden space 4416K, 100% used [0x04800000, 0x04c50000, 0x04c50000)
  from space 512K,   0% used [0x04c50000, 0x04c50000, 0x04cd0000)
  to   space 512K,   0% used [0x04cd0000, 0x04cd0000, 0x04d50000)
 tenured generation   total 10944K, used 0K [0x09d50000, 0x0a800000, 0x14800000)
   the space 10944K,   0% used [0x09d50000, 0x09d50000, 0x09d50200, 0x0a800000)
 Metaspace       used 4355K, capacity 4519K, committed 4608K, reserved 5504K
Event: 0.216 GC heap after
Heap after GC invocations=1 (full 0):
 def new generation   total 4928K, used 512K [0x04800000, 0x04d50000, 0x09d50000)
  eden space 4416K,   0% used [0x04800000, 0x04800000, 0x04c50000)
  from space 512K, 100% used [0x04cd0000, 0x04d50000, 0x04d50000)
  to   space 512K,   0% used [0x04c50000, 0x04c50000, 0x04cd0000)
 tenured generation   total 10944K, used 959K [0x09d50000, 0x0a800000, 0x14800000)
   the space 10944K,   8% used [0x09d50000, 0x09e3fe38, 0x09e40000, 0x0a800000)
 Metaspace       used 4355K, capacity 4519K, committed 4608K, reserved 5504K
}
Event: 0.312 GC heap before
{Heap before GC invocations=1 (full 0):
 def new generation   total 4928K, used 4928K [0x04800000, 0x04d50000, 0x09d50000)
  eden space 4416K, 100% used [0x04800000, 0x04c50000, 0x04c50000)
  from space 512K, 100% used [0x04cd0000, 0x04d50000, 0x04d50000)
  to   space 512K,   0% used [0x04c50000, 0x04c50000, 0x04cd0000)
 tenured generation   total 10944K, used 959K [0x09d50000, 0x0a800000, 0x14800000)
   the space 10944K,   8% used [0x09d50000, 0x09e3fe38, 0x09e40000, 0x0a800000)
 Metaspace       used 5856K, capacity 6025K, committed 6144K, reserved 6528K
Event: 0.317 GC heap after
Heap after GC invocations=2 (full 0):
 def new generation   total 4928K, used 512K [0x04800000, 0x04d50000, 0x09d50000)
  eden space 4416K,   0% used [0x04800000, 0x04800000, 0x04c50000)
  from space 512K, 100% used [0x04c50000, 0x04cd0000, 0x04cd0000)
  to   space 512K,   0% used [0x04cd0000, 0x04cd0000, 0x04d50000)
 tenured generation   total 10944K, used 2572K [0x09d50000, 0x0a800000, 0x14800000)
   the space 10944K,  23% used [0x09d50000, 0x09fd3188, 0x09fd3200, 0x0a800000)
 Metaspace       used 5856K, capacity 6025K, committed 6144K, reserved 6528K
}
Event: 0.470 GC heap before
{Heap before GC invocations=2 (full 0):
 def new generation   total 4928K, used 4926K [0x04800000, 0x04d50000, 0x09d50000)
  eden space 4416K,  99% used [0x04800000, 0x04c4f8e0, 0x04c50000)
  from space 512K, 100% used [0x04c50000, 0x04cd0000, 0x04cd0000)
  to   space 512K,   0% used [0x04cd0000, 0x04cd0000, 0x04d50000)
 tenured generation   total 10944K, used 7692K [0x09d50000, 0x0a800000, 0x14800000)
   the space 10944K,  70% used [0x09d50000, 0x0a4d3198, 0x0a4d3200, 0x0a800000)
 Metaspace       used 7439K, capacity 7636K, committed 7680K, reserved 8576K
Event: 0.472 GC heap after
Heap after GC invocations=3 (full 0):
 def new generation   total 4928K, used 512K [0x04800000, 0x04d50000, 0x09d50000)
  eden space 4416K,   0% used [0x04800000, 0x04800000, 0x04c50000)
  from space 512K, 100% used [0x04cd0000, 0x04d50000, 0x04d50000)
  to   space 512K,   0% used [0x04c50000, 0x04c50000, 0x04cd0000)
 tenured generation   total 10944K, used 8445K [0x09d50000, 0x0a800000, 0x14800000)
   the space 10944K,  77% used [0x09d50000, 0x0a58f608, 0x0a58f800, 0x0a800000)
 Metaspace       used 7439K, capacity 7636K, committed 7680K, reserved 8576K
}

Deoptimization events (0 events):
No events

Classes redefined (0 events):
No events

Internal exceptions (10 events):
Event: 0.101 Thread 0x0022dc00 Exception <a 'java/io/FileNotFoundException'> (0x0492bcd0) thrown at [C:\workspace\8-2-build-windows-i586-cygwin\jdk8u181\11358\hotspot\src\share\vm\prims\jni.cpp, line 709]
Event: 0.125 Thread 0x0022dc00 Exception <a 'java/lang/NoSuchFieldError': method resolution failed> (0x049e9a68) thrown at [C:\workspace\8-2-build-windows-i586-cygwin\jdk8u181\11358\hotspot\src\share\vm\prims\methodHandles.cpp, line 1167]
Event: 0.126 Thread 0x0022dc00 Exception <a 'java/lang/NoSuchFieldError': method resolution failed> (0x049f5c08) thrown at [C:\workspace\8-2-build-windows-i586-cygwin\jdk8u181\11358\hotspot\src\share\vm\prims\methodHandles.cpp, line 1167]
Event: 0.179 Thread 0x1514a400 Exception <a 'java/io/FileNotFoundException'> (0x04b10398) thrown at [C:\workspace\8-2-build-windows-i586-cygwin\jdk8u181\11358\hotspot\src\share\vm\prims\jni.cpp, line 709]
Event: 0.499 Thread 0x1514a400 Exception <a 'java/io/FileNotFoundException'> (0x04aff768) thrown at [C:\workspace\8-2-build-windows-i586-cygwin\jdk8u181\11358\hotspot\src\share\vm\prims\jni.cpp, line 709]
Event: 0.499 Thread 0x1514a400 Exception <a 'java/lang/NullPointerException'> (0x04affd58) thrown at [C:\workspace\8-2-build-windows-i586-cygwin\jdk8u181\11358\hotspot\src\share\vm\interpreter\linkResolver.cpp, line 1185]
Event: 0.554 Thread 0x1514a400 Exception <a 'java/io/FileNotFoundException'> (0x04b67b38) thrown at [C:\workspace\8-2-build-windows-i586-cygwin\jdk8u181\11358\hotspot\src\share\vm\prims\jni.cpp, line 709]
Event: 0.566 Thread 0x1514a400 Exception <a 'java/io/FileNotFoundException'> (0x04b7c178) thrown at [C:\workspace\8-2-build-windows-i586-cygwin\jdk8u181\11358\hotspot\src\share\vm\prims\jni.cpp, line 709]
Event: 0.567 Thread 0x1514a400 Exception <a 'java/io/FileNotFoundException'> (0x04b8a4f0) thrown at [C:\workspace\8-2-build-windows-i586-cygwin\jdk8u181\11358\hotspot\src\share\vm\prims\jni.cpp, line 709]
Event: 0.579 Thread 0x1514a400 Exception <a 'java/io/FileNotFoundException'> (0x04b9e4b0) thrown at [C:\workspace\8-2-build-windows-i586-cygwin\jdk8u181\11358\hotspot\src\share\vm\prims\jni.cpp, line 709]

Events (10 events):
Event: 0.586 loading class sun/security/action/GetIntegerAction done
Event: 0.586 loading class sun/java2d/d3d/D3DSurfaceData$D3DWindowSurfaceData
Event: 0.586 loading class sun/java2d/d3d/D3DSurfaceData
Event: 0.586 loading class sun/java2d/pipe/hw/AccelSurface
Event: 0.586 loading class sun/java2d/pipe/hw/AccelSurface done
Event: 0.586 loading class sun/java2d/d3d/D3DSurfaceData done
Event: 0.586 loading class sun/java2d/d3d/D3DSurfaceData$D3DWindowSurfaceData done
Event: 0.586 loading class com/sun/jna/Native
Event: 0.586 loading class com/sun/jna/Native done
Event: 0.587 loading class java/awt/GraphicsCallback$PaintCallback


Dynamic libraries:
0x01330000 - 0x01363000 	D:\Program Files (x86)\Java\jre\bin\javaw.exe
0x77b00000 - 0x77c80000 	C:\windows\SysWOW64\ntdll.dll
0x76fb0000 - 0x770c0000 	C:\windows\syswow64\kernel32.dll
0x76ac0000 - 0x76b07000 	C:\windows\syswow64\KERNELBASE.dll
0x76620000 - 0x766c1000 	C:\windows\syswow64\ADVAPI32.dll
0x77670000 - 0x7771c000 	C:\windows\syswow64\msvcrt.dll
0x76f90000 - 0x76fa9000 	C:\windows\SysWOW64\sechost.dll
0x772a0000 - 0x77390000 	C:\windows\syswow64\RPCRT4.dll
0x75270000 - 0x752d0000 	C:\windows\syswow64\SspiCli.dll
0x75260000 - 0x7526c000 	C:\windows\syswow64\CRYPTBASE.dll
0x774f0000 - 0x775f0000 	C:\windows\syswow64\USER32.dll
0x76c20000 - 0x76cb0000 	C:\windows\syswow64\GDI32.dll
0x760b0000 - 0x760ba000 	C:\windows\syswow64\LPK.dll
0x770e0000 - 0x7717d000 	C:\windows\syswow64\USP10.dll
0x70f90000 - 0x7112e000 	C:\windows\WinSxS\x86_microsoft.windows.common-controls_6595b64144ccf1df_6.0.7601.18837_none_41e855142bd5705d\COMCTL32.dll
0x76050000 - 0x760a7000 	C:\windows\syswow64\SHLWAPI.dll
0x760c0000 - 0x76120000 	C:\windows\system32\IMM32.DLL
0x76120000 - 0x761ed000 	C:\windows\syswow64\MSCTF.dll
0x75020000 - 0x7504b000 	C:\windows\SysWOW64\nvinit.dll
0x75190000 - 0x75199000 	C:\windows\system32\VERSION.dll
0x71d50000 - 0x71d56000 	C:\Program Files (x86)\NVIDIA Corporation\CoProcManager\detoured.dll
0x70de0000 - 0x70e0a000 	C:\Program Files (x86)\NVIDIA Corporation\CoProcManager\nvd3d9wrap.dll
0x766d0000 - 0x7686d000 	C:\windows\syswow64\SETUPAPI.dll
0x77640000 - 0x77667000 	C:\windows\syswow64\CFGMGR32.dll
0x76d80000 - 0x76e11000 	C:\windows\syswow64\OLEAUT32.dll
0x77390000 - 0x774ed000 	C:\windows\syswow64\ole32.dll
0x76cb0000 - 0x76cc2000 	C:\windows\syswow64\DEVOBJ.dll
0x68680000 - 0x6869e000 	C:\Program Files (x86)\NVIDIA Corporation\CoProcManager\nvdxgiwrap.dll
0x78a80000 - 0x78b3f000 	D:\Program Files (x86)\Java\jre\bin\msvcr100.dll
0x6c790000 - 0x6cb63000 	D:\Program Files (x86)\Java\jre\bin\client\jvm.dll
0x6a5d0000 - 0x6a5d7000 	C:\windows\system32\WSOCK32.dll
0x76b10000 - 0x76b45000 	C:\windows\syswow64\WS2_32.dll
0x76610000 - 0x76616000 	C:\windows\syswow64\NSI.dll
0x70d90000 - 0x70dc2000 	C:\windows\system32\WINMM.dll
0x76d60000 - 0x76d65000 	C:\windows\syswow64\PSAPI.DLL
0x6fca0000 - 0x6fcac000 	D:\Program Files (x86)\Java\jre\bin\verify.dll
0x6d420000 - 0x6d442000 	D:\Program Files (x86)\Java\jre\bin\java.dll
0x70430000 - 0x70444000 	D:\Program Files (x86)\Java\jre\bin\zip.dll
0x752d0000 - 0x75f1c000 	C:\windows\syswow64\SHELL32.dll
0x77630000 - 0x7763b000 	C:\windows\syswow64\profapi.dll
0x6cf10000 - 0x6d057000 	D:\Program Files (x86)\Java\jre\bin\awt.dll
0x68490000 - 0x68510000 	C:\windows\system32\uxtheme.dll
0x68470000 - 0x68483000 	C:\windows\system32\dwmapi.dll
0x6feb0000 - 0x6fec5000 	D:\Program Files (x86)\Java\jre\bin\net.dll
0x74a60000 - 0x74a9c000 	C:\windows\system32\mswsock.dll
0x6c010000 - 0x6c016000 	C:\windows\System32\wship6.dll
0x74b00000 - 0x74b05000 	C:\windows\System32\wshtcpip.dll
0x723d0000 - 0x72414000 	C:\windows\system32\DNSAPI.dll
0x72390000 - 0x723b1000 	C:\Program Files (x86)\Bonjour\mdnsNSP.dll
0x74e50000 - 0x74e6c000 	C:\windows\system32\Iphlpapi.DLL
0x74e40000 - 0x74e47000 	C:\windows\system32\WINNSI.DLL
0x72460000 - 0x72466000 	C:\windows\system32\rasadhlp.dll
0x6bfd0000 - 0x6c008000 	C:\windows\System32\fwpuclnt.dll
0x548e0000 - 0x549a8000 	C:\windows\system32\opengl32.dll
0x5a920000 - 0x5a942000 	C:\windows\system32\GLU32.dll
0x55560000 - 0x55647000 	C:\windows\system32\DDRAW.dll
0x66be0000 - 0x66be6000 	C:\windows\system32\DCIMAN32.dll
0x70270000 - 0x70296000 	D:\Program Files (x86)\Java\jre\bin\jpeg.dll
0x6d1f0000 - 0x6d229000 	D:\Program Files (x86)\Java\jre\bin\fontmanager.dll
0x002f0000 - 0x00302000 	D:\Program Files (x86)\Java\jre\bin\rxtxSerial.dll
0x6c240000 - 0x6c267000 	C:\windows\system32\crtdll.dll
0x6c050000 - 0x6c09c000 	C:\windows\system32\apphelp.dll
0x744f0000 - 0x745db000 	C:\windows\system32\dbghelp.dll
0x70840000 - 0x7084f000 	D:\Program Files (x86)\Java\jre\bin\nio.dll
0x74b30000 - 0x74b47000 	C:\windows\system32\CRYPTSP.dll

VM Arguments:
jvm_args: -Dfile.encoding=GBK 
java_command: com.js.jhjs.MainClass
java_class_path (initial): F:\java2017proj\mainCanteen\bin;E:\opensource\gson-2.8.5.jar;E:\opensource\mysql-connector-java-5.1.39\mysql-connector-java-5.1.39\mysql-connector-java-5.1.39-bin.jar;E:\opensource\jna-3.2.5.jar\jna-3.2.5.jar;E:\opensource\rxtx-2.1-7-bins-r2\RXTXcomm.jar;E:\opensource\httpcomponents-client-4.5.6-bin\httpcomponents-client-4.5.6\lib\commons-codec-1.10.jar;E:\opensource\httpcomponents-client-4.5.6-bin\httpcomponents-client-4.5.6\lib\commons-logging-1.2.jar;E:\opensource\httpcomponents-client-4.5.6-bin\httpcomponents-client-4.5.6\lib\fluent-hc-4.5.6.jar;E:\opensource\httpcomponents-client-4.5.6-bin\httpcomponents-client-4.5.6\lib\httpclient-4.5.6.jar;E:\opensource\httpcomponents-client-4.5.6-bin\httpcomponents-client-4.5.6\lib\httpclient-cache-4.5.6.jar;E:\opensource\httpcomponents-client-4.5.6-bin\httpcomponents-client-4.5.6\lib\httpclient-win-4.5.6.jar;E:\opensource\httpcomponents-client-4.5.6-bin\httpcomponents-client-4.5.6\lib\httpcore-4.4.10.jar;E:\opensource\httpcomponents-client-4.5.6-bin\httpcomponents-client-4.5.6\lib\httpmime-4.5.6.jar;E:\opensource\httpcomponents-client-4.5.6-bin\httpcomponents-client-4.5.6\lib\jna-4.4.0.jar;E:\opensource\httpcomponents-client-4.5.6-bin\httpcomponents-client-4.5.6\lib\jna-platform-4.4.0.jar;E:\opensource\mybatis-3.4.6\mybatis-3.4.6.jar
Launcher Type: SUN_STANDARD

Environment Variables:
JAVA_HOME=D:\Program Files\Java\jdk1.8
CLASSPATH=.;D:\Program Files\Java\jdk1.8\lib\dt.jar;D:\Program Files\Java\jdk1.8\lib\tools.jar;
PATH=C:\Program Files (x86)\Common Files\Oracle\Java\javapath;G:\sdk\tools\lib\monitor-x86_64\jre\bin\javaw.exe;C:\Windows\System32;F:\soui\bin;D:\CTEX\CTeX\ty\bin;D:\CTEX\Ghostscript\gs9.05\bin;D:\CTEX\GSview\gsview;D:\CTEX\WinEdt;D:\Python35;D:\Python35\Scripts;D:\Program Files\Git\cmd;C:\Program Files (x86)\Common Files\Thunder Network\KanKan\Codecs;C:\Users\bonjava\AppData\Local\GitHubDesktop\bin
USERNAME=Administrator
OS=Windows_NT
PROCESSOR_IDENTIFIER=Intel64 Family 6 Model 60 Stepping 3, GenuineIntel



---------------  S Y S T E M  ---------------

OS: Windows 7 , 64 bit Build 7601 (6.1.7601.24214)

CPU:total 8 (initial active 8) (4 cores per cpu, 2 threads per core) family 6 model 60 stepping 3, cmov, cx8, fxsr, mmx, sse, sse2, sse3, ssse3, sse4.1, sse4.2, popcnt, avx, avx2, aes, clmul, erms, lzcnt, ht, tsc, tscinvbit, bmi1, bmi2

Memory: 4k page, physical 16663584k(9389780k free), swap 17710260k(9789088k free)

vm_info: Java HotSpot(TM) Client VM (25.181-b13) for windows-x86 JRE (1.8.0_181-b13), built on Jul  7 2018 03:18:20 by "java_re" with MS VC++ 10.0 (VS2010)

time: Tue Aug 28 16:44:19 2018
elapsed time: 0 seconds (0d 0h 0m 0s)

