#
# A fatal error has been detected by the Java Runtime Environment:
#
#  EXCEPTION_ACCESS_VIOLATION (0xc0000005) at pc=0x0057320b, pid=1980, tid=0x00002718
#
# JRE version: Java(TM) SE Runtime Environment (8.0_181-b13) (build 1.8.0_181-b13)
# Java VM: Java HotSpot(TM) Client VM (25.181-b13 mixed mode windows-x86 )
# Problematic frame:
# C  [rxtxSerial.dll+0x320b]
#
# Failed to write core dump. Minidumps are not enabled by default on client versions of Windows
#
# If you would like to submit a bug report, please visit:
#   http://bugreport.java.com/bugreport/crash.jsp
# The crash happened outside the Java Virtual Machine in native code.
# See problematic frame for where to report the bug.
#

---------------  T H R E A D  ---------------

Current thread (0x14b93000):  JavaThread "Thread-6" [_thread_in_native, id=10008, stack(0x15c60000,0x15cb0000)]

siginfo: ExceptionCode=0xc0000005, reading address 0x00000060

Registers:
EAX=0x00000000, EBX=0x6c64b910, ECX=0x7514509a, EDX=0x00000030
ESP=0x15caf700, EBP=0x15caf798, ESI=0x16b7aed0, EDI=0x14b93000
EIP=0x0057320b, EFLAGS=0x00010202

Top of Stack: (sp=0x15caf700)
0x15caf700:   14b93000 0000000b 0000001d 00000002
0x15caf710:   15caf744 6c577273 14b93000 d132c6bb
0x15caf720:   00000000 14b93000 00000000 15caf71c
0x15caf730:   00000000 00000000 00000000 00000000
0x15caf740:   fffffffe 00000022 ffffffff 15283558
0x15caf750:   00000000 00fffff8 6c64ba0e 14b93000
0x15caf760:   15caf798 6c24e5f4 15caf778 0057673e
0x15caf770:   15caf7ac 16b7aed0 15caf7fb 7fffffdc 

Instructions: (pc=0x0057320b)
0x005731eb:   04 85 c0 74 0c 8b 45 fc c7 40 78 04 00 00 00 eb
0x005731fb:   0a 8b 45 fc c7 40 78 00 00 00 00 a1 00 d0 57 00
0x0057320b:   83 78 60 00 75 2d 83 c4 fc 8b 45 fc 50 68 40 30
0x0057321b:   57 00 8d 85 70 ff ff ff 50 e8 3f 97 00 00 83 c4 


Register to memory mapping:

EAX=0x00000000 is an unknown value
EBX=0x6c64b910 is an unknown value
ECX=0x7514509a is an unknown value
EDX=0x00000030 is an unknown value
ESP=0x15caf700 is pointing into the stack for thread: 0x14b93000
EBP=0x15caf798 is pointing into the stack for thread: 0x14b93000
ESI=0x16b7aed0 is pointing into metadata
EDI=0x14b93000 is a thread


Stack: [0x15c60000,0x15cb0000],  sp=0x15caf700,  free space=317k
Native frames: (J=compiled Java code, j=interpreted, Vv=VM code, C=native code)
C  [rxtxSerial.dll+0x320b]
C  [rxtxSerial.dll+0x6988]
j  gnu.io.RXTXPort.open(Ljava/lang/String;)I+0
j  gnu.io.RXTXPort.<init>(Ljava/lang/String;)V+114
j  gnu.io.RXTXCommDriver.getCommPort(Ljava/lang/String;I)Lgnu/io/CommPort;+78
j  gnu.io.CommPortIdentifier.open(Ljava/lang/String;I)Lgnu/io/CommPort;+80
j  com.js.jhjs.jcFrame$SerialTools.openSerialPort(Lgnu/io/CommPortIdentifier;I)Z+5
j  com.js.jhjs.jcFrame.lambda$1(Lcom/js/jhjs/jcFrame$SerialTools;Lgnu/io/CommPortIdentifier;)V+4
j  com.js.jhjs.jcFrame$$Lambda$18.run()V+8
j  java.lang.Thread.run()V+11
v  ~StubRoutines::call_stub
V  [jvm.dll+0x15c065]
V  [jvm.dll+0x223ade]
V  [jvm.dll+0x15c0fe]
V  [jvm.dll+0x15c286]
V  [jvm.dll+0x15c2f7]
V  [jvm.dll+0x10016f]
V  [jvm.dll+0x17f280]
V  [jvm.dll+0x17fafa]
V  [jvm.dll+0x1c5416]
C  [msvcr100.dll+0x5c556]
C  [msvcr100.dll+0x5c600]
C  [kernel32.dll+0x1343d]
C  [ntdll.dll+0x39832]
C  [ntdll.dll+0x39805]
C  0x00000000

Java frames: (J=compiled Java code, j=interpreted, Vv=VM code)
j  gnu.io.RXTXPort.open(Ljava/lang/String;)I+0
j  gnu.io.RXTXPort.<init>(Ljava/lang/String;)V+114
j  gnu.io.RXTXCommDriver.getCommPort(Ljava/lang/String;I)Lgnu/io/CommPort;+78
j  gnu.io.CommPortIdentifier.open(Ljava/lang/String;I)Lgnu/io/CommPort;+80
j  com.js.jhjs.jcFrame$SerialTools.openSerialPort(Lgnu/io/CommPortIdentifier;I)Z+5
j  com.js.jhjs.jcFrame.lambda$1(Lcom/js/jhjs/jcFrame$SerialTools;Lgnu/io/CommPortIdentifier;)V+4
j  com.js.jhjs.jcFrame$$Lambda$18.run()V+8
j  java.lang.Thread.run()V+11
v  ~StubRoutines::call_stub

---------------  P R O C E S S  ---------------

Java Threads: ( => current thread )
  0x1538cc00 JavaThread "Thread-4" [_thread_in_native, id=2244, stack(0x15e30000,0x15e80000)]
  0x15293c00 JavaThread "Thread-3" [_thread_in_native, id=14200, stack(0x15da0000,0x15df0000)]
=>0x14b93000 JavaThread "Thread-6" [_thread_in_native, id=10008, stack(0x15c60000,0x15cb0000)]
  0x1531dc00 JavaThread "Thread-1" [_thread_in_native, id=7836, stack(0x167e0000,0x16830000)]
  0x1526b000 JavaThread "Image Fetcher 0" daemon [_thread_blocked, id=12720, stack(0x16a30000,0x16a80000)]
  0x15141000 JavaThread "Abandoned connection cleanup thread" daemon [_thread_blocked, id=6588, stack(0x15840000,0x15890000)]
  0x0029dc00 JavaThread "DestroyJavaVM" [_thread_blocked, id=10112, stack(0x023c0000,0x02410000)]
  0x14c50400 JavaThread "AWT-EventQueue-0" [_thread_in_vm, id=14152, stack(0x14f40000,0x14f90000)]
  0x14c4e400 JavaThread "AWT-Windows" daemon [_thread_in_native, id=13156, stack(0x157e0000,0x15830000)]
  0x14c4d800 JavaThread "AWT-Shutdown" [_thread_blocked, id=4772, stack(0x156b0000,0x15700000)]
  0x14c4ac00 JavaThread "Java2D Disposer" daemon [_thread_blocked, id=13384, stack(0x15710000,0x15760000)]
  0x14b0cc00 JavaThread "Service Thread" daemon [_thread_blocked, id=13824, stack(0x14fc0000,0x15010000)]
  0x14ae5c00 JavaThread "C1 CompilerThread0" daemon [_thread_blocked, id=12388, stack(0x15010000,0x15060000)]
  0x14ae4c00 JavaThread "Attach Listener" daemon [_thread_blocked, id=9400, stack(0x14ea0000,0x14ef0000)]
  0x0220c800 JavaThread "Signal Dispatcher" daemon [_thread_blocked, id=6328, stack(0x14e50000,0x14ea0000)]
  0x02202c00 JavaThread "Finalizer" daemon [_thread_blocked, id=13992, stack(0x14dc0000,0x14e10000)]
  0x021fcc00 JavaThread "Reference Handler" daemon [_thread_blocked, id=9028, stack(0x04420000,0x04470000)]

Other Threads:
  0x021f5800 VMThread [stack: 0x044d0000,0x04520000] [id=2180]
  0x14b16800 WatcherThread [stack: 0x04580000,0x045d0000] [id=4236]

VM state:not at safepoint (normal execution)

VM Mutex/Monitor currently owned by a thread: None

Heap:
 def new generation   total 6976K, used 5467K [0x04600000, 0x04d90000, 0x09b50000)
  eden space 6208K,  88% used [0x04600000, 0x04b56c88, 0x04c10000)
  from space 768K,   0% used [0x04c10000, 0x04c10000, 0x04cd0000)
  to   space 768K,   0% used [0x04cd0000, 0x04cd0000, 0x04d90000)
 tenured generation   total 15432K, used 9258K [0x09b50000, 0x0aa62000, 0x14600000)
   the space 15432K,  59% used [0x09b50000, 0x0a45aa60, 0x0a45ac00, 0x0aa62000)
 Metaspace       used 8087K, capacity 8304K, committed 8448K, reserved 8576K

Card table byte_map: [0x02210000,0x022a0000] byte_map_base: 0x021ed000

Polling page: 0x00100000

CodeCache: size=32768Kb used=1010Kb max_used=1010Kb free=31757Kb
 bounds [0x02410000, 0x02510000, 0x04410000]
 total_blobs=470 nmethods=237 adapters=164
 compilation: enabled

Compilation events (10 events):
Event: 0.533 Thread 0x14ae5c00  231             java.net.URL::getProtocol (5 bytes)
Event: 0.533 Thread 0x14ae5c00 nmethod 231 0x0250b408 code [0x0250b500, 0x0250b580]
Event: 0.535 Thread 0x14ae5c00  232             java.lang.String::lastIndexOf (13 bytes)
Event: 0.535 Thread 0x14ae5c00 nmethod 232 0x0250b5c8 code [0x0250b6d0, 0x0250b76c]
Event: 0.535 Thread 0x14ae5c00  234             java.net.URL::getHost (5 bytes)
Event: 0.535 Thread 0x14ae5c00 nmethod 234 0x0250b808 code [0x0250b900, 0x0250b980]
Event: 0.535 Thread 0x14ae5c00  235             java.lang.Character::toUpperCase (6 bytes)
Event: 0.535 Thread 0x14ae5c00 nmethod 235 0x0250b9c8 code [0x0250bad0, 0x0250bb78]
Event: 0.537 Thread 0x14ae5c00  236   !         java.lang.ref.ReferenceQueue::poll (28 bytes)
Event: 0.537 Thread 0x14ae5c00 nmethod 236 0x0250be88 code [0x0250bf90, 0x0250c1bc]

GC Heap History (6 events):
Event: 0.210 GC heap before
{Heap before GC invocations=0 (full 0):
 def new generation   total 4928K, used 4416K [0x04600000, 0x04b50000, 0x09b50000)
  eden space 4416K, 100% used [0x04600000, 0x04a50000, 0x04a50000)
  from space 512K,   0% used [0x04a50000, 0x04a50000, 0x04ad0000)
  to   space 512K,   0% used [0x04ad0000, 0x04ad0000, 0x04b50000)
 tenured generation   total 10944K, used 0K [0x09b50000, 0x0a600000, 0x14600000)
   the space 10944K,   0% used [0x09b50000, 0x09b50000, 0x09b50200, 0x0a600000)
 Metaspace       used 4308K, capacity 4487K, committed 4608K, reserved 5504K
Event: 0.214 GC heap after
Heap after GC invocations=1 (full 0):
 def new generation   total 4928K, used 512K [0x04600000, 0x04b50000, 0x09b50000)
  eden space 4416K,   0% used [0x04600000, 0x04600000, 0x04a50000)
  from space 512K, 100% used [0x04ad0000, 0x04b50000, 0x04b50000)
  to   space 512K,   0% used [0x04a50000, 0x04a50000, 0x04ad0000)
 tenured generation   total 10944K, used 964K [0x09b50000, 0x0a600000, 0x14600000)
   the space 10944K,   8% used [0x09b50000, 0x09c41388, 0x09c41400, 0x0a600000)
 Metaspace       used 4308K, capacity 4487K, committed 4608K, reserved 5504K
}
Event: 0.309 GC heap before
{Heap before GC invocations=1 (full 0):
 def new generation   total 4928K, used 4853K [0x04600000, 0x04b50000, 0x09b50000)
  eden space 4416K,  98% used [0x04600000, 0x04a3d658, 0x04a50000)
  from space 512K, 100% used [0x04ad0000, 0x04b50000, 0x04b50000)
  to   space 512K,   0% used [0x04a50000, 0x04a50000, 0x04ad0000)
 tenured generation   total 10944K, used 964K [0x09b50000, 0x0a600000, 0x14600000)
   the space 10944K,   8% used [0x09b50000, 0x09c41388, 0x09c41400, 0x0a600000)
 Metaspace       used 5708K, capacity 5897K, committed 6016K, reserved 6528K
Event: 0.313 GC heap after
Heap after GC invocations=2 (full 0):
 def new generation   total 4928K, used 512K [0x04600000, 0x04b50000, 0x09b50000)
  eden space 4416K,   0% used [0x04600000, 0x04600000, 0x04a50000)
  from space 512K, 100% used [0x04a50000, 0x04ad0000, 0x04ad0000)
  to   space 512K,   0% used [0x04ad0000, 0x04ad0000, 0x04b50000)
 tenured generation   total 10944K, used 2636K [0x09b50000, 0x0a600000, 0x14600000)
   the space 10944K,  24% used [0x09b50000, 0x09de3240, 0x09de3400, 0x0a600000)
 Metaspace       used 5708K, capacity 5897K, committed 6016K, reserved 6528K
}
Event: 0.446 GC heap before
{Heap before GC invocations=2 (full 0):
 def new generation   total 4928K, used 4927K [0x04600000, 0x04b50000, 0x09b50000)
  eden space 4416K,  99% used [0x04600000, 0x04a4fc98, 0x04a50000)
  from space 512K, 100% used [0x04a50000, 0x04ad0000, 0x04ad0000)
  to   space 512K,   0% used [0x04ad0000, 0x04ad0000, 0x04b50000)
 tenured generation   total 10944K, used 7756K [0x09b50000, 0x0a600000, 0x14600000)
   the space 10944K,  70% used [0x09b50000, 0x0a2e3250, 0x0a2e3400, 0x0a600000)
 Metaspace       used 6812K, capacity 6995K, committed 7040K, reserved 7552K
Event: 0.449 GC heap after
Heap after GC invocations=3 (full 0):
 def new generation   total 4928K, used 512K [0x04600000, 0x04b50000, 0x09b50000)
  eden space 4416K,   0% used [0x04600000, 0x04600000, 0x04a50000)
  from space 512K, 100% used [0x04ad0000, 0x04b50000, 0x04b50000)
  to   space 512K,   0% used [0x04a50000, 0x04a50000, 0x04ad0000)
 tenured generation   total 10944K, used 8369K [0x09b50000, 0x0a600000, 0x14600000)
   the space 10944K,  76% used [0x09b50000, 0x0a37c4f8, 0x0a37c600, 0x0a600000)
 Metaspace       used 6812K, capacity 6995K, committed 7040K, reserved 7552K
}

Deoptimization events (0 events):
No events

Classes redefined (0 events):
No events

Internal exceptions (10 events):
Event: 0.101 Thread 0x0029dc00 Exception <a 'java/io/FileNotFoundException'> (0x0472bcd0) thrown at [C:\workspace\8-2-build-windows-i586-cygwin\jdk8u181\11358\hotspot\src\share\vm\prims\jni.cpp, line 709]
Event: 0.126 Thread 0x0029dc00 Exception <a 'java/lang/NoSuchFieldError': method resolution failed> (0x047e9a68) thrown at [C:\workspace\8-2-build-windows-i586-cygwin\jdk8u181\11358\hotspot\src\share\vm\prims\methodHandles.cpp, line 1167]
Event: 0.127 Thread 0x0029dc00 Exception <a 'java/lang/NoSuchFieldError': method resolution failed> (0x047f5c08) thrown at [C:\workspace\8-2-build-windows-i586-cygwin\jdk8u181\11358\hotspot\src\share\vm\prims\methodHandles.cpp, line 1167]
Event: 0.179 Thread 0x14c50400 Exception <a 'java/io/FileNotFoundException'> (0x04910638) thrown at [C:\workspace\8-2-build-windows-i586-cygwin\jdk8u181\11358\hotspot\src\share\vm\prims\jni.cpp, line 709]
Event: 0.478 Thread 0x14c50400 Exception <a 'java/io/FileNotFoundException'> (0x048e2430) thrown at [C:\workspace\8-2-build-windows-i586-cygwin\jdk8u181\11358\hotspot\src\share\vm\prims\jni.cpp, line 709]
Event: 0.478 Thread 0x14c50400 Exception <a 'java/lang/NullPointerException'> (0x048e2a20) thrown at [C:\workspace\8-2-build-windows-i586-cygwin\jdk8u181\11358\hotspot\src\share\vm\interpreter\linkResolver.cpp, line 1185]
Event: 0.508 Thread 0x14c50400 Exception <a 'java/io/FileNotFoundException'> (0x04946550) thrown at [C:\workspace\8-2-build-windows-i586-cygwin\jdk8u181\11358\hotspot\src\share\vm\prims\jni.cpp, line 709]
Event: 0.520 Thread 0x14c50400 Exception <a 'java/io/FileNotFoundException'> (0x0495ab90) thrown at [C:\workspace\8-2-build-windows-i586-cygwin\jdk8u181\11358\hotspot\src\share\vm\prims\jni.cpp, line 709]
Event: 0.520 Thread 0x14c50400 Exception <a 'java/io/FileNotFoundException'> (0x04968ef0) thrown at [C:\workspace\8-2-build-windows-i586-cygwin\jdk8u181\11358\hotspot\src\share\vm\prims\jni.cpp, line 709]
Event: 0.532 Thread 0x14c50400 Exception <a 'java/io/FileNotFoundException'> (0x0497cec0) thrown at [C:\workspace\8-2-build-windows-i586-cygwin\jdk8u181\11358\hotspot\src\share\vm\prims\jni.cpp, line 709]

Events (10 events):
Event: 0.538 loading class sun/awt/image/BufferedImageGraphicsConfig
Event: 0.538 loading class java/util/regex/Pattern$Ctype done
Event: 0.538 loading class sun/awt/image/BufferedImageGraphicsConfig done
Event: 0.538 loading class sun/print/PrinterGraphicsConfig
Event: 0.538 loading class sun/print/PrinterGraphicsConfig done
Event: 0.538 loading class sun/java2d/opengl/WGLGraphicsConfig
Event: 0.538 loading class sun/java2d/opengl/OGLGraphicsConfig
Event: 0.538 loading class sun/net/www/protocol/http/HttpURLConnection$TunnelState
Event: 0.538 loading class sun/net/www/protocol/http/HttpURLConnection$TunnelState done
Event: 0.538 loading class sun/java2d/opengl/OGLGraphicsConfig done


Dynamic libraries:
0x00200000 - 0x00233000 	D:\Program Files (x86)\Java\jre\bin\javaw.exe
0x77960000 - 0x77ae0000 	C:\windows\SysWOW64\ntdll.dll
0x77360000 - 0x77470000 	C:\windows\syswow64\kernel32.dll
0x75130000 - 0x75177000 	C:\windows\syswow64\KERNELBASE.dll
0x75fb0000 - 0x76051000 	C:\windows\syswow64\ADVAPI32.dll
0x76060000 - 0x7610c000 	C:\windows\syswow64\msvcrt.dll
0x76f20000 - 0x76f39000 	C:\windows\SysWOW64\sechost.dll
0x76650000 - 0x76740000 	C:\windows\syswow64\RPCRT4.dll
0x750d0000 - 0x75130000 	C:\windows\syswow64\SspiCli.dll
0x750c0000 - 0x750cc000 	C:\windows\syswow64\CRYPTBASE.dll
0x76dd0000 - 0x76ed0000 	C:\windows\syswow64\USER32.dll
0x77480000 - 0x77510000 	C:\windows\syswow64\GDI32.dll
0x76c30000 - 0x76c3a000 	C:\windows\syswow64\LPK.dll
0x764c0000 - 0x7655d000 	C:\windows\syswow64\USP10.dll
0x70e30000 - 0x70fce000 	C:\windows\WinSxS\x86_microsoft.windows.common-controls_6595b64144ccf1df_6.0.7601.18837_none_41e855142bd5705d\COMCTL32.dll
0x76b30000 - 0x76b87000 	C:\windows\syswow64\SHLWAPI.dll
0x77510000 - 0x77570000 	C:\windows\system32\IMM32.DLL
0x76c40000 - 0x76d0d000 	C:\windows\syswow64\MSCTF.dll
0x74e80000 - 0x74eab000 	C:\windows\SysWOW64\nvinit.dll
0x74ff0000 - 0x74ff9000 	C:\windows\system32\VERSION.dll
0x6bf60000 - 0x6bf66000 	C:\Program Files (x86)\NVIDIA Corporation\CoProcManager\detoured.dll
0x6a7f0000 - 0x6a81a000 	C:\Program Files (x86)\NVIDIA Corporation\CoProcManager\nvd3d9wrap.dll
0x75180000 - 0x7531d000 	C:\windows\syswow64\SETUPAPI.dll
0x76c00000 - 0x76c27000 	C:\windows\syswow64\CFGMGR32.dll
0x771d0000 - 0x77261000 	C:\windows\syswow64\OLEAUT32.dll
0x76f40000 - 0x7709d000 	C:\windows\syswow64\ole32.dll
0x76ed0000 - 0x76ee2000 	C:\windows\syswow64\DEVOBJ.dll
0x6a7a0000 - 0x6a7be000 	C:\Program Files (x86)\NVIDIA Corporation\CoProcManager\nvdxgiwrap.dll
0x78a50000 - 0x78b0f000 	D:\Program Files (x86)\Java\jre\bin\msvcr100.dll
0x6c570000 - 0x6c943000 	D:\Program Files (x86)\Java\jre\bin\client\jvm.dll
0x69940000 - 0x69947000 	C:\windows\system32\WSOCK32.dll
0x76600000 - 0x76635000 	C:\windows\syswow64\WS2_32.dll
0x76640000 - 0x76646000 	C:\windows\syswow64\NSI.dll
0x70ce0000 - 0x70d12000 	C:\windows\system32\WINMM.dll
0x77470000 - 0x77475000 	C:\windows\syswow64\PSAPI.DLL
0x73420000 - 0x7342c000 	D:\Program Files (x86)\Java\jre\bin\verify.dll
0x6d390000 - 0x6d3b2000 	D:\Program Files (x86)\Java\jre\bin\java.dll
0x50000000 - 0x50014000 	D:\Program Files (x86)\Java\jre\bin\zip.dll
0x75360000 - 0x75fac000 	C:\windows\syswow64\SHELL32.dll
0x76be0000 - 0x76beb000 	C:\windows\syswow64\profapi.dll
0x15460000 - 0x155a7000 	D:\Program Files (x86)\Java\jre\bin\awt.dll
0x693d0000 - 0x69450000 	C:\windows\system32\uxtheme.dll
0x71470000 - 0x71483000 	C:\windows\system32\dwmapi.dll
0x702f0000 - 0x70305000 	D:\Program Files (x86)\Java\jre\bin\net.dll
0x74340000 - 0x7437c000 	C:\windows\system32\mswsock.dll
0x6c200000 - 0x6c206000 	C:\windows\System32\wship6.dll
0x74330000 - 0x74335000 	C:\windows\System32\wshtcpip.dll
0x72260000 - 0x722a4000 	C:\windows\system32\DNSAPI.dll
0x72220000 - 0x72241000 	C:\Program Files (x86)\Bonjour\mdnsNSP.dll
0x74cb0000 - 0x74ccc000 	C:\windows\system32\Iphlpapi.DLL
0x74ca0000 - 0x74ca7000 	C:\windows\system32\WINNSI.DLL
0x721d0000 - 0x721d6000 	C:\windows\system32\rasadhlp.dll
0x6c1c0000 - 0x6c1f8000 	C:\windows\System32\fwpuclnt.dll
0x19750000 - 0x19818000 	C:\windows\system32\opengl32.dll
0x002a0000 - 0x002c2000 	C:\windows\system32\GLU32.dll
0x16880000 - 0x16967000 	C:\windows\system32\DDRAW.dll
0x73530000 - 0x73536000 	C:\windows\system32\DCIMAN32.dll
0x70230000 - 0x70256000 	D:\Program Files (x86)\Java\jre\bin\jpeg.dll
0x6ced0000 - 0x6cf09000 	D:\Program Files (x86)\Java\jre\bin\fontmanager.dll
0x00570000 - 0x00582000 	D:\Program Files (x86)\Java\jre\bin\rxtxSerial.dll
0x6c240000 - 0x6c267000 	C:\windows\system32\crtdll.dll
0x743a0000 - 0x7448b000 	C:\windows\system32\dbghelp.dll
0x67210000 - 0x6721f000 	D:\Program Files (x86)\Java\jre\bin\nio.dll
0x74960000 - 0x74977000 	C:\windows\system32\CRYPTSP.dll

VM Arguments:
jvm_args: -Dfile.encoding=GBK 
java_command: com.js.jhjs.MainClass
java_class_path (initial): F:\java2017proj\mainCanteen\bin;E:\opensource\gson-2.8.5.jar;E:\opensource\mysql-connector-java-5.1.39\mysql-connector-java-5.1.39\mysql-connector-java-5.1.39-bin.jar;E:\opensource\jna-3.2.5.jar\jna-3.2.5.jar;E:\opensource\rxtx-2.1-7-bins-r2\RXTXcomm.jar;E:\opensource\httpcomponents-client-4.5.6-bin\httpcomponents-client-4.5.6\lib\commons-codec-1.10.jar;E:\opensource\httpcomponents-client-4.5.6-bin\httpcomponents-client-4.5.6\lib\commons-logging-1.2.jar;E:\opensource\httpcomponents-client-4.5.6-bin\httpcomponents-client-4.5.6\lib\fluent-hc-4.5.6.jar;E:\opensource\httpcomponents-client-4.5.6-bin\httpcomponents-client-4.5.6\lib\httpclient-4.5.6.jar;E:\opensource\httpcomponents-client-4.5.6-bin\httpcomponents-client-4.5.6\lib\httpclient-cache-4.5.6.jar;E:\opensource\httpcomponents-client-4.5.6-bin\httpcomponents-client-4.5.6\lib\httpclient-win-4.5.6.jar;E:\opensource\httpcomponents-client-4.5.6-bin\httpcomponents-client-4.5.6\lib\httpcore-4.4.10.jar;E:\opensource\httpcomponents-client-4.5.6-bin\httpcomponents-client-4.5.6\lib\httpmime-4.5.6.jar;E:\opensource\httpcomponents-client-4.5.6-bin\httpcomponents-client-4.5.6\lib\jna-4.4.0.jar;E:\opensource\httpcomponents-client-4.5.6-bin\httpcomponents-client-4.5.6\lib\jna-platform-4.4.0.jar;E:\opensource\mybatis-3.4.6\mybatis-3.4.6.jar
Launcher Type: SUN_STANDARD

Environment Variables:
JAVA_HOME=D:\Program Files\Java\jdk1.8
CLASSPATH=.;D:\Program Files\Java\jdk1.8\lib\dt.jar;D:\Program Files\Java\jdk1.8\lib\tools.jar;
PATH=C:\Program Files (x86)\Common Files\Oracle\Java\javapath;G:\sdk\tools\lib\monitor-x86_64\jre\bin\javaw.exe;C:\Windows\System32;F:\soui\bin;D:\CTEX\CTeX\ty\bin;D:\CTEX\Ghostscript\gs9.05\bin;D:\CTEX\GSview\gsview;D:\CTEX\WinEdt;D:\Python35;D:\Python35\Scripts;D:\Program Files\Git\cmd;C:\Program Files (x86)\Common Files\Thunder Network\KanKan\Codecs;C:\Users\bonjava\AppData\Local\GitHubDesktop\bin
USERNAME=Administrator
OS=Windows_NT
PROCESSOR_IDENTIFIER=Intel64 Family 6 Model 60 Stepping 3, GenuineIntel



---------------  S Y S T E M  ---------------

OS: Windows 7 , 64 bit Build 7601 (6.1.7601.24214)

CPU:total 8 (initial active 8) (4 cores per cpu, 2 threads per core) family 6 model 60 stepping 3, cmov, cx8, fxsr, mmx, sse, sse2, sse3, ssse3, sse4.1, sse4.2, popcnt, avx, avx2, aes, clmul, erms, lzcnt, ht, tsc, tscinvbit, bmi1, bmi2

Memory: 4k page, physical 16663584k(9818472k free), swap 17710260k(10515588k free)

vm_info: Java HotSpot(TM) Client VM (25.181-b13) for windows-x86 JRE (1.8.0_181-b13), built on Jul  7 2018 03:18:20 by "java_re" with MS VC++ 10.0 (VS2010)

time: Mon Aug 27 16:19:09 2018
elapsed time: 0 seconds (0d 0h 0m 0s)

