#
# A fatal error has been detected by the Java Runtime Environment:
#
#  EXCEPTION_ACCESS_VIOLATION (0xc0000005) at pc=0x00c2320b, pid=14316, tid=0x00000eac
#
# JRE version: Java(TM) SE Runtime Environment (8.0_181-b13) (build 1.8.0_181-b13)
# Java VM: Java HotSpot(TM) Client VM (25.181-b13 mixed mode windows-x86 )
# Problematic frame:
# C  [rxtxSerial.dll+0x320b]
#
# Failed to write core dump. Minidumps are not enabled by default on client versions of Windows
#
# If you would like to submit a bug report, please visit:
#   http://bugreport.java.com/bugreport/crash.jsp
# The crash happened outside the Java Virtual Machine in native code.
# See problematic frame for where to report the bug.
#

---------------  T H R E A D  ---------------

Current thread (0x15412000):  JavaThread "Thread-6" [_thread_in_native, id=3756, stack(0x15ce0000,0x15d30000)]

siginfo: ExceptionCode=0xc0000005, reading address 0x00000060

Registers:
EAX=0x00000000, EBX=0x6c5cb910, ECX=0x15d2eed8, EDX=0x15d2ee68
ESP=0x15d2f240, EBP=0x15d2f2d8, ESI=0x16b05520, EDI=0x15412000
EIP=0x00c2320b, EFLAGS=0x00010202

Top of Stack: (sp=0x15d2f240)
0x15d2f240:   15412000 0000000b 0000001d 00000002
0x15d2f250:   15d2f284 6c4f7273 15412000 b4fd3c7b
0x15d2f260:   00000000 15412000 00000000 15d2f25c
0x15d2f270:   00000000 00000000 00000000 00000000
0x15d2f280:   fffffffe 00000022 ffffffff 1545cc08
0x15d2f290:   00000000 00fffff8 6c5cba0e 15412000
0x15d2f2a0:   15d2f2d8 6c24e5f4 15d2f2b8 00c2673e
0x15d2f2b0:   15d2f2ec 16b05520 15d2f33b 7fffffdc 

Instructions: (pc=0x00c2320b)
0x00c231eb:   04 85 c0 74 0c 8b 45 fc c7 40 78 04 00 00 00 eb
0x00c231fb:   0a 8b 45 fc c7 40 78 00 00 00 00 a1 00 d0 c2 00
0x00c2320b:   83 78 60 00 75 2d 83 c4 fc 8b 45 fc 50 68 40 30
0x00c2321b:   c2 00 8d 85 70 ff ff ff 50 e8 3f 97 00 00 83 c4 


Register to memory mapping:

EAX=0x00000000 is an unknown value
EBX=0x6c5cb910 is an unknown value
ECX=0x15d2eed8 is pointing into the stack for thread: 0x15412000
EDX=0x15d2ee68 is pointing into the stack for thread: 0x15412000
ESP=0x15d2f240 is pointing into the stack for thread: 0x15412000
EBP=0x15d2f2d8 is pointing into the stack for thread: 0x15412000
ESI=0x16b05520 is pointing into metadata
EDI=0x15412000 is a thread


Stack: [0x15ce0000,0x15d30000],  sp=0x15d2f240,  free space=316k
Native frames: (J=compiled Java code, j=interpreted, Vv=VM code, C=native code)
C  [rxtxSerial.dll+0x320b]
C  [rxtxSerial.dll+0x6988]
j  gnu.io.RXTXPort.open(Ljava/lang/String;)I+0
j  gnu.io.RXTXPort.<init>(Ljava/lang/String;)V+114
j  gnu.io.RXTXCommDriver.getCommPort(Ljava/lang/String;I)Lgnu/io/CommPort;+78
j  gnu.io.CommPortIdentifier.open(Ljava/lang/String;I)Lgnu/io/CommPort;+80
j  com.js.jhjs.wmFrame$SerialTools.openSerialPort(Lgnu/io/CommPortIdentifier;I)Z+5
j  com.js.jhjs.wmFrame.lambda$1(Lcom/js/jhjs/wmFrame$SerialTools;Lgnu/io/CommPortIdentifier;)V+4
j  com.js.jhjs.wmFrame$$Lambda$29.run()V+8
j  java.lang.Thread.run()V+11
v  ~StubRoutines::call_stub
V  [jvm.dll+0x15c065]
V  [jvm.dll+0x223ade]
V  [jvm.dll+0x15c0fe]
V  [jvm.dll+0x15c286]
V  [jvm.dll+0x15c2f7]
V  [jvm.dll+0x10016f]
V  [jvm.dll+0x17f280]
V  [jvm.dll+0x17fafa]
V  [jvm.dll+0x1c5416]
C  [msvcr100.dll+0x5c556]
C  [msvcr100.dll+0x5c600]
C  [kernel32.dll+0x1343d]
C  [ntdll.dll+0x39832]
C  [ntdll.dll+0x39805]
C  0x00000000

Java frames: (J=compiled Java code, j=interpreted, Vv=VM code)
j  gnu.io.RXTXPort.open(Ljava/lang/String;)I+0
j  gnu.io.RXTXPort.<init>(Ljava/lang/String;)V+114
j  gnu.io.RXTXCommDriver.getCommPort(Ljava/lang/String;I)Lgnu/io/CommPort;+78
j  gnu.io.CommPortIdentifier.open(Ljava/lang/String;I)Lgnu/io/CommPort;+80
j  com.js.jhjs.wmFrame$SerialTools.openSerialPort(Lgnu/io/CommPortIdentifier;I)Z+5
j  com.js.jhjs.wmFrame.lambda$1(Lcom/js/jhjs/wmFrame$SerialTools;Lgnu/io/CommPortIdentifier;)V+4
j  com.js.jhjs.wmFrame$$Lambda$29.run()V+8
j  java.lang.Thread.run()V+11
v  ~StubRoutines::call_stub

---------------  P R O C E S S  ---------------

Java Threads: ( => current thread )
  0x15447800 JavaThread "Thread-4" [_thread_in_native, id=13032, stack(0x15f60000,0x15fb0000)]
  0x15412800 JavaThread "Thread-3" [_thread_in_native, id=3968, stack(0x15df0000,0x15e40000)]
=>0x15412000 JavaThread "Thread-6" [_thread_in_native, id=3756, stack(0x15ce0000,0x15d30000)]
  0x153df400 JavaThread "Thread-1" [_thread_in_native, id=12936, stack(0x16bc0000,0x16c10000)]
  0x15268000 JavaThread "Image Fetcher 0" daemon [_thread_blocked, id=13956, stack(0x01110000,0x01160000)]
  0x151e1800 JavaThread "Abandoned connection cleanup thread" daemon [_thread_blocked, id=1640, stack(0x16510000,0x16560000)]
  0x00cddc00 JavaThread "DestroyJavaVM" [_thread_blocked, id=12568, stack(0x00bd0000,0x00c20000)]
  0x1513b000 JavaThread "AWT-EventQueue-0" [_thread_in_vm, id=13868, stack(0x15b60000,0x15bb0000)]
  0x15139000 JavaThread "AWT-Windows" daemon [_thread_in_native, id=13020, stack(0x156a0000,0x156f0000)]
  0x15138400 JavaThread "AWT-Shutdown" [_thread_blocked, id=8472, stack(0x157b0000,0x15800000)]
  0x15135800 JavaThread "Java2D Disposer" daemon [_thread_blocked, id=9952, stack(0x15550000,0x155a0000)]
  0x14d0cc00 JavaThread "Service Thread" daemon [_thread_blocked, id=12692, stack(0x047b0000,0x04800000)]
  0x14ce5c00 JavaThread "C1 CompilerThread0" daemon [_thread_blocked, id=12504, stack(0x01200000,0x01250000)]
  0x14ce4c00 JavaThread "Attach Listener" daemon [_thread_blocked, id=7744, stack(0x04760000,0x047b0000)]
  0x00ddc800 JavaThread "Signal Dispatcher" daemon [_thread_blocked, id=10716, stack(0x046e0000,0x04730000)]
  0x00dd2c00 JavaThread "Finalizer" daemon [_thread_blocked, id=13664, stack(0x00f60000,0x00fb0000)]
  0x00dccc00 JavaThread "Reference Handler" daemon [_thread_blocked, id=12488, stack(0x011a0000,0x011f0000)]

Other Threads:
  0x00dc5800 VMThread [stack: 0x010b0000,0x01100000] [id=13904]
  0x14d16800 WatcherThread [stack: 0x14f70000,0x14fc0000] [id=2144]

VM state:not at safepoint (normal execution)

VM Mutex/Monitor currently owned by a thread: None

Heap:
 def new generation   total 7040K, used 899K [0x04800000, 0x04fa0000, 0x09d50000)
  eden space 6272K,  12% used [0x04800000, 0x048c3168, 0x04e20000)
  from space 768K,  15% used [0x04ee0000, 0x04efde08, 0x04fa0000)
  to   space 768K,   0% used [0x04e20000, 0x04e20000, 0x04ee0000)
 tenured generation   total 15524K, used 14433K [0x09d50000, 0x0ac79000, 0x14800000)
   the space 15524K,  92% used [0x09d50000, 0x0ab68580, 0x0ab68600, 0x0ac79000)
 Metaspace       used 8717K, capacity 8942K, committed 9088K, reserved 9600K

Card table byte_map: [0x00e30000,0x00ec0000] byte_map_base: 0x00e0c000

Polling page: 0x00160000

CodeCache: size=32768Kb used=1029Kb max_used=1031Kb free=31738Kb
 bounds [0x026a0000, 0x027a8000, 0x046a0000]
 total_blobs=493 nmethods=254 adapters=170
 compilation: enabled

Compilation events (10 events):
Event: 0.554 Thread 0x14ce5c00  243             jdk.internal.org.objectweb.asm.ByteVector::put12 (64 bytes)
Event: 0.569 Thread 0x14ce5c00 nmethod 243 0x0279dc08 code [0x0279dd10, 0x0279de3c]
Event: 0.569 Thread 0x14ce5c00  244  s          sun.java2d.loops.GraphicsPrimitive::makeUniqueID (26 bytes)
Event: 0.570 Thread 0x14ce5c00 nmethod 244 0x0279df88 code [0x0279e080, 0x0279e260]
Event: 0.570 Thread 0x14ce5c00  245             sun.java2d.loops.CompositeType::getUniqueID (5 bytes)
Event: 0.570 Thread 0x14ce5c00 nmethod 245 0x0279e348 code [0x0279e440, 0x0279e4c0]
Event: 0.570 Thread 0x14ce5c00  246             java.net.URL::getHost (5 bytes)
Event: 0.570 Thread 0x14ce5c00 nmethod 246 0x0279e508 code [0x0279e600, 0x0279e680]
Event: 0.570 Thread 0x14ce5c00  247             java.lang.Character::toUpperCase (6 bytes)
Event: 0.570 Thread 0x14ce5c00 nmethod 247 0x0279e6c8 code [0x0279e7d0, 0x0279e878]

GC Heap History (8 events):
Event: 0.221 GC heap before
{Heap before GC invocations=0 (full 0):
 def new generation   total 4928K, used 4416K [0x04800000, 0x04d50000, 0x09d50000)
  eden space 4416K, 100% used [0x04800000, 0x04c50000, 0x04c50000)
  from space 512K,   0% used [0x04c50000, 0x04c50000, 0x04cd0000)
  to   space 512K,   0% used [0x04cd0000, 0x04cd0000, 0x04d50000)
 tenured generation   total 10944K, used 0K [0x09d50000, 0x0a800000, 0x14800000)
   the space 10944K,   0% used [0x09d50000, 0x09d50000, 0x09d50200, 0x0a800000)
 Metaspace       used 4747K, capacity 4906K, committed 4992K, reserved 5504K
Event: 0.225 GC heap after
Heap after GC invocations=1 (full 0):
 def new generation   total 4928K, used 512K [0x04800000, 0x04d50000, 0x09d50000)
  eden space 4416K,   0% used [0x04800000, 0x04800000, 0x04c50000)
  from space 512K, 100% used [0x04cd0000, 0x04d50000, 0x04d50000)
  to   space 512K,   0% used [0x04c50000, 0x04c50000, 0x04cd0000)
 tenured generation   total 10944K, used 1022K [0x09d50000, 0x0a800000, 0x14800000)
   the space 10944K,   9% used [0x09d50000, 0x09e4fae0, 0x09e4fc00, 0x0a800000)
 Metaspace       used 4747K, capacity 4906K, committed 4992K, reserved 5504K
}
Event: 0.318 GC heap before
{Heap before GC invocations=1 (full 0):
 def new generation   total 4928K, used 4845K [0x04800000, 0x04d50000, 0x09d50000)
  eden space 4416K,  98% used [0x04800000, 0x04c3b768, 0x04c50000)
  from space 512K, 100% used [0x04cd0000, 0x04d50000, 0x04d50000)
  to   space 512K,   0% used [0x04c50000, 0x04c50000, 0x04cd0000)
 tenured generation   total 10944K, used 1022K [0x09d50000, 0x0a800000, 0x14800000)
   the space 10944K,   9% used [0x09d50000, 0x09e4fae0, 0x09e4fc00, 0x0a800000)
 Metaspace       used 6115K, capacity 6284K, committed 6400K, reserved 6528K
Event: 0.321 GC heap after
Heap after GC invocations=2 (full 0):
 def new generation   total 4928K, used 512K [0x04800000, 0x04d50000, 0x09d50000)
  eden space 4416K,   0% used [0x04800000, 0x04800000, 0x04c50000)
  from space 512K, 100% used [0x04c50000, 0x04cd0000, 0x04cd0000)
  to   space 512K,   0% used [0x04cd0000, 0x04cd0000, 0x04d50000)
 tenured generation   total 10944K, used 2668K [0x09d50000, 0x0a800000, 0x14800000)
   the space 10944K,  24% used [0x09d50000, 0x09feb1a8, 0x09feb200, 0x0a800000)
 Metaspace       used 6115K, capacity 6284K, committed 6400K, reserved 6528K
}
Event: 0.460 GC heap before
{Heap before GC invocations=2 (full 0):
 def new generation   total 4928K, used 4927K [0x04800000, 0x04d50000, 0x09d50000)
  eden space 4416K,  99% used [0x04800000, 0x04c4fc08, 0x04c50000)
  from space 512K, 100% used [0x04c50000, 0x04cd0000, 0x04cd0000)
  to   space 512K,   0% used [0x04cd0000, 0x04cd0000, 0x04d50000)
 tenured generation   total 10944K, used 7788K [0x09d50000, 0x0a800000, 0x14800000)
   the space 10944K,  71% used [0x09d50000, 0x0a4eb1b8, 0x0a4eb200, 0x0a800000)
 Metaspace       used 7440K, capacity 7636K, committed 7680K, reserved 8576K
Event: 0.462 GC heap after
Heap after GC invocations=3 (full 0):
 def new generation   total 4928K, used 512K [0x04800000, 0x04d50000, 0x09d50000)
  eden space 4416K,   0% used [0x04800000, 0x04800000, 0x04c50000)
  from space 512K, 100% used [0x04cd0000, 0x04d50000, 0x04d50000)
  to   space 512K,   0% used [0x04c50000, 0x04c50000, 0x04cd0000)
 tenured generation   total 10944K, used 8444K [0x09d50000, 0x0a800000, 0x14800000)
   the space 10944K,  77% used [0x09d50000, 0x0a58f0b8, 0x0a58f200, 0x0a800000)
 Metaspace       used 7440K, capacity 7636K, committed 7680K, reserved 8576K
}
Event: 0.554 GC heap before
{Heap before GC invocations=3 (full 0):
 def new generation   total 4928K, used 4531K [0x04800000, 0x04d50000, 0x09d50000)
  eden space 4416K,  91% used [0x04800000, 0x04becc18, 0x04c50000)
  from space 512K, 100% used [0x04cd0000, 0x04d50000, 0x04d50000)
  to   space 512K,   0% used [0x04c50000, 0x04c50000, 0x04cd0000)
 tenured generation   total 10944K, used 8444K [0x09d50000, 0x0a800000, 0x14800000)
   the space 10944K,  77% used [0x09d50000, 0x0a58f0b8, 0x0a58f200, 0x0a800000)
 Metaspace       used 8451K, capacity 8686K, committed 8832K, reserved 9600K
Event: 0.568 GC heap after
Heap after GC invocations=4 (full 1):
 def new generation   total 7040K, used 0K [0x04800000, 0x04fa0000, 0x09d50000)
  eden space 6272K,   0% used [0x04800000, 0x04800000, 0x04e20000)
  from space 768K,   0% used [0x04e20000, 0x04e20000, 0x04ee0000)
  to   space 768K,   0% used [0x04ee0000, 0x04ee0000, 0x04fa0000)
 tenured generation   total 15524K, used 9313K [0x09d50000, 0x0ac79000, 0x14800000)
   the space 15524K,  59% used [0x09d50000, 0x0a668570, 0x0a668600, 0x0ac79000)
 Metaspace       used 8451K, capacity 8686K, committed 8832K, reserved 9600K
}

Deoptimization events (0 events):
No events

Classes redefined (0 events):
No events

Internal exceptions (10 events):
Event: 0.101 Thread 0x00cddc00 Exception <a 'java/io/FileNotFoundException'> (0x0492bcd0) thrown at [C:\workspace\8-2-build-windows-i586-cygwin\jdk8u181\11358\hotspot\src\share\vm\prims\jni.cpp, line 709]
Event: 0.126 Thread 0x00cddc00 Exception <a 'java/lang/NoSuchFieldError': method resolution failed> (0x049e9a68) thrown at [C:\workspace\8-2-build-windows-i586-cygwin\jdk8u181\11358\hotspot\src\share\vm\prims\methodHandles.cpp, line 1167]
Event: 0.127 Thread 0x00cddc00 Exception <a 'java/lang/NoSuchFieldError': method resolution failed> (0x049f5c08) thrown at [C:\workspace\8-2-build-windows-i586-cygwin\jdk8u181\11358\hotspot\src\share\vm\prims\methodHandles.cpp, line 1167]
Event: 0.179 Thread 0x1513b000 Exception <a 'java/io/FileNotFoundException'> (0x04b10398) thrown at [C:\workspace\8-2-build-windows-i586-cygwin\jdk8u181\11358\hotspot\src\share\vm\prims\jni.cpp, line 709]
Event: 0.489 Thread 0x1513b000 Exception <a 'java/io/FileNotFoundException'> (0x04b115d0) thrown at [C:\workspace\8-2-build-windows-i586-cygwin\jdk8u181\11358\hotspot\src\share\vm\prims\jni.cpp, line 709]
Event: 0.489 Thread 0x1513b000 Exception <a 'java/lang/NullPointerException'> (0x04b11bc0) thrown at [C:\workspace\8-2-build-windows-i586-cygwin\jdk8u181\11358\hotspot\src\share\vm\interpreter\linkResolver.cpp, line 1185]
Event: 0.523 Thread 0x1513b000 Exception <a 'java/io/FileNotFoundException'> (0x04b77cb8) thrown at [C:\workspace\8-2-build-windows-i586-cygwin\jdk8u181\11358\hotspot\src\share\vm\prims\jni.cpp, line 709]
Event: 0.536 Thread 0x1513b000 Exception <a 'java/io/FileNotFoundException'> (0x04b8c310) thrown at [C:\workspace\8-2-build-windows-i586-cygwin\jdk8u181\11358\hotspot\src\share\vm\prims\jni.cpp, line 709]
Event: 0.536 Thread 0x1513b000 Exception <a 'java/io/FileNotFoundException'> (0x04b9a668) thrown at [C:\workspace\8-2-build-windows-i586-cygwin\jdk8u181\11358\hotspot\src\share\vm\prims\jni.cpp, line 709]
Event: 0.548 Thread 0x1513b000 Exception <a 'java/io/FileNotFoundException'> (0x04bae638) thrown at [C:\workspace\8-2-build-windows-i586-cygwin\jdk8u181\11358\hotspot\src\share\vm\prims\jni.cpp, line 709]

Events (10 events):
Event: 0.571 loading class sun/net/www/http/KeepAliveKey
Event: 0.571 loading class com/sun/jna/Native$DeleteNativeLibrary
Event: 0.571 loading class com/sun/jna/Native$DeleteNativeLibrary done
Event: 0.571 loading class sun/net/www/http/KeepAliveKey done
Event: 0.571 loading class sun/net/www/http/HttpCapture
Event: 0.571 loading class sun/net/www/http/HttpCapture done
Event: 0.571 loading class sun/net/www/http/HttpCapture$1
Event: 0.571 loading class sun/net/www/http/HttpCapture$1 done
Event: 0.571 loading class sun/net/util/IPAddressUtil
Event: 0.571 loading class sun/net/util/IPAddressUtil done


Dynamic libraries:
0x01260000 - 0x01293000 	D:\Program Files (x86)\Java\jre\bin\javaw.exe
0x77b00000 - 0x77c80000 	C:\windows\SysWOW64\ntdll.dll
0x76fb0000 - 0x770c0000 	C:\windows\syswow64\kernel32.dll
0x76ac0000 - 0x76b07000 	C:\windows\syswow64\KERNELBASE.dll
0x76620000 - 0x766c1000 	C:\windows\syswow64\ADVAPI32.dll
0x77670000 - 0x7771c000 	C:\windows\syswow64\msvcrt.dll
0x76f90000 - 0x76fa9000 	C:\windows\SysWOW64\sechost.dll
0x772a0000 - 0x77390000 	C:\windows\syswow64\RPCRT4.dll
0x75270000 - 0x752d0000 	C:\windows\syswow64\SspiCli.dll
0x75260000 - 0x7526c000 	C:\windows\syswow64\CRYPTBASE.dll
0x774f0000 - 0x775f0000 	C:\windows\syswow64\USER32.dll
0x76c20000 - 0x76cb0000 	C:\windows\syswow64\GDI32.dll
0x760b0000 - 0x760ba000 	C:\windows\syswow64\LPK.dll
0x770e0000 - 0x7717d000 	C:\windows\syswow64\USP10.dll
0x70f90000 - 0x7112e000 	C:\windows\WinSxS\x86_microsoft.windows.common-controls_6595b64144ccf1df_6.0.7601.18837_none_41e855142bd5705d\COMCTL32.dll
0x76050000 - 0x760a7000 	C:\windows\syswow64\SHLWAPI.dll
0x760c0000 - 0x76120000 	C:\windows\system32\IMM32.DLL
0x76120000 - 0x761ed000 	C:\windows\syswow64\MSCTF.dll
0x75020000 - 0x7504b000 	C:\windows\SysWOW64\nvinit.dll
0x75190000 - 0x75199000 	C:\windows\system32\VERSION.dll
0x71d50000 - 0x71d56000 	C:\Program Files (x86)\NVIDIA Corporation\CoProcManager\detoured.dll
0x70de0000 - 0x70e0a000 	C:\Program Files (x86)\NVIDIA Corporation\CoProcManager\nvd3d9wrap.dll
0x766d0000 - 0x7686d000 	C:\windows\syswow64\SETUPAPI.dll
0x77640000 - 0x77667000 	C:\windows\syswow64\CFGMGR32.dll
0x76d80000 - 0x76e11000 	C:\windows\syswow64\OLEAUT32.dll
0x77390000 - 0x774ed000 	C:\windows\syswow64\ole32.dll
0x76cb0000 - 0x76cc2000 	C:\windows\syswow64\DEVOBJ.dll
0x68680000 - 0x6869e000 	C:\Program Files (x86)\NVIDIA Corporation\CoProcManager\nvdxgiwrap.dll
0x788f0000 - 0x789af000 	D:\Program Files (x86)\Java\jre\bin\msvcr100.dll
0x6c4f0000 - 0x6c8c3000 	D:\Program Files (x86)\Java\jre\bin\client\jvm.dll
0x6a5d0000 - 0x6a5d7000 	C:\windows\system32\WSOCK32.dll
0x76b10000 - 0x76b45000 	C:\windows\syswow64\WS2_32.dll
0x76610000 - 0x76616000 	C:\windows\syswow64\NSI.dll
0x70d90000 - 0x70dc2000 	C:\windows\system32\WINMM.dll
0x76d60000 - 0x76d65000 	C:\windows\syswow64\PSAPI.DLL
0x70450000 - 0x7045c000 	D:\Program Files (x86)\Java\jre\bin\verify.dll
0x6cb60000 - 0x6cb82000 	D:\Program Files (x86)\Java\jre\bin\java.dll
0x70aa0000 - 0x70ab4000 	D:\Program Files (x86)\Java\jre\bin\zip.dll
0x752d0000 - 0x75f1c000 	C:\windows\syswow64\SHELL32.dll
0x77630000 - 0x7763b000 	C:\windows\syswow64\profapi.dll
0x14fc0000 - 0x15107000 	D:\Program Files (x86)\Java\jre\bin\awt.dll
0x68490000 - 0x68510000 	C:\windows\system32\uxtheme.dll
0x68470000 - 0x68483000 	C:\windows\system32\dwmapi.dll
0x70470000 - 0x70485000 	D:\Program Files (x86)\Java\jre\bin\net.dll
0x74a60000 - 0x74a9c000 	C:\windows\system32\mswsock.dll
0x6c010000 - 0x6c016000 	C:\windows\System32\wship6.dll
0x74b00000 - 0x74b05000 	C:\windows\System32\wshtcpip.dll
0x723d0000 - 0x72414000 	C:\windows\system32\DNSAPI.dll
0x72390000 - 0x723b1000 	C:\Program Files (x86)\Bonjour\mdnsNSP.dll
0x74e50000 - 0x74e6c000 	C:\windows\system32\Iphlpapi.DLL
0x74e40000 - 0x74e47000 	C:\windows\system32\WINNSI.DLL
0x72460000 - 0x72466000 	C:\windows\system32\rasadhlp.dll
0x6bfd0000 - 0x6c008000 	C:\windows\System32\fwpuclnt.dll
0x548e0000 - 0x549a8000 	C:\windows\system32\opengl32.dll
0x5a920000 - 0x5a942000 	C:\windows\system32\GLU32.dll
0x55560000 - 0x55647000 	C:\windows\system32\DDRAW.dll
0x66be0000 - 0x66be6000 	C:\windows\system32\DCIMAN32.dll
0x6f830000 - 0x6f856000 	D:\Program Files (x86)\Java\jre\bin\jpeg.dll
0x6d050000 - 0x6d089000 	D:\Program Files (x86)\Java\jre\bin\fontmanager.dll
0x00c20000 - 0x00c32000 	D:\Program Files (x86)\Java\jre\bin\rxtxSerial.dll
0x6c240000 - 0x6c267000 	C:\windows\system32\crtdll.dll
0x6c050000 - 0x6c09c000 	C:\windows\system32\apphelp.dll
0x744f0000 - 0x745db000 	C:\windows\system32\dbghelp.dll
0x708f0000 - 0x708ff000 	D:\Program Files (x86)\Java\jre\bin\nio.dll
0x74b30000 - 0x74b47000 	C:\windows\system32\CRYPTSP.dll
0x6fd40000 - 0x6fd72000 	D:\Program Files (x86)\Java\jre\bin\t2k.dll
0x74aa0000 - 0x74adb000 	C:\windows\system32\rsaenh.dll
0x770c0000 - 0x770d7000 	C:\windows\syswow64\USERENV.dll

VM Arguments:
jvm_args: -Dfile.encoding=GBK 
java_command: com.js.jhjs.MainClass
java_class_path (initial): F:\java2017proj\mainCanteen\bin;E:\opensource\gson-2.8.5.jar;E:\opensource\mysql-connector-java-5.1.39\mysql-connector-java-5.1.39\mysql-connector-java-5.1.39-bin.jar;E:\opensource\jna-3.2.5.jar\jna-3.2.5.jar;E:\opensource\rxtx-2.1-7-bins-r2\RXTXcomm.jar;E:\opensource\httpcomponents-client-4.5.6-bin\httpcomponents-client-4.5.6\lib\commons-codec-1.10.jar;E:\opensource\httpcomponents-client-4.5.6-bin\httpcomponents-client-4.5.6\lib\commons-logging-1.2.jar;E:\opensource\httpcomponents-client-4.5.6-bin\httpcomponents-client-4.5.6\lib\fluent-hc-4.5.6.jar;E:\opensource\httpcomponents-client-4.5.6-bin\httpcomponents-client-4.5.6\lib\httpclient-4.5.6.jar;E:\opensource\httpcomponents-client-4.5.6-bin\httpcomponents-client-4.5.6\lib\httpclient-cache-4.5.6.jar;E:\opensource\httpcomponents-client-4.5.6-bin\httpcomponents-client-4.5.6\lib\httpclient-win-4.5.6.jar;E:\opensource\httpcomponents-client-4.5.6-bin\httpcomponents-client-4.5.6\lib\httpcore-4.4.10.jar;E:\opensource\httpcomponents-client-4.5.6-bin\httpcomponents-client-4.5.6\lib\httpmime-4.5.6.jar;E:\opensource\httpcomponents-client-4.5.6-bin\httpcomponents-client-4.5.6\lib\jna-4.4.0.jar;E:\opensource\httpcomponents-client-4.5.6-bin\httpcomponents-client-4.5.6\lib\jna-platform-4.4.0.jar;E:\opensource\mybatis-3.4.6\mybatis-3.4.6.jar
Launcher Type: SUN_STANDARD

Environment Variables:
JAVA_HOME=D:\Program Files\Java\jdk1.8
CLASSPATH=.;D:\Program Files\Java\jdk1.8\lib\dt.jar;D:\Program Files\Java\jdk1.8\lib\tools.jar;
PATH=C:\Program Files (x86)\Common Files\Oracle\Java\javapath;G:\sdk\tools\lib\monitor-x86_64\jre\bin\javaw.exe;C:\Windows\System32;F:\soui\bin;D:\CTEX\CTeX\ty\bin;D:\CTEX\Ghostscript\gs9.05\bin;D:\CTEX\GSview\gsview;D:\CTEX\WinEdt;D:\Python35;D:\Python35\Scripts;D:\Program Files\Git\cmd;C:\Program Files (x86)\Common Files\Thunder Network\KanKan\Codecs;C:\Users\bonjava\AppData\Local\GitHubDesktop\bin
USERNAME=Administrator
OS=Windows_NT
PROCESSOR_IDENTIFIER=Intel64 Family 6 Model 60 Stepping 3, GenuineIntel



---------------  S Y S T E M  ---------------

OS: Windows 7 , 64 bit Build 7601 (6.1.7601.24214)

CPU:total 8 (initial active 8) (4 cores per cpu, 2 threads per core) family 6 model 60 stepping 3, cmov, cx8, fxsr, mmx, sse, sse2, sse3, ssse3, sse4.1, sse4.2, popcnt, avx, avx2, aes, clmul, erms, lzcnt, ht, tsc, tscinvbit, bmi1, bmi2

Memory: 4k page, physical 16663584k(9530264k free), swap 17710260k(9935128k free)

vm_info: Java HotSpot(TM) Client VM (25.181-b13) for windows-x86 JRE (1.8.0_181-b13), built on Jul  7 2018 03:18:20 by "java_re" with MS VC++ 10.0 (VS2010)

time: Tue Aug 28 16:20:10 2018
elapsed time: 0 seconds (0d 0h 0m 0s)

