#
# A fatal error has been detected by the Java Runtime Environment:
#
#  EXCEPTION_ACCESS_VIOLATION (0xc0000005) at pc=0x00af2c2f, pid=10532, tid=0x00002e2c
#
# JRE version: Java(TM) SE Runtime Environment (8.0_181-b13) (build 1.8.0_181-b13)
# Java VM: Java HotSpot(TM) Client VM (25.181-b13 mixed mode windows-x86 )
# Problematic frame:
# C  [rxtxSerial.dll+0x2c2f]
#
# Failed to write core dump. Minidumps are not enabled by default on client versions of Windows
#
# If you would like to submit a bug report, please visit:
#   http://bugreport.java.com/bugreport/crash.jsp
# The crash happened outside the Java Virtual Machine in native code.
# See problematic frame for where to report the bug.
#

---------------  T H R E A D  ---------------

Current thread (0x150d9800):  JavaThread "Thread-6" [_thread_in_native, id=11820, stack(0x16b70000,0x16bc0000)]

siginfo: ExceptionCode=0xc0000005, reading address 0x000000bc

Registers:
EAX=0x00000000, EBX=0x6c93b910, ECX=0x00000000, EDX=0x00388e70
ESP=0x16bbf0e0, EBP=0x16bbf0f8, ESI=0x16938420, EDI=0x150d9800
EIP=0x00af2c2f, EFLAGS=0x00010206

Top of Stack: (sp=0x16bbf0e0)
0x16bbf0e0:   165b7db8 150d9800 16bbf180 16bbf13c
0x16bbf0f0:   00388e70 00000000 16bbf1a8 00af30c0
0x16bbf100:   1521d318 00c37b90 165b8680 165b7db8
0x16bbf110:   150d9800 0000000b 0000001d 00000002
0x16bbf120:   16bbf154 6c867273 150d9800 f6f546cb
0x16bbf130:   00000000 150d9800 00000000 16bbf12c
0x16bbf140:   00000000 00000000 00000000 00000000
0x16bbf150:   fffffffe 00000022 ffffffff 1521d318 

Instructions: (pc=0x00af2c2f)
0x00af2c0f:   d0 af 00 00 75 17 8b 45 f8 c7 80 c0 00 00 00 00
0x00af2c1f:   00 00 00 8b 45 f8 a3 00 d0 af 00 eb 78 8b 45 fc
0x00af2c2f:   83 b8 bc 00 00 00 00 75 04 eb 12 89 f6 8b 45 fc
0x00af2c3f:   8b 90 bc 00 00 00 89 55 fc eb e2 89 f6 8b 45 f8 


Register to memory mapping:

EAX=0x00000000 is an unknown value
EBX=0x6c93b910 is an unknown value
ECX=0x00000000 is an unknown value
EDX=0x00388e70 is an unknown value
ESP=0x16bbf0e0 is pointing into the stack for thread: 0x150d9800
EBP=0x16bbf0f8 is pointing into the stack for thread: 0x150d9800
ESI=0x16938420 is pointing into metadata
EDI=0x150d9800 is a thread


Stack: [0x16b70000,0x16bc0000],  sp=0x16bbf0e0,  free space=316k
Native frames: (J=compiled Java code, j=interpreted, Vv=VM code, C=native code)
C  [rxtxSerial.dll+0x2c2f]
C  [rxtxSerial.dll+0x30c0]
C  [rxtxSerial.dll+0x6988]
j  gnu.io.RXTXPort.open(Ljava/lang/String;)I+0
j  gnu.io.RXTXPort.<init>(Ljava/lang/String;)V+114
j  gnu.io.RXTXCommDriver.getCommPort(Ljava/lang/String;I)Lgnu/io/CommPort;+78
j  gnu.io.CommPortIdentifier.open(Ljava/lang/String;I)Lgnu/io/CommPort;+80
j  com.js.jhjs.jcFrame$SerialTools.openSerialPort(Lgnu/io/CommPortIdentifier;I)Z+5
j  com.js.jhjs.jcFrame.lambda$1(Lcom/js/jhjs/jcFrame$SerialTools;Lgnu/io/CommPortIdentifier;)V+4
j  com.js.jhjs.jcFrame$$Lambda$18.run()V+8
j  java.lang.Thread.run()V+11
v  ~StubRoutines::call_stub
V  [jvm.dll+0x15c065]
V  [jvm.dll+0x223ade]
V  [jvm.dll+0x15c0fe]
V  [jvm.dll+0x15c286]
V  [jvm.dll+0x15c2f7]
V  [jvm.dll+0x10016f]
V  [jvm.dll+0x17f280]
V  [jvm.dll+0x17fafa]
V  [jvm.dll+0x1c5416]
C  [msvcr100.dll+0x5c556]
C  [msvcr100.dll+0x5c600]
C  [kernel32.dll+0x1343d]
C  [ntdll.dll+0x39832]
C  [ntdll.dll+0x39805]
C  0x00000000

Java frames: (J=compiled Java code, j=interpreted, Vv=VM code)
j  gnu.io.RXTXPort.open(Ljava/lang/String;)I+0
j  gnu.io.RXTXPort.<init>(Ljava/lang/String;)V+114
j  gnu.io.RXTXCommDriver.getCommPort(Ljava/lang/String;I)Lgnu/io/CommPort;+78
j  gnu.io.CommPortIdentifier.open(Ljava/lang/String;I)Lgnu/io/CommPort;+80
j  com.js.jhjs.jcFrame$SerialTools.openSerialPort(Lgnu/io/CommPortIdentifier;I)Z+5
j  com.js.jhjs.jcFrame.lambda$1(Lcom/js/jhjs/jcFrame$SerialTools;Lgnu/io/CommPortIdentifier;)V+4
j  com.js.jhjs.jcFrame$$Lambda$18.run()V+8
j  java.lang.Thread.run()V+11
v  ~StubRoutines::call_stub

---------------  P R O C E S S  ---------------

Java Threads: ( => current thread )
  0x150dac00 JavaThread "Thread-7" [_thread_in_native, id=6864, stack(0x16f60000,0x16fb0000)]
  0x150da400 JavaThread "Thread-4" [_thread_in_native, id=12108, stack(0x16ea0000,0x16ef0000)]
  0x150d9c00 JavaThread "Thread-3" [_thread_in_native, id=11556, stack(0x16c80000,0x16cd0000)]
=>0x150d9800 JavaThread "Thread-6" [_thread_in_native, id=11820, stack(0x16b70000,0x16bc0000)]
  0x150d8c00 JavaThread "Thread-1" [_thread_in_native, id=10428, stack(0x16820000,0x16870000)]
  0x150d8400 JavaThread "Image Fetcher 0" daemon [_thread_blocked, id=8948, stack(0x14f40000,0x14f90000)]
  0x150d8000 JavaThread "Abandoned connection cleanup thread" daemon [_thread_blocked, id=3148, stack(0x16270000,0x162c0000)]
  0x150d7800 JavaThread "DestroyJavaVM" [_thread_blocked, id=6460, stack(0x00e80000,0x00ed0000)]
  0x150d7400 JavaThread "AWT-EventQueue-0" [_thread_in_Java, id=10724, stack(0x157a0000,0x157f0000)]
  0x150d6c00 JavaThread "AWT-Windows" daemon [_thread_in_native, id=11916, stack(0x157f0000,0x15840000)]
  0x150d6400 JavaThread "AWT-Shutdown" [_thread_blocked, id=5080, stack(0x15720000,0x15770000)]
  0x150d6000 JavaThread "Java2D Disposer" daemon [_thread_blocked, id=11956, stack(0x15650000,0x156a0000)]
  0x14a8cc00 JavaThread "Service Thread" daemon [_thread_blocked, id=9096, stack(0x14f90000,0x14fe0000)]
  0x14a65c00 JavaThread "C1 CompilerThread0" daemon [_thread_blocked, id=11444, stack(0x15060000,0x150b0000)]
  0x14a64c00 JavaThread "Attach Listener" daemon [_thread_blocked, id=11084, stack(0x14e40000,0x14e90000)]
  0x00cdc800 JavaThread "Signal Dispatcher" daemon [_thread_blocked, id=10004, stack(0x14eb0000,0x14f00000)]
  0x00cd2c00 JavaThread "Finalizer" daemon [_thread_blocked, id=8956, stack(0x14d90000,0x14de0000)]
  0x00cccc00 JavaThread "Reference Handler" daemon [_thread_blocked, id=10984, stack(0x14830000,0x14880000)]

Other Threads:
  0x00cc5800 VMThread [stack: 0x14c50000,0x14ca0000] [id=10776]
  0x14a96800 WatcherThread [stack: 0x14920000,0x14970000] [id=4140]

VM state:not at safepoint (normal execution)

VM Mutex/Monitor currently owned by a thread: None

Heap:
 def new generation   total 6976K, used 5627K [0x04800000, 0x04f90000, 0x09d50000)
  eden space 6208K,  90% used [0x04800000, 0x04d7ec98, 0x04e10000)
  from space 768K,   0% used [0x04e10000, 0x04e10000, 0x04ed0000)
  to   space 768K,   0% used [0x04ed0000, 0x04ed0000, 0x04f90000)
 tenured generation   total 15392K, used 9233K [0x09d50000, 0x0ac58000, 0x14800000)
   the space 15392K,  59% used [0x09d50000, 0x0a654658, 0x0a654800, 0x0ac58000)
 Metaspace       used 8021K, capacity 8240K, committed 8320K, reserved 8576K

Card table byte_map: [0x00de0000,0x00e70000] byte_map_base: 0x00dbc000

Polling page: 0x000b0000

CodeCache: size=32768Kb used=1009Kb max_used=1009Kb free=31758Kb
 bounds [0x027d0000, 0x028d0000, 0x047d0000]
 total_blobs=468 nmethods=237 adapters=162
 compilation: enabled

Compilation events (10 events):
Event: 0.552 Thread 0x14a65c00  227  s          java.lang.StringBuffer::append (13 bytes)
Event: 0.552 Thread 0x14a65c00 nmethod 227 0x028c9508 code [0x028c9610, 0x028c97fc]
Event: 0.552 Thread 0x14a65c00  228             java.lang.String::<init> (21 bytes)
Event: 0.552 Thread 0x14a65c00 nmethod 228 0x028c9888 code [0x028c9980, 0x028c9a20]
Event: 0.552 Thread 0x14a65c00  229             java.lang.StringBuffer::<init> (7 bytes)
Event: 0.552 Thread 0x14a65c00 nmethod 229 0x028c9a88 code [0x028c9b80, 0x028c9c90]
Event: 0.552 Thread 0x14a65c00  230             gnu.io.RXTXCommDriver::registerValidPorts (242 bytes)
Event: 0.553 Thread 0x14a65c00 nmethod 230 0x028c9d08 code [0x028c9f20, 0x028ca84c]
Event: 0.553 Thread 0x14a65c00  231             java.net.URL::getProtocol (5 bytes)
Event: 0.553 Thread 0x14a65c00 nmethod 231 0x028cb408 code [0x028cb500, 0x028cb580]

GC Heap History (6 events):
Event: 0.221 GC heap before
{Heap before GC invocations=0 (full 0):
 def new generation   total 4928K, used 4416K [0x04800000, 0x04d50000, 0x09d50000)
  eden space 4416K, 100% used [0x04800000, 0x04c50000, 0x04c50000)
  from space 512K,   0% used [0x04c50000, 0x04c50000, 0x04cd0000)
  to   space 512K,   0% used [0x04cd0000, 0x04cd0000, 0x04d50000)
 tenured generation   total 10944K, used 0K [0x09d50000, 0x0a800000, 0x14800000)
   the space 10944K,   0% used [0x09d50000, 0x09d50000, 0x09d50200, 0x0a800000)
 Metaspace       used 4301K, capacity 4487K, committed 4608K, reserved 5504K
Event: 0.225 GC heap after
Heap after GC invocations=1 (full 0):
 def new generation   total 4928K, used 512K [0x04800000, 0x04d50000, 0x09d50000)
  eden space 4416K,   0% used [0x04800000, 0x04800000, 0x04c50000)
  from space 512K, 100% used [0x04cd0000, 0x04d50000, 0x04d50000)
  to   space 512K,   0% used [0x04c50000, 0x04c50000, 0x04cd0000)
 tenured generation   total 10944K, used 965K [0x09d50000, 0x0a800000, 0x14800000)
   the space 10944K,   8% used [0x09d50000, 0x09e416a0, 0x09e41800, 0x0a800000)
 Metaspace       used 4301K, capacity 4487K, committed 4608K, reserved 5504K
}
Event: 0.324 GC heap before
{Heap before GC invocations=1 (full 0):
 def new generation   total 4928K, used 4928K [0x04800000, 0x04d50000, 0x09d50000)
  eden space 4416K, 100% used [0x04800000, 0x04c50000, 0x04c50000)
  from space 512K, 100% used [0x04cd0000, 0x04d50000, 0x04d50000)
  to   space 512K,   0% used [0x04c50000, 0x04c50000, 0x04cd0000)
 tenured generation   total 10944K, used 965K [0x09d50000, 0x0a800000, 0x14800000)
   the space 10944K,   8% used [0x09d50000, 0x09e416a0, 0x09e41800, 0x0a800000)
 Metaspace       used 5804K, capacity 5993K, committed 6016K, reserved 6528K
Event: 0.328 GC heap after
Heap after GC invocations=2 (full 0):
 def new generation   total 4928K, used 512K [0x04800000, 0x04d50000, 0x09d50000)
  eden space 4416K,   0% used [0x04800000, 0x04800000, 0x04c50000)
  from space 512K, 100% used [0x04c50000, 0x04cd0000, 0x04cd0000)
  to   space 512K,   0% used [0x04cd0000, 0x04cd0000, 0x04d50000)
 tenured generation   total 10944K, used 2575K [0x09d50000, 0x0a800000, 0x14800000)
   the space 10944K,  23% used [0x09d50000, 0x09fd3f88, 0x09fd4000, 0x0a800000)
 Metaspace       used 5804K, capacity 5993K, committed 6016K, reserved 6528K
}
Event: 0.464 GC heap before
{Heap before GC invocations=2 (full 0):
 def new generation   total 4928K, used 4926K [0x04800000, 0x04d50000, 0x09d50000)
  eden space 4416K,  99% used [0x04800000, 0x04c4fbc8, 0x04c50000)
  from space 512K, 100% used [0x04c50000, 0x04cd0000, 0x04cd0000)
  to   space 512K,   0% used [0x04cd0000, 0x04cd0000, 0x04d50000)
 tenured generation   total 10944K, used 7695K [0x09d50000, 0x0a800000, 0x14800000)
   the space 10944K,  70% used [0x09d50000, 0x0a4d3f98, 0x0a4d4000, 0x0a800000)
 Metaspace       used 6801K, capacity 6963K, committed 7040K, reserved 7552K
Event: 0.467 GC heap after
Heap after GC invocations=3 (full 0):
 def new generation   total 4928K, used 512K [0x04800000, 0x04d50000, 0x09d50000)
  eden space 4416K,   0% used [0x04800000, 0x04800000, 0x04c50000)
  from space 512K, 100% used [0x04cd0000, 0x04d50000, 0x04d50000)
  to   space 512K,   0% used [0x04c50000, 0x04c50000, 0x04cd0000)
 tenured generation   total 10944K, used 8369K [0x09d50000, 0x0a800000, 0x14800000)
   the space 10944K,  76% used [0x09d50000, 0x0a57c4d8, 0x0a57c600, 0x0a800000)
 Metaspace       used 6801K, capacity 6963K, committed 7040K, reserved 7552K
}

Deoptimization events (0 events):
No events

Classes redefined (0 events):
No events

Internal exceptions (10 events):
Event: 0.108 Thread 0x00d5dc00 Exception <a 'java/io/FileNotFoundException'> (0x0492bcd0) thrown at [C:\workspace\8-2-build-windows-i586-cygwin\jdk8u181\11358\hotspot\src\share\vm\prims\jni.cpp, line 709]
Event: 0.134 Thread 0x00d5dc00 Exception <a 'java/lang/NoSuchFieldError': method resolution failed> (0x049e9a68) thrown at [C:\workspace\8-2-build-windows-i586-cygwin\jdk8u181\11358\hotspot\src\share\vm\prims\methodHandles.cpp, line 1167]
Event: 0.135 Thread 0x00d5dc00 Exception <a 'java/lang/NoSuchFieldError': method resolution failed> (0x049f5c08) thrown at [C:\workspace\8-2-build-windows-i586-cygwin\jdk8u181\11358\hotspot\src\share\vm\prims\methodHandles.cpp, line 1167]
Event: 0.190 Thread 0x150d7400 Exception <a 'java/io/FileNotFoundException'> (0x04b0f158) thrown at [C:\workspace\8-2-build-windows-i586-cygwin\jdk8u181\11358\hotspot\src\share\vm\prims\jni.cpp, line 709]
Event: 0.495 Thread 0x150d7400 Exception <a 'java/io/FileNotFoundException'> (0x04abe680) thrown at [C:\workspace\8-2-build-windows-i586-cygwin\jdk8u181\11358\hotspot\src\share\vm\prims\jni.cpp, line 709]
Event: 0.495 Thread 0x150d7400 Exception <a 'java/lang/NullPointerException'> (0x04abec70) thrown at [C:\workspace\8-2-build-windows-i586-cygwin\jdk8u181\11358\hotspot\src\share\vm\interpreter\linkResolver.cpp, line 1185]
Event: 0.527 Thread 0x150d7400 Exception <a 'java/io/FileNotFoundException'> (0x04b22bb8) thrown at [C:\workspace\8-2-build-windows-i586-cygwin\jdk8u181\11358\hotspot\src\share\vm\prims\jni.cpp, line 709]
Event: 0.540 Thread 0x150d7400 Exception <a 'java/io/FileNotFoundException'> (0x04b371f8) thrown at [C:\workspace\8-2-build-windows-i586-cygwin\jdk8u181\11358\hotspot\src\share\vm\prims\jni.cpp, line 709]
Event: 0.540 Thread 0x150d7400 Exception <a 'java/io/FileNotFoundException'> (0x04b45558) thrown at [C:\workspace\8-2-build-windows-i586-cygwin\jdk8u181\11358\hotspot\src\share\vm\prims\jni.cpp, line 709]
Event: 0.552 Thread 0x150d7400 Exception <a 'java/io/FileNotFoundException'> (0x04b59570) thrown at [C:\workspace\8-2-build-windows-i586-cygwin\jdk8u181\11358\hotspot\src\share\vm\prims\jni.cpp, line 709]

Events (10 events):
Event: 0.555 loading class java/util/concurrent/ThreadLocalRandom
Event: 0.555 loading class gnu/io/RXTXPort$SerialInputStream
Event: 0.555 loading class gnu/io/RXTXPort$SerialInputStream done
Event: 0.555 loading class javax/swing/RepaintManager$2$1
Event: 0.555 loading class sun/net/www/protocol/http/HttpURLConnection done
Event: 0.555 loading class gnu/io/Zystem
Event: 0.555 loading class gnu/io/Zystem done
Event: 0.556 loading class sun/security/action/GetIntegerAction
Event: 0.556 loading class gnu/io/UnSupportedLoggerException
Event: 0.556 loading class gnu/io/UnSupportedLoggerException done


Dynamic libraries:
0x01390000 - 0x013c3000 	D:\Program Files (x86)\Java\jre\bin\javaw.exe
0x77120000 - 0x772a0000 	C:\windows\SysWOW64\ntdll.dll
0x757d0000 - 0x758e0000 	C:\windows\syswow64\kernel32.dll
0x75ef0000 - 0x75f37000 	C:\windows\syswow64\KERNELBASE.dll
0x75f50000 - 0x75ff1000 	C:\windows\syswow64\ADVAPI32.dll
0x75720000 - 0x757cc000 	C:\windows\syswow64\msvcrt.dll
0x756a0000 - 0x756b9000 	C:\windows\SysWOW64\sechost.dll
0x74f90000 - 0x75080000 	C:\windows\syswow64\RPCRT4.dll
0x74890000 - 0x748f0000 	C:\windows\syswow64\SspiCli.dll
0x74880000 - 0x7488c000 	C:\windows\syswow64\CRYPTBASE.dll
0x75bf0000 - 0x75cf0000 	C:\windows\syswow64\USER32.dll
0x74cb0000 - 0x74d40000 	C:\windows\syswow64\GDI32.dll
0x74f80000 - 0x74f8a000 	C:\windows\syswow64\LPK.dll
0x74a70000 - 0x74b0d000 	C:\windows\syswow64\USP10.dll
0x705b0000 - 0x7074e000 	C:\windows\WinSxS\x86_microsoft.windows.common-controls_6595b64144ccf1df_6.0.7601.18837_none_41e855142bd5705d\COMCTL32.dll
0x758f0000 - 0x75947000 	C:\windows\syswow64\SHLWAPI.dll
0x75950000 - 0x759b0000 	C:\windows\system32\IMM32.DLL
0x75e20000 - 0x75eed000 	C:\windows\syswow64\MSCTF.dll
0x74640000 - 0x7466b000 	C:\windows\SysWOW64\nvinit.dll
0x747b0000 - 0x747b9000 	C:\windows\system32\VERSION.dll
0x684f0000 - 0x684f6000 	C:\Program Files (x86)\NVIDIA Corporation\CoProcManager\detoured.dll
0x684c0000 - 0x684ea000 	C:\Program Files (x86)\NVIDIA Corporation\CoProcManager\nvd3d9wrap.dll
0x74b10000 - 0x74cad000 	C:\windows\syswow64\SETUPAPI.dll
0x74a40000 - 0x74a67000 	C:\windows\syswow64\CFGMGR32.dll
0x75600000 - 0x75691000 	C:\windows\syswow64\OLEAUT32.dll
0x75090000 - 0x751ed000 	C:\windows\syswow64\ole32.dll
0x76d20000 - 0x76d32000 	C:\windows\syswow64\DEVOBJ.dll
0x684a0000 - 0x684be000 	C:\Program Files (x86)\NVIDIA Corporation\CoProcManager\nvdxgiwrap.dll
0x77730000 - 0x777ef000 	D:\Program Files (x86)\Java\jre\bin\msvcr100.dll
0x6c860000 - 0x6cc33000 	D:\Program Files (x86)\Java\jre\bin\client\jvm.dll
0x693e0000 - 0x693e7000 	C:\windows\system32\WSOCK32.dll
0x756d0000 - 0x75705000 	C:\windows\syswow64\WS2_32.dll
0x75f40000 - 0x75f46000 	C:\windows\syswow64\NSI.dll
0x703b0000 - 0x703e2000 	C:\windows\system32\WINMM.dll
0x755e0000 - 0x755e5000 	C:\windows\syswow64\PSAPI.DLL
0x718b0000 - 0x718bc000 	D:\Program Files (x86)\Java\jre\bin\verify.dll
0x69ef0000 - 0x69f12000 	D:\Program Files (x86)\Java\jre\bin\java.dll
0x69da0000 - 0x69db4000 	D:\Program Files (x86)\Java\jre\bin\zip.dll
0x76060000 - 0x76cac000 	C:\windows\syswow64\SHELL32.dll
0x756c0000 - 0x756cb000 	C:\windows\syswow64\profapi.dll
0x77360000 - 0x774a7000 	D:\Program Files (x86)\Java\jre\bin\awt.dll
0x68190000 - 0x68210000 	C:\windows\system32\uxtheme.dll
0x68170000 - 0x68183000 	C:\windows\system32\dwmapi.dll
0x69d80000 - 0x69d95000 	D:\Program Files (x86)\Java\jre\bin\net.dll
0x73b00000 - 0x73b3c000 	C:\windows\system32\mswsock.dll
0x6b630000 - 0x6b636000 	C:\windows\System32\wship6.dll
0x73af0000 - 0x73af5000 	C:\windows\System32\wshtcpip.dll
0x719f0000 - 0x71a34000 	C:\windows\system32\DNSAPI.dll
0x719b0000 - 0x719d1000 	C:\Program Files (x86)\Bonjour\mdnsNSP.dll
0x74470000 - 0x7448c000 	C:\windows\system32\Iphlpapi.DLL
0x74460000 - 0x74467000 	C:\windows\system32\WINNSI.DLL
0x71a80000 - 0x71a86000 	C:\windows\system32\rasadhlp.dll
0x6b5f0000 - 0x6b628000 	C:\windows\System32\fwpuclnt.dll
0x5d010000 - 0x5d0d8000 	C:\windows\system32\opengl32.dll
0x5cfe0000 - 0x5d002000 	C:\windows\system32\GLU32.dll
0x60bd0000 - 0x60cb7000 	C:\windows\system32\DDRAW.dll
0x64510000 - 0x64516000 	C:\windows\system32\DCIMAN32.dll
0x69d50000 - 0x69d76000 	D:\Program Files (x86)\Java\jre\bin\jpeg.dll
0x69d10000 - 0x69d49000 	D:\Program Files (x86)\Java\jre\bin\fontmanager.dll
0x00af0000 - 0x00b02000 	D:\Program Files (x86)\Java\jre\bin\rxtxSerial.dll
0x6c240000 - 0x6c267000 	C:\windows\system32\crtdll.dll
0x73b60000 - 0x73c4b000 	C:\windows\system32\dbghelp.dll
0x6b640000 - 0x6b68c000 	C:\windows\system32\apphelp.dll

VM Arguments:
jvm_args: -Dfile.encoding=GBK 
java_command: com.js.jhjs.MainClass
java_class_path (initial): F:\java2017proj\mainCanteen\bin;E:\opensource\gson-2.8.5.jar;E:\opensource\mysql-connector-java-5.1.39\mysql-connector-java-5.1.39\mysql-connector-java-5.1.39-bin.jar;E:\opensource\jna-3.2.5.jar\jna-3.2.5.jar;E:\opensource\rxtx-2.1-7-bins-r2\RXTXcomm.jar;E:\opensource\httpcomponents-client-4.5.6-bin\httpcomponents-client-4.5.6\lib\commons-codec-1.10.jar;E:\opensource\httpcomponents-client-4.5.6-bin\httpcomponents-client-4.5.6\lib\commons-logging-1.2.jar;E:\opensource\httpcomponents-client-4.5.6-bin\httpcomponents-client-4.5.6\lib\fluent-hc-4.5.6.jar;E:\opensource\httpcomponents-client-4.5.6-bin\httpcomponents-client-4.5.6\lib\httpclient-4.5.6.jar;E:\opensource\httpcomponents-client-4.5.6-bin\httpcomponents-client-4.5.6\lib\httpclient-cache-4.5.6.jar;E:\opensource\httpcomponents-client-4.5.6-bin\httpcomponents-client-4.5.6\lib\httpclient-win-4.5.6.jar;E:\opensource\httpcomponents-client-4.5.6-bin\httpcomponents-client-4.5.6\lib\httpcore-4.4.10.jar;E:\opensource\httpcomponents-client-4.5.6-bin\httpcomponents-client-4.5.6\lib\httpmime-4.5.6.jar;E:\opensource\httpcomponents-client-4.5.6-bin\httpcomponents-client-4.5.6\lib\jna-4.4.0.jar;E:\opensource\httpcomponents-client-4.5.6-bin\httpcomponents-client-4.5.6\lib\jna-platform-4.4.0.jar;E:\opensource\mybatis-3.4.6\mybatis-3.4.6.jar
Launcher Type: SUN_STANDARD

Environment Variables:
JAVA_HOME=D:\Program Files\Java\jdk1.8
CLASSPATH=.;D:\Program Files\Java\jdk1.8\lib\dt.jar;D:\Program Files\Java\jdk1.8\lib\tools.jar;
PATH=C:\Program Files (x86)\Common Files\Oracle\Java\javapath;G:\sdk\tools\lib\monitor-x86_64\jre\bin\javaw.exe;C:\Windows\System32;F:\soui\bin;D:\CTEX\CTeX\ty\bin;D:\CTEX\Ghostscript\gs9.05\bin;D:\CTEX\GSview\gsview;D:\CTEX\WinEdt;D:\Python35;D:\Python35\Scripts;D:\Program Files\Git\cmd;C:\Program Files (x86)\Common Files\Thunder Network\KanKan\Codecs;C:\Users\bonjava\AppData\Local\GitHubDesktop\bin
USERNAME=Administrator
OS=Windows_NT
PROCESSOR_IDENTIFIER=Intel64 Family 6 Model 60 Stepping 3, GenuineIntel



---------------  S Y S T E M  ---------------

OS: Windows 7 , 64 bit Build 7601 (6.1.7601.24214)

CPU:total 8 (initial active 8) (4 cores per cpu, 2 threads per core) family 6 model 60 stepping 3, cmov, cx8, fxsr, mmx, sse, sse2, sse3, ssse3, sse4.1, sse4.2, popcnt, avx, avx2, aes, clmul, erms, lzcnt, ht, tsc, tscinvbit, bmi1, bmi2

Memory: 4k page, physical 16663584k(10192660k free), swap 17710260k(10752216k free)

vm_info: Java HotSpot(TM) Client VM (25.181-b13) for windows-x86 JRE (1.8.0_181-b13), built on Jul  7 2018 03:18:20 by "java_re" with MS VC++ 10.0 (VS2010)

time: Sat Aug 25 11:22:25 2018
elapsed time: 0 seconds (0d 0h 0m 0s)

