#
# A fatal error has been detected by the Java Runtime Environment:
#
#  EXCEPTION_ACCESS_VIOLATION (0xc0000005) at pc=0x021d2c2f, pid=10408, tid=0x0000376c
#
# JRE version: Java(TM) SE Runtime Environment (8.0_181-b13) (build 1.8.0_181-b13)
# Java VM: Java HotSpot(TM) Client VM (25.181-b13 mixed mode, sharing windows-x86 )
# Problematic frame:
# C  [rxtxSerial.dll+0x2c2f]
#
# Failed to write core dump. Minidumps are not enabled by default on client versions of Windows
#
# If you would like to submit a bug report, please visit:
#   http://bugreport.java.com/bugreport/crash.jsp
# The crash happened outside the Java Virtual Machine in native code.
# See problematic frame for where to report the bug.
#

---------------  T H R E A D  ---------------

Current thread (0x16ce1400):  JavaThread "pool-1-thread-2" [_thread_in_native, id=14188, stack(0x165f0000,0x16640000)]

siginfo: ExceptionCode=0xc0000005, reading address 0x000000bc

Registers:
EAX=0x00000000, EBX=0x72e9b910, ECX=0x00000000, EDX=0x00609578
ESP=0x1663f460, EBP=0x1663f478, ESI=0x14d74ba0, EDI=0x16ce1400
EIP=0x021d2c2f, EFLAGS=0x00010206

Top of Stack: (sp=0x1663f460)
0x1663f460:   14d73d68 16ce1400 1663f500 1663f4bc
0x1663f470:   00609578 00000000 1663f528 021d30c0
0x1663f480:   16db51d8 14405a80 14d74630 14d73d68
0x1663f490:   16ce1400 0000000b 0000001d 00000002
0x1663f4a0:   1663f4d4 72dc7273 16ce1400 75ccec75
0x1663f4b0:   00000000 16ce1400 00000000 1663f4ac
0x1663f4c0:   00000000 00000000 00000000 00000000
0x1663f4d0:   fffffffe 00000022 ffffffff 16db51d8 

Instructions: (pc=0x021d2c2f)
0x021d2c0f:   d0 1d 02 00 75 17 8b 45 f8 c7 80 c0 00 00 00 00
0x021d2c1f:   00 00 00 8b 45 f8 a3 00 d0 1d 02 eb 78 8b 45 fc
0x021d2c2f:   83 b8 bc 00 00 00 00 75 04 eb 12 89 f6 8b 45 fc
0x021d2c3f:   8b 90 bc 00 00 00 89 55 fc eb e2 89 f6 8b 45 f8 


Register to memory mapping:

EAX=0x00000000 is an unknown value
EBX=0x72e9b910 is an unknown value
ECX=0x00000000 is an unknown value
EDX=0x00609578 is an unknown value
ESP=0x1663f460 is pointing into the stack for thread: 0x16ce1400
EBP=0x1663f478 is pointing into the stack for thread: 0x16ce1400
ESI=0x14d74ba0 is pointing into metadata
EDI=0x16ce1400 is a thread


Stack: [0x165f0000,0x16640000],  sp=0x1663f460,  free space=317k
Native frames: (J=compiled Java code, j=interpreted, Vv=VM code, C=native code)
C  [rxtxSerial.dll+0x2c2f]
C  [rxtxSerial.dll+0x30c0]
C  [rxtxSerial.dll+0x6988]
j  gnu.io.RXTXPort.open(Ljava/lang/String;)I+0
j  gnu.io.RXTXPort.<init>(Ljava/lang/String;)V+114
j  gnu.io.RXTXCommDriver.getCommPort(Ljava/lang/String;I)Lgnu/io/CommPort;+78
j  gnu.io.CommPortIdentifier.open(Ljava/lang/String;I)Lgnu/io/CommPort;+80
j  com.js.jhjs.wmFrame$SerialTools.openSerialPort(Lgnu/io/CommPortIdentifier;I)Z+5
j  com.js.jhjs.wmFrame.lambda$1(Lgnu/io/CommPortIdentifier;)V+16
j  com.js.jhjs.wmFrame$$Lambda$30.run()V+8
j  java.util.concurrent.ThreadPoolExecutor.runWorker(Ljava/util/concurrent/ThreadPoolExecutor$Worker;)V+95
j  java.util.concurrent.ThreadPoolExecutor$Worker.run()V+5
j  java.lang.Thread.run()V+11
v  ~StubRoutines::call_stub
V  [jvm.dll+0x15c065]
V  [jvm.dll+0x223ade]
V  [jvm.dll+0x15c0fe]
V  [jvm.dll+0x15c286]
V  [jvm.dll+0x15c2f7]
V  [jvm.dll+0x10016f]
V  [jvm.dll+0x17f280]
V  [jvm.dll+0x17fafa]
V  [jvm.dll+0x1c5416]
C  [msvcr100.dll+0x5c556]
C  [msvcr100.dll+0x5c600]
C  [kernel32.dll+0x1343d]
C  [ntdll.dll+0x39832]
C  [ntdll.dll+0x39805]
C  0x00000000

Java frames: (J=compiled Java code, j=interpreted, Vv=VM code)
j  gnu.io.RXTXPort.open(Ljava/lang/String;)I+0
j  gnu.io.RXTXPort.<init>(Ljava/lang/String;)V+114
j  gnu.io.RXTXCommDriver.getCommPort(Ljava/lang/String;I)Lgnu/io/CommPort;+78
j  gnu.io.CommPortIdentifier.open(Ljava/lang/String;I)Lgnu/io/CommPort;+80
j  com.js.jhjs.wmFrame$SerialTools.openSerialPort(Lgnu/io/CommPortIdentifier;I)Z+5
j  com.js.jhjs.wmFrame.lambda$1(Lgnu/io/CommPortIdentifier;)V+16
j  com.js.jhjs.wmFrame$$Lambda$30.run()V+8
j  java.util.concurrent.ThreadPoolExecutor.runWorker(Ljava/util/concurrent/ThreadPoolExecutor$Worker;)V+95
j  java.util.concurrent.ThreadPoolExecutor$Worker.run()V+5
j  java.lang.Thread.run()V+11
v  ~StubRoutines::call_stub

---------------  P R O C E S S  ---------------

Java Threads: ( => current thread )
  0x16e12400 JavaThread "Thread-5" [_thread_in_native, id=7804, stack(0x168f0000,0x16940000)]
  0x16e12000 JavaThread "Thread-4" [_thread_in_vm, id=13492, stack(0x16710000,0x16760000)]
  0x16e11800 JavaThread "Thread-3" [_thread_in_native, id=13676, stack(0x16530000,0x16580000)]
  0x16e11000 JavaThread "pool-1-thread-4" [_thread_in_native, id=11556, stack(0x16640000,0x16690000)]
  0x16d43800 JavaThread "pool-1-thread-3" [_thread_blocked, id=12796, stack(0x166c0000,0x16710000)]
=>0x16ce1400 JavaThread "pool-1-thread-2" [_thread_in_native, id=14188, stack(0x165f0000,0x16640000)]
  0x16ce0c00 JavaThread "pool-1-thread-1" [_thread_blocked, id=12500, stack(0x16410000,0x16460000)]
  0x16ca2c00 JavaThread "Thread-1" [_thread_in_Java, id=12884, stack(0x17090000,0x170e0000)]
  0x16d87800 JavaThread "Image Fetcher 0" daemon [_thread_blocked, id=12932, stack(0x17230000,0x17280000)]
  0x15b2a800 JavaThread "Abandoned connection cleanup thread" daemon [_thread_blocked, id=11624, stack(0x16bb0000,0x16c00000)]
  0x0220dc00 JavaThread "DestroyJavaVM" [_thread_blocked, id=13092, stack(0x02310000,0x02360000)]
  0x15adb000 JavaThread "AWT-EventQueue-0" [_thread_in_native, id=13316, stack(0x16340000,0x16390000)]
  0x15ad9400 JavaThread "AWT-Windows" daemon [_thread_in_native, id=14000, stack(0x15f60000,0x15fb0000)]
  0x15ad8800 JavaThread "AWT-Shutdown" [_thread_blocked, id=13464, stack(0x15870000,0x158c0000)]
  0x15ad5c00 JavaThread "Java2D Disposer" daemon [_thread_blocked, id=4860, stack(0x15f10000,0x15f60000)]
  0x0054e000 JavaThread "Service Thread" daemon [_thread_blocked, id=13144, stack(0x15820000,0x15870000)]
  0x0052b800 JavaThread "C1 CompilerThread0" daemon [_thread_in_vm, id=12452, stack(0x15930000,0x15980000)]
  0x0052a400 JavaThread "Attach Listener" daemon [_thread_blocked, id=13504, stack(0x155b0000,0x15600000)]
  0x00527400 JavaThread "Signal Dispatcher" daemon [_thread_blocked, id=2620, stack(0x15780000,0x157d0000)]
  0x0050cc00 JavaThread "Finalizer" daemon [_thread_blocked, id=13240, stack(0x156b0000,0x15700000)]
  0x004ae400 JavaThread "Reference Handler" daemon [_thread_blocked, id=1660, stack(0x022a0000,0x022f0000)]

Other Threads:
  0x004ac000 VMThread [stack: 0x14e20000,0x14e70000] [id=8540]
  0x0054f400 WatcherThread [stack: 0x15d50000,0x15da0000] [id=3584]

VM state:not at safepoint (normal execution)

VM Mutex/Monitor currently owned by a thread: None

Heap:
 def new generation   total 7040K, used 6062K [0x04400000, 0x04ba0000, 0x09950000)
  eden space 6272K,  96% used [0x04400000, 0x049eb9f0, 0x04a20000)
  from space 768K,   0% used [0x04a20000, 0x04a20000, 0x04ae0000)
  to   space 768K,   0% used [0x04ae0000, 0x04ae0000, 0x04ba0000)
 tenured generation   total 15520K, used 9310K [0x09950000, 0x0a878000, 0x14400000)
   the space 15520K,  59% used [0x09950000, 0x0a267a28, 0x0a267c00, 0x0a878000)
 Metaspace       used 2325K, capacity 3917K, committed 4032K, reserved 4480K

Card table byte_map: [0x02080000,0x02110000] byte_map_base: 0x0205e000

Polling page: 0x000b0000

CodeCache: size=32768Kb used=1226Kb max_used=1226Kb free=31541Kb
 bounds [0x02360000, 0x02498000, 0x04360000]
 total_blobs=592 nmethods=355 adapters=168
 compilation: enabled

Compilation events (10 events):
Event: 0.511 Thread 0x0052b800  319             java.text.DateFormatSymbols::initializeData (368 bytes)
Event: 0.513 Thread 0x0052b800 nmethod 319 0x02489048 code [0x02489360, 0x02489fd4]
Event: 0.513 Thread 0x0052b800  320             java.text.DateFormatSymbols::copyMembers (163 bytes)
Event: 0.513 Thread 0x0052b800 nmethod 320 0x0248ae48 code [0x0248afb0, 0x0248b344]
Event: 0.513 Thread 0x0052b800  321             java.lang.invoke.MemberName::getDeclaringClass (5 bytes)
Event: 0.513 Thread 0x0052b800 nmethod 321 0x0248b6c8 code [0x0248b7c0, 0x0248b840]
Event: 0.514 Thread 0x0052b800  322             java.lang.String::toString (2 bytes)
Event: 0.514 Thread 0x0052b800 nmethod 322 0x0248b888 code [0x0248b980, 0x0248ba00]
Event: 0.514 Thread 0x0052b800  323             java.net.URL::getHost (5 bytes)
Event: 0.514 Thread 0x0052b800 nmethod 323 0x0248ba48 code [0x0248bb40, 0x0248bbc0]

GC Heap History (8 events):
Event: 0.161 GC heap before
{Heap before GC invocations=0 (full 0):
 def new generation   total 4928K, used 4416K [0x04400000, 0x04950000, 0x09950000)
  eden space 4416K, 100% used [0x04400000, 0x04850000, 0x04850000)
  from space 512K,   0% used [0x04850000, 0x04850000, 0x048d0000)
  to   space 512K,   0% used [0x048d0000, 0x048d0000, 0x04950000)
 tenured generation   total 10944K, used 0K [0x09950000, 0x0a400000, 0x14400000)
   the space 10944K,   0% used [0x09950000, 0x09950000, 0x09950200, 0x0a400000)
 Metaspace       used 451K, capacity 2591K, committed 2624K, reserved 4480K
Event: 0.166 GC heap after
Heap after GC invocations=1 (full 0):
 def new generation   total 4928K, used 512K [0x04400000, 0x04950000, 0x09950000)
  eden space 4416K,   0% used [0x04400000, 0x04400000, 0x04850000)
  from space 512K, 100% used [0x048d0000, 0x04950000, 0x04950000)
  to   space 512K,   0% used [0x04850000, 0x04850000, 0x048d0000)
 tenured generation   total 10944K, used 962K [0x09950000, 0x0a400000, 0x14400000)
   the space 10944K,   8% used [0x09950000, 0x09a40ac0, 0x09a40c00, 0x0a400000)
 Metaspace       used 451K, capacity 2591K, committed 2624K, reserved 4480K
}
Event: 0.255 GC heap before
{Heap before GC invocations=1 (full 0):
 def new generation   total 4928K, used 4840K [0x04400000, 0x04950000, 0x09950000)
  eden space 4416K,  98% used [0x04400000, 0x0483a318, 0x04850000)
  from space 512K, 100% used [0x048d0000, 0x04950000, 0x04950000)
  to   space 512K,   0% used [0x04850000, 0x04850000, 0x048d0000)
 tenured generation   total 10944K, used 962K [0x09950000, 0x0a400000, 0x14400000)
   the space 10944K,   8% used [0x09950000, 0x09a40ac0, 0x09a40c00, 0x0a400000)
 Metaspace       used 1567K, capacity 3393K, committed 3520K, reserved 4480K
Event: 0.258 GC heap after
Heap after GC invocations=2 (full 0):
 def new generation   total 4928K, used 512K [0x04400000, 0x04950000, 0x09950000)
  eden space 4416K,   0% used [0x04400000, 0x04400000, 0x04850000)
  from space 512K, 100% used [0x04850000, 0x048d0000, 0x048d0000)
  to   space 512K,   0% used [0x048d0000, 0x048d0000, 0x04950000)
 tenured generation   total 10944K, used 2634K [0x09950000, 0x0a400000, 0x14400000)
   the space 10944K,  24% used [0x09950000, 0x09be28f8, 0x09be2a00, 0x0a400000)
 Metaspace       used 1567K, capacity 3393K, committed 3520K, reserved 4480K
}
Event: 0.390 GC heap before
{Heap before GC invocations=2 (full 0):
 def new generation   total 4928K, used 4925K [0x04400000, 0x04950000, 0x09950000)
  eden space 4416K,  99% used [0x04400000, 0x0484f678, 0x04850000)
  from space 512K, 100% used [0x04850000, 0x048d0000, 0x048d0000)
  to   space 512K,   0% used [0x048d0000, 0x048d0000, 0x04950000)
 tenured generation   total 10944K, used 7754K [0x09950000, 0x0a400000, 0x14400000)
   the space 10944K,  70% used [0x09950000, 0x0a0e2908, 0x0a0e2a00, 0x0a400000)
 Metaspace       used 1953K, capacity 3724K, committed 3776K, reserved 4480K
Event: 0.393 GC heap after
Heap after GC invocations=3 (full 0):
 def new generation   total 4928K, used 512K [0x04400000, 0x04950000, 0x09950000)
  eden space 4416K,   0% used [0x04400000, 0x04400000, 0x04850000)
  from space 512K, 100% used [0x048d0000, 0x04950000, 0x04950000)
  to   space 512K,   0% used [0x04850000, 0x04850000, 0x048d0000)
 tenured generation   total 10944K, used 8447K [0x09950000, 0x0a400000, 0x14400000)
   the space 10944K,  77% used [0x09950000, 0x0a18fe38, 0x0a190000, 0x0a400000)
 Metaspace       used 1953K, capacity 3724K, committed 3776K, reserved 4480K
}
Event: 0.486 GC heap before
{Heap before GC invocations=3 (full 0):
 def new generation   total 4928K, used 4928K [0x04400000, 0x04950000, 0x09950000)
  eden space 4416K, 100% used [0x04400000, 0x04850000, 0x04850000)
  from space 512K, 100% used [0x048d0000, 0x04950000, 0x04950000)
  to   space 512K,   0% used [0x04850000, 0x04850000, 0x048d0000)
 tenured generation   total 10944K, used 8447K [0x09950000, 0x0a400000, 0x14400000)
   the space 10944K,  77% used [0x09950000, 0x0a18fe38, 0x0a190000, 0x0a400000)
 Metaspace       used 2108K, capacity 3841K, committed 3904K, reserved 4480K
Event: 0.489 GC heap after
Heap after GC invocations=4 (full 0):
 def new generation   total 4928K, used 370K [0x04400000, 0x04950000, 0x09950000)
  eden space 4416K,   0% used [0x04400000, 0x04400000, 0x04850000)
  from space 512K,  72% used [0x04850000, 0x048ac918, 0x048d0000)
  to   space 512K,   0% used [0x048d0000, 0x048d0000, 0x04950000)
 tenured generation   total 10944K, used 8944K [0x09950000, 0x0a400000, 0x14400000)
   the space 10944K,  81% used [0x09950000, 0x0a20c0d8, 0x0a20c200, 0x0a400000)
 Metaspace       used 2108K, capacity 3841K, committed 3904K, reserved 4480K
}

Deoptimization events (0 events):
No events

Classes redefined (0 events):
No events

Internal exceptions (10 events):
Event: 0.097 Thread 0x0220dc00 Exception <a 'java/lang/NoSuchFieldError': method resolution failed> (0x045e9658) thrown at [C:\workspace\8-2-build-windows-i586-cygwin\jdk8u181\11358\hotspot\src\share\vm\prims\methodHandles.cpp, line 1167]
Event: 0.098 Thread 0x0220dc00 Exception <a 'java/lang/NoSuchFieldError': method resolution failed> (0x045f57f8) thrown at [C:\workspace\8-2-build-windows-i586-cygwin\jdk8u181\11358\hotspot\src\share\vm\prims\methodHandles.cpp, line 1167]
Event: 0.132 Thread 0x15adb000 Exception <a 'java/io/FileNotFoundException'> (0x04714eb0) thrown at [C:\workspace\8-2-build-windows-i586-cygwin\jdk8u181\11358\hotspot\src\share\vm\prims\jni.cpp, line 709]
Event: 0.412 Thread 0x15adb000 Exception <a 'java/io/FileNotFoundException'> (0x04714fc8) thrown at [C:\workspace\8-2-build-windows-i586-cygwin\jdk8u181\11358\hotspot\src\share\vm\prims\jni.cpp, line 709]
Event: 0.412 Thread 0x15adb000 Exception <a 'java/lang/NullPointerException'> (0x047155b8) thrown at [C:\workspace\8-2-build-windows-i586-cygwin\jdk8u181\11358\hotspot\src\share\vm\interpreter\linkResolver.cpp, line 1185]
Event: 0.451 Thread 0x15adb000 Exception <a 'java/io/FileNotFoundException'> (0x0477d358) thrown at [C:\workspace\8-2-build-windows-i586-cygwin\jdk8u181\11358\hotspot\src\share\vm\prims\jni.cpp, line 709]
Event: 0.475 Thread 0x15adb000 Exception <a 'java/io/FileNotFoundException'> (0x047d0938) thrown at [C:\workspace\8-2-build-windows-i586-cygwin\jdk8u181\11358\hotspot\src\share\vm\prims\jni.cpp, line 709]
Event: 0.476 Thread 0x15adb000 Exception <a 'java/io/FileNotFoundException'> (0x047e62a0) thrown at [C:\workspace\8-2-build-windows-i586-cygwin\jdk8u181\11358\hotspot\src\share\vm\prims\jni.cpp, line 709]
Event: 0.502 Thread 0x15adb000 Exception <a 'java/io/FileNotFoundException'> (0x0448cb48) thrown at [C:\workspace\8-2-build-windows-i586-cygwin\jdk8u181\11358\hotspot\src\share\vm\prims\jni.cpp, line 709]
Event: 0.513 Thread 0x16ce0c00 Exception <a 'gnu/io/PortInUseException': No error in open> (0x0459adb0) thrown at [C:\workspace\8-2-build-windows-i586-cygwin\jdk8u181\11358\hotspot\src\share\vm\prims\jni.cpp, line 735]

Events (10 events):
Event: 0.513 loading class sun/security/action/GetIntegerAction done
Event: 0.513 loading class com/js/jhjs/cardDuty
Event: 0.513 loading class com/js/jhjs/cardDuty done
Event: 0.514 loading class java/util/regex/Pattern$Ctype
Event: 0.514 loading class java/util/regex/Pattern$Ctype done
Event: 0.514 loading class com/js/jhjs/Declare$mwrf
Event: 0.514 loading class com/js/jhjs/Declare$mwrf done
Event: 0.514 loading class sun/net/www/protocol/http/HttpURLConnection$TunnelState
Event: 0.514 loading class sun/net/www/protocol/http/HttpURLConnection$TunnelState done
Event: 0.514 loading class com/sun/jna/Library


Dynamic libraries:
0x000c0000 - 0x000f3000 	D:\Program Files (x86)\Java\jre\bin\javaw.exe
0x77cd0000 - 0x77e50000 	C:\windows\SysWOW64\ntdll.dll
0x75690000 - 0x757a0000 	C:\windows\syswow64\kernel32.dll
0x76810000 - 0x76857000 	C:\windows\syswow64\KERNELBASE.dll
0x76d60000 - 0x76e01000 	C:\windows\syswow64\ADVAPI32.dll
0x76ca0000 - 0x76d4c000 	C:\windows\syswow64\msvcrt.dll
0x76a20000 - 0x76a39000 	C:\windows\SysWOW64\sechost.dll
0x757a0000 - 0x75890000 	C:\windows\syswow64\RPCRT4.dll
0x75440000 - 0x754a0000 	C:\windows\syswow64\SspiCli.dll
0x75430000 - 0x7543c000 	C:\windows\syswow64\CRYPTBASE.dll
0x76a90000 - 0x76b90000 	C:\windows\syswow64\USER32.dll
0x77600000 - 0x77690000 	C:\windows\syswow64\GDI32.dll
0x775f0000 - 0x775fa000 	C:\windows\syswow64\LPK.dll
0x777c0000 - 0x7785d000 	C:\windows\syswow64\USP10.dll
0x6a8c0000 - 0x6aa5e000 	C:\windows\WinSxS\x86_microsoft.windows.common-controls_6595b64144ccf1df_6.0.7601.18837_none_41e855142bd5705d\COMCTL32.dll
0x76740000 - 0x76797000 	C:\windows\syswow64\SHLWAPI.dll
0x767a0000 - 0x76800000 	C:\windows\system32\IMM32.DLL
0x76ee0000 - 0x76fad000 	C:\windows\syswow64\MSCTF.dll
0x751f0000 - 0x7521b000 	C:\windows\SysWOW64\nvinit.dll
0x75360000 - 0x75369000 	C:\windows\system32\VERSION.dll
0x71df0000 - 0x71df6000 	C:\Program Files (x86)\NVIDIA Corporation\CoProcManager\detoured.dll
0x68050000 - 0x6807a000 	C:\Program Files (x86)\NVIDIA Corporation\CoProcManager\nvd3d9wrap.dll
0x76870000 - 0x76a0d000 	C:\windows\syswow64\SETUPAPI.dll
0x76c70000 - 0x76c97000 	C:\windows\syswow64\CFGMGR32.dll
0x76b90000 - 0x76c21000 	C:\windows\syswow64\OLEAUT32.dll
0x758d0000 - 0x75a2d000 	C:\windows\syswow64\ole32.dll
0x75ad0000 - 0x75ae2000 	C:\windows\syswow64\DEVOBJ.dll
0x68030000 - 0x6804e000 	C:\Program Files (x86)\NVIDIA Corporation\CoProcManager\nvdxgiwrap.dll
0x73700000 - 0x737bf000 	D:\Program Files (x86)\Java\jre\bin\msvcr100.dll
0x72dc0000 - 0x73193000 	D:\Program Files (x86)\Java\jre\bin\client\jvm.dll
0x6ae60000 - 0x6ae67000 	C:\windows\system32\WSOCK32.dll
0x75890000 - 0x758c5000 	C:\windows\syswow64\WS2_32.dll
0x76a10000 - 0x76a16000 	C:\windows\syswow64\NSI.dll
0x711f0000 - 0x71222000 	C:\windows\system32\WINMM.dll
0x76c60000 - 0x76c65000 	C:\windows\syswow64\PSAPI.DLL
0x73870000 - 0x7387c000 	D:\Program Files (x86)\Java\jre\bin\verify.dll
0x73840000 - 0x73862000 	D:\Program Files (x86)\Java\jre\bin\java.dll
0x73820000 - 0x73834000 	D:\Program Files (x86)\Java\jre\bin\zip.dll
0x75af0000 - 0x7673c000 	C:\windows\syswow64\SHELL32.dll
0x77880000 - 0x7788b000 	C:\windows\syswow64\profapi.dll
0x73430000 - 0x73577000 	D:\Program Files (x86)\Java\jre\bin\awt.dll
0x680c0000 - 0x68140000 	C:\windows\system32\uxtheme.dll
0x680a0000 - 0x680b3000 	C:\windows\system32\dwmapi.dll
0x73800000 - 0x73815000 	D:\Program Files (x86)\Java\jre\bin\net.dll
0x746b0000 - 0x746ec000 	C:\windows\system32\mswsock.dll
0x6c640000 - 0x6c646000 	C:\windows\System32\wship6.dll
0x746a0000 - 0x746a5000 	C:\windows\System32\wshtcpip.dll
0x74590000 - 0x745d4000 	C:\windows\system32\DNSAPI.dll
0x74550000 - 0x74571000 	C:\Program Files (x86)\Bonjour\mdnsNSP.dll
0x75020000 - 0x7503c000 	C:\windows\system32\Iphlpapi.DLL
0x75010000 - 0x75017000 	C:\windows\system32\WINNSI.DLL
0x74500000 - 0x74506000 	C:\windows\system32\rasadhlp.dll
0x6c600000 - 0x6c638000 	C:\windows\System32\fwpuclnt.dll
0x73630000 - 0x736f8000 	C:\windows\system32\opengl32.dll
0x737d0000 - 0x737f2000 	C:\windows\system32\GLU32.dll
0x73340000 - 0x73427000 	C:\windows\system32\DDRAW.dll
0x737c0000 - 0x737c6000 	C:\windows\system32\DCIMAN32.dll
0x73310000 - 0x73336000 	D:\Program Files (x86)\Java\jre\bin\jpeg.dll
0x732d0000 - 0x73309000 	D:\Program Files (x86)\Java\jre\bin\fontmanager.dll
0x6c850000 - 0x6c89c000 	C:\windows\system32\apphelp.dll
0x021d0000 - 0x021e2000 	D:\Program Files (x86)\Java\jre\bin\rxtxSerial.dll
0x6c240000 - 0x6c267000 	C:\windows\system32\crtdll.dll
0x74730000 - 0x7481b000 	C:\windows\system32\dbghelp.dll
0x735f0000 - 0x735ff000 	D:\Program Files (x86)\Java\jre\bin\nio.dll
0x74ce0000 - 0x74cf7000 	C:\windows\system32\CRYPTSP.dll

VM Arguments:
jvm_args: -Dfile.encoding=GBK 
java_command: com.js.jhjs.MainClass
java_class_path (initial): F:\java2017proj\mainCanteen\bin;E:\opensource\gson-2.8.5.jar;E:\opensource\mysql-connector-java-5.1.39\mysql-connector-java-5.1.39\mysql-connector-java-5.1.39-bin.jar;E:\opensource\jna-3.2.5.jar\jna-3.2.5.jar;E:\opensource\rxtx-2.1-7-bins-r2\RXTXcomm.jar;E:\opensource\httpcomponents-client-4.5.6-bin\httpcomponents-client-4.5.6\lib\commons-codec-1.10.jar;E:\opensource\httpcomponents-client-4.5.6-bin\httpcomponents-client-4.5.6\lib\commons-logging-1.2.jar;E:\opensource\httpcomponents-client-4.5.6-bin\httpcomponents-client-4.5.6\lib\fluent-hc-4.5.6.jar;E:\opensource\httpcomponents-client-4.5.6-bin\httpcomponents-client-4.5.6\lib\httpclient-4.5.6.jar;E:\opensource\httpcomponents-client-4.5.6-bin\httpcomponents-client-4.5.6\lib\httpclient-cache-4.5.6.jar;E:\opensource\httpcomponents-client-4.5.6-bin\httpcomponents-client-4.5.6\lib\httpclient-win-4.5.6.jar;E:\opensource\httpcomponents-client-4.5.6-bin\httpcomponents-client-4.5.6\lib\httpcore-4.4.10.jar;E:\opensource\httpcomponents-client-4.5.6-bin\httpcomponents-client-4.5.6\lib\httpmime-4.5.6.jar;E:\opensource\httpcomponents-client-4.5.6-bin\httpcomponents-client-4.5.6\lib\jna-4.4.0.jar;E:\opensource\httpcomponents-client-4.5.6-bin\httpcomponents-client-4.5.6\lib\jna-platform-4.4.0.jar;E:\opensource\mybatis-3.4.6\mybatis-3.4.6.jar
Launcher Type: SUN_STANDARD

Environment Variables:
JAVA_HOME=D:\Program Files\Java\jdk1.8
CLASSPATH=.;D:\Program Files\Java\jdk1.8\lib\dt.jar;D:\Program Files\Java\jdk1.8\lib\tools.jar;
PATH=C:\Program Files (x86)\Common Files\Oracle\Java\javapath;G:\sdk\tools\lib\monitor-x86_64\jre\bin\javaw.exe;C:\Windows\System32;F:\soui\bin;D:\CTEX\CTeX\ty\bin;D:\CTEX\Ghostscript\gs9.05\bin;D:\CTEX\GSview\gsview;D:\CTEX\WinEdt;D:\Python35;D:\Python35\Scripts;D:\Program Files\Git\cmd;C:\Program Files (x86)\Common Files\Thunder Network\KanKan\Codecs;C:\Users\bonjava\AppData\Local\GitHubDesktop\bin
USERNAME=Administrator
OS=Windows_NT
PROCESSOR_IDENTIFIER=Intel64 Family 6 Model 60 Stepping 3, GenuineIntel



---------------  S Y S T E M  ---------------

OS: Windows 7 , 64 bit Build 7601 (6.1.7601.24214)

CPU:total 8 (initial active 8) (4 cores per cpu, 2 threads per core) family 6 model 60 stepping 3, cmov, cx8, fxsr, mmx, sse, sse2, sse3, ssse3, sse4.1, sse4.2, popcnt, avx, avx2, aes, clmul, erms, lzcnt, ht, tsc, tscinvbit, bmi1, bmi2

Memory: 4k page, physical 16663584k(10558896k free), swap 17710260k(11287536k free)

vm_info: Java HotSpot(TM) Client VM (25.181-b13) for windows-x86 JRE (1.8.0_181-b13), built on Jul  7 2018 03:18:20 by "java_re" with MS VC++ 10.0 (VS2010)

time: Thu Aug 30 22:05:45 2018
elapsed time: 0 seconds (0d 0h 0m 0s)

