#
# A fatal error has been detected by the Java Runtime Environment:
#
#  EXCEPTION_ACCESS_VIOLATION (0xc0000005) at pc=0x00552c2f, pid=7980, tid=0x00000ba8
#
# JRE version: Java(TM) SE Runtime Environment (8.0_181-b13) (build 1.8.0_181-b13)
# Java VM: Java HotSpot(TM) Client VM (25.181-b13 mixed mode, sharing windows-x86 )
# Problematic frame:
# C  [rxtxSerial.dll+0x2c2f]
#
# Failed to write core dump. Minidumps are not enabled by default on client versions of Windows
#
# If you would like to submit a bug report, please visit:
#   http://bugreport.java.com/bugreport/crash.jsp
# The crash happened outside the Java Virtual Machine in native code.
# See problematic frame for where to report the bug.
#

---------------  T H R E A D  ---------------

Current thread (0x16f18c00):  JavaThread "pool-1-thread-4" [_thread_in_native, id=2984, stack(0x16650000,0x166a0000)]

siginfo: ExceptionCode=0xc0000005, reading address 0x000000bc

Registers:
EAX=0x00000000, EBX=0x5ee6b910, ECX=0x00000000, EDX=0x00639cb0
ESP=0x1669f640, EBP=0x1669f658, ESI=0x14d75538, EDI=0x16f18c00
EIP=0x00552c2f, EFLAGS=0x00010206

Top of Stack: (sp=0x1669f640)
0x1669f640:   14d74700 16f18c00 1669f6e0 1669f69c
0x1669f650:   00639cb0 00000000 1669f708 005530c0
0x1669f660:   16ddb0e8 14405a80 14d74fc8 14d74700
0x1669f670:   16f18c00 0000000b 0000001d 00000002
0x1669f680:   1669f6b4 5ed97273 16f18c00 6f5d1821
0x1669f690:   00000000 16f18c00 00000000 1669f68c
0x1669f6a0:   00000000 00000000 00000000 00000000
0x1669f6b0:   fffffffe 00000022 ffffffff 16ddb0e8 

Instructions: (pc=0x00552c2f)
0x00552c0f:   d0 55 00 00 75 17 8b 45 f8 c7 80 c0 00 00 00 00
0x00552c1f:   00 00 00 8b 45 f8 a3 00 d0 55 00 eb 78 8b 45 fc
0x00552c2f:   83 b8 bc 00 00 00 00 75 04 eb 12 89 f6 8b 45 fc
0x00552c3f:   8b 90 bc 00 00 00 89 55 fc eb e2 89 f6 8b 45 f8 


Register to memory mapping:

EAX=0x00000000 is an unknown value
EBX=0x5ee6b910 is an unknown value
ECX=0x00000000 is an unknown value
EDX=0x00639cb0 is an unknown value
ESP=0x1669f640 is pointing into the stack for thread: 0x16f18c00
EBP=0x1669f658 is pointing into the stack for thread: 0x16f18c00
ESI=0x14d75538 is pointing into metadata
EDI=0x16f18c00 is a thread


Stack: [0x16650000,0x166a0000],  sp=0x1669f640,  free space=317k
Native frames: (J=compiled Java code, j=interpreted, Vv=VM code, C=native code)
C  [rxtxSerial.dll+0x2c2f]
C  [rxtxSerial.dll+0x30c0]
C  [rxtxSerial.dll+0x6988]
j  gnu.io.RXTXPort.open(Ljava/lang/String;)I+0
j  gnu.io.RXTXPort.<init>(Ljava/lang/String;)V+114
j  gnu.io.RXTXCommDriver.getCommPort(Ljava/lang/String;I)Lgnu/io/CommPort;+78
j  gnu.io.CommPortIdentifier.open(Ljava/lang/String;I)Lgnu/io/CommPort;+80
j  com.js.jhjs.wmFrame$SerialTools.openSerialPort(Lgnu/io/CommPortIdentifier;I)Z+5
j  com.js.jhjs.wmFrame.lambda$1(Lgnu/io/CommPortIdentifier;)V+19
j  com.js.jhjs.wmFrame$$Lambda$30.run()V+8
j  java.util.concurrent.ThreadPoolExecutor.runWorker(Ljava/util/concurrent/ThreadPoolExecutor$Worker;)V+95
j  java.util.concurrent.ThreadPoolExecutor$Worker.run()V+5
j  java.lang.Thread.run()V+11
v  ~StubRoutines::call_stub
V  [jvm.dll+0x15c065]
V  [jvm.dll+0x223ade]
V  [jvm.dll+0x15c0fe]
V  [jvm.dll+0x15c286]
V  [jvm.dll+0x15c2f7]
V  [jvm.dll+0x10016f]
V  [jvm.dll+0x17f280]
V  [jvm.dll+0x17fafa]
V  [jvm.dll+0x1c5416]
C  [msvcr100.dll+0x5c556]
C  [msvcr100.dll+0x5c600]
C  [kernel32.dll+0x1343d]
C  [ntdll.dll+0x39832]
C  [ntdll.dll+0x39805]
C  0x00000000

Java frames: (J=compiled Java code, j=interpreted, Vv=VM code)
j  gnu.io.RXTXPort.open(Ljava/lang/String;)I+0
j  gnu.io.RXTXPort.<init>(Ljava/lang/String;)V+114
j  gnu.io.RXTXCommDriver.getCommPort(Ljava/lang/String;I)Lgnu/io/CommPort;+78
j  gnu.io.CommPortIdentifier.open(Ljava/lang/String;I)Lgnu/io/CommPort;+80
j  com.js.jhjs.wmFrame$SerialTools.openSerialPort(Lgnu/io/CommPortIdentifier;I)Z+5
j  com.js.jhjs.wmFrame.lambda$1(Lgnu/io/CommPortIdentifier;)V+19
j  com.js.jhjs.wmFrame$$Lambda$30.run()V+8
j  java.util.concurrent.ThreadPoolExecutor.runWorker(Ljava/util/concurrent/ThreadPoolExecutor$Worker;)V+95
j  java.util.concurrent.ThreadPoolExecutor$Worker.run()V+5
j  java.lang.Thread.run()V+11
v  ~StubRoutines::call_stub

---------------  P R O C E S S  ---------------

Java Threads: ( => current thread )
  0x16f1a000 JavaThread "Thread-5" [_thread_in_native, id=9540, stack(0x163c0000,0x16410000)]
  0x16f19800 JavaThread "Thread-4" [_thread_in_native, id=9392, stack(0x168b0000,0x16900000)]
  0x16f19400 JavaThread "Thread-3" [_thread_in_native, id=9728, stack(0x16770000,0x167c0000)]
=>0x16f18c00 JavaThread "pool-1-thread-4" [_thread_in_native, id=2984, stack(0x16650000,0x166a0000)]
  0x16e60800 JavaThread "pool-1-thread-3" [_thread_blocked, id=9464, stack(0x166b0000,0x16700000)]
  0x16e60400 JavaThread "pool-1-thread-2" [_thread_blocked, id=6252, stack(0x164b0000,0x16500000)]
  0x16dde800 JavaThread "pool-1-thread-1" [_thread_blocked, id=9292, stack(0x16410000,0x16460000)]
  0x16dd2000 JavaThread "Thread-1" [_thread_blocked, id=9320, stack(0x17440000,0x17490000)]
  0x16e15000 JavaThread "Image Fetcher 0" daemon [_thread_blocked, id=9780, stack(0x172c0000,0x17310000)]
  0x15b04000 JavaThread "Abandoned connection cleanup thread" daemon [_thread_blocked, id=10872, stack(0x16cc0000,0x16d10000)]
  0x021adc00 JavaThread "DestroyJavaVM" [_thread_blocked, id=10776, stack(0x00500000,0x00550000)]
  0x15a9f000 JavaThread "AWT-EventQueue-0" [_thread_blocked, id=4748, stack(0x16310000,0x16360000)]
  0x15a9d400 JavaThread "AWT-Windows" daemon [_thread_blocked, id=11128, stack(0x15fa0000,0x15ff0000)]
  0x15a9c800 JavaThread "AWT-Shutdown" [_thread_blocked, id=10260, stack(0x15e20000,0x15e70000)]
  0x15a99c00 JavaThread "Java2D Disposer" daemon [_thread_blocked, id=4352, stack(0x15f40000,0x15f90000)]
  0x022ae000 JavaThread "Service Thread" daemon [_thread_blocked, id=10172, stack(0x15d30000,0x15d80000)]
  0x0228b800 JavaThread "C1 CompilerThread0" daemon [_thread_blocked, id=980, stack(0x157a0000,0x157f0000)]
  0x0228a400 JavaThread "Attach Listener" daemon [_thread_blocked, id=9108, stack(0x15900000,0x15950000)]
  0x02287400 JavaThread "Signal Dispatcher" daemon [_thread_blocked, id=10684, stack(0x15840000,0x15890000)]
  0x0226cc00 JavaThread "Finalizer" daemon [_thread_blocked, id=10024, stack(0x156a0000,0x156f0000)]
  0x0220e400 JavaThread "Reference Handler" daemon [_thread_blocked, id=10700, stack(0x15600000,0x15650000)]

Other Threads:
  0x0220c000 VMThread [stack: 0x14fa0000,0x14ff0000] [id=1972]
  0x02291000 WatcherThread [stack: 0x15eb0000,0x15f00000] [id=9104]

VM state:at safepoint (normal execution)

VM Mutex/Monitor currently owned by a thread:  ([mutex/lock_event])
[0x021ab918] Threads_lock - owner thread: 0x0220c000
[0x021abd28] Heap_lock - owner thread: 0x15a9f000

Heap:
 def new generation   total 4928K, used 122K [0x04400000, 0x04950000, 0x09950000)
  eden space 4416K,   0% used [0x04400000, 0x04400000, 0x04850000)
  from space 512K,  23% used [0x048d0000, 0x048ee9f8, 0x04950000)
  to   space 512K,   0% used [0x04850000, 0x04850000, 0x048d0000)
 tenured generation   total 10944K, used 9218K [0x09950000, 0x0a400000, 0x14400000)
   the space 10944K,  84% used [0x09950000, 0x0a2508d0, 0x0a250a00, 0x0a400000)
 Metaspace       used 2333K, capacity 3917K, committed 4032K, reserved 4480K

Card table byte_map: [0x042b0000,0x04340000] byte_map_base: 0x0428e000

Polling page: 0x00120000

CodeCache: size=32768Kb used=1207Kb max_used=1207Kb free=31560Kb
 bounds [0x022b0000, 0x023e0000, 0x042b0000]
 total_blobs=564 nmethods=329 adapters=166
 compilation: enabled

Compilation events (10 events):
Event: 0.476 Thread 0x0228b800  310             sun.util.locale.LocaleUtils::isAlphaNumericString (33 bytes)
Event: 0.477 Thread 0x0228b800 nmethod 310 0x023d7848 code [0x023d7960, 0x023d7b3c]
Event: 0.477 Thread 0x0228b800  311             java.util.GregorianCalendar::internalGetEra (18 bytes)
Event: 0.477 Thread 0x0228b800 nmethod 311 0x023d7d08 code [0x023d7e10, 0x023d7f10]
Event: 0.477 Thread 0x0228b800  313             java.net.URL::getHost (5 bytes)
Event: 0.477 Thread 0x0228b800 nmethod 313 0x023d8088 code [0x023d8180, 0x023d8200]
Event: 0.477 Thread 0x0228b800  314             java.lang.Character::toUpperCase (6 bytes)
Event: 0.477 Thread 0x0228b800 nmethod 314 0x023d8248 code [0x023d8350, 0x023d83f8]
Event: 0.477 Thread 0x0228b800  315             java.lang.invoke.MemberName::getDeclaringClass (5 bytes)
Event: 0.477 Thread 0x0228b800 nmethod 315 0x023d8488 code [0x023d8580, 0x023d8600]

GC Heap History (8 events):
Event: 0.147 GC heap before
{Heap before GC invocations=0 (full 0):
 def new generation   total 4928K, used 4416K [0x04400000, 0x04950000, 0x09950000)
  eden space 4416K, 100% used [0x04400000, 0x04850000, 0x04850000)
  from space 512K,   0% used [0x04850000, 0x04850000, 0x048d0000)
  to   space 512K,   0% used [0x048d0000, 0x048d0000, 0x04950000)
 tenured generation   total 10944K, used 0K [0x09950000, 0x0a400000, 0x14400000)
   the space 10944K,   0% used [0x09950000, 0x09950000, 0x09950200, 0x0a400000)
 Metaspace       used 451K, capacity 2591K, committed 2624K, reserved 4480K
Event: 0.151 GC heap after
Heap after GC invocations=1 (full 0):
 def new generation   total 4928K, used 512K [0x04400000, 0x04950000, 0x09950000)
  eden space 4416K,   0% used [0x04400000, 0x04400000, 0x04850000)
  from space 512K, 100% used [0x048d0000, 0x04950000, 0x04950000)
  to   space 512K,   0% used [0x04850000, 0x04850000, 0x048d0000)
 tenured generation   total 10944K, used 963K [0x09950000, 0x0a400000, 0x14400000)
   the space 10944K,   8% used [0x09950000, 0x09a40c58, 0x09a40e00, 0x0a400000)
 Metaspace       used 451K, capacity 2591K, committed 2624K, reserved 4480K
}
Event: 0.240 GC heap before
{Heap before GC invocations=1 (full 0):
 def new generation   total 4928K, used 4867K [0x04400000, 0x04950000, 0x09950000)
  eden space 4416K,  98% used [0x04400000, 0x04840e90, 0x04850000)
  from space 512K, 100% used [0x048d0000, 0x04950000, 0x04950000)
  to   space 512K,   0% used [0x04850000, 0x04850000, 0x048d0000)
 tenured generation   total 10944K, used 963K [0x09950000, 0x0a400000, 0x14400000)
   the space 10944K,   8% used [0x09950000, 0x09a40c58, 0x09a40e00, 0x0a400000)
 Metaspace       used 1567K, capacity 3393K, committed 3520K, reserved 4480K
Event: 0.244 GC heap after
Heap after GC invocations=2 (full 0):
 def new generation   total 4928K, used 512K [0x04400000, 0x04950000, 0x09950000)
  eden space 4416K,   0% used [0x04400000, 0x04400000, 0x04850000)
  from space 512K, 100% used [0x04850000, 0x048d0000, 0x048d0000)
  to   space 512K,   0% used [0x048d0000, 0x048d0000, 0x04950000)
 tenured generation   total 10944K, used 2631K [0x09950000, 0x0a400000, 0x14400000)
   the space 10944K,  24% used [0x09950000, 0x09be1de0, 0x09be1e00, 0x0a400000)
 Metaspace       used 1567K, capacity 3393K, committed 3520K, reserved 4480K
}
Event: 0.370 GC heap before
{Heap before GC invocations=2 (full 0):
 def new generation   total 4928K, used 4928K [0x04400000, 0x04950000, 0x09950000)
  eden space 4416K, 100% used [0x04400000, 0x04850000, 0x04850000)
  from space 512K, 100% used [0x04850000, 0x048d0000, 0x048d0000)
  to   space 512K,   0% used [0x048d0000, 0x048d0000, 0x04950000)
 tenured generation   total 10944K, used 7751K [0x09950000, 0x0a400000, 0x14400000)
   the space 10944K,  70% used [0x09950000, 0x0a0e1df0, 0x0a0e1e00, 0x0a400000)
 Metaspace       used 1956K, capacity 3724K, committed 3776K, reserved 4480K
Event: 0.372 GC heap after
Heap after GC invocations=3 (full 0):
 def new generation   total 4928K, used 512K [0x04400000, 0x04950000, 0x09950000)
  eden space 4416K,   0% used [0x04400000, 0x04400000, 0x04850000)
  from space 512K, 100% used [0x048d0000, 0x04950000, 0x04950000)
  to   space 512K,   0% used [0x04850000, 0x04850000, 0x048d0000)
 tenured generation   total 10944K, used 8453K [0x09950000, 0x0a400000, 0x14400000)
   the space 10944K,  77% used [0x09950000, 0x0a191408, 0x0a191600, 0x0a400000)
 Metaspace       used 1956K, capacity 3724K, committed 3776K, reserved 4480K
}
Event: 0.451 GC heap before
{Heap before GC invocations=3 (full 0):
 def new generation   total 4928K, used 4928K [0x04400000, 0x04950000, 0x09950000)
  eden space 4416K, 100% used [0x04400000, 0x04850000, 0x04850000)
  from space 512K, 100% used [0x048d0000, 0x04950000, 0x04950000)
  to   space 512K,   0% used [0x04850000, 0x04850000, 0x048d0000)
 tenured generation   total 10944K, used 8453K [0x09950000, 0x0a400000, 0x14400000)
   the space 10944K,  77% used [0x09950000, 0x0a191408, 0x0a191600, 0x0a400000)
 Metaspace       used 2110K, capacity 3841K, committed 3904K, reserved 4480K
Event: 0.455 GC heap after
Heap after GC invocations=4 (full 0):
 def new generation   total 4928K, used 370K [0x04400000, 0x04950000, 0x09950000)
  eden space 4416K,   0% used [0x04400000, 0x04400000, 0x04850000)
  from space 512K,  72% used [0x04850000, 0x048aca40, 0x048d0000)
  to   space 512K,   0% used [0x048d0000, 0x048d0000, 0x04950000)
 tenured generation   total 10944K, used 8944K [0x09950000, 0x0a400000, 0x14400000)
   the space 10944K,  81% used [0x09950000, 0x0a20c258, 0x0a20c400, 0x0a400000)
 Metaspace       used 2110K, capacity 3841K, committed 3904K, reserved 4480K
}

Deoptimization events (0 events):
No events

Classes redefined (0 events):
No events

Internal exceptions (10 events):
Event: 0.090 Thread 0x021adc00 Exception <a 'java/lang/NoSuchFieldError': method resolution failed> (0x045e9848) thrown at [C:\workspace\8-2-build-windows-i586-cygwin\jdk8u181\11358\hotspot\src\share\vm\prims\methodHandles.cpp, line 1167]
Event: 0.091 Thread 0x021adc00 Exception <a 'java/lang/NoSuchFieldError': method resolution failed> (0x045f59e8) thrown at [C:\workspace\8-2-build-windows-i586-cygwin\jdk8u181\11358\hotspot\src\share\vm\prims\methodHandles.cpp, line 1167]
Event: 0.124 Thread 0x15a9f000 Exception <a 'java/io/FileNotFoundException'> (0x04719b98) thrown at [C:\workspace\8-2-build-windows-i586-cygwin\jdk8u181\11358\hotspot\src\share\vm\prims\jni.cpp, line 709]
Event: 0.392 Thread 0x15a9f000 Exception <a 'java/io/FileNotFoundException'> (0x04713f68) thrown at [C:\workspace\8-2-build-windows-i586-cygwin\jdk8u181\11358\hotspot\src\share\vm\prims\jni.cpp, line 709]
Event: 0.392 Thread 0x15a9f000 Exception <a 'java/lang/NullPointerException'> (0x04714558) thrown at [C:\workspace\8-2-build-windows-i586-cygwin\jdk8u181\11358\hotspot\src\share\vm\interpreter\linkResolver.cpp, line 1185]
Event: 0.422 Thread 0x15a9f000 Exception <a 'java/io/FileNotFoundException'> (0x0477c580) thrown at [C:\workspace\8-2-build-windows-i586-cygwin\jdk8u181\11358\hotspot\src\share\vm\prims\jni.cpp, line 709]
Event: 0.447 Thread 0x15a9f000 Exception <a 'java/io/FileNotFoundException'> (0x0480a9e0) thrown at [C:\workspace\8-2-build-windows-i586-cygwin\jdk8u181\11358\hotspot\src\share\vm\prims\jni.cpp, line 709]
Event: 0.447 Thread 0x15a9f000 Exception <a 'java/io/FileNotFoundException'> (0x04818d60) thrown at [C:\workspace\8-2-build-windows-i586-cygwin\jdk8u181\11358\hotspot\src\share\vm\prims\jni.cpp, line 709]
Event: 0.470 Thread 0x15a9f000 Exception <a 'java/io/FileNotFoundException'> (0x04482a78) thrown at [C:\workspace\8-2-build-windows-i586-cygwin\jdk8u181\11358\hotspot\src\share\vm\prims\jni.cpp, line 709]
Event: 0.478 Thread 0x16e60800 Exception <a 'gnu/io/PortInUseException': No error in open> (0x0452a9c0) thrown at [C:\workspace\8-2-build-windows-i586-cygwin\jdk8u181\11358\hotspot\src\share\vm\prims\jni.cpp, line 735]

Events (10 events):
Event: 0.478 loading class sun/net/www/protocol/http/HttpURLConnection$3
Event: 0.478 loading class sun/net/www/protocol/http/HttpURLConnection$3 done
Event: 0.478 loading class java/net/ResponseCache
Event: 0.478 loading class java/net/ResponseCache done
Event: 0.478 loading class sun/net/www/protocol/http/HttpURLConnection$7
Event: 0.478 loading class sun/net/www/protocol/http/HttpURLConnection$7 done
Event: 0.478 loading class sun/net/www/http/HttpClient
Event: 0.478 loading class java/awt/HeadlessException
Event: 0.478 loading class java/awt/HeadlessException done
Event: 0.478 loading class sun/net/NetworkClient


Dynamic libraries:
0x00330000 - 0x00363000 	D:\Program Files (x86)\Java\jre\bin\javaw.exe
0x77330000 - 0x774b0000 	C:\windows\SysWOW64\ntdll.dll
0x75c90000 - 0x75da0000 	C:\windows\syswow64\kernel32.dll
0x75980000 - 0x759c7000 	C:\windows\syswow64\KERNELBASE.dll
0x75690000 - 0x75731000 	C:\windows\syswow64\ADVAPI32.dll
0x758a0000 - 0x7594c000 	C:\windows\syswow64\msvcrt.dll
0x76d50000 - 0x76d69000 	C:\windows\SysWOW64\sechost.dll
0x759d0000 - 0x75ac0000 	C:\windows\syswow64\RPCRT4.dll
0x74aa0000 - 0x74b00000 	C:\windows\syswow64\SspiCli.dll
0x74a90000 - 0x74a9c000 	C:\windows\syswow64\CRYPTBASE.dll
0x75dd0000 - 0x75ed0000 	C:\windows\syswow64\USER32.dll
0x76dd0000 - 0x76e60000 	C:\windows\syswow64\GDI32.dll
0x74b20000 - 0x74b2a000 	C:\windows\syswow64\LPK.dll
0x74c40000 - 0x74cdd000 	C:\windows\syswow64\USP10.dll
0x6a0a0000 - 0x6a23e000 	C:\windows\WinSxS\x86_microsoft.windows.common-controls_6595b64144ccf1df_6.0.7601.18837_none_41e855142bd5705d\COMCTL32.dll
0x753b0000 - 0x75407000 	C:\windows\syswow64\SHLWAPI.dll
0x76d70000 - 0x76dd0000 	C:\windows\system32\IMM32.DLL
0x75160000 - 0x7522d000 	C:\windows\syswow64\MSCTF.dll
0x74850000 - 0x7487b000 	C:\windows\SysWOW64\nvinit.dll
0x749c0000 - 0x749c9000 	C:\windows\system32\VERSION.dll
0x69fc0000 - 0x69fc6000 	C:\Program Files (x86)\NVIDIA Corporation\CoProcManager\detoured.dll
0x69f90000 - 0x69fba000 	C:\Program Files (x86)\NVIDIA Corporation\CoProcManager\nvd3d9wrap.dll
0x76b30000 - 0x76ccd000 	C:\windows\syswow64\SETUPAPI.dll
0x75da0000 - 0x75dc7000 	C:\windows\syswow64\CFGMGR32.dll
0x76e70000 - 0x76f01000 	C:\windows\syswow64\OLEAUT32.dll
0x75740000 - 0x7589d000 	C:\windows\syswow64\ole32.dll
0x75950000 - 0x75962000 	C:\windows\syswow64\DEVOBJ.dll
0x69f70000 - 0x69f8e000 	C:\Program Files (x86)\NVIDIA Corporation\CoProcManager\nvdxgiwrap.dll
0x5f170000 - 0x5f22f000 	D:\Program Files (x86)\Java\jre\bin\msvcr100.dll
0x5ed90000 - 0x5f163000 	D:\Program Files (x86)\Java\jre\bin\client\jvm.dll
0x69810000 - 0x69817000 	C:\windows\system32\WSOCK32.dll
0x76f10000 - 0x76f45000 	C:\windows\syswow64\WS2_32.dll
0x74b10000 - 0x74b16000 	C:\windows\syswow64\NSI.dll
0x70a00000 - 0x70a32000 	C:\windows\system32\WINMM.dll
0x75bf0000 - 0x75bf5000 	C:\windows\syswow64\PSAPI.DLL
0x6a270000 - 0x6a27c000 	D:\Program Files (x86)\Java\jre\bin\verify.dll
0x65760000 - 0x65782000 	D:\Program Files (x86)\Java\jre\bin\java.dll
0x660c0000 - 0x660d4000 	D:\Program Files (x86)\Java\jre\bin\zip.dll
0x75ee0000 - 0x76b2c000 	C:\windows\syswow64\SHELL32.dll
0x750e0000 - 0x750eb000 	C:\windows\syswow64\profapi.dll
0x5ec40000 - 0x5ed87000 	D:\Program Files (x86)\Java\jre\bin\awt.dll
0x67670000 - 0x676f0000 	C:\windows\system32\uxtheme.dll
0x67650000 - 0x67663000 	C:\windows\system32\dwmapi.dll
0x6a240000 - 0x6a255000 	D:\Program Files (x86)\Java\jre\bin\net.dll
0x73d10000 - 0x73d4c000 	C:\windows\system32\mswsock.dll
0x6be40000 - 0x6be46000 	C:\windows\System32\wship6.dll
0x73d00000 - 0x73d05000 	C:\windows\System32\wshtcpip.dll
0x73bf0000 - 0x73c34000 	C:\windows\system32\DNSAPI.dll
0x73bb0000 - 0x73bd1000 	C:\Program Files (x86)\Bonjour\mdnsNSP.dll
0x74680000 - 0x7469c000 	C:\windows\system32\Iphlpapi.DLL
0x74670000 - 0x74677000 	C:\windows\system32\WINNSI.DLL
0x73a20000 - 0x73a26000 	C:\windows\system32\rasadhlp.dll
0x6be00000 - 0x6be38000 	C:\windows\System32\fwpuclnt.dll
0x62c70000 - 0x62d38000 	C:\windows\system32\opengl32.dll
0x656a0000 - 0x656c2000 	C:\windows\system32\GLU32.dll
0x5eb50000 - 0x5ec37000 	C:\windows\system32\DDRAW.dll
0x71a10000 - 0x71a16000 	C:\windows\system32\DCIMAN32.dll
0x65360000 - 0x65386000 	D:\Program Files (x86)\Java\jre\bin\jpeg.dll
0x65070000 - 0x650a9000 	D:\Program Files (x86)\Java\jre\bin\fontmanager.dll
0x6c060000 - 0x6c0ac000 	C:\windows\system32\apphelp.dll
0x00550000 - 0x00562000 	D:\Program Files (x86)\Java\jre\bin\rxtxSerial.dll
0x6c240000 - 0x6c267000 	C:\windows\system32\crtdll.dll
0x73d90000 - 0x73e7b000 	C:\windows\system32\dbghelp.dll
0x74340000 - 0x74357000 	C:\windows\system32\CRYPTSP.dll
0x74300000 - 0x7433b000 	C:\windows\system32\rsaenh.dll
0x74b30000 - 0x74b47000 	C:\windows\syswow64\USERENV.dll

VM Arguments:
jvm_args: -Dfile.encoding=GBK 
java_command: com.js.jhjs.MainClass
java_class_path (initial): F:\java2017proj\mainCanteen\bin;E:\opensource\gson-2.8.5.jar;E:\opensource\mysql-connector-java-5.1.39\mysql-connector-java-5.1.39\mysql-connector-java-5.1.39-bin.jar;E:\opensource\jna-3.2.5.jar\jna-3.2.5.jar;E:\opensource\rxtx-2.1-7-bins-r2\RXTXcomm.jar;E:\opensource\httpcomponents-client-4.5.6-bin\httpcomponents-client-4.5.6\lib\commons-codec-1.10.jar;E:\opensource\httpcomponents-client-4.5.6-bin\httpcomponents-client-4.5.6\lib\commons-logging-1.2.jar;E:\opensource\httpcomponents-client-4.5.6-bin\httpcomponents-client-4.5.6\lib\fluent-hc-4.5.6.jar;E:\opensource\httpcomponents-client-4.5.6-bin\httpcomponents-client-4.5.6\lib\httpclient-4.5.6.jar;E:\opensource\httpcomponents-client-4.5.6-bin\httpcomponents-client-4.5.6\lib\httpclient-cache-4.5.6.jar;E:\opensource\httpcomponents-client-4.5.6-bin\httpcomponents-client-4.5.6\lib\httpclient-win-4.5.6.jar;E:\opensource\httpcomponents-client-4.5.6-bin\httpcomponents-client-4.5.6\lib\httpcore-4.4.10.jar;E:\opensource\httpcomponents-client-4.5.6-bin\httpcomponents-client-4.5.6\lib\httpmime-4.5.6.jar;E:\opensource\httpcomponents-client-4.5.6-bin\httpcomponents-client-4.5.6\lib\jna-4.4.0.jar;E:\opensource\httpcomponents-client-4.5.6-bin\httpcomponents-client-4.5.6\lib\jna-platform-4.4.0.jar;E:\opensource\mybatis-3.4.6\mybatis-3.4.6.jar
Launcher Type: SUN_STANDARD

Environment Variables:
JAVA_HOME=D:\Program Files\Java\jdk1.8
CLASSPATH=.;D:\Program Files\Java\jdk1.8\lib\dt.jar;D:\Program Files\Java\jdk1.8\lib\tools.jar;
PATH=C:\Program Files (x86)\Common Files\Oracle\Java\javapath;G:\sdk\tools\lib\monitor-x86_64\jre\bin\javaw.exe;C:\Windows\System32;F:\soui\bin;D:\CTEX\CTeX\ty\bin;D:\CTEX\Ghostscript\gs9.05\bin;D:\CTEX\GSview\gsview;D:\CTEX\WinEdt;D:\Python35;D:\Python35\Scripts;D:\Program Files\Git\cmd;C:\Program Files (x86)\Common Files\Thunder Network\KanKan\Codecs;C:\Program Files\Microsoft VS Code\bin;C:\Users\bonjava\AppData\Local\GitHubDesktop\bin
USERNAME=Administrator
OS=Windows_NT
PROCESSOR_IDENTIFIER=Intel64 Family 6 Model 60 Stepping 3, GenuineIntel



---------------  S Y S T E M  ---------------

OS: Windows 7 , 64 bit Build 7601 (6.1.7601.24214)

CPU:total 8 (initial active 8) (4 cores per cpu, 2 threads per core) family 6 model 60 stepping 3, cmov, cx8, fxsr, mmx, sse, sse2, sse3, ssse3, sse4.1, sse4.2, popcnt, avx, avx2, aes, clmul, erms, lzcnt, ht, tsc, tscinvbit, bmi1, bmi2

Memory: 4k page, physical 16663584k(9724828k free), swap 17710260k(9980236k free)

vm_info: Java HotSpot(TM) Client VM (25.181-b13) for windows-x86 JRE (1.8.0_181-b13), built on Jul  7 2018 03:18:20 by "java_re" with MS VC++ 10.0 (VS2010)

time: Tue Sep 04 19:41:22 2018
elapsed time: 0 seconds (0d 0h 0m 0s)

