#
# A fatal error has been detected by the Java Runtime Environment:
#
#  EXCEPTION_ACCESS_VIOLATION (0xc0000005) at pc=0x0226320b, pid=7360, tid=0x00002a28
#
# JRE version: Java(TM) SE Runtime Environment (8.0_181-b13) (build 1.8.0_181-b13)
# Java VM: Java HotSpot(TM) Client VM (25.181-b13 mixed mode, sharing windows-x86 )
# Problematic frame:
# C  [rxtxSerial.dll+0x320b]
#
# Failed to write core dump. Minidumps are not enabled by default on client versions of Windows
#
# If you would like to submit a bug report, please visit:
#   http://bugreport.java.com/bugreport/crash.jsp
# The crash happened outside the Java Virtual Machine in native code.
# See problematic frame for where to report the bug.
#

---------------  T H R E A D  ---------------

Current thread (0x16d9e000):  JavaThread "Thread-5" [_thread_in_native, id=10792, stack(0x166c0000,0x16710000)]

siginfo: ExceptionCode=0xc0000005, reading address 0x00000060

Registers:
EAX=0x00000000, EBX=0x552db910, ECX=0x1670eea8, EDX=0x1670ee38
ESP=0x1670f210, EBP=0x1670f2a8, ESI=0x14d6a518, EDI=0x16d9e000
EIP=0x0226320b, EFLAGS=0x00010202

Top of Stack: (sp=0x1670f210)
0x1670f210:   16d9e000 0000000b 0000001d 00000002
0x1670f220:   1670f254 55207273 16d9e000 27e0d9a7
0x1670f230:   00000000 16d9e000 00000000 1670f22c
0x1670f240:   00000000 00000000 00000000 00000000
0x1670f250:   fffffffe 00000022 ffffffff 16ce6b00
0x1670f260:   00000000 00fffff8 552dba0e 16d9e000
0x1670f270:   1670f2a8 6c24e5f4 1670f288 0226673e
0x1670f280:   1670f2bc 14d6a518 1670f30b 7fffffdc 

Instructions: (pc=0x0226320b)
0x022631eb:   04 85 c0 74 0c 8b 45 fc c7 40 78 04 00 00 00 eb
0x022631fb:   0a 8b 45 fc c7 40 78 00 00 00 00 a1 00 d0 26 02
0x0226320b:   83 78 60 00 75 2d 83 c4 fc 8b 45 fc 50 68 40 30
0x0226321b:   26 02 8d 85 70 ff ff ff 50 e8 3f 97 00 00 83 c4 


Register to memory mapping:

EAX=0x00000000 is an unknown value
EBX=0x552db910 is an unknown value
ECX=0x1670eea8 is pointing into the stack for thread: 0x16d9e000
EDX=0x1670ee38 is pointing into the stack for thread: 0x16d9e000
ESP=0x1670f210 is pointing into the stack for thread: 0x16d9e000
EBP=0x1670f2a8 is pointing into the stack for thread: 0x16d9e000
ESI=0x14d6a518 is pointing into metadata
EDI=0x16d9e000 is a thread


Stack: [0x166c0000,0x16710000],  sp=0x1670f210,  free space=316k
Native frames: (J=compiled Java code, j=interpreted, Vv=VM code, C=native code)
C  [rxtxSerial.dll+0x320b]
C  [rxtxSerial.dll+0x6988]
j  gnu.io.RXTXPort.open(Ljava/lang/String;)I+0
j  gnu.io.RXTXPort.<init>(Ljava/lang/String;)V+114
j  gnu.io.RXTXCommDriver.getCommPort(Ljava/lang/String;I)Lgnu/io/CommPort;+78
j  gnu.io.CommPortIdentifier.open(Ljava/lang/String;I)Lgnu/io/CommPort;+80
j  com.js.jhjs.wmFrame$SerialTools.openSerialPort(Lgnu/io/CommPortIdentifier;I)Z+5
j  com.js.jhjs.wmFrame.lambda$1(Lcom/js/jhjs/wmFrame$SerialTools;Lgnu/io/CommPortIdentifier;)V+4
j  com.js.jhjs.wmFrame$$Lambda$18.run()V+8
j  java.lang.Thread.run()V+11
v  ~StubRoutines::call_stub
V  [jvm.dll+0x15c065]
V  [jvm.dll+0x223ade]
V  [jvm.dll+0x15c0fe]
V  [jvm.dll+0x15c286]
V  [jvm.dll+0x15c2f7]
V  [jvm.dll+0x10016f]
V  [jvm.dll+0x17f280]
V  [jvm.dll+0x17fafa]
V  [jvm.dll+0x1c5416]
C  [msvcr100.dll+0x5c556]
C  [msvcr100.dll+0x5c600]
C  [kernel32.dll+0x1343d]
C  [ntdll.dll+0x39832]
C  [ntdll.dll+0x39805]
C  0x00000000

Java frames: (J=compiled Java code, j=interpreted, Vv=VM code)
j  gnu.io.RXTXPort.open(Ljava/lang/String;)I+0
j  gnu.io.RXTXPort.<init>(Ljava/lang/String;)V+114
j  gnu.io.RXTXCommDriver.getCommPort(Ljava/lang/String;I)Lgnu/io/CommPort;+78
j  gnu.io.CommPortIdentifier.open(Ljava/lang/String;I)Lgnu/io/CommPort;+80
j  com.js.jhjs.wmFrame$SerialTools.openSerialPort(Lgnu/io/CommPortIdentifier;I)Z+5
j  com.js.jhjs.wmFrame.lambda$1(Lcom/js/jhjs/wmFrame$SerialTools;Lgnu/io/CommPortIdentifier;)V+4
j  com.js.jhjs.wmFrame$$Lambda$18.run()V+8
j  java.lang.Thread.run()V+11
v  ~StubRoutines::call_stub

---------------  P R O C E S S  ---------------

Java Threads: ( => current thread )
  0x16d2a000 JavaThread "Thread-4" [_thread_in_native, id=10900, stack(0x16670000,0x166c0000)]
  0x16cf8400 JavaThread "Thread-3" [_thread_in_native, id=9908, stack(0x164e0000,0x16530000)]
=>0x16d9e000 JavaThread "Thread-5" [_thread_in_native, id=10792, stack(0x166c0000,0x16710000)]
  0x16d3ec00 JavaThread "Thread-1" [_thread_in_native, id=10532, stack(0x16470000,0x164c0000)]
  0x16c7b800 JavaThread "Image Fetcher 0" daemon [_thread_blocked, id=11192, stack(0x15b90000,0x15be0000)]
  0x15b61000 JavaThread "Abandoned connection cleanup thread" daemon [_thread_blocked, id=11076, stack(0x16390000,0x163e0000)]
  0x021cdc00 JavaThread "DestroyJavaVM" [_thread_blocked, id=10956, stack(0x022a0000,0x022f0000)]
  0x15adec00 JavaThread "AWT-EventQueue-0" [_thread_in_native, id=4100, stack(0x163f0000,0x16440000)]
  0x15adcc00 JavaThread "AWT-Windows" daemon [_thread_in_native, id=2604, stack(0x16110000,0x16160000)]
  0x15adc400 JavaThread "AWT-Shutdown" [_thread_blocked, id=8960, stack(0x15f50000,0x15fa0000)]
  0x15ad9c00 JavaThread "Java2D Disposer" daemon [_thread_blocked, id=3900, stack(0x15ec0000,0x15f10000)]
  0x0211e000 JavaThread "Service Thread" daemon [_thread_blocked, id=11016, stack(0x15d70000,0x15dc0000)]
  0x020fb800 JavaThread "C1 CompilerThread0" daemon [_thread_blocked, id=9316, stack(0x15940000,0x15990000)]
  0x020fa400 JavaThread "Attach Listener" daemon [_thread_blocked, id=10560, stack(0x15830000,0x15880000)]
  0x020f7400 JavaThread "Signal Dispatcher" daemon [_thread_blocked, id=10176, stack(0x156a0000,0x156f0000)]
  0x020dcc00 JavaThread "Finalizer" daemon [_thread_blocked, id=10136, stack(0x155c0000,0x15610000)]
  0x0207e400 JavaThread "Reference Handler" daemon [_thread_blocked, id=9400, stack(0x00b50000,0x00ba0000)]

Other Threads:
  0x0207c000 VMThread [stack: 0x14f80000,0x14fd0000] [id=9828]
  0x0211f400 WatcherThread [stack: 0x15e30000,0x15e80000] [id=5784]

VM state:not at safepoint (normal execution)

VM Mutex/Monitor currently owned by a thread: None

Heap:
 def new generation   total 4928K, used 1613K [0x04400000, 0x04950000, 0x09950000)
  eden space 4416K,  27% used [0x04400000, 0x04530ff0, 0x04850000)
  from space 512K,  76% used [0x04850000, 0x048b27c8, 0x048d0000)
  to   space 512K,   0% used [0x048d0000, 0x048d0000, 0x04950000)
 tenured generation   total 16068K, used 13988K [0x09950000, 0x0a901000, 0x14400000)
   the space 16068K,  87% used [0x09950000, 0x0a6f9220, 0x0a6f9400, 0x0a901000)
 Metaspace       used 2260K, capacity 3881K, committed 3904K, reserved 4480K

Card table byte_map: [0x02120000,0x021b0000] byte_map_base: 0x020fe000

Polling page: 0x001b0000

CodeCache: size=32768Kb used=1023Kb max_used=1023Kb free=31745Kb
 bounds [0x023b0000, 0x024b0000, 0x043b0000]
 total_blobs=485 nmethods=245 adapters=171
 compilation: enabled

Compilation events (10 events):
Event: 0.448 Thread 0x020fb800  229             java.lang.String::<init> (21 bytes)
Event: 0.448 Thread 0x020fb800 nmethod 229 0x024a9888 code [0x024a9980, 0x024a9a20]
Event: 0.448 Thread 0x020fb800  230             java.lang.StringBuffer::<init> (7 bytes)
Event: 0.448 Thread 0x020fb800 nmethod 230 0x024a9a88 code [0x024a9b80, 0x024a9c90]
Event: 0.448 Thread 0x020fb800  231             gnu.io.RXTXCommDriver::registerValidPorts (242 bytes)
Event: 0.448 Thread 0x020fb800 nmethod 231 0x024a9d08 code [0x024a9f20, 0x024aa84c]
Event: 0.451 Thread 0x020fb800  233             java.lang.String::lastIndexOf (13 bytes)
Event: 0.451 Thread 0x020fb800 nmethod 233 0x024ab408 code [0x024ab510, 0x024ab5ac]
Event: 0.452 Thread 0x020fb800  234             java.net.URL::getHost (5 bytes)
Event: 0.452 Thread 0x020fb800 nmethod 234 0x024ab8c8 code [0x024ab9c0, 0x024aba40]

GC Heap History (6 events):
Event: 0.162 GC heap before
{Heap before GC invocations=0 (full 0):
 def new generation   total 4928K, used 4416K [0x04400000, 0x04950000, 0x09950000)
  eden space 4416K, 100% used [0x04400000, 0x04850000, 0x04850000)
  from space 512K,   0% used [0x04850000, 0x04850000, 0x048d0000)
  to   space 512K,   0% used [0x048d0000, 0x048d0000, 0x04950000)
 tenured generation   total 10944K, used 0K [0x09950000, 0x0a400000, 0x14400000)
   the space 10944K,   0% used [0x09950000, 0x09950000, 0x09950200, 0x0a400000)
 Metaspace       used 435K, capacity 2563K, committed 2624K, reserved 4480K
Event: 0.166 GC heap after
Heap after GC invocations=1 (full 0):
 def new generation   total 4928K, used 512K [0x04400000, 0x04950000, 0x09950000)
  eden space 4416K,   0% used [0x04400000, 0x04400000, 0x04850000)
  from space 512K, 100% used [0x048d0000, 0x04950000, 0x04950000)
  to   space 512K,   0% used [0x04850000, 0x04850000, 0x048d0000)
 tenured generation   total 10944K, used 958K [0x09950000, 0x0a400000, 0x14400000)
   the space 10944K,   8% used [0x09950000, 0x09a3fa18, 0x09a3fc00, 0x0a400000)
 Metaspace       used 435K, capacity 2563K, committed 2624K, reserved 4480K
}
Event: 0.257 GC heap before
{Heap before GC invocations=1 (full 0):
 def new generation   total 4928K, used 4928K [0x04400000, 0x04950000, 0x09950000)
  eden space 4416K, 100% used [0x04400000, 0x04850000, 0x04850000)
  from space 512K, 100% used [0x048d0000, 0x04950000, 0x04950000)
  to   space 512K,   0% used [0x04850000, 0x04850000, 0x048d0000)
 tenured generation   total 10944K, used 958K [0x09950000, 0x0a400000, 0x14400000)
   the space 10944K,   8% used [0x09950000, 0x09a3fa18, 0x09a3fc00, 0x0a400000)
 Metaspace       used 1660K, capacity 3493K, committed 3520K, reserved 4480K
Event: 0.260 GC heap after
Heap after GC invocations=2 (full 0):
 def new generation   total 4928K, used 512K [0x04400000, 0x04950000, 0x09950000)
  eden space 4416K,   0% used [0x04400000, 0x04400000, 0x04850000)
  from space 512K, 100% used [0x04850000, 0x048d0000, 0x048d0000)
  to   space 512K,   0% used [0x048d0000, 0x048d0000, 0x04950000)
 tenured generation   total 10944K, used 2571K [0x09950000, 0x0a400000, 0x14400000)
   the space 10944K,  23% used [0x09950000, 0x09bd2f50, 0x09bd3000, 0x0a400000)
 Metaspace       used 1660K, capacity 3493K, committed 3520K, reserved 4480K
}
Event: 0.377 GC heap before
{Heap before GC invocations=2 (full 0):
 def new generation   total 4928K, used 4926K [0x04400000, 0x04950000, 0x09950000)
  eden space 4416K,  99% used [0x04400000, 0x0484f958, 0x04850000)
  from space 512K, 100% used [0x04850000, 0x048d0000, 0x048d0000)
  to   space 512K,   0% used [0x048d0000, 0x048d0000, 0x04950000)
 tenured generation   total 10944K, used 7691K [0x09950000, 0x0a400000, 0x14400000)
   the space 10944K,  70% used [0x09950000, 0x0a0d2f60, 0x0a0d3000, 0x0a400000)
 Metaspace       used 1923K, capacity 3695K, committed 3776K, reserved 4480K
Event: 0.378 GC heap after
Heap after GC invocations=3 (full 0):
 def new generation   total 4928K, used 512K [0x04400000, 0x04950000, 0x09950000)
  eden space 4416K,   0% used [0x04400000, 0x04400000, 0x04850000)
  from space 512K, 100% used [0x048d0000, 0x04950000, 0x04950000)
  to   space 512K,   0% used [0x04850000, 0x04850000, 0x048d0000)
 tenured generation   total 10944K, used 8371K [0x09950000, 0x0a400000, 0x14400000)
   the space 10944K,  76% used [0x09950000, 0x0a17ce48, 0x0a17d000, 0x0a400000)
 Metaspace       used 1923K, capacity 3695K, committed 3776K, reserved 4480K
}

Deoptimization events (0 events):
No events

Classes redefined (0 events):
No events

Internal exceptions (10 events):
Event: 0.104 Thread 0x021cdc00 Exception <a 'java/lang/NoSuchFieldError': method resolution failed> (0x045e9658) thrown at [C:\workspace\8-2-build-windows-i586-cygwin\jdk8u181\11358\hotspot\src\share\vm\prims\methodHandles.cpp, line 1167]
Event: 0.105 Thread 0x021cdc00 Exception <a 'java/lang/NoSuchFieldError': method resolution failed> (0x045f57f8) thrown at [C:\workspace\8-2-build-windows-i586-cygwin\jdk8u181\11358\hotspot\src\share\vm\prims\methodHandles.cpp, line 1167]
Event: 0.137 Thread 0x15adec00 Exception <a 'java/io/FileNotFoundException'> (0x0470ea80) thrown at [C:\workspace\8-2-build-windows-i586-cygwin\jdk8u181\11358\hotspot\src\share\vm\prims\jni.cpp, line 709]
Event: 0.397 Thread 0x15adec00 Exception <a 'java/io/FileNotFoundException'> (0x046ca1d0) thrown at [C:\workspace\8-2-build-windows-i586-cygwin\jdk8u181\11358\hotspot\src\share\vm\prims\jni.cpp, line 709]
Event: 0.397 Thread 0x15adec00 Exception <a 'java/lang/NullPointerException'> (0x046ca7e8) thrown at [C:\workspace\8-2-build-windows-i586-cygwin\jdk8u181\11358\hotspot\src\share\vm\interpreter\linkResolver.cpp, line 1185]
Event: 0.423 Thread 0x15adec00 Exception <a 'java/io/FileNotFoundException'> (0x0472fff0) thrown at [C:\workspace\8-2-build-windows-i586-cygwin\jdk8u181\11358\hotspot\src\share\vm\prims\jni.cpp, line 709]
Event: 0.435 Thread 0x15adec00 Exception <a 'java/io/FileNotFoundException'> (0x04744630) thrown at [C:\workspace\8-2-build-windows-i586-cygwin\jdk8u181\11358\hotspot\src\share\vm\prims\jni.cpp, line 709]
Event: 0.436 Thread 0x15adec00 Exception <a 'java/io/FileNotFoundException'> (0x04752988) thrown at [C:\workspace\8-2-build-windows-i586-cygwin\jdk8u181\11358\hotspot\src\share\vm\prims\jni.cpp, line 709]
Event: 0.447 Thread 0x15adec00 Exception <a 'java/io/FileNotFoundException'> (0x04766968) thrown at [C:\workspace\8-2-build-windows-i586-cygwin\jdk8u181\11358\hotspot\src\share\vm\prims\jni.cpp, line 709]
Event: 0.453 Thread 0x16d9e800 Exception <a 'gnu/io/PortInUseException': No error in open> (0x04788590) thrown at [C:\workspace\8-2-build-windows-i586-cygwin\jdk8u181\11358\hotspot\src\share\vm\prims\jni.cpp, line 735]

Events (10 events):
Event: 0.450 loading class gnu/io/Zystem
Event: 0.450 loading class gnu/io/Zystem done
Event: 0.450 loading class sun/security/action/GetIntegerAction
Event: 0.450 loading class sun/security/action/GetIntegerAction done
Event: 0.451 loading class gnu/io/UnSupportedLoggerException
Event: 0.451 loading class gnu/io/UnSupportedLoggerException done
Event: 0.453 loading class com/js/jhjs/Declare$mwrf
Event: 0.453 loading class com/js/jhjs/Declare$mwrf done
Event: 0.453 loading class com/sun/jna/Library
Event: 0.453 loading class com/sun/jna/Library done


Dynamic libraries:
0x00be0000 - 0x00c13000 	D:\Program Files (x86)\Java\jre\bin\javaw.exe
0x77b00000 - 0x77c80000 	C:\windows\SysWOW64\ntdll.dll
0x76fb0000 - 0x770c0000 	C:\windows\syswow64\kernel32.dll
0x76ac0000 - 0x76b07000 	C:\windows\syswow64\KERNELBASE.dll
0x76620000 - 0x766c1000 	C:\windows\syswow64\ADVAPI32.dll
0x77670000 - 0x7771c000 	C:\windows\syswow64\msvcrt.dll
0x76f90000 - 0x76fa9000 	C:\windows\SysWOW64\sechost.dll
0x772a0000 - 0x77390000 	C:\windows\syswow64\RPCRT4.dll
0x75270000 - 0x752d0000 	C:\windows\syswow64\SspiCli.dll
0x75260000 - 0x7526c000 	C:\windows\syswow64\CRYPTBASE.dll
0x774f0000 - 0x775f0000 	C:\windows\syswow64\USER32.dll
0x76c20000 - 0x76cb0000 	C:\windows\syswow64\GDI32.dll
0x760b0000 - 0x760ba000 	C:\windows\syswow64\LPK.dll
0x770e0000 - 0x7717d000 	C:\windows\syswow64\USP10.dll
0x70f90000 - 0x7112e000 	C:\windows\WinSxS\x86_microsoft.windows.common-controls_6595b64144ccf1df_6.0.7601.18837_none_41e855142bd5705d\COMCTL32.dll
0x76050000 - 0x760a7000 	C:\windows\syswow64\SHLWAPI.dll
0x760c0000 - 0x76120000 	C:\windows\system32\IMM32.DLL
0x76120000 - 0x761ed000 	C:\windows\syswow64\MSCTF.dll
0x75020000 - 0x7504b000 	C:\windows\SysWOW64\nvinit.dll
0x75190000 - 0x75199000 	C:\windows\system32\VERSION.dll
0x71d50000 - 0x71d56000 	C:\Program Files (x86)\NVIDIA Corporation\CoProcManager\detoured.dll
0x70de0000 - 0x70e0a000 	C:\Program Files (x86)\NVIDIA Corporation\CoProcManager\nvd3d9wrap.dll
0x766d0000 - 0x7686d000 	C:\windows\syswow64\SETUPAPI.dll
0x77640000 - 0x77667000 	C:\windows\syswow64\CFGMGR32.dll
0x76d80000 - 0x76e11000 	C:\windows\syswow64\OLEAUT32.dll
0x77390000 - 0x774ed000 	C:\windows\syswow64\ole32.dll
0x76cb0000 - 0x76cc2000 	C:\windows\syswow64\DEVOBJ.dll
0x68680000 - 0x6869e000 	C:\Program Files (x86)\NVIDIA Corporation\CoProcManager\nvdxgiwrap.dll
0x555e0000 - 0x5569f000 	D:\Program Files (x86)\Java\jre\bin\msvcr100.dll
0x55200000 - 0x555d3000 	D:\Program Files (x86)\Java\jre\bin\client\jvm.dll
0x6a5d0000 - 0x6a5d7000 	C:\windows\system32\WSOCK32.dll
0x76b10000 - 0x76b45000 	C:\windows\syswow64\WS2_32.dll
0x76610000 - 0x76616000 	C:\windows\syswow64\NSI.dll
0x70d90000 - 0x70dc2000 	C:\windows\system32\WINMM.dll
0x76d60000 - 0x76d65000 	C:\windows\syswow64\PSAPI.DLL
0x66be0000 - 0x66bec000 	D:\Program Files (x86)\Java\jre\bin\verify.dll
0x5aa30000 - 0x5aa52000 	D:\Program Files (x86)\Java\jre\bin\java.dll
0x5aa10000 - 0x5aa24000 	D:\Program Files (x86)\Java\jre\bin\zip.dll
0x752d0000 - 0x75f1c000 	C:\windows\syswow64\SHELL32.dll
0x77630000 - 0x7763b000 	C:\windows\syswow64\profapi.dll
0x550b0000 - 0x551f7000 	D:\Program Files (x86)\Java\jre\bin\awt.dll
0x68490000 - 0x68510000 	C:\windows\system32\uxtheme.dll
0x68470000 - 0x68483000 	C:\windows\system32\dwmapi.dll
0x62240000 - 0x62255000 	D:\Program Files (x86)\Java\jre\bin\net.dll
0x74a60000 - 0x74a9c000 	C:\windows\system32\mswsock.dll
0x6c010000 - 0x6c016000 	C:\windows\System32\wship6.dll
0x74b00000 - 0x74b05000 	C:\windows\System32\wshtcpip.dll
0x723d0000 - 0x72414000 	C:\windows\system32\DNSAPI.dll
0x72390000 - 0x723b1000 	C:\Program Files (x86)\Bonjour\mdnsNSP.dll
0x74e50000 - 0x74e6c000 	C:\windows\system32\Iphlpapi.DLL
0x74e40000 - 0x74e47000 	C:\windows\system32\WINNSI.DLL
0x72460000 - 0x72466000 	C:\windows\system32\rasadhlp.dll
0x6bfd0000 - 0x6c008000 	C:\windows\System32\fwpuclnt.dll
0x5a940000 - 0x5aa08000 	C:\windows\system32\opengl32.dll
0x5a910000 - 0x5a932000 	C:\windows\system32\GLU32.dll
0x54fc0000 - 0x550a7000 	C:\windows\system32\DDRAW.dll
0x66fd0000 - 0x66fd6000 	C:\windows\system32\DCIMAN32.dll
0x54f90000 - 0x54fb6000 	D:\Program Files (x86)\Java\jre\bin\jpeg.dll
0x54f50000 - 0x54f89000 	D:\Program Files (x86)\Java\jre\bin\fontmanager.dll
0x02260000 - 0x02272000 	D:\Program Files (x86)\Java\jre\bin\rxtxSerial.dll
0x6c240000 - 0x6c267000 	C:\windows\system32\crtdll.dll
0x744f0000 - 0x745db000 	C:\windows\system32\dbghelp.dll
0x63f20000 - 0x63f2f000 	D:\Program Files (x86)\Java\jre\bin\nio.dll
0x54ed0000 - 0x54f02000 	D:\Program Files (x86)\Java\jre\bin\t2k.dll
0x74b30000 - 0x74b47000 	C:\windows\system32\CRYPTSP.dll
0x74aa0000 - 0x74adb000 	C:\windows\system32\rsaenh.dll
0x770c0000 - 0x770d7000 	C:\windows\syswow64\USERENV.dll

VM Arguments:
jvm_args: -Dfile.encoding=GBK 
java_command: com.js.jhjs.MainClass
java_class_path (initial): F:\java2017proj\mainCanteen\bin;E:\opensource\gson-2.8.5.jar;E:\opensource\mysql-connector-java-5.1.39\mysql-connector-java-5.1.39\mysql-connector-java-5.1.39-bin.jar;E:\opensource\jna-3.2.5.jar\jna-3.2.5.jar;E:\opensource\rxtx-2.1-7-bins-r2\RXTXcomm.jar;E:\opensource\httpcomponents-client-4.5.6-bin\httpcomponents-client-4.5.6\lib\commons-codec-1.10.jar;E:\opensource\httpcomponents-client-4.5.6-bin\httpcomponents-client-4.5.6\lib\commons-logging-1.2.jar;E:\opensource\httpcomponents-client-4.5.6-bin\httpcomponents-client-4.5.6\lib\fluent-hc-4.5.6.jar;E:\opensource\httpcomponents-client-4.5.6-bin\httpcomponents-client-4.5.6\lib\httpclient-4.5.6.jar;E:\opensource\httpcomponents-client-4.5.6-bin\httpcomponents-client-4.5.6\lib\httpclient-cache-4.5.6.jar;E:\opensource\httpcomponents-client-4.5.6-bin\httpcomponents-client-4.5.6\lib\httpclient-win-4.5.6.jar;E:\opensource\httpcomponents-client-4.5.6-bin\httpcomponents-client-4.5.6\lib\httpcore-4.4.10.jar;E:\opensource\httpcomponents-client-4.5.6-bin\httpcomponents-client-4.5.6\lib\httpmime-4.5.6.jar;E:\opensource\httpcomponents-client-4.5.6-bin\httpcomponents-client-4.5.6\lib\jna-4.4.0.jar;E:\opensource\httpcomponents-client-4.5.6-bin\httpcomponents-client-4.5.6\lib\jna-platform-4.4.0.jar;E:\opensource\mybatis-3.4.6\mybatis-3.4.6.jar
Launcher Type: SUN_STANDARD

Environment Variables:
JAVA_HOME=D:\Program Files\Java\jdk1.8
CLASSPATH=.;D:\Program Files\Java\jdk1.8\lib\dt.jar;D:\Program Files\Java\jdk1.8\lib\tools.jar;
PATH=C:\Program Files (x86)\Common Files\Oracle\Java\javapath;G:\sdk\tools\lib\monitor-x86_64\jre\bin\javaw.exe;C:\Windows\System32;F:\soui\bin;D:\CTEX\CTeX\ty\bin;D:\CTEX\Ghostscript\gs9.05\bin;D:\CTEX\GSview\gsview;D:\CTEX\WinEdt;D:\Python35;D:\Python35\Scripts;D:\Program Files\Git\cmd;C:\Program Files (x86)\Common Files\Thunder Network\KanKan\Codecs;C:\Users\bonjava\AppData\Local\GitHubDesktop\bin
USERNAME=Administrator
OS=Windows_NT
PROCESSOR_IDENTIFIER=Intel64 Family 6 Model 60 Stepping 3, GenuineIntel



---------------  S Y S T E M  ---------------

OS: Windows 7 , 64 bit Build 7601 (6.1.7601.24214)

CPU:total 8 (initial active 8) (4 cores per cpu, 2 threads per core) family 6 model 60 stepping 3, cmov, cx8, fxsr, mmx, sse, sse2, sse3, ssse3, sse4.1, sse4.2, popcnt, avx, avx2, aes, clmul, erms, lzcnt, ht, tsc, tscinvbit, bmi1, bmi2

Memory: 4k page, physical 16663584k(11458912k free), swap 17710260k(12204212k free)

vm_info: Java HotSpot(TM) Client VM (25.181-b13) for windows-x86 JRE (1.8.0_181-b13), built on Jul  7 2018 03:18:20 by "java_re" with MS VC++ 10.0 (VS2010)

time: Tue Aug 28 09:48:52 2018
elapsed time: 0 seconds (0d 0h 0m 0s)

