#
# A fatal error has been detected by the Java Runtime Environment:
#
#  EXCEPTION_ACCESS_VIOLATION (0xc0000005) at pc=0x02252c2f, pid=2428, tid=0x0000248c
#
# JRE version: Java(TM) SE Runtime Environment (8.0_181-b13) (build 1.8.0_181-b13)
# Java VM: Java HotSpot(TM) Client VM (25.181-b13 mixed mode, sharing windows-x86 )
# Problematic frame:
# C  [rxtxSerial.dll+0x2c2f]
#
# Failed to write core dump. Minidumps are not enabled by default on client versions of Windows
#
# If you would like to submit a bug report, please visit:
#   http://bugreport.java.com/bugreport/crash.jsp
# The crash happened outside the Java Virtual Machine in native code.
# See problematic frame for where to report the bug.
#

---------------  T H R E A D  ---------------

Current thread (0x16df3000):  JavaThread "Thread-8" [_thread_in_native, id=9356, stack(0x167f0000,0x16840000)]

siginfo: ExceptionCode=0xc0000005, reading address 0x000000bc

Registers:
EAX=0x00000000, EBX=0x60feb910, ECX=0x00000000, EDX=0x002f3e20
ESP=0x1683ee00, EBP=0x1683ee18, ESI=0x14d73738, EDI=0x16df3000
EIP=0x02252c2f, EFLAGS=0x00010206

Top of Stack: (sp=0x1683ee00)
0x1683ee00:   14d72900 16df3000 1683eea0 1683ee5c
0x1683ee10:   002f3e20 00000000 1683eec8 022530c0
0x1683ee20:   16d625c0 14405a80 14d731c8 14d72900
0x1683ee30:   16df3000 0000000b 0000001d 00000002
0x1683ee40:   1683ee74 60f17273 16df3000 bb311329
0x1683ee50:   00000000 16df3000 00000000 1683ee4c
0x1683ee60:   00000000 00000000 00000000 00000000
0x1683ee70:   fffffffe 00000022 ffffffff 16d625c0 

Instructions: (pc=0x02252c2f)
0x02252c0f:   d0 25 02 00 75 17 8b 45 f8 c7 80 c0 00 00 00 00
0x02252c1f:   00 00 00 8b 45 f8 a3 00 d0 25 02 eb 78 8b 45 fc
0x02252c2f:   83 b8 bc 00 00 00 00 75 04 eb 12 89 f6 8b 45 fc
0x02252c3f:   8b 90 bc 00 00 00 89 55 fc eb e2 89 f6 8b 45 f8 


Register to memory mapping:

EAX=0x00000000 is an unknown value
EBX=0x60feb910 is an unknown value
ECX=0x00000000 is an unknown value
EDX=0x002f3e20 is an unknown value
ESP=0x1683ee00 is pointing into the stack for thread: 0x16df3000
EBP=0x1683ee18 is pointing into the stack for thread: 0x16df3000
ESI=0x14d73738 is pointing into metadata
EDI=0x16df3000 is a thread


Stack: [0x167f0000,0x16840000],  sp=0x1683ee00,  free space=315k
Native frames: (J=compiled Java code, j=interpreted, Vv=VM code, C=native code)
C  [rxtxSerial.dll+0x2c2f]
C  [rxtxSerial.dll+0x30c0]
C  [rxtxSerial.dll+0x6988]
j  gnu.io.RXTXPort.open(Ljava/lang/String;)I+0
j  gnu.io.RXTXPort.<init>(Ljava/lang/String;)V+114
j  gnu.io.RXTXCommDriver.getCommPort(Ljava/lang/String;I)Lgnu/io/CommPort;+78
j  gnu.io.CommPortIdentifier.open(Ljava/lang/String;I)Lgnu/io/CommPort;+80
j  com.js.jhjs.wmFrame$SerialTools.openSerialPort(Lgnu/io/CommPortIdentifier;I)Z+5
j  com.js.jhjs.wmFrame.lambda$1(Lcom/js/jhjs/wmFrame$SerialTools;Lgnu/io/CommPortIdentifier;)V+4
j  com.js.jhjs.wmFrame$$Lambda$30.run()V+8
j  java.lang.Thread.run()V+11
v  ~StubRoutines::call_stub
V  [jvm.dll+0x15c065]
V  [jvm.dll+0x223ade]
V  [jvm.dll+0x15c0fe]
V  [jvm.dll+0x15c286]
V  [jvm.dll+0x15c2f7]
V  [jvm.dll+0x10016f]
V  [jvm.dll+0x17f280]
V  [jvm.dll+0x17fafa]
V  [jvm.dll+0x1c5416]
C  [msvcr100.dll+0x5c556]
C  [msvcr100.dll+0x5c600]
C  [kernel32.dll+0x1343d]
C  [ntdll.dll+0x39832]
C  [ntdll.dll+0x39805]
C  0x00000000

Java frames: (J=compiled Java code, j=interpreted, Vv=VM code)
j  gnu.io.RXTXPort.open(Ljava/lang/String;)I+0
j  gnu.io.RXTXPort.<init>(Ljava/lang/String;)V+114
j  gnu.io.RXTXCommDriver.getCommPort(Ljava/lang/String;I)Lgnu/io/CommPort;+78
j  gnu.io.CommPortIdentifier.open(Ljava/lang/String;I)Lgnu/io/CommPort;+80
j  com.js.jhjs.wmFrame$SerialTools.openSerialPort(Lgnu/io/CommPortIdentifier;I)Z+5
j  com.js.jhjs.wmFrame.lambda$1(Lcom/js/jhjs/wmFrame$SerialTools;Lgnu/io/CommPortIdentifier;)V+4
j  com.js.jhjs.wmFrame$$Lambda$30.run()V+8
j  java.lang.Thread.run()V+11
v  ~StubRoutines::call_stub

---------------  P R O C E S S  ---------------

Java Threads: ( => current thread )
  0x16df4c00 JavaThread "Thread-10" [_thread_in_native, id=7184, stack(0x16940000,0x16990000)]
  0x16df4400 JavaThread "Thread-9" [_thread_in_native, id=10116, stack(0x16440000,0x16490000)]
  0x16df4000 JavaThread "Thread-4" [_thread_in_native, id=8692, stack(0x17940000,0x17990000)]
  0x16df3800 JavaThread "Thread-3" [_thread_in_native, id=7140, stack(0x16b40000,0x16b90000)]
=>0x16df3000 JavaThread "Thread-8" [_thread_in_native, id=9356, stack(0x167f0000,0x16840000)]
  0x16ca9000 JavaThread "Thread-1" [_thread_in_Java, id=10176, stack(0x16580000,0x165d0000)]
  0x16cb3000 JavaThread "Image Fetcher 0" daemon [_thread_blocked, id=9840, stack(0x162e0000,0x16330000)]
  0x15ada000 JavaThread "Abandoned connection cleanup thread" daemon [_thread_blocked, id=9412, stack(0x16ba0000,0x16bf0000)]
  0x01fbdc00 JavaThread "DestroyJavaVM" [_thread_blocked, id=3040, stack(0x02270000,0x022c0000)]
  0x15a80800 JavaThread "AWT-EventQueue-0" [_thread_in_vm, id=6788, stack(0x16330000,0x16380000)]
  0x15a7e800 JavaThread "AWT-Windows" daemon [_thread_in_native, id=1696, stack(0x15d60000,0x15db0000)]
  0x15a7e000 JavaThread "AWT-Shutdown" [_thread_blocked, id=5628, stack(0x15f00000,0x15f50000)]
  0x15a7b000 JavaThread "Java2D Disposer" daemon [_thread_blocked, id=9248, stack(0x15d10000,0x15d60000)]
  0x020be400 JavaThread "Service Thread" daemon [_thread_blocked, id=9664, stack(0x15830000,0x15880000)]
  0x0209b800 JavaThread "C1 CompilerThread0" daemon [_thread_blocked, id=8084, stack(0x158d0000,0x15920000)]
  0x0209a400 JavaThread "Attach Listener" daemon [_thread_blocked, id=6448, stack(0x15780000,0x157d0000)]
  0x02097400 JavaThread "Signal Dispatcher" daemon [_thread_blocked, id=8072, stack(0x155b0000,0x15600000)]
  0x0207cc00 JavaThread "Finalizer" daemon [_thread_blocked, id=9628, stack(0x04330000,0x04380000)]
  0x0201e400 JavaThread "Reference Handler" daemon [_thread_blocked, id=3352, stack(0x14fa0000,0x14ff0000)]

Other Threads:
  0x0201c000 VMThread [stack: 0x14ed0000,0x14f20000] [id=1880]
  0x020bf800 WatcherThread [stack: 0x15e30000,0x15e80000] [id=9876]

VM state:not at safepoint (normal execution)

VM Mutex/Monitor currently owned by a thread: None

Heap:
 def new generation   total 4928K, used 2937K [0x04400000, 0x04950000, 0x09950000)
  eden space 4416K,  63% used [0x04400000, 0x046bc748, 0x04850000)
  from space 512K,  26% used [0x048d0000, 0x048f1ec0, 0x04950000)
  to   space 512K,   0% used [0x04850000, 0x04850000, 0x048d0000)
 tenured generation   total 16068K, used 14336K [0x09950000, 0x0a901000, 0x14400000)
   the space 16068K,  89% used [0x09950000, 0x0a750178, 0x0a750200, 0x0a901000)
 Metaspace       used 2294K, capacity 3912K, committed 4032K, reserved 4480K

Card table byte_map: [0x020c0000,0x02150000] byte_map_base: 0x0209e000

Polling page: 0x001c0000

CodeCache: size=32768Kb used=1311Kb max_used=1311Kb free=31456Kb
 bounds [0x022c0000, 0x02408000, 0x042c0000]
 total_blobs=643 nmethods=402 adapters=172
 compilation: enabled

Compilation events (10 events):
Event: 0.650 Thread 0x0209b800 nmethod 390 0x02405108 code [0x02405210, 0x0240533c]
Event: 0.650 Thread 0x0209b800  391             java.lang.String::lastIndexOf (13 bytes)
Event: 0.651 Thread 0x0209b800 nmethod 391 0x0239ff08 code [0x023a0010, 0x023a00ac]
Event: 0.651 Thread 0x0209b800  392             java.net.URL::getHost (5 bytes)
Event: 0.651 Thread 0x0209b800 nmethod 392 0x0239fd48 code [0x0239fe40, 0x0239fec0]
Event: 0.652 Thread 0x0209b800  393             java.lang.Character::toUpperCase (6 bytes)
Event: 0.652 Thread 0x0209b800 nmethod 393 0x0239fb08 code [0x0239fc10, 0x0239fcb8]
Event: 0.652 Thread 0x0209b800  394             java.lang.invoke.MemberName::getDeclaringClass (5 bytes)
Event: 0.652 Thread 0x0209b800 nmethod 394 0x0239f948 code [0x0239fa40, 0x0239fac0]
Event: 0.655 Thread 0x0209b800  395  s          sun.java2d.loops.GraphicsPrimitive::makeUniqueID (26 bytes)

GC Heap History (10 events):
Event: 0.607 GC heap before
{Heap before GC invocations=5 (full 0):
 def new generation   total 4928K, used 4430K [0x04400000, 0x04950000, 0x09950000)
  eden space 4416K, 100% used [0x04400000, 0x04850000, 0x04850000)
  from space 512K,   2% used [0x048d0000, 0x048d3bc0, 0x04950000)
  to   space 512K,   0% used [0x04850000, 0x04850000, 0x048d0000)
 tenured generation   total 10944K, used 9216K [0x09950000, 0x0a400000, 0x14400000)
   the space 10944K,  84% used [0x09950000, 0x0a250168, 0x0a250200, 0x0a400000)
 Metaspace       used 2104K, capacity 3838K, committed 3904K, reserved 4480K
Event: 0.608 GC heap after
Heap after GC invocations=6 (full 0):
 def new generation   total 4928K, used 15K [0x04400000, 0x04950000, 0x09950000)
  eden space 4416K,   0% used [0x04400000, 0x04400000, 0x04850000)
  from space 512K,   3% used [0x04850000, 0x04853e60, 0x048d0000)
  to   space 512K,   0% used [0x048d0000, 0x048d0000, 0x04950000)
 tenured generation   total 10944K, used 9216K [0x09950000, 0x0a400000, 0x14400000)
   the space 10944K,  84% used [0x09950000, 0x0a250168, 0x0a250200, 0x0a400000)
 Metaspace       used 2104K, capacity 3838K, committed 3904K, reserved 4480K
}
Event: 0.621 GC heap before
{Heap before GC invocations=6 (full 0):
 def new generation   total 4928K, used 4431K [0x04400000, 0x04950000, 0x09950000)
  eden space 4416K, 100% used [0x04400000, 0x04850000, 0x04850000)
  from space 512K,   3% used [0x04850000, 0x04853e60, 0x048d0000)
  to   space 512K,   0% used [0x048d0000, 0x048d0000, 0x04950000)
 tenured generation   total 10944K, used 9216K [0x09950000, 0x0a400000, 0x14400000)
   the space 10944K,  84% used [0x09950000, 0x0a250168, 0x0a250200, 0x0a400000)
 Metaspace       used 2104K, capacity 3838K, committed 3904K, reserved 4480K
Event: 0.621 GC heap after
Heap after GC invocations=7 (full 0):
 def new generation   total 4928K, used 15K [0x04400000, 0x04950000, 0x09950000)
  eden space 4416K,   0% used [0x04400000, 0x04400000, 0x04850000)
  from space 512K,   3% used [0x048d0000, 0x048d3f58, 0x04950000)
  to   space 512K,   0% used [0x04850000, 0x04850000, 0x048d0000)
 tenured generation   total 10944K, used 9216K [0x09950000, 0x0a400000, 0x14400000)
   the space 10944K,  84% used [0x09950000, 0x0a250168, 0x0a250200, 0x0a400000)
 Metaspace       used 2104K, capacity 3838K, committed 3904K, reserved 4480K
}
Event: 0.634 GC heap before
{Heap before GC invocations=7 (full 0):
 def new generation   total 4928K, used 4431K [0x04400000, 0x04950000, 0x09950000)
  eden space 4416K, 100% used [0x04400000, 0x04850000, 0x04850000)
  from space 512K,   3% used [0x048d0000, 0x048d3f58, 0x04950000)
  to   space 512K,   0% used [0x04850000, 0x04850000, 0x048d0000)
 tenured generation   total 10944K, used 9216K [0x09950000, 0x0a400000, 0x14400000)
   the space 10944K,  84% used [0x09950000, 0x0a250168, 0x0a250200, 0x0a400000)
 Metaspace       used 2104K, capacity 3838K, committed 3904K, reserved 4480K
Event: 0.634 GC heap after
Heap after GC invocations=8 (full 0):
 def new generation   total 4928K, used 15K [0x04400000, 0x04950000, 0x09950000)
  eden space 4416K,   0% used [0x04400000, 0x04400000, 0x04850000)
  from space 512K,   2% used [0x04850000, 0x04853c80, 0x048d0000)
  to   space 512K,   0% used [0x048d0000, 0x048d0000, 0x04950000)
 tenured generation   total 10944K, used 9216K [0x09950000, 0x0a400000, 0x14400000)
   the space 10944K,  84% used [0x09950000, 0x0a250168, 0x0a250200, 0x0a400000)
 Metaspace       used 2104K, capacity 3838K, committed 3904K, reserved 4480K
}
Event: 0.648 GC heap before
{Heap before GC invocations=8 (full 0):
 def new generation   total 4928K, used 4431K [0x04400000, 0x04950000, 0x09950000)
  eden space 4416K, 100% used [0x04400000, 0x04850000, 0x04850000)
  from space 512K,   2% used [0x04850000, 0x04853c80, 0x048d0000)
  to   space 512K,   0% used [0x048d0000, 0x048d0000, 0x04950000)
 tenured generation   total 10944K, used 9216K [0x09950000, 0x0a400000, 0x14400000)
   the space 10944K,  84% used [0x09950000, 0x0a250168, 0x0a250200, 0x0a400000)
 Metaspace       used 2104K, capacity 3838K, committed 3904K, reserved 4480K
Event: 0.648 GC heap after
Heap after GC invocations=9 (full 0):
 def new generation   total 4928K, used 3K [0x04400000, 0x04950000, 0x09950000)
  eden space 4416K,   0% used [0x04400000, 0x04400000, 0x04850000)
  from space 512K,   0% used [0x048d0000, 0x048d0f78, 0x04950000)
  to   space 512K,   0% used [0x04850000, 0x04850000, 0x048d0000)
 tenured generation   total 10944K, used 9216K [0x09950000, 0x0a400000, 0x14400000)
   the space 10944K,  84% used [0x09950000, 0x0a250168, 0x0a250200, 0x0a400000)
 Metaspace       used 2104K, capacity 3838K, committed 3904K, reserved 4480K
}
Event: 0.654 GC heap before
{Heap before GC invocations=9 (full 0):
 def new generation   total 4928K, used 1481K [0x04400000, 0x04950000, 0x09950000)
  eden space 4416K,  33% used [0x04400000, 0x045715b8, 0x04850000)
  from space 512K,   0% used [0x048d0000, 0x048d0f78, 0x04950000)
  to   space 512K,   0% used [0x04850000, 0x04850000, 0x048d0000)
 tenured generation   total 16068K, used 14336K [0x09950000, 0x0a901000, 0x14400000)
   the space 16068K,  89% used [0x09950000, 0x0a750178, 0x0a750200, 0x0a901000)
 Metaspace       used 2171K, capacity 3880K, committed 3904K, reserved 4480K
Event: 0.655 GC heap after
Heap after GC invocations=10 (full 0):
 def new generation   total 4928K, used 106K [0x04400000, 0x04950000, 0x09950000)
  eden space 4416K,   0% used [0x04400000, 0x04400000, 0x04850000)
  from space 512K,  20% used [0x04850000, 0x0486ab00, 0x048d0000)
  to   space 512K,   0% used [0x048d0000, 0x048d0000, 0x04950000)
 tenured generation   total 16068K, used 14336K [0x09950000, 0x0a901000, 0x14400000)
   the space 16068K,  89% used [0x09950000, 0x0a750178, 0x0a750200, 0x0a901000)
 Metaspace       used 2171K, capacity 3880K, committed 3904K, reserved 4480K
}

Deoptimization events (0 events):
No events

Classes redefined (0 events):
No events

Internal exceptions (10 events):
Event: 0.088 Thread 0x01fbdc00 Exception <a 'java/io/FileNotFoundException'> (0x0452c038) thrown at [C:\workspace\8-2-build-windows-i586-cygwin\jdk8u181\11358\hotspot\src\share\vm\prims\jni.cpp, line 709]
Event: 0.107 Thread 0x01fbdc00 Exception <a 'java/lang/NoSuchFieldError': method resolution failed> (0x045e9658) thrown at [C:\workspace\8-2-build-windows-i586-cygwin\jdk8u181\11358\hotspot\src\share\vm\prims\methodHandles.cpp, line 1167]
Event: 0.108 Thread 0x01fbdc00 Exception <a 'java/lang/NoSuchFieldError': method resolution failed> (0x045f57f8) thrown at [C:\workspace\8-2-build-windows-i586-cygwin\jdk8u181\11358\hotspot\src\share\vm\prims\methodHandles.cpp, line 1167]
Event: 0.142 Thread 0x15a80800 Exception <a 'java/io/FileNotFoundException'> (0x04710728) thrown at [C:\workspace\8-2-build-windows-i586-cygwin\jdk8u181\11358\hotspot\src\share\vm\prims\jni.cpp, line 709]
Event: 0.420 Thread 0x15a80800 Exception <a 'java/io/FileNotFoundException'> (0x046ffb08) thrown at [C:\workspace\8-2-build-windows-i586-cygwin\jdk8u181\11358\hotspot\src\share\vm\prims\jni.cpp, line 709]
Event: 0.420 Thread 0x15a80800 Exception <a 'java/lang/NullPointerException'> (0x047000f8) thrown at [C:\workspace\8-2-build-windows-i586-cygwin\jdk8u181\11358\hotspot\src\share\vm\interpreter\linkResolver.cpp, line 1185]
Event: 0.449 Thread 0x15a80800 Exception <a 'java/io/FileNotFoundException'> (0x04767da8) thrown at [C:\workspace\8-2-build-windows-i586-cygwin\jdk8u181\11358\hotspot\src\share\vm\prims\jni.cpp, line 709]
Event: 0.546 Thread 0x15a80800 Exception <a 'java/io/FileNotFoundException'> (0x04838598) thrown at [C:\workspace\8-2-build-windows-i586-cygwin\jdk8u181\11358\hotspot\src\share\vm\prims\jni.cpp, line 709]
Event: 0.548 Thread 0x15a80800 Exception <a 'java/io/FileNotFoundException'> (0x044009d8) thrown at [C:\workspace\8-2-build-windows-i586-cygwin\jdk8u181\11358\hotspot\src\share\vm\prims\jni.cpp, line 709]
Event: 0.645 Thread 0x15a80800 Exception <a 'java/io/FileNotFoundException'> (0x047a1f90) thrown at [C:\workspace\8-2-build-windows-i586-cygwin\jdk8u181\11358\hotspot\src\share\vm\prims\jni.cpp, line 709]

Events (10 events):
Event: 0.652 Executing VM operation: GenCollectForAllocation done
Event: 0.652 Executing VM operation: GenCollectFull
Event: 0.655 Executing VM operation: GenCollectFull done
Event: 0.655 loading class sun/net/www/protocol/http/HttpURLConnection$TunnelState
Event: 0.655 loading class sun/net/www/protocol/http/HttpURLConnection$TunnelState done
Event: 0.655 loading class sun/net/www/protocol/http/HttpURLConnection$2
Event: 0.655 loading class sun/net/www/protocol/http/HttpURLConnection$2 done
Event: 0.655 loading class java/net/CookieHandler
Event: 0.655 loading class java/net/CookieHandler done
Event: 0.655 loading class sun/net/www/protocol/http/HttpURLConnection$3


Dynamic libraries:
0x00030000 - 0x00063000 	D:\Program Files (x86)\Java\jre\bin\javaw.exe
0x77060000 - 0x771e0000 	C:\windows\SysWOW64\ntdll.dll
0x768e0000 - 0x769f0000 	C:\windows\syswow64\kernel32.dll
0x76370000 - 0x763b7000 	C:\windows\syswow64\KERNELBASE.dll
0x76250000 - 0x762f1000 	C:\windows\syswow64\ADVAPI32.dll
0x760d0000 - 0x7617c000 	C:\windows\syswow64\msvcrt.dll
0x74c00000 - 0x74c19000 	C:\windows\SysWOW64\sechost.dll
0x76440000 - 0x76530000 	C:\windows\syswow64\RPCRT4.dll
0x747d0000 - 0x74830000 	C:\windows\syswow64\SspiCli.dll
0x747c0000 - 0x747cc000 	C:\windows\syswow64\CRYPTBASE.dll
0x75200000 - 0x75300000 	C:\windows\syswow64\USER32.dll
0x76180000 - 0x76210000 	C:\windows\syswow64\GDI32.dll
0x76ad0000 - 0x76ada000 	C:\windows\syswow64\LPK.dll
0x74830000 - 0x748cd000 	C:\windows\syswow64\USP10.dll
0x704f0000 - 0x7068e000 	C:\windows\WinSxS\x86_microsoft.windows.common-controls_6595b64144ccf1df_6.0.7601.18837_none_41e855142bd5705d\COMCTL32.dll
0x769f0000 - 0x76a47000 	C:\windows\syswow64\SHLWAPI.dll
0x76a50000 - 0x76ab0000 	C:\windows\system32\IMM32.DLL
0x76810000 - 0x768dd000 	C:\windows\syswow64\MSCTF.dll
0x74580000 - 0x745ab000 	C:\windows\SysWOW64\nvinit.dll
0x746f0000 - 0x746f9000 	C:\windows\system32\VERSION.dll
0x69ac0000 - 0x69ac6000 	C:\Program Files (x86)\NVIDIA Corporation\CoProcManager\detoured.dll
0x69a90000 - 0x69aba000 	C:\Program Files (x86)\NVIDIA Corporation\CoProcManager\nvd3d9wrap.dll
0x76660000 - 0x767fd000 	C:\windows\syswow64\SETUPAPI.dll
0x76220000 - 0x76247000 	C:\windows\syswow64\CFGMGR32.dll
0x765c0000 - 0x76651000 	C:\windows\syswow64\OLEAUT32.dll
0x74cb0000 - 0x74e0d000 	C:\windows\syswow64\ole32.dll
0x76ab0000 - 0x76ac2000 	C:\windows\syswow64\DEVOBJ.dll
0x69a50000 - 0x69a6e000 	C:\Program Files (x86)\NVIDIA Corporation\CoProcManager\nvdxgiwrap.dll
0x612f0000 - 0x613af000 	D:\Program Files (x86)\Java\jre\bin\msvcr100.dll
0x60f10000 - 0x612e3000 	D:\Program Files (x86)\Java\jre\bin\client\jvm.dll
0x69110000 - 0x69117000 	C:\windows\system32\WSOCK32.dll
0x748d0000 - 0x74905000 	C:\windows\syswow64\WS2_32.dll
0x74ba0000 - 0x74ba6000 	C:\windows\syswow64\NSI.dll
0x702f0000 - 0x70322000 	C:\windows\system32\WINMM.dll
0x76210000 - 0x76215000 	C:\windows\syswow64\PSAPI.DLL
0x613d0000 - 0x613dc000 	D:\Program Files (x86)\Java\jre\bin\verify.dll
0x60ee0000 - 0x60f02000 	D:\Program Files (x86)\Java\jre\bin\java.dll
0x60ec0000 - 0x60ed4000 	D:\Program Files (x86)\Java\jre\bin\zip.dll
0x75300000 - 0x75f4c000 	C:\windows\syswow64\SHELL32.dll
0x74910000 - 0x7491b000 	C:\windows\syswow64\profapi.dll
0x60d70000 - 0x60eb7000 	D:\Program Files (x86)\Java\jre\bin\awt.dll
0x68c60000 - 0x68ce0000 	C:\windows\system32\uxtheme.dll
0x70770000 - 0x70783000 	C:\windows\system32\dwmapi.dll
0x60d50000 - 0x60d65000 	D:\Program Files (x86)\Java\jre\bin\net.dll
0x73a40000 - 0x73a7c000 	C:\windows\system32\mswsock.dll
0x6b570000 - 0x6b576000 	C:\windows\System32\wship6.dll
0x73a30000 - 0x73a35000 	C:\windows\System32\wshtcpip.dll
0x71930000 - 0x71974000 	C:\windows\system32\DNSAPI.dll
0x718f0000 - 0x71911000 	C:\Program Files (x86)\Bonjour\mdnsNSP.dll
0x743b0000 - 0x743cc000 	C:\windows\system32\Iphlpapi.DLL
0x743a0000 - 0x743a7000 	C:\windows\system32\WINNSI.DLL
0x719c0000 - 0x719c6000 	C:\windows\system32\rasadhlp.dll
0x6b530000 - 0x6b568000 	C:\windows\System32\fwpuclnt.dll
0x60c80000 - 0x60d48000 	C:\windows\system32\opengl32.dll
0x60c50000 - 0x60c72000 	C:\windows\system32\GLU32.dll
0x60b60000 - 0x60c47000 	C:\windows\system32\DDRAW.dll
0x60b50000 - 0x60b56000 	C:\windows\system32\DCIMAN32.dll
0x60b20000 - 0x60b46000 	D:\Program Files (x86)\Java\jre\bin\jpeg.dll
0x60ae0000 - 0x60b19000 	D:\Program Files (x86)\Java\jre\bin\fontmanager.dll
0x02250000 - 0x02262000 	D:\Program Files (x86)\Java\jre\bin\rxtxSerial.dll
0x6c240000 - 0x6c267000 	C:\windows\system32\crtdll.dll
0x6b580000 - 0x6b5cc000 	C:\windows\system32\apphelp.dll
0x73aa0000 - 0x73b8b000 	C:\windows\system32\dbghelp.dll
0x60ad0000 - 0x60adf000 	D:\Program Files (x86)\Java\jre\bin\nio.dll
0x74070000 - 0x74087000 	C:\windows\system32\CRYPTSP.dll
0x60a90000 - 0x60ac2000 	D:\Program Files (x86)\Java\jre\bin\t2k.dll
0x74030000 - 0x7406b000 	C:\windows\system32\rsaenh.dll
0x76c60000 - 0x76c77000 	C:\windows\syswow64\USERENV.dll

VM Arguments:
jvm_args: -Dfile.encoding=GBK 
java_command: com.js.jhjs.MainClass
java_class_path (initial): F:\java2017proj\mainCanteen\bin;E:\opensource\gson-2.8.5.jar;E:\opensource\mysql-connector-java-5.1.39\mysql-connector-java-5.1.39\mysql-connector-java-5.1.39-bin.jar;E:\opensource\jna-3.2.5.jar\jna-3.2.5.jar;E:\opensource\rxtx-2.1-7-bins-r2\RXTXcomm.jar;E:\opensource\httpcomponents-client-4.5.6-bin\httpcomponents-client-4.5.6\lib\commons-codec-1.10.jar;E:\opensource\httpcomponents-client-4.5.6-bin\httpcomponents-client-4.5.6\lib\commons-logging-1.2.jar;E:\opensource\httpcomponents-client-4.5.6-bin\httpcomponents-client-4.5.6\lib\fluent-hc-4.5.6.jar;E:\opensource\httpcomponents-client-4.5.6-bin\httpcomponents-client-4.5.6\lib\httpclient-4.5.6.jar;E:\opensource\httpcomponents-client-4.5.6-bin\httpcomponents-client-4.5.6\lib\httpclient-cache-4.5.6.jar;E:\opensource\httpcomponents-client-4.5.6-bin\httpcomponents-client-4.5.6\lib\httpclient-win-4.5.6.jar;E:\opensource\httpcomponents-client-4.5.6-bin\httpcomponents-client-4.5.6\lib\httpcore-4.4.10.jar;E:\opensource\httpcomponents-client-4.5.6-bin\httpcomponents-client-4.5.6\lib\httpmime-4.5.6.jar;E:\opensource\httpcomponents-client-4.5.6-bin\httpcomponents-client-4.5.6\lib\jna-4.4.0.jar;E:\opensource\httpcomponents-client-4.5.6-bin\httpcomponents-client-4.5.6\lib\jna-platform-4.4.0.jar;E:\opensource\mybatis-3.4.6\mybatis-3.4.6.jar
Launcher Type: SUN_STANDARD

Environment Variables:
JAVA_HOME=D:\Program Files\Java\jdk1.8
CLASSPATH=.;D:\Program Files\Java\jdk1.8\lib\dt.jar;D:\Program Files\Java\jdk1.8\lib\tools.jar;
PATH=C:\Program Files (x86)\Common Files\Oracle\Java\javapath;G:\sdk\tools\lib\monitor-x86_64\jre\bin\javaw.exe;C:\Windows\System32;F:\soui\bin;D:\CTEX\CTeX\ty\bin;D:\CTEX\Ghostscript\gs9.05\bin;D:\CTEX\GSview\gsview;D:\CTEX\WinEdt;D:\Python35;D:\Python35\Scripts;D:\Program Files\Git\cmd;C:\Program Files (x86)\Common Files\Thunder Network\KanKan\Codecs;C:\Users\bonjava\AppData\Local\GitHubDesktop\bin
USERNAME=Administrator
OS=Windows_NT
PROCESSOR_IDENTIFIER=Intel64 Family 6 Model 60 Stepping 3, GenuineIntel



---------------  S Y S T E M  ---------------

OS: Windows 7 , 64 bit Build 7601 (6.1.7601.24214)

CPU:total 8 (initial active 8) (4 cores per cpu, 2 threads per core) family 6 model 60 stepping 3, cmov, cx8, fxsr, mmx, sse, sse2, sse3, ssse3, sse4.1, sse4.2, popcnt, avx, avx2, aes, clmul, erms, lzcnt, ht, tsc, tscinvbit, bmi1, bmi2

Memory: 4k page, physical 16663584k(11928108k free), swap 17710260k(12628612k free)

vm_info: Java HotSpot(TM) Client VM (25.181-b13) for windows-x86 JRE (1.8.0_181-b13), built on Jul  7 2018 03:18:20 by "java_re" with MS VC++ 10.0 (VS2010)

time: Wed Aug 29 08:48:45 2018
elapsed time: 0 seconds (0d 0h 0m 0s)

